[2023-10-03T15:03:32.312+0000] {processor.py:157} INFO - Started process (PID=33) to work on /home/airflow/.local/lib/python3.8/site-packages/airflow/example_dags/example_subdag_operator.py
[2023-10-03T15:03:32.314+0000] {processor.py:829} INFO - Processing file /home/airflow/.local/lib/python3.8/site-packages/airflow/example_dags/example_subdag_operator.py for tasks to queue
[2023-10-03T15:03:32.622+0000] {logging_mixin.py:151} INFO - [2023-10-03T15:03:32.622+0000] {dagbag.py:539} INFO - Filling up the DagBag from /home/airflow/.local/lib/python3.8/site-packages/airflow/example_dags/example_subdag_operator.py
[2023-10-03T15:03:32.661+0000] {processor.py:839} INFO - DAG(s) dict_keys(['example_subdag_operator.section-1', 'example_subdag_operator.section-2', 'example_subdag_operator']) retrieved from /home/airflow/.local/lib/python3.8/site-packages/airflow/example_dags/example_subdag_operator.py
[2023-10-03T15:03:32.689+0000] {logging_mixin.py:151} INFO - [2023-10-03T15:03:32.689+0000] {dag.py:2915} INFO - Sync 3 DAGs
[2023-10-03T15:03:32.718+0000] {logging_mixin.py:151} INFO - [2023-10-03T15:03:32.718+0000] {dag.py:3696} INFO - Setting next_dagrun for example_subdag_operator to 2022-01-01T00:00:00+00:00, run_after=2022-01-01T00:00:00+00:00
[2023-10-03T15:03:32.723+0000] {logging_mixin.py:151} INFO - [2023-10-03T15:03:32.723+0000] {dag.py:3696} INFO - Setting next_dagrun for example_subdag_operator.section-1 to None, run_after=None
[2023-10-03T15:03:32.725+0000] {logging_mixin.py:151} INFO - [2023-10-03T15:03:32.725+0000] {dag.py:3696} INFO - Setting next_dagrun for example_subdag_operator.section-2 to None, run_after=None
[2023-10-03T15:03:32.736+0000] {logging_mixin.py:151} INFO - [2023-10-03T15:03:32.736+0000] {dag.py:2915} INFO - Sync 2 DAGs
[2023-10-03T15:03:32.746+0000] {logging_mixin.py:151} INFO - [2023-10-03T15:03:32.746+0000] {dag.py:3696} INFO - Setting next_dagrun for example_subdag_operator.section-1 to None, run_after=None
[2023-10-03T15:03:32.747+0000] {logging_mixin.py:151} INFO - [2023-10-03T15:03:32.747+0000] {dag.py:3696} INFO - Setting next_dagrun for example_subdag_operator.section-2 to None, run_after=None
[2023-10-03T15:03:32.765+0000] {processor.py:179} INFO - Processing /home/airflow/.local/lib/python3.8/site-packages/airflow/example_dags/example_subdag_operator.py took 0.470 seconds
[2023-10-03T15:04:03.101+0000] {processor.py:157} INFO - Started process (PID=87) to work on /home/airflow/.local/lib/python3.8/site-packages/airflow/example_dags/example_subdag_operator.py
[2023-10-03T15:04:03.104+0000] {processor.py:829} INFO - Processing file /home/airflow/.local/lib/python3.8/site-packages/airflow/example_dags/example_subdag_operator.py for tasks to queue
[2023-10-03T15:04:03.108+0000] {logging_mixin.py:151} INFO - [2023-10-03T15:04:03.107+0000] {dagbag.py:539} INFO - Filling up the DagBag from /home/airflow/.local/lib/python3.8/site-packages/airflow/example_dags/example_subdag_operator.py
[2023-10-03T15:04:03.142+0000] {processor.py:839} INFO - DAG(s) dict_keys(['example_subdag_operator.section-1', 'example_subdag_operator.section-2', 'example_subdag_operator']) retrieved from /home/airflow/.local/lib/python3.8/site-packages/airflow/example_dags/example_subdag_operator.py
[2023-10-03T15:04:03.146+0000] {logging_mixin.py:151} INFO - [2023-10-03T15:04:03.146+0000] {dag.py:2915} INFO - Sync 3 DAGs
[2023-10-03T15:04:03.177+0000] {logging_mixin.py:151} INFO - [2023-10-03T15:04:03.176+0000] {dag.py:3696} INFO - Setting next_dagrun for example_subdag_operator to 2022-01-01T00:00:00+00:00, run_after=2022-01-01T00:00:00+00:00
[2023-10-03T15:04:03.181+0000] {logging_mixin.py:151} INFO - [2023-10-03T15:04:03.181+0000] {dag.py:3696} INFO - Setting next_dagrun for example_subdag_operator.section-1 to None, run_after=None
[2023-10-03T15:04:03.183+0000] {logging_mixin.py:151} INFO - [2023-10-03T15:04:03.183+0000] {dag.py:3696} INFO - Setting next_dagrun for example_subdag_operator.section-2 to None, run_after=None
[2023-10-03T15:04:03.192+0000] {logging_mixin.py:151} INFO - [2023-10-03T15:04:03.191+0000] {dag.py:2915} INFO - Sync 2 DAGs
[2023-10-03T15:04:03.199+0000] {logging_mixin.py:151} INFO - [2023-10-03T15:04:03.198+0000] {dag.py:3696} INFO - Setting next_dagrun for example_subdag_operator.section-1 to None, run_after=None
[2023-10-03T15:04:03.199+0000] {logging_mixin.py:151} INFO - [2023-10-03T15:04:03.199+0000] {dag.py:3696} INFO - Setting next_dagrun for example_subdag_operator.section-2 to None, run_after=None
[2023-10-03T15:04:03.216+0000] {processor.py:179} INFO - Processing /home/airflow/.local/lib/python3.8/site-packages/airflow/example_dags/example_subdag_operator.py took 0.121 seconds
[2023-10-03T15:04:33.586+0000] {processor.py:157} INFO - Started process (PID=141) to work on /home/airflow/.local/lib/python3.8/site-packages/airflow/example_dags/example_subdag_operator.py
[2023-10-03T15:04:33.587+0000] {processor.py:829} INFO - Processing file /home/airflow/.local/lib/python3.8/site-packages/airflow/example_dags/example_subdag_operator.py for tasks to queue
[2023-10-03T15:04:33.591+0000] {logging_mixin.py:151} INFO - [2023-10-03T15:04:33.591+0000] {dagbag.py:539} INFO - Filling up the DagBag from /home/airflow/.local/lib/python3.8/site-packages/airflow/example_dags/example_subdag_operator.py
[2023-10-03T15:04:33.627+0000] {processor.py:839} INFO - DAG(s) dict_keys(['example_subdag_operator.section-1', 'example_subdag_operator.section-2', 'example_subdag_operator']) retrieved from /home/airflow/.local/lib/python3.8/site-packages/airflow/example_dags/example_subdag_operator.py
[2023-10-03T15:04:33.647+0000] {logging_mixin.py:151} INFO - [2023-10-03T15:04:33.647+0000] {dag.py:2915} INFO - Sync 3 DAGs
[2023-10-03T15:04:33.676+0000] {logging_mixin.py:151} INFO - [2023-10-03T15:04:33.676+0000] {dag.py:3696} INFO - Setting next_dagrun for example_subdag_operator to 2022-01-01T00:00:00+00:00, run_after=2022-01-01T00:00:00+00:00
[2023-10-03T15:04:33.681+0000] {logging_mixin.py:151} INFO - [2023-10-03T15:04:33.681+0000] {dag.py:3696} INFO - Setting next_dagrun for example_subdag_operator.section-1 to None, run_after=None
[2023-10-03T15:04:33.683+0000] {logging_mixin.py:151} INFO - [2023-10-03T15:04:33.683+0000] {dag.py:3696} INFO - Setting next_dagrun for example_subdag_operator.section-2 to None, run_after=None
[2023-10-03T15:04:33.691+0000] {logging_mixin.py:151} INFO - [2023-10-03T15:04:33.691+0000] {dag.py:2915} INFO - Sync 2 DAGs
[2023-10-03T15:04:33.697+0000] {logging_mixin.py:151} INFO - [2023-10-03T15:04:33.697+0000] {dag.py:3696} INFO - Setting next_dagrun for example_subdag_operator.section-1 to None, run_after=None
[2023-10-03T15:04:33.698+0000] {logging_mixin.py:151} INFO - [2023-10-03T15:04:33.697+0000] {dag.py:3696} INFO - Setting next_dagrun for example_subdag_operator.section-2 to None, run_after=None
[2023-10-03T15:04:33.713+0000] {processor.py:179} INFO - Processing /home/airflow/.local/lib/python3.8/site-packages/airflow/example_dags/example_subdag_operator.py took 0.134 seconds
[2023-10-03T15:05:03.805+0000] {processor.py:157} INFO - Started process (PID=196) to work on /home/airflow/.local/lib/python3.8/site-packages/airflow/example_dags/example_subdag_operator.py
[2023-10-03T15:05:03.807+0000] {processor.py:829} INFO - Processing file /home/airflow/.local/lib/python3.8/site-packages/airflow/example_dags/example_subdag_operator.py for tasks to queue
[2023-10-03T15:05:03.810+0000] {logging_mixin.py:151} INFO - [2023-10-03T15:05:03.810+0000] {dagbag.py:539} INFO - Filling up the DagBag from /home/airflow/.local/lib/python3.8/site-packages/airflow/example_dags/example_subdag_operator.py
[2023-10-03T15:05:03.844+0000] {processor.py:839} INFO - DAG(s) dict_keys(['example_subdag_operator.section-1', 'example_subdag_operator.section-2', 'example_subdag_operator']) retrieved from /home/airflow/.local/lib/python3.8/site-packages/airflow/example_dags/example_subdag_operator.py
[2023-10-03T15:05:03.866+0000] {logging_mixin.py:151} INFO - [2023-10-03T15:05:03.866+0000] {dag.py:2915} INFO - Sync 3 DAGs
[2023-10-03T15:05:03.896+0000] {logging_mixin.py:151} INFO - [2023-10-03T15:05:03.895+0000] {dag.py:3696} INFO - Setting next_dagrun for example_subdag_operator to 2022-01-01T00:00:00+00:00, run_after=2022-01-01T00:00:00+00:00
[2023-10-03T15:05:03.900+0000] {logging_mixin.py:151} INFO - [2023-10-03T15:05:03.900+0000] {dag.py:3696} INFO - Setting next_dagrun for example_subdag_operator.section-1 to None, run_after=None
[2023-10-03T15:05:03.901+0000] {logging_mixin.py:151} INFO - [2023-10-03T15:05:03.901+0000] {dag.py:3696} INFO - Setting next_dagrun for example_subdag_operator.section-2 to None, run_after=None
[2023-10-03T15:05:03.910+0000] {logging_mixin.py:151} INFO - [2023-10-03T15:05:03.910+0000] {dag.py:2915} INFO - Sync 2 DAGs
[2023-10-03T15:05:03.917+0000] {logging_mixin.py:151} INFO - [2023-10-03T15:05:03.917+0000] {dag.py:3696} INFO - Setting next_dagrun for example_subdag_operator.section-1 to None, run_after=None
[2023-10-03T15:05:03.917+0000] {logging_mixin.py:151} INFO - [2023-10-03T15:05:03.917+0000] {dag.py:3696} INFO - Setting next_dagrun for example_subdag_operator.section-2 to None, run_after=None
[2023-10-03T15:05:03.931+0000] {processor.py:179} INFO - Processing /home/airflow/.local/lib/python3.8/site-packages/airflow/example_dags/example_subdag_operator.py took 0.132 seconds
[2023-10-03T15:05:33.983+0000] {processor.py:157} INFO - Started process (PID=251) to work on /home/airflow/.local/lib/python3.8/site-packages/airflow/example_dags/example_subdag_operator.py
[2023-10-03T15:05:33.984+0000] {processor.py:829} INFO - Processing file /home/airflow/.local/lib/python3.8/site-packages/airflow/example_dags/example_subdag_operator.py for tasks to queue
[2023-10-03T15:05:33.989+0000] {logging_mixin.py:151} INFO - [2023-10-03T15:05:33.989+0000] {dagbag.py:539} INFO - Filling up the DagBag from /home/airflow/.local/lib/python3.8/site-packages/airflow/example_dags/example_subdag_operator.py
[2023-10-03T15:05:34.029+0000] {processor.py:839} INFO - DAG(s) dict_keys(['example_subdag_operator.section-1', 'example_subdag_operator.section-2', 'example_subdag_operator']) retrieved from /home/airflow/.local/lib/python3.8/site-packages/airflow/example_dags/example_subdag_operator.py
[2023-10-03T15:05:34.059+0000] {logging_mixin.py:151} INFO - [2023-10-03T15:05:34.058+0000] {dag.py:2915} INFO - Sync 3 DAGs
[2023-10-03T15:05:34.095+0000] {logging_mixin.py:151} INFO - [2023-10-03T15:05:34.095+0000] {dag.py:3696} INFO - Setting next_dagrun for example_subdag_operator to 2022-01-01T00:00:00+00:00, run_after=2022-01-01T00:00:00+00:00
[2023-10-03T15:05:34.100+0000] {logging_mixin.py:151} INFO - [2023-10-03T15:05:34.099+0000] {dag.py:3696} INFO - Setting next_dagrun for example_subdag_operator.section-1 to None, run_after=None
[2023-10-03T15:05:34.101+0000] {logging_mixin.py:151} INFO - [2023-10-03T15:05:34.101+0000] {dag.py:3696} INFO - Setting next_dagrun for example_subdag_operator.section-2 to None, run_after=None
[2023-10-03T15:05:34.110+0000] {logging_mixin.py:151} INFO - [2023-10-03T15:05:34.109+0000] {dag.py:2915} INFO - Sync 2 DAGs
[2023-10-03T15:05:34.116+0000] {logging_mixin.py:151} INFO - [2023-10-03T15:05:34.116+0000] {dag.py:3696} INFO - Setting next_dagrun for example_subdag_operator.section-1 to None, run_after=None
[2023-10-03T15:05:34.116+0000] {logging_mixin.py:151} INFO - [2023-10-03T15:05:34.116+0000] {dag.py:3696} INFO - Setting next_dagrun for example_subdag_operator.section-2 to None, run_after=None
[2023-10-03T15:05:34.129+0000] {processor.py:179} INFO - Processing /home/airflow/.local/lib/python3.8/site-packages/airflow/example_dags/example_subdag_operator.py took 0.153 seconds
[2023-10-03T15:06:07.846+0000] {processor.py:157} INFO - Started process (PID=31) to work on /home/airflow/.local/lib/python3.8/site-packages/airflow/example_dags/example_subdag_operator.py
[2023-10-03T15:06:07.848+0000] {processor.py:829} INFO - Processing file /home/airflow/.local/lib/python3.8/site-packages/airflow/example_dags/example_subdag_operator.py for tasks to queue
[2023-10-03T15:06:07.851+0000] {logging_mixin.py:151} INFO - [2023-10-03T15:06:07.851+0000] {dagbag.py:539} INFO - Filling up the DagBag from /home/airflow/.local/lib/python3.8/site-packages/airflow/example_dags/example_subdag_operator.py
[2023-10-03T15:06:07.892+0000] {processor.py:839} INFO - DAG(s) dict_keys(['example_subdag_operator.section-1', 'example_subdag_operator.section-2', 'example_subdag_operator']) retrieved from /home/airflow/.local/lib/python3.8/site-packages/airflow/example_dags/example_subdag_operator.py
[2023-10-03T15:06:07.962+0000] {logging_mixin.py:151} INFO - [2023-10-03T15:06:07.962+0000] {dag.py:2915} INFO - Sync 3 DAGs
[2023-10-03T15:06:08.182+0000] {logging_mixin.py:151} INFO - [2023-10-03T15:06:08.181+0000] {dag.py:3696} INFO - Setting next_dagrun for example_subdag_operator to 2022-01-01T00:00:00+00:00, run_after=2022-01-01T00:00:00+00:00
[2023-10-03T15:06:08.188+0000] {logging_mixin.py:151} INFO - [2023-10-03T15:06:08.187+0000] {dag.py:3696} INFO - Setting next_dagrun for example_subdag_operator.section-1 to None, run_after=None
[2023-10-03T15:06:08.190+0000] {logging_mixin.py:151} INFO - [2023-10-03T15:06:08.189+0000] {dag.py:3696} INFO - Setting next_dagrun for example_subdag_operator.section-2 to None, run_after=None
[2023-10-03T15:06:08.199+0000] {logging_mixin.py:151} INFO - [2023-10-03T15:06:08.199+0000] {dag.py:2915} INFO - Sync 2 DAGs
[2023-10-03T15:06:08.206+0000] {logging_mixin.py:151} INFO - [2023-10-03T15:06:08.205+0000] {dag.py:3696} INFO - Setting next_dagrun for example_subdag_operator.section-1 to None, run_after=None
[2023-10-03T15:06:08.206+0000] {logging_mixin.py:151} INFO - [2023-10-03T15:06:08.206+0000] {dag.py:3696} INFO - Setting next_dagrun for example_subdag_operator.section-2 to None, run_after=None
[2023-10-03T15:06:08.220+0000] {processor.py:179} INFO - Processing /home/airflow/.local/lib/python3.8/site-packages/airflow/example_dags/example_subdag_operator.py took 0.379 seconds
[2023-10-03T15:06:38.701+0000] {processor.py:157} INFO - Started process (PID=85) to work on /home/airflow/.local/lib/python3.8/site-packages/airflow/example_dags/example_subdag_operator.py
[2023-10-03T15:06:38.703+0000] {processor.py:829} INFO - Processing file /home/airflow/.local/lib/python3.8/site-packages/airflow/example_dags/example_subdag_operator.py for tasks to queue
[2023-10-03T15:06:38.707+0000] {logging_mixin.py:151} INFO - [2023-10-03T15:06:38.706+0000] {dagbag.py:539} INFO - Filling up the DagBag from /home/airflow/.local/lib/python3.8/site-packages/airflow/example_dags/example_subdag_operator.py
[2023-10-03T15:06:38.752+0000] {processor.py:839} INFO - DAG(s) dict_keys(['example_subdag_operator.section-1', 'example_subdag_operator.section-2', 'example_subdag_operator']) retrieved from /home/airflow/.local/lib/python3.8/site-packages/airflow/example_dags/example_subdag_operator.py
[2023-10-03T15:06:38.780+0000] {logging_mixin.py:151} INFO - [2023-10-03T15:06:38.780+0000] {dag.py:2915} INFO - Sync 3 DAGs
[2023-10-03T15:06:38.820+0000] {logging_mixin.py:151} INFO - [2023-10-03T15:06:38.819+0000] {dag.py:3696} INFO - Setting next_dagrun for example_subdag_operator to 2022-01-01T00:00:00+00:00, run_after=2022-01-01T00:00:00+00:00
[2023-10-03T15:06:38.826+0000] {logging_mixin.py:151} INFO - [2023-10-03T15:06:38.825+0000] {dag.py:3696} INFO - Setting next_dagrun for example_subdag_operator.section-1 to None, run_after=None
[2023-10-03T15:06:38.828+0000] {logging_mixin.py:151} INFO - [2023-10-03T15:06:38.827+0000] {dag.py:3696} INFO - Setting next_dagrun for example_subdag_operator.section-2 to None, run_after=None
[2023-10-03T15:06:38.838+0000] {logging_mixin.py:151} INFO - [2023-10-03T15:06:38.838+0000] {dag.py:2915} INFO - Sync 2 DAGs
[2023-10-03T15:06:38.846+0000] {logging_mixin.py:151} INFO - [2023-10-03T15:06:38.846+0000] {dag.py:3696} INFO - Setting next_dagrun for example_subdag_operator.section-1 to None, run_after=None
[2023-10-03T15:06:38.847+0000] {logging_mixin.py:151} INFO - [2023-10-03T15:06:38.847+0000] {dag.py:3696} INFO - Setting next_dagrun for example_subdag_operator.section-2 to None, run_after=None
[2023-10-03T15:06:38.862+0000] {processor.py:179} INFO - Processing /home/airflow/.local/lib/python3.8/site-packages/airflow/example_dags/example_subdag_operator.py took 0.168 seconds
[2023-10-03T15:07:08.906+0000] {processor.py:157} INFO - Started process (PID=139) to work on /home/airflow/.local/lib/python3.8/site-packages/airflow/example_dags/example_subdag_operator.py
[2023-10-03T15:07:08.908+0000] {processor.py:829} INFO - Processing file /home/airflow/.local/lib/python3.8/site-packages/airflow/example_dags/example_subdag_operator.py for tasks to queue
[2023-10-03T15:07:08.912+0000] {logging_mixin.py:151} INFO - [2023-10-03T15:07:08.912+0000] {dagbag.py:539} INFO - Filling up the DagBag from /home/airflow/.local/lib/python3.8/site-packages/airflow/example_dags/example_subdag_operator.py
[2023-10-03T15:07:08.959+0000] {processor.py:839} INFO - DAG(s) dict_keys(['example_subdag_operator.section-1', 'example_subdag_operator.section-2', 'example_subdag_operator']) retrieved from /home/airflow/.local/lib/python3.8/site-packages/airflow/example_dags/example_subdag_operator.py
[2023-10-03T15:07:08.966+0000] {logging_mixin.py:151} INFO - [2023-10-03T15:07:08.965+0000] {dag.py:2915} INFO - Sync 3 DAGs
[2023-10-03T15:07:09.010+0000] {logging_mixin.py:151} INFO - [2023-10-03T15:07:09.010+0000] {dag.py:3696} INFO - Setting next_dagrun for example_subdag_operator to 2022-01-01T00:00:00+00:00, run_after=2022-01-01T00:00:00+00:00
[2023-10-03T15:07:09.017+0000] {logging_mixin.py:151} INFO - [2023-10-03T15:07:09.016+0000] {dag.py:3696} INFO - Setting next_dagrun for example_subdag_operator.section-1 to None, run_after=None
[2023-10-03T15:07:09.019+0000] {logging_mixin.py:151} INFO - [2023-10-03T15:07:09.018+0000] {dag.py:3696} INFO - Setting next_dagrun for example_subdag_operator.section-2 to None, run_after=None
[2023-10-03T15:07:09.031+0000] {logging_mixin.py:151} INFO - [2023-10-03T15:07:09.030+0000] {dag.py:2915} INFO - Sync 2 DAGs
[2023-10-03T15:07:09.039+0000] {logging_mixin.py:151} INFO - [2023-10-03T15:07:09.039+0000] {dag.py:3696} INFO - Setting next_dagrun for example_subdag_operator.section-1 to None, run_after=None
[2023-10-03T15:07:09.040+0000] {logging_mixin.py:151} INFO - [2023-10-03T15:07:09.040+0000] {dag.py:3696} INFO - Setting next_dagrun for example_subdag_operator.section-2 to None, run_after=None
[2023-10-03T15:07:09.057+0000] {processor.py:179} INFO - Processing /home/airflow/.local/lib/python3.8/site-packages/airflow/example_dags/example_subdag_operator.py took 0.158 seconds
[2023-10-03T15:07:39.409+0000] {processor.py:157} INFO - Started process (PID=193) to work on /home/airflow/.local/lib/python3.8/site-packages/airflow/example_dags/example_subdag_operator.py
[2023-10-03T15:07:39.411+0000] {processor.py:829} INFO - Processing file /home/airflow/.local/lib/python3.8/site-packages/airflow/example_dags/example_subdag_operator.py for tasks to queue
[2023-10-03T15:07:39.414+0000] {logging_mixin.py:151} INFO - [2023-10-03T15:07:39.414+0000] {dagbag.py:539} INFO - Filling up the DagBag from /home/airflow/.local/lib/python3.8/site-packages/airflow/example_dags/example_subdag_operator.py
[2023-10-03T15:07:39.452+0000] {processor.py:839} INFO - DAG(s) dict_keys(['example_subdag_operator.section-1', 'example_subdag_operator.section-2', 'example_subdag_operator']) retrieved from /home/airflow/.local/lib/python3.8/site-packages/airflow/example_dags/example_subdag_operator.py
[2023-10-03T15:07:39.478+0000] {logging_mixin.py:151} INFO - [2023-10-03T15:07:39.478+0000] {dag.py:2915} INFO - Sync 3 DAGs
[2023-10-03T15:07:39.512+0000] {logging_mixin.py:151} INFO - [2023-10-03T15:07:39.511+0000] {dag.py:3696} INFO - Setting next_dagrun for example_subdag_operator to 2022-01-01T00:00:00+00:00, run_after=2022-01-01T00:00:00+00:00
[2023-10-03T15:07:39.516+0000] {logging_mixin.py:151} INFO - [2023-10-03T15:07:39.516+0000] {dag.py:3696} INFO - Setting next_dagrun for example_subdag_operator.section-1 to None, run_after=None
[2023-10-03T15:07:39.517+0000] {logging_mixin.py:151} INFO - [2023-10-03T15:07:39.517+0000] {dag.py:3696} INFO - Setting next_dagrun for example_subdag_operator.section-2 to None, run_after=None
[2023-10-03T15:07:39.525+0000] {logging_mixin.py:151} INFO - [2023-10-03T15:07:39.525+0000] {dag.py:2915} INFO - Sync 2 DAGs
[2023-10-03T15:07:39.531+0000] {logging_mixin.py:151} INFO - [2023-10-03T15:07:39.531+0000] {dag.py:3696} INFO - Setting next_dagrun for example_subdag_operator.section-1 to None, run_after=None
[2023-10-03T15:07:39.532+0000] {logging_mixin.py:151} INFO - [2023-10-03T15:07:39.531+0000] {dag.py:3696} INFO - Setting next_dagrun for example_subdag_operator.section-2 to None, run_after=None
[2023-10-03T15:07:39.543+0000] {processor.py:179} INFO - Processing /home/airflow/.local/lib/python3.8/site-packages/airflow/example_dags/example_subdag_operator.py took 0.141 seconds
[2023-10-03T15:08:09.949+0000] {processor.py:157} INFO - Started process (PID=246) to work on /home/airflow/.local/lib/python3.8/site-packages/airflow/example_dags/example_subdag_operator.py
[2023-10-03T15:08:09.952+0000] {processor.py:829} INFO - Processing file /home/airflow/.local/lib/python3.8/site-packages/airflow/example_dags/example_subdag_operator.py for tasks to queue
[2023-10-03T15:08:09.956+0000] {logging_mixin.py:151} INFO - [2023-10-03T15:08:09.956+0000] {dagbag.py:539} INFO - Filling up the DagBag from /home/airflow/.local/lib/python3.8/site-packages/airflow/example_dags/example_subdag_operator.py
[2023-10-03T15:08:09.989+0000] {processor.py:839} INFO - DAG(s) dict_keys(['example_subdag_operator.section-1', 'example_subdag_operator.section-2', 'example_subdag_operator']) retrieved from /home/airflow/.local/lib/python3.8/site-packages/airflow/example_dags/example_subdag_operator.py
[2023-10-03T15:08:10.010+0000] {logging_mixin.py:151} INFO - [2023-10-03T15:08:10.010+0000] {dag.py:2915} INFO - Sync 3 DAGs
[2023-10-03T15:08:10.039+0000] {logging_mixin.py:151} INFO - [2023-10-03T15:08:10.039+0000] {dag.py:3696} INFO - Setting next_dagrun for example_subdag_operator to 2022-01-01T00:00:00+00:00, run_after=2022-01-01T00:00:00+00:00
[2023-10-03T15:08:10.043+0000] {logging_mixin.py:151} INFO - [2023-10-03T15:08:10.043+0000] {dag.py:3696} INFO - Setting next_dagrun for example_subdag_operator.section-1 to None, run_after=None
[2023-10-03T15:08:10.045+0000] {logging_mixin.py:151} INFO - [2023-10-03T15:08:10.045+0000] {dag.py:3696} INFO - Setting next_dagrun for example_subdag_operator.section-2 to None, run_after=None
[2023-10-03T15:08:10.056+0000] {logging_mixin.py:151} INFO - [2023-10-03T15:08:10.055+0000] {dag.py:2915} INFO - Sync 2 DAGs
[2023-10-03T15:08:10.062+0000] {logging_mixin.py:151} INFO - [2023-10-03T15:08:10.061+0000] {dag.py:3696} INFO - Setting next_dagrun for example_subdag_operator.section-1 to None, run_after=None
[2023-10-03T15:08:10.062+0000] {logging_mixin.py:151} INFO - [2023-10-03T15:08:10.062+0000] {dag.py:3696} INFO - Setting next_dagrun for example_subdag_operator.section-2 to None, run_after=None
[2023-10-03T15:08:10.077+0000] {processor.py:179} INFO - Processing /home/airflow/.local/lib/python3.8/site-packages/airflow/example_dags/example_subdag_operator.py took 0.135 seconds
[2023-10-03T15:08:40.442+0000] {processor.py:157} INFO - Started process (PID=300) to work on /home/airflow/.local/lib/python3.8/site-packages/airflow/example_dags/example_subdag_operator.py
[2023-10-03T15:08:40.444+0000] {processor.py:829} INFO - Processing file /home/airflow/.local/lib/python3.8/site-packages/airflow/example_dags/example_subdag_operator.py for tasks to queue
[2023-10-03T15:08:40.448+0000] {logging_mixin.py:151} INFO - [2023-10-03T15:08:40.447+0000] {dagbag.py:539} INFO - Filling up the DagBag from /home/airflow/.local/lib/python3.8/site-packages/airflow/example_dags/example_subdag_operator.py
[2023-10-03T15:08:40.492+0000] {processor.py:839} INFO - DAG(s) dict_keys(['example_subdag_operator.section-1', 'example_subdag_operator.section-2', 'example_subdag_operator']) retrieved from /home/airflow/.local/lib/python3.8/site-packages/airflow/example_dags/example_subdag_operator.py
[2023-10-03T15:08:40.521+0000] {logging_mixin.py:151} INFO - [2023-10-03T15:08:40.521+0000] {dag.py:2915} INFO - Sync 3 DAGs
[2023-10-03T15:08:40.550+0000] {logging_mixin.py:151} INFO - [2023-10-03T15:08:40.550+0000] {dag.py:3696} INFO - Setting next_dagrun for example_subdag_operator to 2022-01-01T00:00:00+00:00, run_after=2022-01-01T00:00:00+00:00
[2023-10-03T15:08:40.556+0000] {logging_mixin.py:151} INFO - [2023-10-03T15:08:40.555+0000] {dag.py:3696} INFO - Setting next_dagrun for example_subdag_operator.section-1 to None, run_after=None
[2023-10-03T15:08:40.558+0000] {logging_mixin.py:151} INFO - [2023-10-03T15:08:40.557+0000] {dag.py:3696} INFO - Setting next_dagrun for example_subdag_operator.section-2 to None, run_after=None
[2023-10-03T15:08:40.568+0000] {logging_mixin.py:151} INFO - [2023-10-03T15:08:40.568+0000] {dag.py:2915} INFO - Sync 2 DAGs
[2023-10-03T15:08:40.574+0000] {logging_mixin.py:151} INFO - [2023-10-03T15:08:40.574+0000] {dag.py:3696} INFO - Setting next_dagrun for example_subdag_operator.section-1 to None, run_after=None
[2023-10-03T15:08:40.575+0000] {logging_mixin.py:151} INFO - [2023-10-03T15:08:40.574+0000] {dag.py:3696} INFO - Setting next_dagrun for example_subdag_operator.section-2 to None, run_after=None
[2023-10-03T15:08:40.587+0000] {processor.py:179} INFO - Processing /home/airflow/.local/lib/python3.8/site-packages/airflow/example_dags/example_subdag_operator.py took 0.152 seconds
[2023-10-03T15:09:10.645+0000] {processor.py:157} INFO - Started process (PID=354) to work on /home/airflow/.local/lib/python3.8/site-packages/airflow/example_dags/example_subdag_operator.py
[2023-10-03T15:09:10.646+0000] {processor.py:829} INFO - Processing file /home/airflow/.local/lib/python3.8/site-packages/airflow/example_dags/example_subdag_operator.py for tasks to queue
[2023-10-03T15:09:10.651+0000] {logging_mixin.py:151} INFO - [2023-10-03T15:09:10.650+0000] {dagbag.py:539} INFO - Filling up the DagBag from /home/airflow/.local/lib/python3.8/site-packages/airflow/example_dags/example_subdag_operator.py
[2023-10-03T15:09:10.690+0000] {processor.py:839} INFO - DAG(s) dict_keys(['example_subdag_operator.section-1', 'example_subdag_operator.section-2', 'example_subdag_operator']) retrieved from /home/airflow/.local/lib/python3.8/site-packages/airflow/example_dags/example_subdag_operator.py
[2023-10-03T15:09:10.719+0000] {logging_mixin.py:151} INFO - [2023-10-03T15:09:10.718+0000] {dag.py:2915} INFO - Sync 3 DAGs
[2023-10-03T15:09:10.751+0000] {logging_mixin.py:151} INFO - [2023-10-03T15:09:10.750+0000] {dag.py:3696} INFO - Setting next_dagrun for example_subdag_operator to 2022-01-01T00:00:00+00:00, run_after=2022-01-01T00:00:00+00:00
[2023-10-03T15:09:10.755+0000] {logging_mixin.py:151} INFO - [2023-10-03T15:09:10.754+0000] {dag.py:3696} INFO - Setting next_dagrun for example_subdag_operator.section-1 to None, run_after=None
[2023-10-03T15:09:10.756+0000] {logging_mixin.py:151} INFO - [2023-10-03T15:09:10.756+0000] {dag.py:3696} INFO - Setting next_dagrun for example_subdag_operator.section-2 to None, run_after=None
[2023-10-03T15:09:10.764+0000] {logging_mixin.py:151} INFO - [2023-10-03T15:09:10.764+0000] {dag.py:2915} INFO - Sync 2 DAGs
[2023-10-03T15:09:10.770+0000] {logging_mixin.py:151} INFO - [2023-10-03T15:09:10.770+0000] {dag.py:3696} INFO - Setting next_dagrun for example_subdag_operator.section-1 to None, run_after=None
[2023-10-03T15:09:10.770+0000] {logging_mixin.py:151} INFO - [2023-10-03T15:09:10.770+0000] {dag.py:3696} INFO - Setting next_dagrun for example_subdag_operator.section-2 to None, run_after=None
[2023-10-03T15:09:10.782+0000] {processor.py:179} INFO - Processing /home/airflow/.local/lib/python3.8/site-packages/airflow/example_dags/example_subdag_operator.py took 0.144 seconds
