[2023-10-03T15:03:33.707+0000] {processor.py:157} INFO - Started process (PID=44) to work on /home/airflow/.local/lib/python3.8/site-packages/airflow/example_dags/example_task_group.py
[2023-10-03T15:03:33.709+0000] {processor.py:829} INFO - Processing file /home/airflow/.local/lib/python3.8/site-packages/airflow/example_dags/example_task_group.py for tasks to queue
[2023-10-03T15:03:33.713+0000] {logging_mixin.py:151} INFO - [2023-10-03T15:03:33.713+0000] {dagbag.py:539} INFO - Filling up the DagBag from /home/airflow/.local/lib/python3.8/site-packages/airflow/example_dags/example_task_group.py
[2023-10-03T15:03:33.734+0000] {processor.py:839} INFO - DAG(s) dict_keys(['example_task_group']) retrieved from /home/airflow/.local/lib/python3.8/site-packages/airflow/example_dags/example_task_group.py
[2023-10-03T15:03:33.755+0000] {logging_mixin.py:151} INFO - [2023-10-03T15:03:33.755+0000] {dag.py:2915} INFO - Sync 1 DAGs
[2023-10-03T15:03:33.797+0000] {logging_mixin.py:151} INFO - [2023-10-03T15:03:33.797+0000] {dag.py:3696} INFO - Setting next_dagrun for example_task_group to 2023-10-02T15:03:33.796788+00:00, run_after=2023-10-03T15:03:33.796788+00:00
[2023-10-03T15:03:33.828+0000] {processor.py:179} INFO - Processing /home/airflow/.local/lib/python3.8/site-packages/airflow/example_dags/example_task_group.py took 0.128 seconds
[2023-10-03T15:04:03.988+0000] {processor.py:157} INFO - Started process (PID=98) to work on /home/airflow/.local/lib/python3.8/site-packages/airflow/example_dags/example_task_group.py
[2023-10-03T15:04:03.991+0000] {processor.py:829} INFO - Processing file /home/airflow/.local/lib/python3.8/site-packages/airflow/example_dags/example_task_group.py for tasks to queue
[2023-10-03T15:04:03.994+0000] {logging_mixin.py:151} INFO - [2023-10-03T15:04:03.994+0000] {dagbag.py:539} INFO - Filling up the DagBag from /home/airflow/.local/lib/python3.8/site-packages/airflow/example_dags/example_task_group.py
[2023-10-03T15:04:04.006+0000] {processor.py:839} INFO - DAG(s) dict_keys(['example_task_group']) retrieved from /home/airflow/.local/lib/python3.8/site-packages/airflow/example_dags/example_task_group.py
[2023-10-03T15:04:04.025+0000] {logging_mixin.py:151} INFO - [2023-10-03T15:04:04.025+0000] {dag.py:2915} INFO - Sync 1 DAGs
[2023-10-03T15:04:04.064+0000] {logging_mixin.py:151} INFO - [2023-10-03T15:04:04.064+0000] {dag.py:3696} INFO - Setting next_dagrun for example_task_group to 2023-10-02T15:04:04.063585+00:00, run_after=2023-10-03T15:04:04.063585+00:00
[2023-10-03T15:04:04.094+0000] {processor.py:179} INFO - Processing /home/airflow/.local/lib/python3.8/site-packages/airflow/example_dags/example_task_group.py took 0.112 seconds
[2023-10-03T15:04:34.422+0000] {processor.py:157} INFO - Started process (PID=152) to work on /home/airflow/.local/lib/python3.8/site-packages/airflow/example_dags/example_task_group.py
[2023-10-03T15:04:34.424+0000] {processor.py:829} INFO - Processing file /home/airflow/.local/lib/python3.8/site-packages/airflow/example_dags/example_task_group.py for tasks to queue
[2023-10-03T15:04:34.427+0000] {logging_mixin.py:151} INFO - [2023-10-03T15:04:34.426+0000] {dagbag.py:539} INFO - Filling up the DagBag from /home/airflow/.local/lib/python3.8/site-packages/airflow/example_dags/example_task_group.py
[2023-10-03T15:04:34.437+0000] {processor.py:839} INFO - DAG(s) dict_keys(['example_task_group']) retrieved from /home/airflow/.local/lib/python3.8/site-packages/airflow/example_dags/example_task_group.py
[2023-10-03T15:04:34.468+0000] {logging_mixin.py:151} INFO - [2023-10-03T15:04:34.468+0000] {dag.py:2915} INFO - Sync 1 DAGs
[2023-10-03T15:04:34.498+0000] {logging_mixin.py:151} INFO - [2023-10-03T15:04:34.498+0000] {dag.py:3696} INFO - Setting next_dagrun for example_task_group to 2023-10-02T15:04:34.498219+00:00, run_after=2023-10-03T15:04:34.498219+00:00
[2023-10-03T15:04:34.522+0000] {processor.py:179} INFO - Processing /home/airflow/.local/lib/python3.8/site-packages/airflow/example_dags/example_task_group.py took 0.105 seconds
[2023-10-03T15:05:04.700+0000] {processor.py:157} INFO - Started process (PID=207) to work on /home/airflow/.local/lib/python3.8/site-packages/airflow/example_dags/example_task_group.py
[2023-10-03T15:05:04.702+0000] {processor.py:829} INFO - Processing file /home/airflow/.local/lib/python3.8/site-packages/airflow/example_dags/example_task_group.py for tasks to queue
[2023-10-03T15:05:04.705+0000] {logging_mixin.py:151} INFO - [2023-10-03T15:05:04.704+0000] {dagbag.py:539} INFO - Filling up the DagBag from /home/airflow/.local/lib/python3.8/site-packages/airflow/example_dags/example_task_group.py
[2023-10-03T15:05:04.718+0000] {processor.py:839} INFO - DAG(s) dict_keys(['example_task_group']) retrieved from /home/airflow/.local/lib/python3.8/site-packages/airflow/example_dags/example_task_group.py
[2023-10-03T15:05:04.751+0000] {logging_mixin.py:151} INFO - [2023-10-03T15:05:04.750+0000] {dag.py:2915} INFO - Sync 1 DAGs
[2023-10-03T15:05:04.780+0000] {logging_mixin.py:151} INFO - [2023-10-03T15:05:04.779+0000] {dag.py:3696} INFO - Setting next_dagrun for example_task_group to 2023-10-02T15:05:04.779589+00:00, run_after=2023-10-03T15:05:04.779589+00:00
[2023-10-03T15:05:04.808+0000] {processor.py:179} INFO - Processing /home/airflow/.local/lib/python3.8/site-packages/airflow/example_dags/example_task_group.py took 0.113 seconds
[2023-10-03T15:05:34.877+0000] {processor.py:157} INFO - Started process (PID=262) to work on /home/airflow/.local/lib/python3.8/site-packages/airflow/example_dags/example_task_group.py
[2023-10-03T15:05:34.878+0000] {processor.py:829} INFO - Processing file /home/airflow/.local/lib/python3.8/site-packages/airflow/example_dags/example_task_group.py for tasks to queue
[2023-10-03T15:05:34.881+0000] {logging_mixin.py:151} INFO - [2023-10-03T15:05:34.881+0000] {dagbag.py:539} INFO - Filling up the DagBag from /home/airflow/.local/lib/python3.8/site-packages/airflow/example_dags/example_task_group.py
[2023-10-03T15:05:34.892+0000] {processor.py:839} INFO - DAG(s) dict_keys(['example_task_group']) retrieved from /home/airflow/.local/lib/python3.8/site-packages/airflow/example_dags/example_task_group.py
[2023-10-03T15:05:34.923+0000] {logging_mixin.py:151} INFO - [2023-10-03T15:05:34.923+0000] {dag.py:2915} INFO - Sync 1 DAGs
[2023-10-03T15:05:34.952+0000] {logging_mixin.py:151} INFO - [2023-10-03T15:05:34.952+0000] {dag.py:3696} INFO - Setting next_dagrun for example_task_group to 2023-10-02T15:05:34.952342+00:00, run_after=2023-10-03T15:05:34.952342+00:00
[2023-10-03T15:05:34.975+0000] {processor.py:179} INFO - Processing /home/airflow/.local/lib/python3.8/site-packages/airflow/example_dags/example_task_group.py took 0.103 seconds
[2023-10-03T15:06:09.567+0000] {processor.py:157} INFO - Started process (PID=42) to work on /home/airflow/.local/lib/python3.8/site-packages/airflow/example_dags/example_task_group.py
[2023-10-03T15:06:09.569+0000] {processor.py:829} INFO - Processing file /home/airflow/.local/lib/python3.8/site-packages/airflow/example_dags/example_task_group.py for tasks to queue
[2023-10-03T15:06:09.572+0000] {logging_mixin.py:151} INFO - [2023-10-03T15:06:09.572+0000] {dagbag.py:539} INFO - Filling up the DagBag from /home/airflow/.local/lib/python3.8/site-packages/airflow/example_dags/example_task_group.py
[2023-10-03T15:06:09.582+0000] {processor.py:839} INFO - DAG(s) dict_keys(['example_task_group']) retrieved from /home/airflow/.local/lib/python3.8/site-packages/airflow/example_dags/example_task_group.py
[2023-10-03T15:06:09.623+0000] {logging_mixin.py:151} INFO - [2023-10-03T15:06:09.623+0000] {dag.py:2915} INFO - Sync 1 DAGs
[2023-10-03T15:06:09.652+0000] {logging_mixin.py:151} INFO - [2023-10-03T15:06:09.652+0000] {dag.py:3696} INFO - Setting next_dagrun for example_task_group to 2023-10-02T15:06:09.652116+00:00, run_after=2023-10-03T15:06:09.652116+00:00
[2023-10-03T15:06:09.676+0000] {processor.py:179} INFO - Processing /home/airflow/.local/lib/python3.8/site-packages/airflow/example_dags/example_task_group.py took 0.114 seconds
[2023-10-03T15:06:40.609+0000] {processor.py:157} INFO - Started process (PID=96) to work on /home/airflow/.local/lib/python3.8/site-packages/airflow/example_dags/example_task_group.py
[2023-10-03T15:06:40.610+0000] {processor.py:829} INFO - Processing file /home/airflow/.local/lib/python3.8/site-packages/airflow/example_dags/example_task_group.py for tasks to queue
[2023-10-03T15:06:40.613+0000] {logging_mixin.py:151} INFO - [2023-10-03T15:06:40.613+0000] {dagbag.py:539} INFO - Filling up the DagBag from /home/airflow/.local/lib/python3.8/site-packages/airflow/example_dags/example_task_group.py
[2023-10-03T15:06:40.624+0000] {processor.py:839} INFO - DAG(s) dict_keys(['example_task_group']) retrieved from /home/airflow/.local/lib/python3.8/site-packages/airflow/example_dags/example_task_group.py
[2023-10-03T15:06:40.641+0000] {logging_mixin.py:151} INFO - [2023-10-03T15:06:40.641+0000] {dag.py:2915} INFO - Sync 1 DAGs
[2023-10-03T15:06:40.678+0000] {logging_mixin.py:151} INFO - [2023-10-03T15:06:40.677+0000] {dag.py:3696} INFO - Setting next_dagrun for example_task_group to 2023-10-02T15:06:40.677549+00:00, run_after=2023-10-03T15:06:40.677549+00:00
[2023-10-03T15:06:40.703+0000] {processor.py:179} INFO - Processing /home/airflow/.local/lib/python3.8/site-packages/airflow/example_dags/example_task_group.py took 0.099 seconds
[2023-10-03T15:07:10.870+0000] {processor.py:157} INFO - Started process (PID=150) to work on /home/airflow/.local/lib/python3.8/site-packages/airflow/example_dags/example_task_group.py
[2023-10-03T15:07:10.872+0000] {processor.py:829} INFO - Processing file /home/airflow/.local/lib/python3.8/site-packages/airflow/example_dags/example_task_group.py for tasks to queue
[2023-10-03T15:07:10.875+0000] {logging_mixin.py:151} INFO - [2023-10-03T15:07:10.874+0000] {dagbag.py:539} INFO - Filling up the DagBag from /home/airflow/.local/lib/python3.8/site-packages/airflow/example_dags/example_task_group.py
[2023-10-03T15:07:10.885+0000] {processor.py:839} INFO - DAG(s) dict_keys(['example_task_group']) retrieved from /home/airflow/.local/lib/python3.8/site-packages/airflow/example_dags/example_task_group.py
[2023-10-03T15:07:10.917+0000] {logging_mixin.py:151} INFO - [2023-10-03T15:07:10.917+0000] {dag.py:2915} INFO - Sync 1 DAGs
[2023-10-03T15:07:10.955+0000] {logging_mixin.py:151} INFO - [2023-10-03T15:07:10.955+0000] {dag.py:3696} INFO - Setting next_dagrun for example_task_group to 2023-10-02T15:07:10.954986+00:00, run_after=2023-10-03T15:07:10.954986+00:00
[2023-10-03T15:07:10.987+0000] {processor.py:179} INFO - Processing /home/airflow/.local/lib/python3.8/site-packages/airflow/example_dags/example_task_group.py took 0.122 seconds
[2023-10-03T15:07:41.163+0000] {processor.py:157} INFO - Started process (PID=204) to work on /home/airflow/.local/lib/python3.8/site-packages/airflow/example_dags/example_task_group.py
[2023-10-03T15:07:41.165+0000] {processor.py:829} INFO - Processing file /home/airflow/.local/lib/python3.8/site-packages/airflow/example_dags/example_task_group.py for tasks to queue
[2023-10-03T15:07:41.168+0000] {logging_mixin.py:151} INFO - [2023-10-03T15:07:41.167+0000] {dagbag.py:539} INFO - Filling up the DagBag from /home/airflow/.local/lib/python3.8/site-packages/airflow/example_dags/example_task_group.py
[2023-10-03T15:07:41.178+0000] {processor.py:839} INFO - DAG(s) dict_keys(['example_task_group']) retrieved from /home/airflow/.local/lib/python3.8/site-packages/airflow/example_dags/example_task_group.py
[2023-10-03T15:07:41.209+0000] {logging_mixin.py:151} INFO - [2023-10-03T15:07:41.209+0000] {dag.py:2915} INFO - Sync 1 DAGs
[2023-10-03T15:07:41.237+0000] {logging_mixin.py:151} INFO - [2023-10-03T15:07:41.237+0000] {dag.py:3696} INFO - Setting next_dagrun for example_task_group to 2023-10-02T15:07:41.237117+00:00, run_after=2023-10-03T15:07:41.237117+00:00
[2023-10-03T15:07:41.258+0000] {processor.py:179} INFO - Processing /home/airflow/.local/lib/python3.8/site-packages/airflow/example_dags/example_task_group.py took 0.100 seconds
[2023-10-03T15:08:11.758+0000] {processor.py:157} INFO - Started process (PID=257) to work on /home/airflow/.local/lib/python3.8/site-packages/airflow/example_dags/example_task_group.py
[2023-10-03T15:08:11.762+0000] {processor.py:829} INFO - Processing file /home/airflow/.local/lib/python3.8/site-packages/airflow/example_dags/example_task_group.py for tasks to queue
[2023-10-03T15:08:11.765+0000] {logging_mixin.py:151} INFO - [2023-10-03T15:08:11.764+0000] {dagbag.py:539} INFO - Filling up the DagBag from /home/airflow/.local/lib/python3.8/site-packages/airflow/example_dags/example_task_group.py
[2023-10-03T15:08:11.774+0000] {processor.py:839} INFO - DAG(s) dict_keys(['example_task_group']) retrieved from /home/airflow/.local/lib/python3.8/site-packages/airflow/example_dags/example_task_group.py
[2023-10-03T15:08:11.809+0000] {logging_mixin.py:151} INFO - [2023-10-03T15:08:11.809+0000] {dag.py:2915} INFO - Sync 1 DAGs
[2023-10-03T15:08:11.837+0000] {logging_mixin.py:151} INFO - [2023-10-03T15:08:11.836+0000] {dag.py:3696} INFO - Setting next_dagrun for example_task_group to 2023-10-02T15:08:11.836508+00:00, run_after=2023-10-03T15:08:11.836508+00:00
[2023-10-03T15:08:11.860+0000] {processor.py:179} INFO - Processing /home/airflow/.local/lib/python3.8/site-packages/airflow/example_dags/example_task_group.py took 0.107 seconds
[2023-10-03T15:08:42.372+0000] {processor.py:157} INFO - Started process (PID=311) to work on /home/airflow/.local/lib/python3.8/site-packages/airflow/example_dags/example_task_group.py
[2023-10-03T15:08:42.374+0000] {processor.py:829} INFO - Processing file /home/airflow/.local/lib/python3.8/site-packages/airflow/example_dags/example_task_group.py for tasks to queue
[2023-10-03T15:08:42.377+0000] {logging_mixin.py:151} INFO - [2023-10-03T15:08:42.376+0000] {dagbag.py:539} INFO - Filling up the DagBag from /home/airflow/.local/lib/python3.8/site-packages/airflow/example_dags/example_task_group.py
[2023-10-03T15:08:42.387+0000] {processor.py:839} INFO - DAG(s) dict_keys(['example_task_group']) retrieved from /home/airflow/.local/lib/python3.8/site-packages/airflow/example_dags/example_task_group.py
[2023-10-03T15:08:42.417+0000] {logging_mixin.py:151} INFO - [2023-10-03T15:08:42.417+0000] {dag.py:2915} INFO - Sync 1 DAGs
[2023-10-03T15:08:42.451+0000] {logging_mixin.py:151} INFO - [2023-10-03T15:08:42.451+0000] {dag.py:3696} INFO - Setting next_dagrun for example_task_group to 2023-10-02T15:08:42.451351+00:00, run_after=2023-10-03T15:08:42.451351+00:00
[2023-10-03T15:08:42.475+0000] {processor.py:179} INFO - Processing /home/airflow/.local/lib/python3.8/site-packages/airflow/example_dags/example_task_group.py took 0.108 seconds
[2023-10-03T15:09:12.712+0000] {processor.py:157} INFO - Started process (PID=365) to work on /home/airflow/.local/lib/python3.8/site-packages/airflow/example_dags/example_task_group.py
[2023-10-03T15:09:12.713+0000] {processor.py:829} INFO - Processing file /home/airflow/.local/lib/python3.8/site-packages/airflow/example_dags/example_task_group.py for tasks to queue
[2023-10-03T15:09:12.716+0000] {logging_mixin.py:151} INFO - [2023-10-03T15:09:12.716+0000] {dagbag.py:539} INFO - Filling up the DagBag from /home/airflow/.local/lib/python3.8/site-packages/airflow/example_dags/example_task_group.py
[2023-10-03T15:09:12.726+0000] {processor.py:839} INFO - DAG(s) dict_keys(['example_task_group']) retrieved from /home/airflow/.local/lib/python3.8/site-packages/airflow/example_dags/example_task_group.py
[2023-10-03T15:09:12.756+0000] {logging_mixin.py:151} INFO - [2023-10-03T15:09:12.755+0000] {dag.py:2915} INFO - Sync 1 DAGs
[2023-10-03T15:09:12.784+0000] {logging_mixin.py:151} INFO - [2023-10-03T15:09:12.784+0000] {dag.py:3696} INFO - Setting next_dagrun for example_task_group to 2023-10-02T15:09:12.783683+00:00, run_after=2023-10-03T15:09:12.783683+00:00
[2023-10-03T15:09:12.805+0000] {processor.py:179} INFO - Processing /home/airflow/.local/lib/python3.8/site-packages/airflow/example_dags/example_task_group.py took 0.099 seconds
