[2023-10-03T15:03:33.369+0000] {processor.py:157} INFO - Started process (PID=40) to work on /home/airflow/.local/lib/python3.8/site-packages/airflow/example_dags/example_setup_teardown.py
[2023-10-03T15:03:33.370+0000] {processor.py:829} INFO - Processing file /home/airflow/.local/lib/python3.8/site-packages/airflow/example_dags/example_setup_teardown.py for tasks to queue
[2023-10-03T15:03:33.373+0000] {logging_mixin.py:151} INFO - [2023-10-03T15:03:33.373+0000] {dagbag.py:539} INFO - Filling up the DagBag from /home/airflow/.local/lib/python3.8/site-packages/airflow/example_dags/example_setup_teardown.py
[2023-10-03T15:03:33.386+0000] {processor.py:839} INFO - DAG(s) dict_keys(['example_setup_teardown']) retrieved from /home/airflow/.local/lib/python3.8/site-packages/airflow/example_dags/example_setup_teardown.py
[2023-10-03T15:03:33.403+0000] {logging_mixin.py:151} INFO - [2023-10-03T15:03:33.403+0000] {dag.py:2915} INFO - Sync 1 DAGs
[2023-10-03T15:03:33.434+0000] {logging_mixin.py:151} INFO - [2023-10-03T15:03:33.433+0000] {dag.py:3696} INFO - Setting next_dagrun for example_setup_teardown to 2023-10-02T15:03:33.433486+00:00, run_after=2023-10-03T15:03:33.433486+00:00
[2023-10-03T15:03:33.463+0000] {processor.py:179} INFO - Processing /home/airflow/.local/lib/python3.8/site-packages/airflow/example_dags/example_setup_teardown.py took 0.099 seconds
[2023-10-03T15:04:03.610+0000] {processor.py:157} INFO - Started process (PID=94) to work on /home/airflow/.local/lib/python3.8/site-packages/airflow/example_dags/example_setup_teardown.py
[2023-10-03T15:04:03.614+0000] {processor.py:829} INFO - Processing file /home/airflow/.local/lib/python3.8/site-packages/airflow/example_dags/example_setup_teardown.py for tasks to queue
[2023-10-03T15:04:03.617+0000] {logging_mixin.py:151} INFO - [2023-10-03T15:04:03.617+0000] {dagbag.py:539} INFO - Filling up the DagBag from /home/airflow/.local/lib/python3.8/site-packages/airflow/example_dags/example_setup_teardown.py
[2023-10-03T15:04:03.626+0000] {processor.py:839} INFO - DAG(s) dict_keys(['example_setup_teardown']) retrieved from /home/airflow/.local/lib/python3.8/site-packages/airflow/example_dags/example_setup_teardown.py
[2023-10-03T15:04:03.642+0000] {logging_mixin.py:151} INFO - [2023-10-03T15:04:03.642+0000] {dag.py:2915} INFO - Sync 1 DAGs
[2023-10-03T15:04:03.674+0000] {logging_mixin.py:151} INFO - [2023-10-03T15:04:03.674+0000] {dag.py:3696} INFO - Setting next_dagrun for example_setup_teardown to 2023-10-02T15:04:03.673816+00:00, run_after=2023-10-03T15:04:03.673816+00:00
[2023-10-03T15:04:03.700+0000] {processor.py:179} INFO - Processing /home/airflow/.local/lib/python3.8/site-packages/airflow/example_dags/example_setup_teardown.py took 0.096 seconds
[2023-10-03T15:04:34.139+0000] {processor.py:157} INFO - Started process (PID=148) to work on /home/airflow/.local/lib/python3.8/site-packages/airflow/example_dags/example_setup_teardown.py
[2023-10-03T15:04:34.140+0000] {processor.py:829} INFO - Processing file /home/airflow/.local/lib/python3.8/site-packages/airflow/example_dags/example_setup_teardown.py for tasks to queue
[2023-10-03T15:04:34.143+0000] {logging_mixin.py:151} INFO - [2023-10-03T15:04:34.143+0000] {dagbag.py:539} INFO - Filling up the DagBag from /home/airflow/.local/lib/python3.8/site-packages/airflow/example_dags/example_setup_teardown.py
[2023-10-03T15:04:34.152+0000] {processor.py:839} INFO - DAG(s) dict_keys(['example_setup_teardown']) retrieved from /home/airflow/.local/lib/python3.8/site-packages/airflow/example_dags/example_setup_teardown.py
[2023-10-03T15:04:34.180+0000] {logging_mixin.py:151} INFO - [2023-10-03T15:04:34.180+0000] {dag.py:2915} INFO - Sync 1 DAGs
[2023-10-03T15:04:34.212+0000] {logging_mixin.py:151} INFO - [2023-10-03T15:04:34.212+0000] {dag.py:3696} INFO - Setting next_dagrun for example_setup_teardown to 2023-10-02T15:04:34.211787+00:00, run_after=2023-10-03T15:04:34.211787+00:00
[2023-10-03T15:04:34.237+0000] {processor.py:179} INFO - Processing /home/airflow/.local/lib/python3.8/site-packages/airflow/example_dags/example_setup_teardown.py took 0.105 seconds
[2023-10-03T15:05:04.447+0000] {processor.py:157} INFO - Started process (PID=203) to work on /home/airflow/.local/lib/python3.8/site-packages/airflow/example_dags/example_setup_teardown.py
[2023-10-03T15:05:04.449+0000] {processor.py:829} INFO - Processing file /home/airflow/.local/lib/python3.8/site-packages/airflow/example_dags/example_setup_teardown.py for tasks to queue
[2023-10-03T15:05:04.453+0000] {logging_mixin.py:151} INFO - [2023-10-03T15:05:04.452+0000] {dagbag.py:539} INFO - Filling up the DagBag from /home/airflow/.local/lib/python3.8/site-packages/airflow/example_dags/example_setup_teardown.py
[2023-10-03T15:05:04.463+0000] {processor.py:839} INFO - DAG(s) dict_keys(['example_setup_teardown']) retrieved from /home/airflow/.local/lib/python3.8/site-packages/airflow/example_dags/example_setup_teardown.py
[2023-10-03T15:05:04.497+0000] {logging_mixin.py:151} INFO - [2023-10-03T15:05:04.496+0000] {dag.py:2915} INFO - Sync 1 DAGs
[2023-10-03T15:05:04.525+0000] {logging_mixin.py:151} INFO - [2023-10-03T15:05:04.524+0000] {dag.py:3696} INFO - Setting next_dagrun for example_setup_teardown to 2023-10-02T15:05:04.524573+00:00, run_after=2023-10-03T15:05:04.524573+00:00
[2023-10-03T15:05:04.551+0000] {processor.py:179} INFO - Processing /home/airflow/.local/lib/python3.8/site-packages/airflow/example_dags/example_setup_teardown.py took 0.108 seconds
[2023-10-03T15:05:34.622+0000] {processor.py:157} INFO - Started process (PID=258) to work on /home/airflow/.local/lib/python3.8/site-packages/airflow/example_dags/example_setup_teardown.py
[2023-10-03T15:05:34.623+0000] {processor.py:829} INFO - Processing file /home/airflow/.local/lib/python3.8/site-packages/airflow/example_dags/example_setup_teardown.py for tasks to queue
[2023-10-03T15:05:34.627+0000] {logging_mixin.py:151} INFO - [2023-10-03T15:05:34.626+0000] {dagbag.py:539} INFO - Filling up the DagBag from /home/airflow/.local/lib/python3.8/site-packages/airflow/example_dags/example_setup_teardown.py
[2023-10-03T15:05:34.637+0000] {processor.py:839} INFO - DAG(s) dict_keys(['example_setup_teardown']) retrieved from /home/airflow/.local/lib/python3.8/site-packages/airflow/example_dags/example_setup_teardown.py
[2023-10-03T15:05:34.667+0000] {logging_mixin.py:151} INFO - [2023-10-03T15:05:34.667+0000] {dag.py:2915} INFO - Sync 1 DAGs
[2023-10-03T15:05:34.696+0000] {logging_mixin.py:151} INFO - [2023-10-03T15:05:34.695+0000] {dag.py:3696} INFO - Setting next_dagrun for example_setup_teardown to 2023-10-02T15:05:34.695639+00:00, run_after=2023-10-03T15:05:34.695639+00:00
[2023-10-03T15:05:34.717+0000] {processor.py:179} INFO - Processing /home/airflow/.local/lib/python3.8/site-packages/airflow/example_dags/example_setup_teardown.py took 0.100 seconds
[2023-10-03T15:06:09.232+0000] {processor.py:157} INFO - Started process (PID=38) to work on /home/airflow/.local/lib/python3.8/site-packages/airflow/example_dags/example_setup_teardown.py
[2023-10-03T15:06:09.233+0000] {processor.py:829} INFO - Processing file /home/airflow/.local/lib/python3.8/site-packages/airflow/example_dags/example_setup_teardown.py for tasks to queue
[2023-10-03T15:06:09.238+0000] {logging_mixin.py:151} INFO - [2023-10-03T15:06:09.237+0000] {dagbag.py:539} INFO - Filling up the DagBag from /home/airflow/.local/lib/python3.8/site-packages/airflow/example_dags/example_setup_teardown.py
[2023-10-03T15:06:09.251+0000] {processor.py:839} INFO - DAG(s) dict_keys(['example_setup_teardown']) retrieved from /home/airflow/.local/lib/python3.8/site-packages/airflow/example_dags/example_setup_teardown.py
[2023-10-03T15:06:09.291+0000] {logging_mixin.py:151} INFO - [2023-10-03T15:06:09.291+0000] {dag.py:2915} INFO - Sync 1 DAGs
[2023-10-03T15:06:09.320+0000] {logging_mixin.py:151} INFO - [2023-10-03T15:06:09.319+0000] {dag.py:3696} INFO - Setting next_dagrun for example_setup_teardown to 2023-10-02T15:06:09.319618+00:00, run_after=2023-10-03T15:06:09.319618+00:00
[2023-10-03T15:06:09.342+0000] {processor.py:179} INFO - Processing /home/airflow/.local/lib/python3.8/site-packages/airflow/example_dags/example_setup_teardown.py took 0.116 seconds
[2023-10-03T15:06:40.345+0000] {processor.py:157} INFO - Started process (PID=92) to work on /home/airflow/.local/lib/python3.8/site-packages/airflow/example_dags/example_setup_teardown.py
[2023-10-03T15:06:40.346+0000] {processor.py:829} INFO - Processing file /home/airflow/.local/lib/python3.8/site-packages/airflow/example_dags/example_setup_teardown.py for tasks to queue
[2023-10-03T15:06:40.349+0000] {logging_mixin.py:151} INFO - [2023-10-03T15:06:40.349+0000] {dagbag.py:539} INFO - Filling up the DagBag from /home/airflow/.local/lib/python3.8/site-packages/airflow/example_dags/example_setup_teardown.py
[2023-10-03T15:06:40.358+0000] {processor.py:839} INFO - DAG(s) dict_keys(['example_setup_teardown']) retrieved from /home/airflow/.local/lib/python3.8/site-packages/airflow/example_dags/example_setup_teardown.py
[2023-10-03T15:06:40.374+0000] {logging_mixin.py:151} INFO - [2023-10-03T15:06:40.374+0000] {dag.py:2915} INFO - Sync 1 DAGs
[2023-10-03T15:06:40.403+0000] {logging_mixin.py:151} INFO - [2023-10-03T15:06:40.403+0000] {dag.py:3696} INFO - Setting next_dagrun for example_setup_teardown to 2023-10-02T15:06:40.403114+00:00, run_after=2023-10-03T15:06:40.403114+00:00
[2023-10-03T15:06:40.425+0000] {processor.py:179} INFO - Processing /home/airflow/.local/lib/python3.8/site-packages/airflow/example_dags/example_setup_teardown.py took 0.085 seconds
[2023-10-03T15:07:10.543+0000] {processor.py:157} INFO - Started process (PID=146) to work on /home/airflow/.local/lib/python3.8/site-packages/airflow/example_dags/example_setup_teardown.py
[2023-10-03T15:07:10.546+0000] {processor.py:829} INFO - Processing file /home/airflow/.local/lib/python3.8/site-packages/airflow/example_dags/example_setup_teardown.py for tasks to queue
[2023-10-03T15:07:10.549+0000] {logging_mixin.py:151} INFO - [2023-10-03T15:07:10.549+0000] {dagbag.py:539} INFO - Filling up the DagBag from /home/airflow/.local/lib/python3.8/site-packages/airflow/example_dags/example_setup_teardown.py
[2023-10-03T15:07:10.561+0000] {processor.py:839} INFO - DAG(s) dict_keys(['example_setup_teardown']) retrieved from /home/airflow/.local/lib/python3.8/site-packages/airflow/example_dags/example_setup_teardown.py
[2023-10-03T15:07:10.598+0000] {logging_mixin.py:151} INFO - [2023-10-03T15:07:10.598+0000] {dag.py:2915} INFO - Sync 1 DAGs
[2023-10-03T15:07:10.638+0000] {logging_mixin.py:151} INFO - [2023-10-03T15:07:10.638+0000] {dag.py:3696} INFO - Setting next_dagrun for example_setup_teardown to 2023-10-02T15:07:10.638136+00:00, run_after=2023-10-03T15:07:10.638136+00:00
[2023-10-03T15:07:10.667+0000] {processor.py:179} INFO - Processing /home/airflow/.local/lib/python3.8/site-packages/airflow/example_dags/example_setup_teardown.py took 0.130 seconds
[2023-10-03T15:07:40.912+0000] {processor.py:157} INFO - Started process (PID=200) to work on /home/airflow/.local/lib/python3.8/site-packages/airflow/example_dags/example_setup_teardown.py
[2023-10-03T15:07:40.913+0000] {processor.py:829} INFO - Processing file /home/airflow/.local/lib/python3.8/site-packages/airflow/example_dags/example_setup_teardown.py for tasks to queue
[2023-10-03T15:07:40.916+0000] {logging_mixin.py:151} INFO - [2023-10-03T15:07:40.915+0000] {dagbag.py:539} INFO - Filling up the DagBag from /home/airflow/.local/lib/python3.8/site-packages/airflow/example_dags/example_setup_teardown.py
[2023-10-03T15:07:40.925+0000] {processor.py:839} INFO - DAG(s) dict_keys(['example_setup_teardown']) retrieved from /home/airflow/.local/lib/python3.8/site-packages/airflow/example_dags/example_setup_teardown.py
[2023-10-03T15:07:40.953+0000] {logging_mixin.py:151} INFO - [2023-10-03T15:07:40.953+0000] {dag.py:2915} INFO - Sync 1 DAGs
[2023-10-03T15:07:40.985+0000] {logging_mixin.py:151} INFO - [2023-10-03T15:07:40.985+0000] {dag.py:3696} INFO - Setting next_dagrun for example_setup_teardown to 2023-10-02T15:07:40.985088+00:00, run_after=2023-10-03T15:07:40.985088+00:00
[2023-10-03T15:07:41.009+0000] {processor.py:179} INFO - Processing /home/airflow/.local/lib/python3.8/site-packages/airflow/example_dags/example_setup_teardown.py took 0.102 seconds
[2023-10-03T15:08:11.488+0000] {processor.py:157} INFO - Started process (PID=253) to work on /home/airflow/.local/lib/python3.8/site-packages/airflow/example_dags/example_setup_teardown.py
[2023-10-03T15:08:11.496+0000] {processor.py:829} INFO - Processing file /home/airflow/.local/lib/python3.8/site-packages/airflow/example_dags/example_setup_teardown.py for tasks to queue
[2023-10-03T15:08:11.499+0000] {logging_mixin.py:151} INFO - [2023-10-03T15:08:11.499+0000] {dagbag.py:539} INFO - Filling up the DagBag from /home/airflow/.local/lib/python3.8/site-packages/airflow/example_dags/example_setup_teardown.py
[2023-10-03T15:08:11.509+0000] {processor.py:839} INFO - DAG(s) dict_keys(['example_setup_teardown']) retrieved from /home/airflow/.local/lib/python3.8/site-packages/airflow/example_dags/example_setup_teardown.py
[2023-10-03T15:08:11.543+0000] {logging_mixin.py:151} INFO - [2023-10-03T15:08:11.543+0000] {dag.py:2915} INFO - Sync 1 DAGs
[2023-10-03T15:08:11.574+0000] {logging_mixin.py:151} INFO - [2023-10-03T15:08:11.574+0000] {dag.py:3696} INFO - Setting next_dagrun for example_setup_teardown to 2023-10-02T15:08:11.574072+00:00, run_after=2023-10-03T15:08:11.574072+00:00
[2023-10-03T15:08:11.597+0000] {processor.py:179} INFO - Processing /home/airflow/.local/lib/python3.8/site-packages/airflow/example_dags/example_setup_teardown.py took 0.114 seconds
[2023-10-03T15:08:42.072+0000] {processor.py:157} INFO - Started process (PID=307) to work on /home/airflow/.local/lib/python3.8/site-packages/airflow/example_dags/example_setup_teardown.py
[2023-10-03T15:08:42.075+0000] {processor.py:829} INFO - Processing file /home/airflow/.local/lib/python3.8/site-packages/airflow/example_dags/example_setup_teardown.py for tasks to queue
[2023-10-03T15:08:42.079+0000] {logging_mixin.py:151} INFO - [2023-10-03T15:08:42.079+0000] {dagbag.py:539} INFO - Filling up the DagBag from /home/airflow/.local/lib/python3.8/site-packages/airflow/example_dags/example_setup_teardown.py
[2023-10-03T15:08:42.091+0000] {processor.py:839} INFO - DAG(s) dict_keys(['example_setup_teardown']) retrieved from /home/airflow/.local/lib/python3.8/site-packages/airflow/example_dags/example_setup_teardown.py
[2023-10-03T15:08:42.128+0000] {logging_mixin.py:151} INFO - [2023-10-03T15:08:42.128+0000] {dag.py:2915} INFO - Sync 1 DAGs
[2023-10-03T15:08:42.168+0000] {logging_mixin.py:151} INFO - [2023-10-03T15:08:42.168+0000] {dag.py:3696} INFO - Setting next_dagrun for example_setup_teardown to 2023-10-02T15:08:42.167819+00:00, run_after=2023-10-03T15:08:42.167819+00:00
[2023-10-03T15:08:42.195+0000] {processor.py:179} INFO - Processing /home/airflow/.local/lib/python3.8/site-packages/airflow/example_dags/example_setup_teardown.py took 0.131 seconds
[2023-10-03T15:09:12.269+0000] {processor.py:157} INFO - Started process (PID=361) to work on /home/airflow/.local/lib/python3.8/site-packages/airflow/example_dags/example_setup_teardown.py
[2023-10-03T15:09:12.270+0000] {processor.py:829} INFO - Processing file /home/airflow/.local/lib/python3.8/site-packages/airflow/example_dags/example_setup_teardown.py for tasks to queue
[2023-10-03T15:09:12.274+0000] {logging_mixin.py:151} INFO - [2023-10-03T15:09:12.273+0000] {dagbag.py:539} INFO - Filling up the DagBag from /home/airflow/.local/lib/python3.8/site-packages/airflow/example_dags/example_setup_teardown.py
[2023-10-03T15:09:12.286+0000] {processor.py:839} INFO - DAG(s) dict_keys(['example_setup_teardown']) retrieved from /home/airflow/.local/lib/python3.8/site-packages/airflow/example_dags/example_setup_teardown.py
[2023-10-03T15:09:12.323+0000] {logging_mixin.py:151} INFO - [2023-10-03T15:09:12.323+0000] {dag.py:2915} INFO - Sync 1 DAGs
[2023-10-03T15:09:12.363+0000] {logging_mixin.py:151} INFO - [2023-10-03T15:09:12.362+0000] {dag.py:3696} INFO - Setting next_dagrun for example_setup_teardown to 2023-10-02T15:09:12.362435+00:00, run_after=2023-10-03T15:09:12.362435+00:00
[2023-10-03T15:09:12.393+0000] {processor.py:179} INFO - Processing /home/airflow/.local/lib/python3.8/site-packages/airflow/example_dags/example_setup_teardown.py took 0.131 seconds
