[2023-10-03T15:03:35.510+0000] {processor.py:157} INFO - Started process (PID=61) to work on /home/airflow/.local/lib/python3.8/site-packages/airflow/example_dags/example_branch_operator_decorator.py
[2023-10-03T15:03:35.511+0000] {processor.py:829} INFO - Processing file /home/airflow/.local/lib/python3.8/site-packages/airflow/example_dags/example_branch_operator_decorator.py for tasks to queue
[2023-10-03T15:03:35.516+0000] {logging_mixin.py:151} INFO - [2023-10-03T15:03:35.515+0000] {dagbag.py:539} INFO - Filling up the DagBag from /home/airflow/.local/lib/python3.8/site-packages/airflow/example_dags/example_branch_operator_decorator.py
[2023-10-03T15:03:35.536+0000] {processor.py:839} INFO - DAG(s) dict_keys(['example_branch_python_operator_decorator']) retrieved from /home/airflow/.local/lib/python3.8/site-packages/airflow/example_dags/example_branch_operator_decorator.py
[2023-10-03T15:03:35.559+0000] {logging_mixin.py:151} INFO - [2023-10-03T15:03:35.558+0000] {dag.py:2915} INFO - Sync 1 DAGs
[2023-10-03T15:03:35.606+0000] {logging_mixin.py:151} INFO - [2023-10-03T15:03:35.606+0000] {dag.py:3696} INFO - Setting next_dagrun for example_branch_python_operator_decorator to 2023-10-02T00:00:00+00:00, run_after=2023-10-03T00:00:00+00:00
[2023-10-03T15:03:35.639+0000] {processor.py:179} INFO - Processing /home/airflow/.local/lib/python3.8/site-packages/airflow/example_dags/example_branch_operator_decorator.py took 0.137 seconds
[2023-10-03T15:04:06.035+0000] {processor.py:157} INFO - Started process (PID=114) to work on /home/airflow/.local/lib/python3.8/site-packages/airflow/example_dags/example_branch_operator_decorator.py
[2023-10-03T15:04:06.037+0000] {processor.py:829} INFO - Processing file /home/airflow/.local/lib/python3.8/site-packages/airflow/example_dags/example_branch_operator_decorator.py for tasks to queue
[2023-10-03T15:04:06.040+0000] {logging_mixin.py:151} INFO - [2023-10-03T15:04:06.040+0000] {dagbag.py:539} INFO - Filling up the DagBag from /home/airflow/.local/lib/python3.8/site-packages/airflow/example_dags/example_branch_operator_decorator.py
[2023-10-03T15:04:06.055+0000] {processor.py:839} INFO - DAG(s) dict_keys(['example_branch_python_operator_decorator']) retrieved from /home/airflow/.local/lib/python3.8/site-packages/airflow/example_dags/example_branch_operator_decorator.py
[2023-10-03T15:04:06.072+0000] {logging_mixin.py:151} INFO - [2023-10-03T15:04:06.072+0000] {dag.py:2915} INFO - Sync 1 DAGs
[2023-10-03T15:04:06.105+0000] {logging_mixin.py:151} INFO - [2023-10-03T15:04:06.105+0000] {dag.py:3696} INFO - Setting next_dagrun for example_branch_python_operator_decorator to 2023-10-02T00:00:00+00:00, run_after=2023-10-03T00:00:00+00:00
[2023-10-03T15:04:06.128+0000] {processor.py:179} INFO - Processing /home/airflow/.local/lib/python3.8/site-packages/airflow/example_dags/example_branch_operator_decorator.py took 0.098 seconds
[2023-10-03T15:04:36.636+0000] {processor.py:157} INFO - Started process (PID=168) to work on /home/airflow/.local/lib/python3.8/site-packages/airflow/example_dags/example_branch_operator_decorator.py
[2023-10-03T15:04:36.637+0000] {processor.py:829} INFO - Processing file /home/airflow/.local/lib/python3.8/site-packages/airflow/example_dags/example_branch_operator_decorator.py for tasks to queue
[2023-10-03T15:04:36.641+0000] {logging_mixin.py:151} INFO - [2023-10-03T15:04:36.640+0000] {dagbag.py:539} INFO - Filling up the DagBag from /home/airflow/.local/lib/python3.8/site-packages/airflow/example_dags/example_branch_operator_decorator.py
[2023-10-03T15:04:36.659+0000] {processor.py:839} INFO - DAG(s) dict_keys(['example_branch_python_operator_decorator']) retrieved from /home/airflow/.local/lib/python3.8/site-packages/airflow/example_dags/example_branch_operator_decorator.py
[2023-10-03T15:04:36.700+0000] {logging_mixin.py:151} INFO - [2023-10-03T15:04:36.700+0000] {dag.py:2915} INFO - Sync 1 DAGs
[2023-10-03T15:04:36.742+0000] {logging_mixin.py:151} INFO - [2023-10-03T15:04:36.742+0000] {dag.py:3696} INFO - Setting next_dagrun for example_branch_python_operator_decorator to 2023-10-02T00:00:00+00:00, run_after=2023-10-03T00:00:00+00:00
[2023-10-03T15:04:36.765+0000] {processor.py:179} INFO - Processing /home/airflow/.local/lib/python3.8/site-packages/airflow/example_dags/example_branch_operator_decorator.py took 0.134 seconds
[2023-10-03T15:05:06.945+0000] {processor.py:157} INFO - Started process (PID=223) to work on /home/airflow/.local/lib/python3.8/site-packages/airflow/example_dags/example_branch_operator_decorator.py
[2023-10-03T15:05:06.947+0000] {processor.py:829} INFO - Processing file /home/airflow/.local/lib/python3.8/site-packages/airflow/example_dags/example_branch_operator_decorator.py for tasks to queue
[2023-10-03T15:05:06.951+0000] {logging_mixin.py:151} INFO - [2023-10-03T15:05:06.950+0000] {dagbag.py:539} INFO - Filling up the DagBag from /home/airflow/.local/lib/python3.8/site-packages/airflow/example_dags/example_branch_operator_decorator.py
[2023-10-03T15:05:06.970+0000] {processor.py:839} INFO - DAG(s) dict_keys(['example_branch_python_operator_decorator']) retrieved from /home/airflow/.local/lib/python3.8/site-packages/airflow/example_dags/example_branch_operator_decorator.py
[2023-10-03T15:05:07.003+0000] {logging_mixin.py:151} INFO - [2023-10-03T15:05:07.003+0000] {dag.py:2915} INFO - Sync 1 DAGs
[2023-10-03T15:05:07.035+0000] {logging_mixin.py:151} INFO - [2023-10-03T15:05:07.034+0000] {dag.py:3696} INFO - Setting next_dagrun for example_branch_python_operator_decorator to 2023-10-02T00:00:00+00:00, run_after=2023-10-03T00:00:00+00:00
[2023-10-03T15:05:07.056+0000] {processor.py:179} INFO - Processing /home/airflow/.local/lib/python3.8/site-packages/airflow/example_dags/example_branch_operator_decorator.py took 0.117 seconds
[2023-10-03T15:05:37.419+0000] {processor.py:157} INFO - Started process (PID=278) to work on /home/airflow/.local/lib/python3.8/site-packages/airflow/example_dags/example_branch_operator_decorator.py
[2023-10-03T15:05:37.420+0000] {processor.py:829} INFO - Processing file /home/airflow/.local/lib/python3.8/site-packages/airflow/example_dags/example_branch_operator_decorator.py for tasks to queue
[2023-10-03T15:05:37.423+0000] {logging_mixin.py:151} INFO - [2023-10-03T15:05:37.423+0000] {dagbag.py:539} INFO - Filling up the DagBag from /home/airflow/.local/lib/python3.8/site-packages/airflow/example_dags/example_branch_operator_decorator.py
[2023-10-03T15:05:37.438+0000] {processor.py:839} INFO - DAG(s) dict_keys(['example_branch_python_operator_decorator']) retrieved from /home/airflow/.local/lib/python3.8/site-packages/airflow/example_dags/example_branch_operator_decorator.py
[2023-10-03T15:05:37.470+0000] {logging_mixin.py:151} INFO - [2023-10-03T15:05:37.470+0000] {dag.py:2915} INFO - Sync 1 DAGs
[2023-10-03T15:05:37.501+0000] {logging_mixin.py:151} INFO - [2023-10-03T15:05:37.501+0000] {dag.py:3696} INFO - Setting next_dagrun for example_branch_python_operator_decorator to 2023-10-02T00:00:00+00:00, run_after=2023-10-03T00:00:00+00:00
[2023-10-03T15:05:37.525+0000] {processor.py:179} INFO - Processing /home/airflow/.local/lib/python3.8/site-packages/airflow/example_dags/example_branch_operator_decorator.py took 0.111 seconds
[2023-10-03T15:06:11.221+0000] {processor.py:157} INFO - Started process (PID=59) to work on /home/airflow/.local/lib/python3.8/site-packages/airflow/example_dags/example_branch_operator_decorator.py
[2023-10-03T15:06:11.223+0000] {processor.py:829} INFO - Processing file /home/airflow/.local/lib/python3.8/site-packages/airflow/example_dags/example_branch_operator_decorator.py for tasks to queue
[2023-10-03T15:06:11.227+0000] {logging_mixin.py:151} INFO - [2023-10-03T15:06:11.226+0000] {dagbag.py:539} INFO - Filling up the DagBag from /home/airflow/.local/lib/python3.8/site-packages/airflow/example_dags/example_branch_operator_decorator.py
[2023-10-03T15:06:11.241+0000] {processor.py:839} INFO - DAG(s) dict_keys(['example_branch_python_operator_decorator']) retrieved from /home/airflow/.local/lib/python3.8/site-packages/airflow/example_dags/example_branch_operator_decorator.py
[2023-10-03T15:06:11.279+0000] {logging_mixin.py:151} INFO - [2023-10-03T15:06:11.279+0000] {dag.py:2915} INFO - Sync 1 DAGs
[2023-10-03T15:06:11.315+0000] {logging_mixin.py:151} INFO - [2023-10-03T15:06:11.314+0000] {dag.py:3696} INFO - Setting next_dagrun for example_branch_python_operator_decorator to 2023-10-02T00:00:00+00:00, run_after=2023-10-03T00:00:00+00:00
[2023-10-03T15:06:11.343+0000] {processor.py:179} INFO - Processing /home/airflow/.local/lib/python3.8/site-packages/airflow/example_dags/example_branch_operator_decorator.py took 0.127 seconds
[2023-10-03T15:06:42.001+0000] {processor.py:157} INFO - Started process (PID=113) to work on /home/airflow/.local/lib/python3.8/site-packages/airflow/example_dags/example_branch_operator_decorator.py
[2023-10-03T15:06:42.002+0000] {processor.py:829} INFO - Processing file /home/airflow/.local/lib/python3.8/site-packages/airflow/example_dags/example_branch_operator_decorator.py for tasks to queue
[2023-10-03T15:06:42.007+0000] {logging_mixin.py:151} INFO - [2023-10-03T15:06:42.006+0000] {dagbag.py:539} INFO - Filling up the DagBag from /home/airflow/.local/lib/python3.8/site-packages/airflow/example_dags/example_branch_operator_decorator.py
[2023-10-03T15:06:42.027+0000] {processor.py:839} INFO - DAG(s) dict_keys(['example_branch_python_operator_decorator']) retrieved from /home/airflow/.local/lib/python3.8/site-packages/airflow/example_dags/example_branch_operator_decorator.py
[2023-10-03T15:06:42.047+0000] {logging_mixin.py:151} INFO - [2023-10-03T15:06:42.047+0000] {dag.py:2915} INFO - Sync 1 DAGs
[2023-10-03T15:06:42.086+0000] {logging_mixin.py:151} INFO - [2023-10-03T15:06:42.085+0000] {dag.py:3696} INFO - Setting next_dagrun for example_branch_python_operator_decorator to 2023-10-02T00:00:00+00:00, run_after=2023-10-03T00:00:00+00:00
[2023-10-03T15:06:42.112+0000] {processor.py:179} INFO - Processing /home/airflow/.local/lib/python3.8/site-packages/airflow/example_dags/example_branch_operator_decorator.py took 0.117 seconds
[2023-10-03T15:07:12.564+0000] {processor.py:157} INFO - Started process (PID=167) to work on /home/airflow/.local/lib/python3.8/site-packages/airflow/example_dags/example_branch_operator_decorator.py
[2023-10-03T15:07:12.566+0000] {processor.py:829} INFO - Processing file /home/airflow/.local/lib/python3.8/site-packages/airflow/example_dags/example_branch_operator_decorator.py for tasks to queue
[2023-10-03T15:07:12.569+0000] {logging_mixin.py:151} INFO - [2023-10-03T15:07:12.568+0000] {dagbag.py:539} INFO - Filling up the DagBag from /home/airflow/.local/lib/python3.8/site-packages/airflow/example_dags/example_branch_operator_decorator.py
[2023-10-03T15:07:12.584+0000] {processor.py:839} INFO - DAG(s) dict_keys(['example_branch_python_operator_decorator']) retrieved from /home/airflow/.local/lib/python3.8/site-packages/airflow/example_dags/example_branch_operator_decorator.py
[2023-10-03T15:07:12.614+0000] {logging_mixin.py:151} INFO - [2023-10-03T15:07:12.613+0000] {dag.py:2915} INFO - Sync 1 DAGs
[2023-10-03T15:07:12.644+0000] {logging_mixin.py:151} INFO - [2023-10-03T15:07:12.643+0000] {dag.py:3696} INFO - Setting next_dagrun for example_branch_python_operator_decorator to 2023-10-02T00:00:00+00:00, run_after=2023-10-03T00:00:00+00:00
[2023-10-03T15:07:12.666+0000] {processor.py:179} INFO - Processing /home/airflow/.local/lib/python3.8/site-packages/airflow/example_dags/example_branch_operator_decorator.py took 0.107 seconds
[2023-10-03T15:07:43.301+0000] {processor.py:157} INFO - Started process (PID=220) to work on /home/airflow/.local/lib/python3.8/site-packages/airflow/example_dags/example_branch_operator_decorator.py
[2023-10-03T15:07:43.308+0000] {processor.py:829} INFO - Processing file /home/airflow/.local/lib/python3.8/site-packages/airflow/example_dags/example_branch_operator_decorator.py for tasks to queue
[2023-10-03T15:07:43.311+0000] {logging_mixin.py:151} INFO - [2023-10-03T15:07:43.311+0000] {dagbag.py:539} INFO - Filling up the DagBag from /home/airflow/.local/lib/python3.8/site-packages/airflow/example_dags/example_branch_operator_decorator.py
[2023-10-03T15:07:43.326+0000] {processor.py:839} INFO - DAG(s) dict_keys(['example_branch_python_operator_decorator']) retrieved from /home/airflow/.local/lib/python3.8/site-packages/airflow/example_dags/example_branch_operator_decorator.py
[2023-10-03T15:07:43.356+0000] {logging_mixin.py:151} INFO - [2023-10-03T15:07:43.356+0000] {dag.py:2915} INFO - Sync 1 DAGs
[2023-10-03T15:07:43.388+0000] {logging_mixin.py:151} INFO - [2023-10-03T15:07:43.388+0000] {dag.py:3696} INFO - Setting next_dagrun for example_branch_python_operator_decorator to 2023-10-02T00:00:00+00:00, run_after=2023-10-03T00:00:00+00:00
[2023-10-03T15:07:43.410+0000] {processor.py:179} INFO - Processing /home/airflow/.local/lib/python3.8/site-packages/airflow/example_dags/example_branch_operator_decorator.py took 0.114 seconds
[2023-10-03T15:08:14.560+0000] {processor.py:157} INFO - Started process (PID=274) to work on /home/airflow/.local/lib/python3.8/site-packages/airflow/example_dags/example_branch_operator_decorator.py
[2023-10-03T15:08:14.562+0000] {processor.py:829} INFO - Processing file /home/airflow/.local/lib/python3.8/site-packages/airflow/example_dags/example_branch_operator_decorator.py for tasks to queue
[2023-10-03T15:08:14.565+0000] {logging_mixin.py:151} INFO - [2023-10-03T15:08:14.565+0000] {dagbag.py:539} INFO - Filling up the DagBag from /home/airflow/.local/lib/python3.8/site-packages/airflow/example_dags/example_branch_operator_decorator.py
[2023-10-03T15:08:14.579+0000] {processor.py:839} INFO - DAG(s) dict_keys(['example_branch_python_operator_decorator']) retrieved from /home/airflow/.local/lib/python3.8/site-packages/airflow/example_dags/example_branch_operator_decorator.py
[2023-10-03T15:08:14.611+0000] {logging_mixin.py:151} INFO - [2023-10-03T15:08:14.611+0000] {dag.py:2915} INFO - Sync 1 DAGs
[2023-10-03T15:08:14.642+0000] {logging_mixin.py:151} INFO - [2023-10-03T15:08:14.642+0000] {dag.py:3696} INFO - Setting next_dagrun for example_branch_python_operator_decorator to 2023-10-02T00:00:00+00:00, run_after=2023-10-03T00:00:00+00:00
[2023-10-03T15:08:14.666+0000] {processor.py:179} INFO - Processing /home/airflow/.local/lib/python3.8/site-packages/airflow/example_dags/example_branch_operator_decorator.py took 0.111 seconds
[2023-10-03T15:08:45.112+0000] {processor.py:157} INFO - Started process (PID=328) to work on /home/airflow/.local/lib/python3.8/site-packages/airflow/example_dags/example_branch_operator_decorator.py
[2023-10-03T15:08:45.114+0000] {processor.py:829} INFO - Processing file /home/airflow/.local/lib/python3.8/site-packages/airflow/example_dags/example_branch_operator_decorator.py for tasks to queue
[2023-10-03T15:08:45.117+0000] {logging_mixin.py:151} INFO - [2023-10-03T15:08:45.116+0000] {dagbag.py:539} INFO - Filling up the DagBag from /home/airflow/.local/lib/python3.8/site-packages/airflow/example_dags/example_branch_operator_decorator.py
[2023-10-03T15:08:45.132+0000] {processor.py:839} INFO - DAG(s) dict_keys(['example_branch_python_operator_decorator']) retrieved from /home/airflow/.local/lib/python3.8/site-packages/airflow/example_dags/example_branch_operator_decorator.py
[2023-10-03T15:08:45.162+0000] {logging_mixin.py:151} INFO - [2023-10-03T15:08:45.162+0000] {dag.py:2915} INFO - Sync 1 DAGs
[2023-10-03T15:08:45.195+0000] {logging_mixin.py:151} INFO - [2023-10-03T15:08:45.195+0000] {dag.py:3696} INFO - Setting next_dagrun for example_branch_python_operator_decorator to 2023-10-02T00:00:00+00:00, run_after=2023-10-03T00:00:00+00:00
[2023-10-03T15:08:45.218+0000] {processor.py:179} INFO - Processing /home/airflow/.local/lib/python3.8/site-packages/airflow/example_dags/example_branch_operator_decorator.py took 0.111 seconds
[2023-10-03T15:09:15.855+0000] {processor.py:157} INFO - Started process (PID=382) to work on /home/airflow/.local/lib/python3.8/site-packages/airflow/example_dags/example_branch_operator_decorator.py
[2023-10-03T15:09:15.856+0000] {processor.py:829} INFO - Processing file /home/airflow/.local/lib/python3.8/site-packages/airflow/example_dags/example_branch_operator_decorator.py for tasks to queue
[2023-10-03T15:09:15.860+0000] {logging_mixin.py:151} INFO - [2023-10-03T15:09:15.860+0000] {dagbag.py:539} INFO - Filling up the DagBag from /home/airflow/.local/lib/python3.8/site-packages/airflow/example_dags/example_branch_operator_decorator.py
[2023-10-03T15:09:15.880+0000] {processor.py:839} INFO - DAG(s) dict_keys(['example_branch_python_operator_decorator']) retrieved from /home/airflow/.local/lib/python3.8/site-packages/airflow/example_dags/example_branch_operator_decorator.py
[2023-10-03T15:09:15.926+0000] {logging_mixin.py:151} INFO - [2023-10-03T15:09:15.925+0000] {dag.py:2915} INFO - Sync 1 DAGs
[2023-10-03T15:09:15.970+0000] {logging_mixin.py:151} INFO - [2023-10-03T15:09:15.969+0000] {dag.py:3696} INFO - Setting next_dagrun for example_branch_python_operator_decorator to 2023-10-02T00:00:00+00:00, run_after=2023-10-03T00:00:00+00:00
[2023-10-03T15:09:15.993+0000] {processor.py:179} INFO - Processing /home/airflow/.local/lib/python3.8/site-packages/airflow/example_dags/example_branch_operator_decorator.py took 0.144 seconds
