[2023-10-03T15:03:34.630+0000] {processor.py:157} INFO - Started process (PID=53) to work on /home/airflow/.local/lib/python3.8/site-packages/airflow/example_dags/example_sla_dag.py
[2023-10-03T15:03:34.632+0000] {processor.py:829} INFO - Processing file /home/airflow/.local/lib/python3.8/site-packages/airflow/example_dags/example_sla_dag.py for tasks to queue
[2023-10-03T15:03:34.636+0000] {logging_mixin.py:151} INFO - [2023-10-03T15:03:34.636+0000] {dagbag.py:539} INFO - Filling up the DagBag from /home/airflow/.local/lib/python3.8/site-packages/airflow/example_dags/example_sla_dag.py
[2023-10-03T15:03:34.653+0000] {processor.py:839} INFO - DAG(s) dict_keys(['example_sla_dag']) retrieved from /home/airflow/.local/lib/python3.8/site-packages/airflow/example_dags/example_sla_dag.py
[2023-10-03T15:03:34.675+0000] {logging_mixin.py:151} INFO - [2023-10-03T15:03:34.675+0000] {dag.py:2915} INFO - Sync 1 DAGs
[2023-10-03T15:03:34.722+0000] {logging_mixin.py:151} INFO - [2023-10-03T15:03:34.722+0000] {dag.py:3696} INFO - Setting next_dagrun for example_sla_dag to 2023-10-03T15:00:00+00:00, run_after=2023-10-03T15:02:00+00:00
[2023-10-03T15:03:34.746+0000] {processor.py:179} INFO - Processing /home/airflow/.local/lib/python3.8/site-packages/airflow/example_dags/example_sla_dag.py took 0.124 seconds
[2023-10-03T15:04:05.565+0000] {processor.py:157} INFO - Started process (PID=107) to work on /home/airflow/.local/lib/python3.8/site-packages/airflow/example_dags/example_sla_dag.py
[2023-10-03T15:04:05.567+0000] {processor.py:829} INFO - Processing file /home/airflow/.local/lib/python3.8/site-packages/airflow/example_dags/example_sla_dag.py for tasks to queue
[2023-10-03T15:04:05.570+0000] {logging_mixin.py:151} INFO - [2023-10-03T15:04:05.569+0000] {dagbag.py:539} INFO - Filling up the DagBag from /home/airflow/.local/lib/python3.8/site-packages/airflow/example_dags/example_sla_dag.py
[2023-10-03T15:04:05.582+0000] {processor.py:839} INFO - DAG(s) dict_keys(['example_sla_dag']) retrieved from /home/airflow/.local/lib/python3.8/site-packages/airflow/example_dags/example_sla_dag.py
[2023-10-03T15:04:05.602+0000] {logging_mixin.py:151} INFO - [2023-10-03T15:04:05.601+0000] {dag.py:2915} INFO - Sync 1 DAGs
[2023-10-03T15:04:05.643+0000] {logging_mixin.py:151} INFO - [2023-10-03T15:04:05.643+0000] {dag.py:3696} INFO - Setting next_dagrun for example_sla_dag to 2023-10-03T15:02:00+00:00, run_after=2023-10-03T15:04:00+00:00
[2023-10-03T15:04:05.665+0000] {processor.py:179} INFO - Processing /home/airflow/.local/lib/python3.8/site-packages/airflow/example_dags/example_sla_dag.py took 0.105 seconds
[2023-10-03T15:04:36.108+0000] {processor.py:157} INFO - Started process (PID=161) to work on /home/airflow/.local/lib/python3.8/site-packages/airflow/example_dags/example_sla_dag.py
[2023-10-03T15:04:36.109+0000] {processor.py:829} INFO - Processing file /home/airflow/.local/lib/python3.8/site-packages/airflow/example_dags/example_sla_dag.py for tasks to queue
[2023-10-03T15:04:36.113+0000] {logging_mixin.py:151} INFO - [2023-10-03T15:04:36.112+0000] {dagbag.py:539} INFO - Filling up the DagBag from /home/airflow/.local/lib/python3.8/site-packages/airflow/example_dags/example_sla_dag.py
[2023-10-03T15:04:36.125+0000] {processor.py:839} INFO - DAG(s) dict_keys(['example_sla_dag']) retrieved from /home/airflow/.local/lib/python3.8/site-packages/airflow/example_dags/example_sla_dag.py
[2023-10-03T15:04:36.153+0000] {logging_mixin.py:151} INFO - [2023-10-03T15:04:36.153+0000] {dag.py:2915} INFO - Sync 1 DAGs
[2023-10-03T15:04:36.185+0000] {logging_mixin.py:151} INFO - [2023-10-03T15:04:36.185+0000] {dag.py:3696} INFO - Setting next_dagrun for example_sla_dag to 2023-10-03T15:02:00+00:00, run_after=2023-10-03T15:04:00+00:00
[2023-10-03T15:04:36.209+0000] {processor.py:179} INFO - Processing /home/airflow/.local/lib/python3.8/site-packages/airflow/example_dags/example_sla_dag.py took 0.106 seconds
[2023-10-03T15:05:06.424+0000] {processor.py:157} INFO - Started process (PID=216) to work on /home/airflow/.local/lib/python3.8/site-packages/airflow/example_dags/example_sla_dag.py
[2023-10-03T15:05:06.426+0000] {processor.py:829} INFO - Processing file /home/airflow/.local/lib/python3.8/site-packages/airflow/example_dags/example_sla_dag.py for tasks to queue
[2023-10-03T15:05:06.429+0000] {logging_mixin.py:151} INFO - [2023-10-03T15:05:06.428+0000] {dagbag.py:539} INFO - Filling up the DagBag from /home/airflow/.local/lib/python3.8/site-packages/airflow/example_dags/example_sla_dag.py
[2023-10-03T15:05:06.441+0000] {processor.py:839} INFO - DAG(s) dict_keys(['example_sla_dag']) retrieved from /home/airflow/.local/lib/python3.8/site-packages/airflow/example_dags/example_sla_dag.py
[2023-10-03T15:05:06.469+0000] {logging_mixin.py:151} INFO - [2023-10-03T15:05:06.469+0000] {dag.py:2915} INFO - Sync 1 DAGs
[2023-10-03T15:05:06.504+0000] {logging_mixin.py:151} INFO - [2023-10-03T15:05:06.504+0000] {dag.py:3696} INFO - Setting next_dagrun for example_sla_dag to 2023-10-03T15:02:00+00:00, run_after=2023-10-03T15:04:00+00:00
[2023-10-03T15:05:06.534+0000] {processor.py:179} INFO - Processing /home/airflow/.local/lib/python3.8/site-packages/airflow/example_dags/example_sla_dag.py took 0.115 seconds
[2023-10-03T15:05:36.745+0000] {processor.py:157} INFO - Started process (PID=271) to work on /home/airflow/.local/lib/python3.8/site-packages/airflow/example_dags/example_sla_dag.py
[2023-10-03T15:05:36.746+0000] {processor.py:829} INFO - Processing file /home/airflow/.local/lib/python3.8/site-packages/airflow/example_dags/example_sla_dag.py for tasks to queue
[2023-10-03T15:05:36.749+0000] {logging_mixin.py:151} INFO - [2023-10-03T15:05:36.749+0000] {dagbag.py:539} INFO - Filling up the DagBag from /home/airflow/.local/lib/python3.8/site-packages/airflow/example_dags/example_sla_dag.py
[2023-10-03T15:05:36.761+0000] {processor.py:839} INFO - DAG(s) dict_keys(['example_sla_dag']) retrieved from /home/airflow/.local/lib/python3.8/site-packages/airflow/example_dags/example_sla_dag.py
[2023-10-03T15:05:36.790+0000] {logging_mixin.py:151} INFO - [2023-10-03T15:05:36.789+0000] {dag.py:2915} INFO - Sync 1 DAGs
[2023-10-03T15:05:36.823+0000] {logging_mixin.py:151} INFO - [2023-10-03T15:05:36.823+0000] {dag.py:3696} INFO - Setting next_dagrun for example_sla_dag to 2023-10-03T15:02:00+00:00, run_after=2023-10-03T15:04:00+00:00
[2023-10-03T15:05:36.847+0000] {processor.py:179} INFO - Processing /home/airflow/.local/lib/python3.8/site-packages/airflow/example_dags/example_sla_dag.py took 0.107 seconds
[2023-10-03T15:06:10.378+0000] {processor.py:157} INFO - Started process (PID=51) to work on /home/airflow/.local/lib/python3.8/site-packages/airflow/example_dags/example_sla_dag.py
[2023-10-03T15:06:10.380+0000] {processor.py:829} INFO - Processing file /home/airflow/.local/lib/python3.8/site-packages/airflow/example_dags/example_sla_dag.py for tasks to queue
[2023-10-03T15:06:10.384+0000] {logging_mixin.py:151} INFO - [2023-10-03T15:06:10.383+0000] {dagbag.py:539} INFO - Filling up the DagBag from /home/airflow/.local/lib/python3.8/site-packages/airflow/example_dags/example_sla_dag.py
[2023-10-03T15:06:10.400+0000] {processor.py:839} INFO - DAG(s) dict_keys(['example_sla_dag']) retrieved from /home/airflow/.local/lib/python3.8/site-packages/airflow/example_dags/example_sla_dag.py
[2023-10-03T15:06:10.430+0000] {logging_mixin.py:151} INFO - [2023-10-03T15:06:10.430+0000] {dag.py:2915} INFO - Sync 1 DAGs
[2023-10-03T15:06:10.466+0000] {logging_mixin.py:151} INFO - [2023-10-03T15:06:10.466+0000] {dag.py:3696} INFO - Setting next_dagrun for example_sla_dag to 2023-10-03T15:04:00+00:00, run_after=2023-10-03T15:06:00+00:00
[2023-10-03T15:06:10.491+0000] {processor.py:179} INFO - Processing /home/airflow/.local/lib/python3.8/site-packages/airflow/example_dags/example_sla_dag.py took 0.121 seconds
[2023-10-03T15:06:41.265+0000] {processor.py:157} INFO - Started process (PID=105) to work on /home/airflow/.local/lib/python3.8/site-packages/airflow/example_dags/example_sla_dag.py
[2023-10-03T15:06:41.266+0000] {processor.py:829} INFO - Processing file /home/airflow/.local/lib/python3.8/site-packages/airflow/example_dags/example_sla_dag.py for tasks to queue
[2023-10-03T15:06:41.270+0000] {logging_mixin.py:151} INFO - [2023-10-03T15:06:41.270+0000] {dagbag.py:539} INFO - Filling up the DagBag from /home/airflow/.local/lib/python3.8/site-packages/airflow/example_dags/example_sla_dag.py
[2023-10-03T15:06:41.286+0000] {processor.py:839} INFO - DAG(s) dict_keys(['example_sla_dag']) retrieved from /home/airflow/.local/lib/python3.8/site-packages/airflow/example_dags/example_sla_dag.py
[2023-10-03T15:06:41.305+0000] {logging_mixin.py:151} INFO - [2023-10-03T15:06:41.305+0000] {dag.py:2915} INFO - Sync 1 DAGs
[2023-10-03T15:06:41.350+0000] {logging_mixin.py:151} INFO - [2023-10-03T15:06:41.349+0000] {dag.py:3696} INFO - Setting next_dagrun for example_sla_dag to 2023-10-03T15:04:00+00:00, run_after=2023-10-03T15:06:00+00:00
[2023-10-03T15:06:41.378+0000] {processor.py:179} INFO - Processing /home/airflow/.local/lib/python3.8/site-packages/airflow/example_dags/example_sla_dag.py took 0.120 seconds
[2023-10-03T15:07:11.782+0000] {processor.py:157} INFO - Started process (PID=159) to work on /home/airflow/.local/lib/python3.8/site-packages/airflow/example_dags/example_sla_dag.py
[2023-10-03T15:07:11.785+0000] {processor.py:829} INFO - Processing file /home/airflow/.local/lib/python3.8/site-packages/airflow/example_dags/example_sla_dag.py for tasks to queue
[2023-10-03T15:07:11.789+0000] {logging_mixin.py:151} INFO - [2023-10-03T15:07:11.788+0000] {dagbag.py:539} INFO - Filling up the DagBag from /home/airflow/.local/lib/python3.8/site-packages/airflow/example_dags/example_sla_dag.py
[2023-10-03T15:07:11.806+0000] {processor.py:839} INFO - DAG(s) dict_keys(['example_sla_dag']) retrieved from /home/airflow/.local/lib/python3.8/site-packages/airflow/example_dags/example_sla_dag.py
[2023-10-03T15:07:11.843+0000] {logging_mixin.py:151} INFO - [2023-10-03T15:07:11.842+0000] {dag.py:2915} INFO - Sync 1 DAGs
[2023-10-03T15:07:11.882+0000] {logging_mixin.py:151} INFO - [2023-10-03T15:07:11.882+0000] {dag.py:3696} INFO - Setting next_dagrun for example_sla_dag to 2023-10-03T15:04:00+00:00, run_after=2023-10-03T15:06:00+00:00
[2023-10-03T15:07:11.904+0000] {processor.py:179} INFO - Processing /home/airflow/.local/lib/python3.8/site-packages/airflow/example_dags/example_sla_dag.py took 0.129 seconds
[2023-10-03T15:07:42.792+0000] {processor.py:157} INFO - Started process (PID=213) to work on /home/airflow/.local/lib/python3.8/site-packages/airflow/example_dags/example_sla_dag.py
[2023-10-03T15:07:42.793+0000] {processor.py:829} INFO - Processing file /home/airflow/.local/lib/python3.8/site-packages/airflow/example_dags/example_sla_dag.py for tasks to queue
[2023-10-03T15:07:42.796+0000] {logging_mixin.py:151} INFO - [2023-10-03T15:07:42.796+0000] {dagbag.py:539} INFO - Filling up the DagBag from /home/airflow/.local/lib/python3.8/site-packages/airflow/example_dags/example_sla_dag.py
[2023-10-03T15:07:42.809+0000] {processor.py:839} INFO - DAG(s) dict_keys(['example_sla_dag']) retrieved from /home/airflow/.local/lib/python3.8/site-packages/airflow/example_dags/example_sla_dag.py
[2023-10-03T15:07:42.835+0000] {logging_mixin.py:151} INFO - [2023-10-03T15:07:42.835+0000] {dag.py:2915} INFO - Sync 1 DAGs
[2023-10-03T15:07:42.870+0000] {logging_mixin.py:151} INFO - [2023-10-03T15:07:42.870+0000] {dag.py:3696} INFO - Setting next_dagrun for example_sla_dag to 2023-10-03T15:04:00+00:00, run_after=2023-10-03T15:06:00+00:00
[2023-10-03T15:07:42.895+0000] {processor.py:179} INFO - Processing /home/airflow/.local/lib/python3.8/site-packages/airflow/example_dags/example_sla_dag.py took 0.109 seconds
[2023-10-03T15:08:13.426+0000] {processor.py:157} INFO - Started process (PID=266) to work on /home/airflow/.local/lib/python3.8/site-packages/airflow/example_dags/example_sla_dag.py
[2023-10-03T15:08:13.427+0000] {processor.py:829} INFO - Processing file /home/airflow/.local/lib/python3.8/site-packages/airflow/example_dags/example_sla_dag.py for tasks to queue
[2023-10-03T15:08:13.430+0000] {logging_mixin.py:151} INFO - [2023-10-03T15:08:13.430+0000] {dagbag.py:539} INFO - Filling up the DagBag from /home/airflow/.local/lib/python3.8/site-packages/airflow/example_dags/example_sla_dag.py
[2023-10-03T15:08:13.442+0000] {processor.py:839} INFO - DAG(s) dict_keys(['example_sla_dag']) retrieved from /home/airflow/.local/lib/python3.8/site-packages/airflow/example_dags/example_sla_dag.py
[2023-10-03T15:08:13.468+0000] {logging_mixin.py:151} INFO - [2023-10-03T15:08:13.468+0000] {dag.py:2915} INFO - Sync 1 DAGs
[2023-10-03T15:08:13.500+0000] {logging_mixin.py:151} INFO - [2023-10-03T15:08:13.500+0000] {dag.py:3696} INFO - Setting next_dagrun for example_sla_dag to 2023-10-03T15:06:00+00:00, run_after=2023-10-03T15:08:00+00:00
[2023-10-03T15:08:13.524+0000] {processor.py:179} INFO - Processing /home/airflow/.local/lib/python3.8/site-packages/airflow/example_dags/example_sla_dag.py took 0.103 seconds
[2023-10-03T15:08:43.987+0000] {processor.py:157} INFO - Started process (PID=320) to work on /home/airflow/.local/lib/python3.8/site-packages/airflow/example_dags/example_sla_dag.py
[2023-10-03T15:08:43.989+0000] {processor.py:829} INFO - Processing file /home/airflow/.local/lib/python3.8/site-packages/airflow/example_dags/example_sla_dag.py for tasks to queue
[2023-10-03T15:08:43.992+0000] {logging_mixin.py:151} INFO - [2023-10-03T15:08:43.992+0000] {dagbag.py:539} INFO - Filling up the DagBag from /home/airflow/.local/lib/python3.8/site-packages/airflow/example_dags/example_sla_dag.py
[2023-10-03T15:08:44.004+0000] {processor.py:839} INFO - DAG(s) dict_keys(['example_sla_dag']) retrieved from /home/airflow/.local/lib/python3.8/site-packages/airflow/example_dags/example_sla_dag.py
[2023-10-03T15:08:44.031+0000] {logging_mixin.py:151} INFO - [2023-10-03T15:08:44.031+0000] {dag.py:2915} INFO - Sync 1 DAGs
[2023-10-03T15:08:44.064+0000] {logging_mixin.py:151} INFO - [2023-10-03T15:08:44.064+0000] {dag.py:3696} INFO - Setting next_dagrun for example_sla_dag to 2023-10-03T15:06:00+00:00, run_after=2023-10-03T15:08:00+00:00
[2023-10-03T15:08:44.087+0000] {processor.py:179} INFO - Processing /home/airflow/.local/lib/python3.8/site-packages/airflow/example_dags/example_sla_dag.py took 0.105 seconds
[2023-10-03T15:09:14.560+0000] {processor.py:157} INFO - Started process (PID=374) to work on /home/airflow/.local/lib/python3.8/site-packages/airflow/example_dags/example_sla_dag.py
[2023-10-03T15:09:14.561+0000] {processor.py:829} INFO - Processing file /home/airflow/.local/lib/python3.8/site-packages/airflow/example_dags/example_sla_dag.py for tasks to queue
[2023-10-03T15:09:14.570+0000] {logging_mixin.py:151} INFO - [2023-10-03T15:09:14.570+0000] {dagbag.py:539} INFO - Filling up the DagBag from /home/airflow/.local/lib/python3.8/site-packages/airflow/example_dags/example_sla_dag.py
[2023-10-03T15:09:14.588+0000] {processor.py:839} INFO - DAG(s) dict_keys(['example_sla_dag']) retrieved from /home/airflow/.local/lib/python3.8/site-packages/airflow/example_dags/example_sla_dag.py
[2023-10-03T15:09:14.628+0000] {logging_mixin.py:151} INFO - [2023-10-03T15:09:14.627+0000] {dag.py:2915} INFO - Sync 1 DAGs
[2023-10-03T15:09:14.673+0000] {logging_mixin.py:151} INFO - [2023-10-03T15:09:14.673+0000] {dag.py:3696} INFO - Setting next_dagrun for example_sla_dag to 2023-10-03T15:06:00+00:00, run_after=2023-10-03T15:08:00+00:00
[2023-10-03T15:09:14.702+0000] {processor.py:179} INFO - Processing /home/airflow/.local/lib/python3.8/site-packages/airflow/example_dags/example_sla_dag.py took 0.151 seconds
