[2023-10-03T15:03:35.348+0000] {processor.py:157} INFO - Started process (PID=60) to work on /home/airflow/.local/lib/python3.8/site-packages/airflow/example_dags/example_branch_day_of_week_operator.py
[2023-10-03T15:03:35.350+0000] {processor.py:829} INFO - Processing file /home/airflow/.local/lib/python3.8/site-packages/airflow/example_dags/example_branch_day_of_week_operator.py for tasks to queue
[2023-10-03T15:03:35.354+0000] {logging_mixin.py:151} INFO - [2023-10-03T15:03:35.354+0000] {dagbag.py:539} INFO - Filling up the DagBag from /home/airflow/.local/lib/python3.8/site-packages/airflow/example_dags/example_branch_day_of_week_operator.py
[2023-10-03T15:03:35.370+0000] {processor.py:839} INFO - DAG(s) dict_keys(['example_weekday_branch_operator']) retrieved from /home/airflow/.local/lib/python3.8/site-packages/airflow/example_dags/example_branch_day_of_week_operator.py
[2023-10-03T15:03:35.392+0000] {logging_mixin.py:151} INFO - [2023-10-03T15:03:35.392+0000] {dag.py:2915} INFO - Sync 1 DAGs
[2023-10-03T15:03:35.441+0000] {logging_mixin.py:151} INFO - [2023-10-03T15:03:35.441+0000] {dag.py:3696} INFO - Setting next_dagrun for example_weekday_branch_operator to 2023-10-02T00:00:00+00:00, run_after=2023-10-03T00:00:00+00:00
[2023-10-03T15:03:35.474+0000] {processor.py:179} INFO - Processing /home/airflow/.local/lib/python3.8/site-packages/airflow/example_dags/example_branch_day_of_week_operator.py took 0.132 seconds
[2023-10-03T15:04:05.954+0000] {processor.py:157} INFO - Started process (PID=113) to work on /home/airflow/.local/lib/python3.8/site-packages/airflow/example_dags/example_branch_day_of_week_operator.py
[2023-10-03T15:04:05.956+0000] {processor.py:829} INFO - Processing file /home/airflow/.local/lib/python3.8/site-packages/airflow/example_dags/example_branch_day_of_week_operator.py for tasks to queue
[2023-10-03T15:04:05.959+0000] {logging_mixin.py:151} INFO - [2023-10-03T15:04:05.959+0000] {dagbag.py:539} INFO - Filling up the DagBag from /home/airflow/.local/lib/python3.8/site-packages/airflow/example_dags/example_branch_day_of_week_operator.py
[2023-10-03T15:04:05.971+0000] {processor.py:839} INFO - DAG(s) dict_keys(['example_weekday_branch_operator']) retrieved from /home/airflow/.local/lib/python3.8/site-packages/airflow/example_dags/example_branch_day_of_week_operator.py
[2023-10-03T15:04:05.989+0000] {logging_mixin.py:151} INFO - [2023-10-03T15:04:05.988+0000] {dag.py:2915} INFO - Sync 1 DAGs
[2023-10-03T15:04:06.025+0000] {logging_mixin.py:151} INFO - [2023-10-03T15:04:06.024+0000] {dag.py:3696} INFO - Setting next_dagrun for example_weekday_branch_operator to 2023-10-02T00:00:00+00:00, run_after=2023-10-03T00:00:00+00:00
[2023-10-03T15:04:06.049+0000] {processor.py:179} INFO - Processing /home/airflow/.local/lib/python3.8/site-packages/airflow/example_dags/example_branch_day_of_week_operator.py took 0.101 seconds
[2023-10-03T15:04:36.531+0000] {processor.py:157} INFO - Started process (PID=167) to work on /home/airflow/.local/lib/python3.8/site-packages/airflow/example_dags/example_branch_day_of_week_operator.py
[2023-10-03T15:04:36.532+0000] {processor.py:829} INFO - Processing file /home/airflow/.local/lib/python3.8/site-packages/airflow/example_dags/example_branch_day_of_week_operator.py for tasks to queue
[2023-10-03T15:04:36.535+0000] {logging_mixin.py:151} INFO - [2023-10-03T15:04:36.535+0000] {dagbag.py:539} INFO - Filling up the DagBag from /home/airflow/.local/lib/python3.8/site-packages/airflow/example_dags/example_branch_day_of_week_operator.py
[2023-10-03T15:04:36.546+0000] {processor.py:839} INFO - DAG(s) dict_keys(['example_weekday_branch_operator']) retrieved from /home/airflow/.local/lib/python3.8/site-packages/airflow/example_dags/example_branch_day_of_week_operator.py
[2023-10-03T15:04:36.575+0000] {logging_mixin.py:151} INFO - [2023-10-03T15:04:36.575+0000] {dag.py:2915} INFO - Sync 1 DAGs
[2023-10-03T15:04:36.605+0000] {logging_mixin.py:151} INFO - [2023-10-03T15:04:36.604+0000] {dag.py:3696} INFO - Setting next_dagrun for example_weekday_branch_operator to 2023-10-02T00:00:00+00:00, run_after=2023-10-03T00:00:00+00:00
[2023-10-03T15:04:36.629+0000] {processor.py:179} INFO - Processing /home/airflow/.local/lib/python3.8/site-packages/airflow/example_dags/example_branch_day_of_week_operator.py took 0.103 seconds
[2023-10-03T15:05:06.861+0000] {processor.py:157} INFO - Started process (PID=222) to work on /home/airflow/.local/lib/python3.8/site-packages/airflow/example_dags/example_branch_day_of_week_operator.py
[2023-10-03T15:05:06.863+0000] {processor.py:829} INFO - Processing file /home/airflow/.local/lib/python3.8/site-packages/airflow/example_dags/example_branch_day_of_week_operator.py for tasks to queue
[2023-10-03T15:05:06.866+0000] {logging_mixin.py:151} INFO - [2023-10-03T15:05:06.865+0000] {dagbag.py:539} INFO - Filling up the DagBag from /home/airflow/.local/lib/python3.8/site-packages/airflow/example_dags/example_branch_day_of_week_operator.py
[2023-10-03T15:05:06.877+0000] {processor.py:839} INFO - DAG(s) dict_keys(['example_weekday_branch_operator']) retrieved from /home/airflow/.local/lib/python3.8/site-packages/airflow/example_dags/example_branch_day_of_week_operator.py
[2023-10-03T15:05:06.911+0000] {logging_mixin.py:151} INFO - [2023-10-03T15:05:06.910+0000] {dag.py:2915} INFO - Sync 1 DAGs
[2023-10-03T15:05:06.944+0000] {logging_mixin.py:151} INFO - [2023-10-03T15:05:06.943+0000] {dag.py:3696} INFO - Setting next_dagrun for example_weekday_branch_operator to 2023-10-02T00:00:00+00:00, run_after=2023-10-03T00:00:00+00:00
[2023-10-03T15:05:06.973+0000] {processor.py:179} INFO - Processing /home/airflow/.local/lib/python3.8/site-packages/airflow/example_dags/example_branch_day_of_week_operator.py took 0.117 seconds
[2023-10-03T15:05:37.297+0000] {processor.py:157} INFO - Started process (PID=277) to work on /home/airflow/.local/lib/python3.8/site-packages/airflow/example_dags/example_branch_day_of_week_operator.py
[2023-10-03T15:05:37.298+0000] {processor.py:829} INFO - Processing file /home/airflow/.local/lib/python3.8/site-packages/airflow/example_dags/example_branch_day_of_week_operator.py for tasks to queue
[2023-10-03T15:05:37.302+0000] {logging_mixin.py:151} INFO - [2023-10-03T15:05:37.301+0000] {dagbag.py:539} INFO - Filling up the DagBag from /home/airflow/.local/lib/python3.8/site-packages/airflow/example_dags/example_branch_day_of_week_operator.py
[2023-10-03T15:05:37.313+0000] {processor.py:839} INFO - DAG(s) dict_keys(['example_weekday_branch_operator']) retrieved from /home/airflow/.local/lib/python3.8/site-packages/airflow/example_dags/example_branch_day_of_week_operator.py
[2023-10-03T15:05:37.343+0000] {logging_mixin.py:151} INFO - [2023-10-03T15:05:37.342+0000] {dag.py:2915} INFO - Sync 1 DAGs
[2023-10-03T15:05:37.373+0000] {logging_mixin.py:151} INFO - [2023-10-03T15:05:37.373+0000] {dag.py:3696} INFO - Setting next_dagrun for example_weekday_branch_operator to 2023-10-02T00:00:00+00:00, run_after=2023-10-03T00:00:00+00:00
[2023-10-03T15:05:37.396+0000] {processor.py:179} INFO - Processing /home/airflow/.local/lib/python3.8/site-packages/airflow/example_dags/example_branch_day_of_week_operator.py took 0.104 seconds
[2023-10-03T15:06:11.149+0000] {processor.py:157} INFO - Started process (PID=58) to work on /home/airflow/.local/lib/python3.8/site-packages/airflow/example_dags/example_branch_day_of_week_operator.py
[2023-10-03T15:06:11.151+0000] {processor.py:829} INFO - Processing file /home/airflow/.local/lib/python3.8/site-packages/airflow/example_dags/example_branch_day_of_week_operator.py for tasks to queue
[2023-10-03T15:06:11.156+0000] {logging_mixin.py:151} INFO - [2023-10-03T15:06:11.155+0000] {dagbag.py:539} INFO - Filling up the DagBag from /home/airflow/.local/lib/python3.8/site-packages/airflow/example_dags/example_branch_day_of_week_operator.py
[2023-10-03T15:06:11.169+0000] {processor.py:839} INFO - DAG(s) dict_keys(['example_weekday_branch_operator']) retrieved from /home/airflow/.local/lib/python3.8/site-packages/airflow/example_dags/example_branch_day_of_week_operator.py
[2023-10-03T15:06:11.202+0000] {logging_mixin.py:151} INFO - [2023-10-03T15:06:11.202+0000] {dag.py:2915} INFO - Sync 1 DAGs
[2023-10-03T15:06:11.237+0000] {logging_mixin.py:151} INFO - [2023-10-03T15:06:11.237+0000] {dag.py:3696} INFO - Setting next_dagrun for example_weekday_branch_operator to 2023-10-02T00:00:00+00:00, run_after=2023-10-03T00:00:00+00:00
[2023-10-03T15:06:11.264+0000] {processor.py:179} INFO - Processing /home/airflow/.local/lib/python3.8/site-packages/airflow/example_dags/example_branch_day_of_week_operator.py took 0.122 seconds
[2023-10-03T15:06:41.882+0000] {processor.py:157} INFO - Started process (PID=112) to work on /home/airflow/.local/lib/python3.8/site-packages/airflow/example_dags/example_branch_day_of_week_operator.py
[2023-10-03T15:06:41.883+0000] {processor.py:829} INFO - Processing file /home/airflow/.local/lib/python3.8/site-packages/airflow/example_dags/example_branch_day_of_week_operator.py for tasks to queue
[2023-10-03T15:06:41.886+0000] {logging_mixin.py:151} INFO - [2023-10-03T15:06:41.886+0000] {dagbag.py:539} INFO - Filling up the DagBag from /home/airflow/.local/lib/python3.8/site-packages/airflow/example_dags/example_branch_day_of_week_operator.py
[2023-10-03T15:06:41.898+0000] {processor.py:839} INFO - DAG(s) dict_keys(['example_weekday_branch_operator']) retrieved from /home/airflow/.local/lib/python3.8/site-packages/airflow/example_dags/example_branch_day_of_week_operator.py
[2023-10-03T15:06:41.914+0000] {logging_mixin.py:151} INFO - [2023-10-03T15:06:41.914+0000] {dag.py:2915} INFO - Sync 1 DAGs
[2023-10-03T15:06:41.947+0000] {logging_mixin.py:151} INFO - [2023-10-03T15:06:41.947+0000] {dag.py:3696} INFO - Setting next_dagrun for example_weekday_branch_operator to 2023-10-02T00:00:00+00:00, run_after=2023-10-03T00:00:00+00:00
[2023-10-03T15:06:41.970+0000] {processor.py:179} INFO - Processing /home/airflow/.local/lib/python3.8/site-packages/airflow/example_dags/example_branch_day_of_week_operator.py took 0.093 seconds
[2023-10-03T15:07:12.423+0000] {processor.py:157} INFO - Started process (PID=166) to work on /home/airflow/.local/lib/python3.8/site-packages/airflow/example_dags/example_branch_day_of_week_operator.py
[2023-10-03T15:07:12.425+0000] {processor.py:829} INFO - Processing file /home/airflow/.local/lib/python3.8/site-packages/airflow/example_dags/example_branch_day_of_week_operator.py for tasks to queue
[2023-10-03T15:07:12.429+0000] {logging_mixin.py:151} INFO - [2023-10-03T15:07:12.428+0000] {dagbag.py:539} INFO - Filling up the DagBag from /home/airflow/.local/lib/python3.8/site-packages/airflow/example_dags/example_branch_day_of_week_operator.py
[2023-10-03T15:07:12.440+0000] {processor.py:839} INFO - DAG(s) dict_keys(['example_weekday_branch_operator']) retrieved from /home/airflow/.local/lib/python3.8/site-packages/airflow/example_dags/example_branch_day_of_week_operator.py
[2023-10-03T15:07:12.474+0000] {logging_mixin.py:151} INFO - [2023-10-03T15:07:12.473+0000] {dag.py:2915} INFO - Sync 1 DAGs
[2023-10-03T15:07:12.510+0000] {logging_mixin.py:151} INFO - [2023-10-03T15:07:12.510+0000] {dag.py:3696} INFO - Setting next_dagrun for example_weekday_branch_operator to 2023-10-02T00:00:00+00:00, run_after=2023-10-03T00:00:00+00:00
[2023-10-03T15:07:12.535+0000] {processor.py:179} INFO - Processing /home/airflow/.local/lib/python3.8/site-packages/airflow/example_dags/example_branch_day_of_week_operator.py took 0.117 seconds
[2023-10-03T15:07:43.210+0000] {processor.py:157} INFO - Started process (PID=219) to work on /home/airflow/.local/lib/python3.8/site-packages/airflow/example_dags/example_branch_day_of_week_operator.py
[2023-10-03T15:07:43.211+0000] {processor.py:829} INFO - Processing file /home/airflow/.local/lib/python3.8/site-packages/airflow/example_dags/example_branch_day_of_week_operator.py for tasks to queue
[2023-10-03T15:07:43.214+0000] {logging_mixin.py:151} INFO - [2023-10-03T15:07:43.214+0000] {dagbag.py:539} INFO - Filling up the DagBag from /home/airflow/.local/lib/python3.8/site-packages/airflow/example_dags/example_branch_day_of_week_operator.py
[2023-10-03T15:07:43.225+0000] {processor.py:839} INFO - DAG(s) dict_keys(['example_weekday_branch_operator']) retrieved from /home/airflow/.local/lib/python3.8/site-packages/airflow/example_dags/example_branch_day_of_week_operator.py
[2023-10-03T15:07:43.254+0000] {logging_mixin.py:151} INFO - [2023-10-03T15:07:43.254+0000] {dag.py:2915} INFO - Sync 1 DAGs
[2023-10-03T15:07:43.287+0000] {logging_mixin.py:151} INFO - [2023-10-03T15:07:43.286+0000] {dag.py:3696} INFO - Setting next_dagrun for example_weekday_branch_operator to 2023-10-02T00:00:00+00:00, run_after=2023-10-03T00:00:00+00:00
[2023-10-03T15:07:43.310+0000] {processor.py:179} INFO - Processing /home/airflow/.local/lib/python3.8/site-packages/airflow/example_dags/example_branch_day_of_week_operator.py took 0.105 seconds
[2023-10-03T15:08:13.950+0000] {processor.py:157} INFO - Started process (PID=272) to work on /home/airflow/.local/lib/python3.8/site-packages/airflow/example_dags/example_branch_day_of_week_operator.py
[2023-10-03T15:08:13.951+0000] {processor.py:829} INFO - Processing file /home/airflow/.local/lib/python3.8/site-packages/airflow/example_dags/example_branch_day_of_week_operator.py for tasks to queue
[2023-10-03T15:08:13.954+0000] {logging_mixin.py:151} INFO - [2023-10-03T15:08:13.954+0000] {dagbag.py:539} INFO - Filling up the DagBag from /home/airflow/.local/lib/python3.8/site-packages/airflow/example_dags/example_branch_day_of_week_operator.py
[2023-10-03T15:08:13.965+0000] {processor.py:839} INFO - DAG(s) dict_keys(['example_weekday_branch_operator']) retrieved from /home/airflow/.local/lib/python3.8/site-packages/airflow/example_dags/example_branch_day_of_week_operator.py
[2023-10-03T15:08:14.002+0000] {logging_mixin.py:151} INFO - [2023-10-03T15:08:14.001+0000] {dag.py:2915} INFO - Sync 1 DAGs
[2023-10-03T15:08:14.043+0000] {logging_mixin.py:151} INFO - [2023-10-03T15:08:14.042+0000] {dag.py:3696} INFO - Setting next_dagrun for example_weekday_branch_operator to 2023-10-02T00:00:00+00:00, run_after=2023-10-03T00:00:00+00:00
[2023-10-03T15:08:14.070+0000] {processor.py:179} INFO - Processing /home/airflow/.local/lib/python3.8/site-packages/airflow/example_dags/example_branch_day_of_week_operator.py took 0.126 seconds
[2023-10-03T15:08:44.538+0000] {processor.py:157} INFO - Started process (PID=326) to work on /home/airflow/.local/lib/python3.8/site-packages/airflow/example_dags/example_branch_day_of_week_operator.py
[2023-10-03T15:08:44.540+0000] {processor.py:829} INFO - Processing file /home/airflow/.local/lib/python3.8/site-packages/airflow/example_dags/example_branch_day_of_week_operator.py for tasks to queue
[2023-10-03T15:08:44.543+0000] {logging_mixin.py:151} INFO - [2023-10-03T15:08:44.542+0000] {dagbag.py:539} INFO - Filling up the DagBag from /home/airflow/.local/lib/python3.8/site-packages/airflow/example_dags/example_branch_day_of_week_operator.py
[2023-10-03T15:08:44.554+0000] {processor.py:839} INFO - DAG(s) dict_keys(['example_weekday_branch_operator']) retrieved from /home/airflow/.local/lib/python3.8/site-packages/airflow/example_dags/example_branch_day_of_week_operator.py
[2023-10-03T15:08:44.583+0000] {logging_mixin.py:151} INFO - [2023-10-03T15:08:44.583+0000] {dag.py:2915} INFO - Sync 1 DAGs
[2023-10-03T15:08:44.612+0000] {logging_mixin.py:151} INFO - [2023-10-03T15:08:44.612+0000] {dag.py:3696} INFO - Setting next_dagrun for example_weekday_branch_operator to 2023-10-02T00:00:00+00:00, run_after=2023-10-03T00:00:00+00:00
[2023-10-03T15:08:44.638+0000] {processor.py:179} INFO - Processing /home/airflow/.local/lib/python3.8/site-packages/airflow/example_dags/example_branch_day_of_week_operator.py took 0.105 seconds
[2023-10-03T15:09:15.228+0000] {processor.py:157} INFO - Started process (PID=380) to work on /home/airflow/.local/lib/python3.8/site-packages/airflow/example_dags/example_branch_day_of_week_operator.py
[2023-10-03T15:09:15.230+0000] {processor.py:829} INFO - Processing file /home/airflow/.local/lib/python3.8/site-packages/airflow/example_dags/example_branch_day_of_week_operator.py for tasks to queue
[2023-10-03T15:09:15.234+0000] {logging_mixin.py:151} INFO - [2023-10-03T15:09:15.234+0000] {dagbag.py:539} INFO - Filling up the DagBag from /home/airflow/.local/lib/python3.8/site-packages/airflow/example_dags/example_branch_day_of_week_operator.py
[2023-10-03T15:09:15.248+0000] {processor.py:839} INFO - DAG(s) dict_keys(['example_weekday_branch_operator']) retrieved from /home/airflow/.local/lib/python3.8/site-packages/airflow/example_dags/example_branch_day_of_week_operator.py
[2023-10-03T15:09:15.291+0000] {logging_mixin.py:151} INFO - [2023-10-03T15:09:15.290+0000] {dag.py:2915} INFO - Sync 1 DAGs
[2023-10-03T15:09:15.324+0000] {logging_mixin.py:151} INFO - [2023-10-03T15:09:15.324+0000] {dag.py:3696} INFO - Setting next_dagrun for example_weekday_branch_operator to 2023-10-02T00:00:00+00:00, run_after=2023-10-03T00:00:00+00:00
[2023-10-03T15:09:15.348+0000] {processor.py:179} INFO - Processing /home/airflow/.local/lib/python3.8/site-packages/airflow/example_dags/example_branch_day_of_week_operator.py took 0.127 seconds
