[2023-10-03T15:03:37.652+0000] {processor.py:157} INFO - Started process (PID=73) to work on /home/airflow/.local/lib/python3.8/site-packages/airflow/example_dags/example_setup_teardown_taskflow.py
[2023-10-03T15:03:37.653+0000] {processor.py:829} INFO - Processing file /home/airflow/.local/lib/python3.8/site-packages/airflow/example_dags/example_setup_teardown_taskflow.py for tasks to queue
[2023-10-03T15:03:37.657+0000] {logging_mixin.py:151} INFO - [2023-10-03T15:03:37.656+0000] {dagbag.py:539} INFO - Filling up the DagBag from /home/airflow/.local/lib/python3.8/site-packages/airflow/example_dags/example_setup_teardown_taskflow.py
[2023-10-03T15:03:37.671+0000] {processor.py:839} INFO - DAG(s) dict_keys(['example_setup_teardown_taskflow']) retrieved from /home/airflow/.local/lib/python3.8/site-packages/airflow/example_dags/example_setup_teardown_taskflow.py
[2023-10-03T15:03:37.690+0000] {logging_mixin.py:151} INFO - [2023-10-03T15:03:37.689+0000] {dag.py:2915} INFO - Sync 1 DAGs
[2023-10-03T15:03:37.722+0000] {logging_mixin.py:151} INFO - [2023-10-03T15:03:37.721+0000] {dag.py:3696} INFO - Setting next_dagrun for example_setup_teardown_taskflow to 2023-10-02T15:03:37.720684+00:00, run_after=2023-10-03T15:03:37.720684+00:00
[2023-10-03T15:03:37.746+0000] {processor.py:179} INFO - Processing /home/airflow/.local/lib/python3.8/site-packages/airflow/example_dags/example_setup_teardown_taskflow.py took 0.099 seconds
[2023-10-03T15:04:08.273+0000] {processor.py:157} INFO - Started process (PID=127) to work on /home/airflow/.local/lib/python3.8/site-packages/airflow/example_dags/example_setup_teardown_taskflow.py
[2023-10-03T15:04:08.275+0000] {processor.py:829} INFO - Processing file /home/airflow/.local/lib/python3.8/site-packages/airflow/example_dags/example_setup_teardown_taskflow.py for tasks to queue
[2023-10-03T15:04:08.279+0000] {logging_mixin.py:151} INFO - [2023-10-03T15:04:08.278+0000] {dagbag.py:539} INFO - Filling up the DagBag from /home/airflow/.local/lib/python3.8/site-packages/airflow/example_dags/example_setup_teardown_taskflow.py
[2023-10-03T15:04:08.295+0000] {processor.py:839} INFO - DAG(s) dict_keys(['example_setup_teardown_taskflow']) retrieved from /home/airflow/.local/lib/python3.8/site-packages/airflow/example_dags/example_setup_teardown_taskflow.py
[2023-10-03T15:04:08.314+0000] {logging_mixin.py:151} INFO - [2023-10-03T15:04:08.314+0000] {dag.py:2915} INFO - Sync 1 DAGs
[2023-10-03T15:04:08.346+0000] {logging_mixin.py:151} INFO - [2023-10-03T15:04:08.346+0000] {dag.py:3696} INFO - Setting next_dagrun for example_setup_teardown_taskflow to 2023-10-02T15:04:08.346151+00:00, run_after=2023-10-03T15:04:08.346151+00:00
[2023-10-03T15:04:08.368+0000] {processor.py:179} INFO - Processing /home/airflow/.local/lib/python3.8/site-packages/airflow/example_dags/example_setup_teardown_taskflow.py took 0.101 seconds
[2023-10-03T15:04:38.931+0000] {processor.py:157} INFO - Started process (PID=181) to work on /home/airflow/.local/lib/python3.8/site-packages/airflow/example_dags/example_setup_teardown_taskflow.py
[2023-10-03T15:04:38.933+0000] {processor.py:829} INFO - Processing file /home/airflow/.local/lib/python3.8/site-packages/airflow/example_dags/example_setup_teardown_taskflow.py for tasks to queue
[2023-10-03T15:04:38.936+0000] {logging_mixin.py:151} INFO - [2023-10-03T15:04:38.935+0000] {dagbag.py:539} INFO - Filling up the DagBag from /home/airflow/.local/lib/python3.8/site-packages/airflow/example_dags/example_setup_teardown_taskflow.py
[2023-10-03T15:04:38.949+0000] {processor.py:839} INFO - DAG(s) dict_keys(['example_setup_teardown_taskflow']) retrieved from /home/airflow/.local/lib/python3.8/site-packages/airflow/example_dags/example_setup_teardown_taskflow.py
[2023-10-03T15:04:38.980+0000] {logging_mixin.py:151} INFO - [2023-10-03T15:04:38.979+0000] {dag.py:2915} INFO - Sync 1 DAGs
[2023-10-03T15:04:39.011+0000] {logging_mixin.py:151} INFO - [2023-10-03T15:04:39.010+0000] {dag.py:3696} INFO - Setting next_dagrun for example_setup_teardown_taskflow to 2023-10-02T15:04:39.010436+00:00, run_after=2023-10-03T15:04:39.010436+00:00
[2023-10-03T15:04:39.034+0000] {processor.py:179} INFO - Processing /home/airflow/.local/lib/python3.8/site-packages/airflow/example_dags/example_setup_teardown_taskflow.py took 0.108 seconds
[2023-10-03T15:05:10.245+0000] {processor.py:157} INFO - Started process (PID=236) to work on /home/airflow/.local/lib/python3.8/site-packages/airflow/example_dags/example_setup_teardown_taskflow.py
[2023-10-03T15:05:10.247+0000] {processor.py:829} INFO - Processing file /home/airflow/.local/lib/python3.8/site-packages/airflow/example_dags/example_setup_teardown_taskflow.py for tasks to queue
[2023-10-03T15:05:10.251+0000] {logging_mixin.py:151} INFO - [2023-10-03T15:05:10.250+0000] {dagbag.py:539} INFO - Filling up the DagBag from /home/airflow/.local/lib/python3.8/site-packages/airflow/example_dags/example_setup_teardown_taskflow.py
[2023-10-03T15:05:10.265+0000] {processor.py:839} INFO - DAG(s) dict_keys(['example_setup_teardown_taskflow']) retrieved from /home/airflow/.local/lib/python3.8/site-packages/airflow/example_dags/example_setup_teardown_taskflow.py
[2023-10-03T15:05:10.296+0000] {logging_mixin.py:151} INFO - [2023-10-03T15:05:10.296+0000] {dag.py:2915} INFO - Sync 1 DAGs
[2023-10-03T15:05:10.335+0000] {logging_mixin.py:151} INFO - [2023-10-03T15:05:10.334+0000] {dag.py:3696} INFO - Setting next_dagrun for example_setup_teardown_taskflow to 2023-10-02T15:05:10.334436+00:00, run_after=2023-10-03T15:05:10.334436+00:00
[2023-10-03T15:05:10.363+0000] {processor.py:179} INFO - Processing /home/airflow/.local/lib/python3.8/site-packages/airflow/example_dags/example_setup_teardown_taskflow.py took 0.124 seconds
[2023-10-03T15:05:40.808+0000] {processor.py:157} INFO - Started process (PID=292) to work on /home/airflow/.local/lib/python3.8/site-packages/airflow/example_dags/example_setup_teardown_taskflow.py
[2023-10-03T15:05:40.809+0000] {processor.py:829} INFO - Processing file /home/airflow/.local/lib/python3.8/site-packages/airflow/example_dags/example_setup_teardown_taskflow.py for tasks to queue
[2023-10-03T15:05:40.813+0000] {logging_mixin.py:151} INFO - [2023-10-03T15:05:40.812+0000] {dagbag.py:539} INFO - Filling up the DagBag from /home/airflow/.local/lib/python3.8/site-packages/airflow/example_dags/example_setup_teardown_taskflow.py
[2023-10-03T15:05:40.828+0000] {processor.py:839} INFO - DAG(s) dict_keys(['example_setup_teardown_taskflow']) retrieved from /home/airflow/.local/lib/python3.8/site-packages/airflow/example_dags/example_setup_teardown_taskflow.py
[2023-10-03T15:05:40.856+0000] {logging_mixin.py:151} INFO - [2023-10-03T15:05:40.856+0000] {dag.py:2915} INFO - Sync 1 DAGs
[2023-10-03T15:05:40.890+0000] {logging_mixin.py:151} INFO - [2023-10-03T15:05:40.890+0000] {dag.py:3696} INFO - Setting next_dagrun for example_setup_teardown_taskflow to 2023-10-02T15:05:40.890208+00:00, run_after=2023-10-03T15:05:40.890208+00:00
[2023-10-03T15:05:40.913+0000] {processor.py:179} INFO - Processing /home/airflow/.local/lib/python3.8/site-packages/airflow/example_dags/example_setup_teardown_taskflow.py took 0.112 seconds
[2023-10-03T15:06:12.295+0000] {processor.py:157} INFO - Started process (PID=71) to work on /home/airflow/.local/lib/python3.8/site-packages/airflow/example_dags/example_setup_teardown_taskflow.py
[2023-10-03T15:06:12.297+0000] {processor.py:829} INFO - Processing file /home/airflow/.local/lib/python3.8/site-packages/airflow/example_dags/example_setup_teardown_taskflow.py for tasks to queue
[2023-10-03T15:06:12.301+0000] {logging_mixin.py:151} INFO - [2023-10-03T15:06:12.300+0000] {dagbag.py:539} INFO - Filling up the DagBag from /home/airflow/.local/lib/python3.8/site-packages/airflow/example_dags/example_setup_teardown_taskflow.py
[2023-10-03T15:06:12.319+0000] {processor.py:839} INFO - DAG(s) dict_keys(['example_setup_teardown_taskflow']) retrieved from /home/airflow/.local/lib/python3.8/site-packages/airflow/example_dags/example_setup_teardown_taskflow.py
[2023-10-03T15:06:12.351+0000] {logging_mixin.py:151} INFO - [2023-10-03T15:06:12.350+0000] {dag.py:2915} INFO - Sync 1 DAGs
[2023-10-03T15:06:12.384+0000] {logging_mixin.py:151} INFO - [2023-10-03T15:06:12.384+0000] {dag.py:3696} INFO - Setting next_dagrun for example_setup_teardown_taskflow to 2023-10-02T15:06:12.383859+00:00, run_after=2023-10-03T15:06:12.383859+00:00
[2023-10-03T15:06:12.407+0000] {processor.py:179} INFO - Processing /home/airflow/.local/lib/python3.8/site-packages/airflow/example_dags/example_setup_teardown_taskflow.py took 0.118 seconds
[2023-10-03T15:06:43.085+0000] {processor.py:157} INFO - Started process (PID=125) to work on /home/airflow/.local/lib/python3.8/site-packages/airflow/example_dags/example_setup_teardown_taskflow.py
[2023-10-03T15:06:43.086+0000] {processor.py:829} INFO - Processing file /home/airflow/.local/lib/python3.8/site-packages/airflow/example_dags/example_setup_teardown_taskflow.py for tasks to queue
[2023-10-03T15:06:43.091+0000] {logging_mixin.py:151} INFO - [2023-10-03T15:06:43.091+0000] {dagbag.py:539} INFO - Filling up the DagBag from /home/airflow/.local/lib/python3.8/site-packages/airflow/example_dags/example_setup_teardown_taskflow.py
[2023-10-03T15:06:43.110+0000] {processor.py:839} INFO - DAG(s) dict_keys(['example_setup_teardown_taskflow']) retrieved from /home/airflow/.local/lib/python3.8/site-packages/airflow/example_dags/example_setup_teardown_taskflow.py
[2023-10-03T15:06:43.131+0000] {logging_mixin.py:151} INFO - [2023-10-03T15:06:43.130+0000] {dag.py:2915} INFO - Sync 1 DAGs
[2023-10-03T15:06:43.181+0000] {logging_mixin.py:151} INFO - [2023-10-03T15:06:43.181+0000] {dag.py:3696} INFO - Setting next_dagrun for example_setup_teardown_taskflow to 2023-10-02T15:06:43.180963+00:00, run_after=2023-10-03T15:06:43.180963+00:00
[2023-10-03T15:06:43.214+0000] {processor.py:179} INFO - Processing /home/airflow/.local/lib/python3.8/site-packages/airflow/example_dags/example_setup_teardown_taskflow.py took 0.135 seconds
[2023-10-03T15:07:13.980+0000] {processor.py:157} INFO - Started process (PID=179) to work on /home/airflow/.local/lib/python3.8/site-packages/airflow/example_dags/example_setup_teardown_taskflow.py
[2023-10-03T15:07:13.981+0000] {processor.py:829} INFO - Processing file /home/airflow/.local/lib/python3.8/site-packages/airflow/example_dags/example_setup_teardown_taskflow.py for tasks to queue
[2023-10-03T15:07:13.984+0000] {logging_mixin.py:151} INFO - [2023-10-03T15:07:13.984+0000] {dagbag.py:539} INFO - Filling up the DagBag from /home/airflow/.local/lib/python3.8/site-packages/airflow/example_dags/example_setup_teardown_taskflow.py
[2023-10-03T15:07:14.000+0000] {processor.py:839} INFO - DAG(s) dict_keys(['example_setup_teardown_taskflow']) retrieved from /home/airflow/.local/lib/python3.8/site-packages/airflow/example_dags/example_setup_teardown_taskflow.py
[2023-10-03T15:07:14.035+0000] {logging_mixin.py:151} INFO - [2023-10-03T15:07:14.034+0000] {dag.py:2915} INFO - Sync 1 DAGs
[2023-10-03T15:07:14.067+0000] {logging_mixin.py:151} INFO - [2023-10-03T15:07:14.067+0000] {dag.py:3696} INFO - Setting next_dagrun for example_setup_teardown_taskflow to 2023-10-02T15:07:14.066982+00:00, run_after=2023-10-03T15:07:14.066982+00:00
[2023-10-03T15:07:14.098+0000] {processor.py:179} INFO - Processing /home/airflow/.local/lib/python3.8/site-packages/airflow/example_dags/example_setup_teardown_taskflow.py took 0.123 seconds
[2023-10-03T15:07:44.610+0000] {processor.py:157} INFO - Started process (PID=233) to work on /home/airflow/.local/lib/python3.8/site-packages/airflow/example_dags/example_setup_teardown_taskflow.py
[2023-10-03T15:07:44.611+0000] {processor.py:829} INFO - Processing file /home/airflow/.local/lib/python3.8/site-packages/airflow/example_dags/example_setup_teardown_taskflow.py for tasks to queue
[2023-10-03T15:07:44.614+0000] {logging_mixin.py:151} INFO - [2023-10-03T15:07:44.614+0000] {dagbag.py:539} INFO - Filling up the DagBag from /home/airflow/.local/lib/python3.8/site-packages/airflow/example_dags/example_setup_teardown_taskflow.py
[2023-10-03T15:07:44.628+0000] {processor.py:839} INFO - DAG(s) dict_keys(['example_setup_teardown_taskflow']) retrieved from /home/airflow/.local/lib/python3.8/site-packages/airflow/example_dags/example_setup_teardown_taskflow.py
[2023-10-03T15:07:44.659+0000] {logging_mixin.py:151} INFO - [2023-10-03T15:07:44.658+0000] {dag.py:2915} INFO - Sync 1 DAGs
[2023-10-03T15:07:44.687+0000] {logging_mixin.py:151} INFO - [2023-10-03T15:07:44.687+0000] {dag.py:3696} INFO - Setting next_dagrun for example_setup_teardown_taskflow to 2023-10-02T15:07:44.686780+00:00, run_after=2023-10-03T15:07:44.686780+00:00
[2023-10-03T15:07:44.712+0000] {processor.py:179} INFO - Processing /home/airflow/.local/lib/python3.8/site-packages/airflow/example_dags/example_setup_teardown_taskflow.py took 0.108 seconds
[2023-10-03T15:08:15.649+0000] {processor.py:157} INFO - Started process (PID=286) to work on /home/airflow/.local/lib/python3.8/site-packages/airflow/example_dags/example_setup_teardown_taskflow.py
[2023-10-03T15:08:15.651+0000] {processor.py:829} INFO - Processing file /home/airflow/.local/lib/python3.8/site-packages/airflow/example_dags/example_setup_teardown_taskflow.py for tasks to queue
[2023-10-03T15:08:15.654+0000] {logging_mixin.py:151} INFO - [2023-10-03T15:08:15.653+0000] {dagbag.py:539} INFO - Filling up the DagBag from /home/airflow/.local/lib/python3.8/site-packages/airflow/example_dags/example_setup_teardown_taskflow.py
[2023-10-03T15:08:15.667+0000] {processor.py:839} INFO - DAG(s) dict_keys(['example_setup_teardown_taskflow']) retrieved from /home/airflow/.local/lib/python3.8/site-packages/airflow/example_dags/example_setup_teardown_taskflow.py
[2023-10-03T15:08:15.700+0000] {logging_mixin.py:151} INFO - [2023-10-03T15:08:15.700+0000] {dag.py:2915} INFO - Sync 1 DAGs
[2023-10-03T15:08:15.729+0000] {logging_mixin.py:151} INFO - [2023-10-03T15:08:15.729+0000] {dag.py:3696} INFO - Setting next_dagrun for example_setup_teardown_taskflow to 2023-10-02T15:08:15.728927+00:00, run_after=2023-10-03T15:08:15.728927+00:00
[2023-10-03T15:08:15.754+0000] {processor.py:179} INFO - Processing /home/airflow/.local/lib/python3.8/site-packages/airflow/example_dags/example_setup_teardown_taskflow.py took 0.112 seconds
[2023-10-03T15:08:46.254+0000] {processor.py:157} INFO - Started process (PID=340) to work on /home/airflow/.local/lib/python3.8/site-packages/airflow/example_dags/example_setup_teardown_taskflow.py
[2023-10-03T15:08:46.258+0000] {processor.py:829} INFO - Processing file /home/airflow/.local/lib/python3.8/site-packages/airflow/example_dags/example_setup_teardown_taskflow.py for tasks to queue
[2023-10-03T15:08:46.262+0000] {logging_mixin.py:151} INFO - [2023-10-03T15:08:46.261+0000] {dagbag.py:539} INFO - Filling up the DagBag from /home/airflow/.local/lib/python3.8/site-packages/airflow/example_dags/example_setup_teardown_taskflow.py
[2023-10-03T15:08:46.278+0000] {processor.py:839} INFO - DAG(s) dict_keys(['example_setup_teardown_taskflow']) retrieved from /home/airflow/.local/lib/python3.8/site-packages/airflow/example_dags/example_setup_teardown_taskflow.py
[2023-10-03T15:08:46.313+0000] {logging_mixin.py:151} INFO - [2023-10-03T15:08:46.313+0000] {dag.py:2915} INFO - Sync 1 DAGs
[2023-10-03T15:08:46.353+0000] {logging_mixin.py:151} INFO - [2023-10-03T15:08:46.353+0000] {dag.py:3696} INFO - Setting next_dagrun for example_setup_teardown_taskflow to 2023-10-02T15:08:46.352907+00:00, run_after=2023-10-03T15:08:46.352907+00:00
[2023-10-03T15:08:46.381+0000] {processor.py:179} INFO - Processing /home/airflow/.local/lib/python3.8/site-packages/airflow/example_dags/example_setup_teardown_taskflow.py took 0.134 seconds
[2023-10-03T15:09:17.184+0000] {processor.py:157} INFO - Started process (PID=394) to work on /home/airflow/.local/lib/python3.8/site-packages/airflow/example_dags/example_setup_teardown_taskflow.py
[2023-10-03T15:09:17.185+0000] {processor.py:829} INFO - Processing file /home/airflow/.local/lib/python3.8/site-packages/airflow/example_dags/example_setup_teardown_taskflow.py for tasks to queue
[2023-10-03T15:09:17.188+0000] {logging_mixin.py:151} INFO - [2023-10-03T15:09:17.188+0000] {dagbag.py:539} INFO - Filling up the DagBag from /home/airflow/.local/lib/python3.8/site-packages/airflow/example_dags/example_setup_teardown_taskflow.py
[2023-10-03T15:09:17.206+0000] {processor.py:839} INFO - DAG(s) dict_keys(['example_setup_teardown_taskflow']) retrieved from /home/airflow/.local/lib/python3.8/site-packages/airflow/example_dags/example_setup_teardown_taskflow.py
[2023-10-03T15:09:17.239+0000] {logging_mixin.py:151} INFO - [2023-10-03T15:09:17.238+0000] {dag.py:2915} INFO - Sync 1 DAGs
[2023-10-03T15:09:17.267+0000] {logging_mixin.py:151} INFO - [2023-10-03T15:09:17.266+0000] {dag.py:3696} INFO - Setting next_dagrun for example_setup_teardown_taskflow to 2023-10-02T15:09:17.266488+00:00, run_after=2023-10-03T15:09:17.266488+00:00
[2023-10-03T15:09:17.293+0000] {processor.py:179} INFO - Processing /home/airflow/.local/lib/python3.8/site-packages/airflow/example_dags/example_setup_teardown_taskflow.py took 0.114 seconds
