[2023-10-03T15:03:34.782+0000] {processor.py:157} INFO - Started process (PID=55) to work on /home/airflow/.local/lib/python3.8/site-packages/airflow/example_dags/example_short_circuit_operator.py
[2023-10-03T15:03:34.783+0000] {processor.py:829} INFO - Processing file /home/airflow/.local/lib/python3.8/site-packages/airflow/example_dags/example_short_circuit_operator.py for tasks to queue
[2023-10-03T15:03:34.786+0000] {logging_mixin.py:151} INFO - [2023-10-03T15:03:34.786+0000] {dagbag.py:539} INFO - Filling up the DagBag from /home/airflow/.local/lib/python3.8/site-packages/airflow/example_dags/example_short_circuit_operator.py
[2023-10-03T15:03:34.798+0000] {processor.py:839} INFO - DAG(s) dict_keys(['example_short_circuit_operator']) retrieved from /home/airflow/.local/lib/python3.8/site-packages/airflow/example_dags/example_short_circuit_operator.py
[2023-10-03T15:03:34.819+0000] {logging_mixin.py:151} INFO - [2023-10-03T15:03:34.818+0000] {dag.py:2915} INFO - Sync 1 DAGs
[2023-10-03T15:03:34.860+0000] {logging_mixin.py:151} INFO - [2023-10-03T15:03:34.860+0000] {dag.py:3696} INFO - Setting next_dagrun for example_short_circuit_operator to 2023-10-02T15:03:34.860053+00:00, run_after=2023-10-03T15:03:34.860053+00:00
[2023-10-03T15:03:34.891+0000] {processor.py:179} INFO - Processing /home/airflow/.local/lib/python3.8/site-packages/airflow/example_dags/example_short_circuit_operator.py took 0.114 seconds
[2023-10-03T15:04:05.694+0000] {processor.py:157} INFO - Started process (PID=109) to work on /home/airflow/.local/lib/python3.8/site-packages/airflow/example_dags/example_short_circuit_operator.py
[2023-10-03T15:04:05.697+0000] {processor.py:829} INFO - Processing file /home/airflow/.local/lib/python3.8/site-packages/airflow/example_dags/example_short_circuit_operator.py for tasks to queue
[2023-10-03T15:04:05.701+0000] {logging_mixin.py:151} INFO - [2023-10-03T15:04:05.700+0000] {dagbag.py:539} INFO - Filling up the DagBag from /home/airflow/.local/lib/python3.8/site-packages/airflow/example_dags/example_short_circuit_operator.py
[2023-10-03T15:04:05.717+0000] {processor.py:839} INFO - DAG(s) dict_keys(['example_short_circuit_operator']) retrieved from /home/airflow/.local/lib/python3.8/site-packages/airflow/example_dags/example_short_circuit_operator.py
[2023-10-03T15:04:05.735+0000] {logging_mixin.py:151} INFO - [2023-10-03T15:04:05.735+0000] {dag.py:2915} INFO - Sync 1 DAGs
[2023-10-03T15:04:05.767+0000] {logging_mixin.py:151} INFO - [2023-10-03T15:04:05.767+0000] {dag.py:3696} INFO - Setting next_dagrun for example_short_circuit_operator to 2023-10-02T15:04:05.767290+00:00, run_after=2023-10-03T15:04:05.767290+00:00
[2023-10-03T15:04:05.790+0000] {processor.py:179} INFO - Processing /home/airflow/.local/lib/python3.8/site-packages/airflow/example_dags/example_short_circuit_operator.py took 0.101 seconds
[2023-10-03T15:04:36.245+0000] {processor.py:157} INFO - Started process (PID=163) to work on /home/airflow/.local/lib/python3.8/site-packages/airflow/example_dags/example_short_circuit_operator.py
[2023-10-03T15:04:36.246+0000] {processor.py:829} INFO - Processing file /home/airflow/.local/lib/python3.8/site-packages/airflow/example_dags/example_short_circuit_operator.py for tasks to queue
[2023-10-03T15:04:36.249+0000] {logging_mixin.py:151} INFO - [2023-10-03T15:04:36.249+0000] {dagbag.py:539} INFO - Filling up the DagBag from /home/airflow/.local/lib/python3.8/site-packages/airflow/example_dags/example_short_circuit_operator.py
[2023-10-03T15:04:36.260+0000] {processor.py:839} INFO - DAG(s) dict_keys(['example_short_circuit_operator']) retrieved from /home/airflow/.local/lib/python3.8/site-packages/airflow/example_dags/example_short_circuit_operator.py
[2023-10-03T15:04:36.293+0000] {logging_mixin.py:151} INFO - [2023-10-03T15:04:36.293+0000] {dag.py:2915} INFO - Sync 1 DAGs
[2023-10-03T15:04:36.323+0000] {logging_mixin.py:151} INFO - [2023-10-03T15:04:36.322+0000] {dag.py:3696} INFO - Setting next_dagrun for example_short_circuit_operator to 2023-10-02T15:04:36.322480+00:00, run_after=2023-10-03T15:04:36.322480+00:00
[2023-10-03T15:04:36.347+0000] {processor.py:179} INFO - Processing /home/airflow/.local/lib/python3.8/site-packages/airflow/example_dags/example_short_circuit_operator.py took 0.108 seconds
[2023-10-03T15:05:06.566+0000] {processor.py:157} INFO - Started process (PID=218) to work on /home/airflow/.local/lib/python3.8/site-packages/airflow/example_dags/example_short_circuit_operator.py
[2023-10-03T15:05:06.568+0000] {processor.py:829} INFO - Processing file /home/airflow/.local/lib/python3.8/site-packages/airflow/example_dags/example_short_circuit_operator.py for tasks to queue
[2023-10-03T15:05:06.572+0000] {logging_mixin.py:151} INFO - [2023-10-03T15:05:06.572+0000] {dagbag.py:539} INFO - Filling up the DagBag from /home/airflow/.local/lib/python3.8/site-packages/airflow/example_dags/example_short_circuit_operator.py
[2023-10-03T15:05:06.587+0000] {processor.py:839} INFO - DAG(s) dict_keys(['example_short_circuit_operator']) retrieved from /home/airflow/.local/lib/python3.8/site-packages/airflow/example_dags/example_short_circuit_operator.py
[2023-10-03T15:05:06.621+0000] {logging_mixin.py:151} INFO - [2023-10-03T15:05:06.620+0000] {dag.py:2915} INFO - Sync 1 DAGs
[2023-10-03T15:05:06.651+0000] {logging_mixin.py:151} INFO - [2023-10-03T15:05:06.651+0000] {dag.py:3696} INFO - Setting next_dagrun for example_short_circuit_operator to 2023-10-02T15:05:06.651065+00:00, run_after=2023-10-03T15:05:06.651065+00:00
[2023-10-03T15:05:06.673+0000] {processor.py:179} INFO - Processing /home/airflow/.local/lib/python3.8/site-packages/airflow/example_dags/example_short_circuit_operator.py took 0.112 seconds
[2023-10-03T15:05:36.885+0000] {processor.py:157} INFO - Started process (PID=273) to work on /home/airflow/.local/lib/python3.8/site-packages/airflow/example_dags/example_short_circuit_operator.py
[2023-10-03T15:05:36.886+0000] {processor.py:829} INFO - Processing file /home/airflow/.local/lib/python3.8/site-packages/airflow/example_dags/example_short_circuit_operator.py for tasks to queue
[2023-10-03T15:05:36.890+0000] {logging_mixin.py:151} INFO - [2023-10-03T15:05:36.889+0000] {dagbag.py:539} INFO - Filling up the DagBag from /home/airflow/.local/lib/python3.8/site-packages/airflow/example_dags/example_short_circuit_operator.py
[2023-10-03T15:05:36.901+0000] {processor.py:839} INFO - DAG(s) dict_keys(['example_short_circuit_operator']) retrieved from /home/airflow/.local/lib/python3.8/site-packages/airflow/example_dags/example_short_circuit_operator.py
[2023-10-03T15:05:36.937+0000] {logging_mixin.py:151} INFO - [2023-10-03T15:05:36.937+0000] {dag.py:2915} INFO - Sync 1 DAGs
[2023-10-03T15:05:36.969+0000] {logging_mixin.py:151} INFO - [2023-10-03T15:05:36.968+0000] {dag.py:3696} INFO - Setting next_dagrun for example_short_circuit_operator to 2023-10-02T15:05:36.968350+00:00, run_after=2023-10-03T15:05:36.968350+00:00
[2023-10-03T15:05:36.995+0000] {processor.py:179} INFO - Processing /home/airflow/.local/lib/python3.8/site-packages/airflow/example_dags/example_short_circuit_operator.py took 0.115 seconds
[2023-10-03T15:06:10.563+0000] {processor.py:157} INFO - Started process (PID=53) to work on /home/airflow/.local/lib/python3.8/site-packages/airflow/example_dags/example_short_circuit_operator.py
[2023-10-03T15:06:10.565+0000] {processor.py:829} INFO - Processing file /home/airflow/.local/lib/python3.8/site-packages/airflow/example_dags/example_short_circuit_operator.py for tasks to queue
[2023-10-03T15:06:10.568+0000] {logging_mixin.py:151} INFO - [2023-10-03T15:06:10.567+0000] {dagbag.py:539} INFO - Filling up the DagBag from /home/airflow/.local/lib/python3.8/site-packages/airflow/example_dags/example_short_circuit_operator.py
[2023-10-03T15:06:10.578+0000] {processor.py:839} INFO - DAG(s) dict_keys(['example_short_circuit_operator']) retrieved from /home/airflow/.local/lib/python3.8/site-packages/airflow/example_dags/example_short_circuit_operator.py
[2023-10-03T15:06:10.621+0000] {logging_mixin.py:151} INFO - [2023-10-03T15:06:10.620+0000] {dag.py:2915} INFO - Sync 1 DAGs
[2023-10-03T15:06:10.662+0000] {logging_mixin.py:151} INFO - [2023-10-03T15:06:10.662+0000] {dag.py:3696} INFO - Setting next_dagrun for example_short_circuit_operator to 2023-10-02T15:06:10.662314+00:00, run_after=2023-10-03T15:06:10.662314+00:00
[2023-10-03T15:06:10.687+0000] {processor.py:179} INFO - Processing /home/airflow/.local/lib/python3.8/site-packages/airflow/example_dags/example_short_circuit_operator.py took 0.130 seconds
[2023-10-03T15:06:41.414+0000] {processor.py:157} INFO - Started process (PID=107) to work on /home/airflow/.local/lib/python3.8/site-packages/airflow/example_dags/example_short_circuit_operator.py
[2023-10-03T15:06:41.416+0000] {processor.py:829} INFO - Processing file /home/airflow/.local/lib/python3.8/site-packages/airflow/example_dags/example_short_circuit_operator.py for tasks to queue
[2023-10-03T15:06:41.419+0000] {logging_mixin.py:151} INFO - [2023-10-03T15:06:41.419+0000] {dagbag.py:539} INFO - Filling up the DagBag from /home/airflow/.local/lib/python3.8/site-packages/airflow/example_dags/example_short_circuit_operator.py
[2023-10-03T15:06:41.434+0000] {processor.py:839} INFO - DAG(s) dict_keys(['example_short_circuit_operator']) retrieved from /home/airflow/.local/lib/python3.8/site-packages/airflow/example_dags/example_short_circuit_operator.py
[2023-10-03T15:06:41.455+0000] {logging_mixin.py:151} INFO - [2023-10-03T15:06:41.454+0000] {dag.py:2915} INFO - Sync 1 DAGs
[2023-10-03T15:06:41.494+0000] {logging_mixin.py:151} INFO - [2023-10-03T15:06:41.494+0000] {dag.py:3696} INFO - Setting next_dagrun for example_short_circuit_operator to 2023-10-02T15:06:41.493884+00:00, run_after=2023-10-03T15:06:41.493884+00:00
[2023-10-03T15:06:41.519+0000] {processor.py:179} INFO - Processing /home/airflow/.local/lib/python3.8/site-packages/airflow/example_dags/example_short_circuit_operator.py took 0.111 seconds
[2023-10-03T15:07:12.083+0000] {processor.py:157} INFO - Started process (PID=161) to work on /home/airflow/.local/lib/python3.8/site-packages/airflow/example_dags/example_short_circuit_operator.py
[2023-10-03T15:07:12.085+0000] {processor.py:829} INFO - Processing file /home/airflow/.local/lib/python3.8/site-packages/airflow/example_dags/example_short_circuit_operator.py for tasks to queue
[2023-10-03T15:07:12.088+0000] {logging_mixin.py:151} INFO - [2023-10-03T15:07:12.088+0000] {dagbag.py:539} INFO - Filling up the DagBag from /home/airflow/.local/lib/python3.8/site-packages/airflow/example_dags/example_short_circuit_operator.py
[2023-10-03T15:07:12.099+0000] {processor.py:839} INFO - DAG(s) dict_keys(['example_short_circuit_operator']) retrieved from /home/airflow/.local/lib/python3.8/site-packages/airflow/example_dags/example_short_circuit_operator.py
[2023-10-03T15:07:12.133+0000] {logging_mixin.py:151} INFO - [2023-10-03T15:07:12.132+0000] {dag.py:2915} INFO - Sync 1 DAGs
[2023-10-03T15:07:12.172+0000] {logging_mixin.py:151} INFO - [2023-10-03T15:07:12.172+0000] {dag.py:3696} INFO - Setting next_dagrun for example_short_circuit_operator to 2023-10-02T15:07:12.171763+00:00, run_after=2023-10-03T15:07:12.171763+00:00
[2023-10-03T15:07:12.198+0000] {processor.py:179} INFO - Processing /home/airflow/.local/lib/python3.8/site-packages/airflow/example_dags/example_short_circuit_operator.py took 0.122 seconds
[2023-10-03T15:07:42.930+0000] {processor.py:157} INFO - Started process (PID=215) to work on /home/airflow/.local/lib/python3.8/site-packages/airflow/example_dags/example_short_circuit_operator.py
[2023-10-03T15:07:42.936+0000] {processor.py:829} INFO - Processing file /home/airflow/.local/lib/python3.8/site-packages/airflow/example_dags/example_short_circuit_operator.py for tasks to queue
[2023-10-03T15:07:42.939+0000] {logging_mixin.py:151} INFO - [2023-10-03T15:07:42.939+0000] {dagbag.py:539} INFO - Filling up the DagBag from /home/airflow/.local/lib/python3.8/site-packages/airflow/example_dags/example_short_circuit_operator.py
[2023-10-03T15:07:42.950+0000] {processor.py:839} INFO - DAG(s) dict_keys(['example_short_circuit_operator']) retrieved from /home/airflow/.local/lib/python3.8/site-packages/airflow/example_dags/example_short_circuit_operator.py
[2023-10-03T15:07:42.981+0000] {logging_mixin.py:151} INFO - [2023-10-03T15:07:42.981+0000] {dag.py:2915} INFO - Sync 1 DAGs
[2023-10-03T15:07:43.010+0000] {logging_mixin.py:151} INFO - [2023-10-03T15:07:43.010+0000] {dag.py:3696} INFO - Setting next_dagrun for example_short_circuit_operator to 2023-10-02T15:07:43.009689+00:00, run_after=2023-10-03T15:07:43.009689+00:00
[2023-10-03T15:07:43.031+0000] {processor.py:179} INFO - Processing /home/airflow/.local/lib/python3.8/site-packages/airflow/example_dags/example_short_circuit_operator.py took 0.107 seconds
[2023-10-03T15:08:13.678+0000] {processor.py:157} INFO - Started process (PID=268) to work on /home/airflow/.local/lib/python3.8/site-packages/airflow/example_dags/example_short_circuit_operator.py
[2023-10-03T15:08:13.679+0000] {processor.py:829} INFO - Processing file /home/airflow/.local/lib/python3.8/site-packages/airflow/example_dags/example_short_circuit_operator.py for tasks to queue
[2023-10-03T15:08:13.682+0000] {logging_mixin.py:151} INFO - [2023-10-03T15:08:13.682+0000] {dagbag.py:539} INFO - Filling up the DagBag from /home/airflow/.local/lib/python3.8/site-packages/airflow/example_dags/example_short_circuit_operator.py
[2023-10-03T15:08:13.693+0000] {processor.py:839} INFO - DAG(s) dict_keys(['example_short_circuit_operator']) retrieved from /home/airflow/.local/lib/python3.8/site-packages/airflow/example_dags/example_short_circuit_operator.py
[2023-10-03T15:08:13.727+0000] {logging_mixin.py:151} INFO - [2023-10-03T15:08:13.727+0000] {dag.py:2915} INFO - Sync 1 DAGs
[2023-10-03T15:08:13.756+0000] {logging_mixin.py:151} INFO - [2023-10-03T15:08:13.756+0000] {dag.py:3696} INFO - Setting next_dagrun for example_short_circuit_operator to 2023-10-02T15:08:13.755732+00:00, run_after=2023-10-03T15:08:13.755732+00:00
[2023-10-03T15:08:13.778+0000] {processor.py:179} INFO - Processing /home/airflow/.local/lib/python3.8/site-packages/airflow/example_dags/example_short_circuit_operator.py took 0.105 seconds
[2023-10-03T15:08:44.269+0000] {processor.py:157} INFO - Started process (PID=322) to work on /home/airflow/.local/lib/python3.8/site-packages/airflow/example_dags/example_short_circuit_operator.py
[2023-10-03T15:08:44.272+0000] {processor.py:829} INFO - Processing file /home/airflow/.local/lib/python3.8/site-packages/airflow/example_dags/example_short_circuit_operator.py for tasks to queue
[2023-10-03T15:08:44.275+0000] {logging_mixin.py:151} INFO - [2023-10-03T15:08:44.274+0000] {dagbag.py:539} INFO - Filling up the DagBag from /home/airflow/.local/lib/python3.8/site-packages/airflow/example_dags/example_short_circuit_operator.py
[2023-10-03T15:08:44.287+0000] {processor.py:839} INFO - DAG(s) dict_keys(['example_short_circuit_operator']) retrieved from /home/airflow/.local/lib/python3.8/site-packages/airflow/example_dags/example_short_circuit_operator.py
[2023-10-03T15:08:44.324+0000] {logging_mixin.py:151} INFO - [2023-10-03T15:08:44.324+0000] {dag.py:2915} INFO - Sync 1 DAGs
[2023-10-03T15:08:44.352+0000] {logging_mixin.py:151} INFO - [2023-10-03T15:08:44.351+0000] {dag.py:3696} INFO - Setting next_dagrun for example_short_circuit_operator to 2023-10-02T15:08:44.351514+00:00, run_after=2023-10-03T15:08:44.351514+00:00
[2023-10-03T15:08:44.373+0000] {processor.py:179} INFO - Processing /home/airflow/.local/lib/python3.8/site-packages/airflow/example_dags/example_short_circuit_operator.py took 0.111 seconds
[2023-10-03T15:09:14.914+0000] {processor.py:157} INFO - Started process (PID=376) to work on /home/airflow/.local/lib/python3.8/site-packages/airflow/example_dags/example_short_circuit_operator.py
[2023-10-03T15:09:14.915+0000] {processor.py:829} INFO - Processing file /home/airflow/.local/lib/python3.8/site-packages/airflow/example_dags/example_short_circuit_operator.py for tasks to queue
[2023-10-03T15:09:14.919+0000] {logging_mixin.py:151} INFO - [2023-10-03T15:09:14.919+0000] {dagbag.py:539} INFO - Filling up the DagBag from /home/airflow/.local/lib/python3.8/site-packages/airflow/example_dags/example_short_circuit_operator.py
[2023-10-03T15:09:14.933+0000] {processor.py:839} INFO - DAG(s) dict_keys(['example_short_circuit_operator']) retrieved from /home/airflow/.local/lib/python3.8/site-packages/airflow/example_dags/example_short_circuit_operator.py
[2023-10-03T15:09:14.976+0000] {logging_mixin.py:151} INFO - [2023-10-03T15:09:14.976+0000] {dag.py:2915} INFO - Sync 1 DAGs
[2023-10-03T15:09:15.017+0000] {logging_mixin.py:151} INFO - [2023-10-03T15:09:15.017+0000] {dag.py:3696} INFO - Setting next_dagrun for example_short_circuit_operator to 2023-10-02T15:09:15.016856+00:00, run_after=2023-10-03T15:09:15.016856+00:00
[2023-10-03T15:09:15.047+0000] {processor.py:179} INFO - Processing /home/airflow/.local/lib/python3.8/site-packages/airflow/example_dags/example_short_circuit_operator.py took 0.140 seconds
