[2023-10-03T15:03:37.466+0000] {processor.py:157} INFO - Started process (PID=71) to work on /home/airflow/.local/lib/python3.8/site-packages/airflow/example_dags/example_datasets.py
[2023-10-03T15:03:37.467+0000] {processor.py:829} INFO - Processing file /home/airflow/.local/lib/python3.8/site-packages/airflow/example_dags/example_datasets.py for tasks to queue
[2023-10-03T15:03:37.471+0000] {logging_mixin.py:151} INFO - [2023-10-03T15:03:37.471+0000] {dagbag.py:539} INFO - Filling up the DagBag from /home/airflow/.local/lib/python3.8/site-packages/airflow/example_dags/example_datasets.py
[2023-10-03T15:03:37.488+0000] {processor.py:839} INFO - DAG(s) dict_keys(['dataset_consumes_1_never_scheduled', 'dataset_produces_2', 'dataset_consumes_1', 'dataset_produces_1', 'dataset_consumes_unknown_never_scheduled', 'dataset_consumes_1_and_2']) retrieved from /home/airflow/.local/lib/python3.8/site-packages/airflow/example_dags/example_datasets.py
[2023-10-03T15:03:37.513+0000] {logging_mixin.py:151} INFO - [2023-10-03T15:03:37.512+0000] {dag.py:2915} INFO - Sync 6 DAGs
[2023-10-03T15:03:37.552+0000] {logging_mixin.py:151} INFO - [2023-10-03T15:03:37.552+0000] {dag.py:3696} INFO - Setting next_dagrun for dataset_consumes_1 to None, run_after=None
[2023-10-03T15:03:37.556+0000] {logging_mixin.py:151} INFO - [2023-10-03T15:03:37.556+0000] {dag.py:3696} INFO - Setting next_dagrun for dataset_consumes_1_and_2 to None, run_after=None
[2023-10-03T15:03:37.558+0000] {logging_mixin.py:151} INFO - [2023-10-03T15:03:37.558+0000] {dag.py:3696} INFO - Setting next_dagrun for dataset_consumes_1_never_scheduled to None, run_after=None
[2023-10-03T15:03:37.559+0000] {logging_mixin.py:151} INFO - [2023-10-03T15:03:37.559+0000] {dag.py:3696} INFO - Setting next_dagrun for dataset_consumes_unknown_never_scheduled to None, run_after=None
[2023-10-03T15:03:37.565+0000] {logging_mixin.py:151} INFO - [2023-10-03T15:03:37.565+0000] {dag.py:3696} INFO - Setting next_dagrun for dataset_produces_1 to 2023-10-02T00:00:00+00:00, run_after=2023-10-03T00:00:00+00:00
[2023-10-03T15:03:37.570+0000] {logging_mixin.py:151} INFO - [2023-10-03T15:03:37.569+0000] {dag.py:3696} INFO - Setting next_dagrun for dataset_produces_2 to None, run_after=None
[2023-10-03T15:03:37.622+0000] {processor.py:179} INFO - Processing /home/airflow/.local/lib/python3.8/site-packages/airflow/example_dags/example_datasets.py took 0.163 seconds
[2023-10-03T15:04:08.137+0000] {processor.py:157} INFO - Started process (PID=125) to work on /home/airflow/.local/lib/python3.8/site-packages/airflow/example_dags/example_datasets.py
[2023-10-03T15:04:08.139+0000] {processor.py:829} INFO - Processing file /home/airflow/.local/lib/python3.8/site-packages/airflow/example_dags/example_datasets.py for tasks to queue
[2023-10-03T15:04:08.142+0000] {logging_mixin.py:151} INFO - [2023-10-03T15:04:08.142+0000] {dagbag.py:539} INFO - Filling up the DagBag from /home/airflow/.local/lib/python3.8/site-packages/airflow/example_dags/example_datasets.py
[2023-10-03T15:04:08.155+0000] {processor.py:839} INFO - DAG(s) dict_keys(['dataset_produces_2', 'dataset_consumes_1_and_2', 'dataset_consumes_unknown_never_scheduled', 'dataset_produces_1', 'dataset_consumes_1', 'dataset_consumes_1_never_scheduled']) retrieved from /home/airflow/.local/lib/python3.8/site-packages/airflow/example_dags/example_datasets.py
[2023-10-03T15:04:08.176+0000] {logging_mixin.py:151} INFO - [2023-10-03T15:04:08.175+0000] {dag.py:2915} INFO - Sync 6 DAGs
[2023-10-03T15:04:08.211+0000] {logging_mixin.py:151} INFO - [2023-10-03T15:04:08.211+0000] {dag.py:3696} INFO - Setting next_dagrun for dataset_consumes_1 to None, run_after=None
[2023-10-03T15:04:08.216+0000] {logging_mixin.py:151} INFO - [2023-10-03T15:04:08.215+0000] {dag.py:3696} INFO - Setting next_dagrun for dataset_consumes_1_and_2 to None, run_after=None
[2023-10-03T15:04:08.217+0000] {logging_mixin.py:151} INFO - [2023-10-03T15:04:08.217+0000] {dag.py:3696} INFO - Setting next_dagrun for dataset_consumes_1_never_scheduled to None, run_after=None
[2023-10-03T15:04:08.219+0000] {logging_mixin.py:151} INFO - [2023-10-03T15:04:08.219+0000] {dag.py:3696} INFO - Setting next_dagrun for dataset_consumes_unknown_never_scheduled to None, run_after=None
[2023-10-03T15:04:08.222+0000] {logging_mixin.py:151} INFO - [2023-10-03T15:04:08.222+0000] {dag.py:3696} INFO - Setting next_dagrun for dataset_produces_1 to 2023-10-02T00:00:00+00:00, run_after=2023-10-03T00:00:00+00:00
[2023-10-03T15:04:08.224+0000] {logging_mixin.py:151} INFO - [2023-10-03T15:04:08.224+0000] {dag.py:3696} INFO - Setting next_dagrun for dataset_produces_2 to None, run_after=None
[2023-10-03T15:04:08.268+0000] {processor.py:179} INFO - Processing /home/airflow/.local/lib/python3.8/site-packages/airflow/example_dags/example_datasets.py took 0.137 seconds
[2023-10-03T15:04:38.747+0000] {processor.py:157} INFO - Started process (PID=179) to work on /home/airflow/.local/lib/python3.8/site-packages/airflow/example_dags/example_datasets.py
[2023-10-03T15:04:38.748+0000] {processor.py:829} INFO - Processing file /home/airflow/.local/lib/python3.8/site-packages/airflow/example_dags/example_datasets.py for tasks to queue
[2023-10-03T15:04:38.751+0000] {logging_mixin.py:151} INFO - [2023-10-03T15:04:38.751+0000] {dagbag.py:539} INFO - Filling up the DagBag from /home/airflow/.local/lib/python3.8/site-packages/airflow/example_dags/example_datasets.py
[2023-10-03T15:04:38.767+0000] {processor.py:839} INFO - DAG(s) dict_keys(['dataset_consumes_1_and_2', 'dataset_consumes_1_never_scheduled', 'dataset_produces_1', 'dataset_consumes_1', 'dataset_consumes_unknown_never_scheduled', 'dataset_produces_2']) retrieved from /home/airflow/.local/lib/python3.8/site-packages/airflow/example_dags/example_datasets.py
[2023-10-03T15:04:38.815+0000] {logging_mixin.py:151} INFO - [2023-10-03T15:04:38.815+0000] {dag.py:2915} INFO - Sync 6 DAGs
[2023-10-03T15:04:38.846+0000] {logging_mixin.py:151} INFO - [2023-10-03T15:04:38.845+0000] {dag.py:3696} INFO - Setting next_dagrun for dataset_consumes_1 to None, run_after=None
[2023-10-03T15:04:38.851+0000] {logging_mixin.py:151} INFO - [2023-10-03T15:04:38.851+0000] {dag.py:3696} INFO - Setting next_dagrun for dataset_consumes_1_and_2 to None, run_after=None
[2023-10-03T15:04:38.853+0000] {logging_mixin.py:151} INFO - [2023-10-03T15:04:38.853+0000] {dag.py:3696} INFO - Setting next_dagrun for dataset_consumes_1_never_scheduled to None, run_after=None
[2023-10-03T15:04:38.855+0000] {logging_mixin.py:151} INFO - [2023-10-03T15:04:38.855+0000] {dag.py:3696} INFO - Setting next_dagrun for dataset_consumes_unknown_never_scheduled to None, run_after=None
[2023-10-03T15:04:38.859+0000] {logging_mixin.py:151} INFO - [2023-10-03T15:04:38.859+0000] {dag.py:3696} INFO - Setting next_dagrun for dataset_produces_1 to 2023-10-02T00:00:00+00:00, run_after=2023-10-03T00:00:00+00:00
[2023-10-03T15:04:38.860+0000] {logging_mixin.py:151} INFO - [2023-10-03T15:04:38.860+0000] {dag.py:3696} INFO - Setting next_dagrun for dataset_produces_2 to None, run_after=None
[2023-10-03T15:04:38.900+0000] {processor.py:179} INFO - Processing /home/airflow/.local/lib/python3.8/site-packages/airflow/example_dags/example_datasets.py took 0.158 seconds
[2023-10-03T15:05:10.057+0000] {processor.py:157} INFO - Started process (PID=234) to work on /home/airflow/.local/lib/python3.8/site-packages/airflow/example_dags/example_datasets.py
[2023-10-03T15:05:10.059+0000] {processor.py:829} INFO - Processing file /home/airflow/.local/lib/python3.8/site-packages/airflow/example_dags/example_datasets.py for tasks to queue
[2023-10-03T15:05:10.062+0000] {logging_mixin.py:151} INFO - [2023-10-03T15:05:10.062+0000] {dagbag.py:539} INFO - Filling up the DagBag from /home/airflow/.local/lib/python3.8/site-packages/airflow/example_dags/example_datasets.py
[2023-10-03T15:05:10.076+0000] {processor.py:839} INFO - DAG(s) dict_keys(['dataset_consumes_1_never_scheduled', 'dataset_produces_1', 'dataset_produces_2', 'dataset_consumes_unknown_never_scheduled', 'dataset_consumes_1', 'dataset_consumes_1_and_2']) retrieved from /home/airflow/.local/lib/python3.8/site-packages/airflow/example_dags/example_datasets.py
[2023-10-03T15:05:10.130+0000] {logging_mixin.py:151} INFO - [2023-10-03T15:05:10.130+0000] {dag.py:2915} INFO - Sync 6 DAGs
[2023-10-03T15:05:10.160+0000] {logging_mixin.py:151} INFO - [2023-10-03T15:05:10.160+0000] {dag.py:3696} INFO - Setting next_dagrun for dataset_consumes_1 to None, run_after=None
[2023-10-03T15:05:10.164+0000] {logging_mixin.py:151} INFO - [2023-10-03T15:05:10.164+0000] {dag.py:3696} INFO - Setting next_dagrun for dataset_consumes_1_and_2 to None, run_after=None
[2023-10-03T15:05:10.166+0000] {logging_mixin.py:151} INFO - [2023-10-03T15:05:10.166+0000] {dag.py:3696} INFO - Setting next_dagrun for dataset_consumes_1_never_scheduled to None, run_after=None
[2023-10-03T15:05:10.167+0000] {logging_mixin.py:151} INFO - [2023-10-03T15:05:10.167+0000] {dag.py:3696} INFO - Setting next_dagrun for dataset_consumes_unknown_never_scheduled to None, run_after=None
[2023-10-03T15:05:10.171+0000] {logging_mixin.py:151} INFO - [2023-10-03T15:05:10.171+0000] {dag.py:3696} INFO - Setting next_dagrun for dataset_produces_1 to 2023-10-02T00:00:00+00:00, run_after=2023-10-03T00:00:00+00:00
[2023-10-03T15:05:10.173+0000] {logging_mixin.py:151} INFO - [2023-10-03T15:05:10.172+0000] {dag.py:3696} INFO - Setting next_dagrun for dataset_produces_2 to None, run_after=None
[2023-10-03T15:05:10.212+0000] {processor.py:179} INFO - Processing /home/airflow/.local/lib/python3.8/site-packages/airflow/example_dags/example_datasets.py took 0.160 seconds
[2023-10-03T15:05:40.586+0000] {processor.py:157} INFO - Started process (PID=289) to work on /home/airflow/.local/lib/python3.8/site-packages/airflow/example_dags/example_datasets.py
[2023-10-03T15:05:40.587+0000] {processor.py:829} INFO - Processing file /home/airflow/.local/lib/python3.8/site-packages/airflow/example_dags/example_datasets.py for tasks to queue
[2023-10-03T15:05:40.591+0000] {logging_mixin.py:151} INFO - [2023-10-03T15:05:40.591+0000] {dagbag.py:539} INFO - Filling up the DagBag from /home/airflow/.local/lib/python3.8/site-packages/airflow/example_dags/example_datasets.py
[2023-10-03T15:05:40.606+0000] {processor.py:839} INFO - DAG(s) dict_keys(['dataset_consumes_1_and_2', 'dataset_produces_1', 'dataset_produces_2', 'dataset_consumes_1_never_scheduled', 'dataset_consumes_unknown_never_scheduled', 'dataset_consumes_1']) retrieved from /home/airflow/.local/lib/python3.8/site-packages/airflow/example_dags/example_datasets.py
[2023-10-03T15:05:40.653+0000] {logging_mixin.py:151} INFO - [2023-10-03T15:05:40.653+0000] {dag.py:2915} INFO - Sync 6 DAGs
[2023-10-03T15:05:40.684+0000] {logging_mixin.py:151} INFO - [2023-10-03T15:05:40.683+0000] {dag.py:3696} INFO - Setting next_dagrun for dataset_consumes_1 to None, run_after=None
[2023-10-03T15:05:40.688+0000] {logging_mixin.py:151} INFO - [2023-10-03T15:05:40.688+0000] {dag.py:3696} INFO - Setting next_dagrun for dataset_consumes_1_and_2 to None, run_after=None
[2023-10-03T15:05:40.690+0000] {logging_mixin.py:151} INFO - [2023-10-03T15:05:40.690+0000] {dag.py:3696} INFO - Setting next_dagrun for dataset_consumes_1_never_scheduled to None, run_after=None
[2023-10-03T15:05:40.691+0000] {logging_mixin.py:151} INFO - [2023-10-03T15:05:40.691+0000] {dag.py:3696} INFO - Setting next_dagrun for dataset_consumes_unknown_never_scheduled to None, run_after=None
[2023-10-03T15:05:40.695+0000] {logging_mixin.py:151} INFO - [2023-10-03T15:05:40.694+0000] {dag.py:3696} INFO - Setting next_dagrun for dataset_produces_1 to 2023-10-02T00:00:00+00:00, run_after=2023-10-03T00:00:00+00:00
[2023-10-03T15:05:40.696+0000] {logging_mixin.py:151} INFO - [2023-10-03T15:05:40.696+0000] {dag.py:3696} INFO - Setting next_dagrun for dataset_produces_2 to None, run_after=None
[2023-10-03T15:05:40.733+0000] {processor.py:179} INFO - Processing /home/airflow/.local/lib/python3.8/site-packages/airflow/example_dags/example_datasets.py took 0.154 seconds
[2023-10-03T15:06:12.092+0000] {processor.py:157} INFO - Started process (PID=69) to work on /home/airflow/.local/lib/python3.8/site-packages/airflow/example_dags/example_datasets.py
[2023-10-03T15:06:12.094+0000] {processor.py:829} INFO - Processing file /home/airflow/.local/lib/python3.8/site-packages/airflow/example_dags/example_datasets.py for tasks to queue
[2023-10-03T15:06:12.097+0000] {logging_mixin.py:151} INFO - [2023-10-03T15:06:12.097+0000] {dagbag.py:539} INFO - Filling up the DagBag from /home/airflow/.local/lib/python3.8/site-packages/airflow/example_dags/example_datasets.py
[2023-10-03T15:06:12.111+0000] {processor.py:839} INFO - DAG(s) dict_keys(['dataset_produces_2', 'dataset_consumes_unknown_never_scheduled', 'dataset_produces_1', 'dataset_consumes_1_and_2', 'dataset_consumes_1', 'dataset_consumes_1_never_scheduled']) retrieved from /home/airflow/.local/lib/python3.8/site-packages/airflow/example_dags/example_datasets.py
[2023-10-03T15:06:12.169+0000] {logging_mixin.py:151} INFO - [2023-10-03T15:06:12.168+0000] {dag.py:2915} INFO - Sync 6 DAGs
[2023-10-03T15:06:12.202+0000] {logging_mixin.py:151} INFO - [2023-10-03T15:06:12.202+0000] {dag.py:3696} INFO - Setting next_dagrun for dataset_consumes_1 to None, run_after=None
[2023-10-03T15:06:12.207+0000] {logging_mixin.py:151} INFO - [2023-10-03T15:06:12.207+0000] {dag.py:3696} INFO - Setting next_dagrun for dataset_consumes_1_and_2 to None, run_after=None
[2023-10-03T15:06:12.208+0000] {logging_mixin.py:151} INFO - [2023-10-03T15:06:12.208+0000] {dag.py:3696} INFO - Setting next_dagrun for dataset_consumes_1_never_scheduled to None, run_after=None
[2023-10-03T15:06:12.210+0000] {logging_mixin.py:151} INFO - [2023-10-03T15:06:12.210+0000] {dag.py:3696} INFO - Setting next_dagrun for dataset_consumes_unknown_never_scheduled to None, run_after=None
[2023-10-03T15:06:12.214+0000] {logging_mixin.py:151} INFO - [2023-10-03T15:06:12.214+0000] {dag.py:3696} INFO - Setting next_dagrun for dataset_produces_1 to 2023-10-02T00:00:00+00:00, run_after=2023-10-03T00:00:00+00:00
[2023-10-03T15:06:12.215+0000] {logging_mixin.py:151} INFO - [2023-10-03T15:06:12.215+0000] {dag.py:3696} INFO - Setting next_dagrun for dataset_produces_2 to None, run_after=None
[2023-10-03T15:06:12.263+0000] {processor.py:179} INFO - Processing /home/airflow/.local/lib/python3.8/site-packages/airflow/example_dags/example_datasets.py took 0.176 seconds
[2023-10-03T15:06:42.890+0000] {processor.py:157} INFO - Started process (PID=123) to work on /home/airflow/.local/lib/python3.8/site-packages/airflow/example_dags/example_datasets.py
[2023-10-03T15:06:42.891+0000] {processor.py:829} INFO - Processing file /home/airflow/.local/lib/python3.8/site-packages/airflow/example_dags/example_datasets.py for tasks to queue
[2023-10-03T15:06:42.895+0000] {logging_mixin.py:151} INFO - [2023-10-03T15:06:42.895+0000] {dagbag.py:539} INFO - Filling up the DagBag from /home/airflow/.local/lib/python3.8/site-packages/airflow/example_dags/example_datasets.py
[2023-10-03T15:06:42.911+0000] {processor.py:839} INFO - DAG(s) dict_keys(['dataset_consumes_1_and_2', 'dataset_consumes_1', 'dataset_produces_2', 'dataset_produces_1', 'dataset_consumes_unknown_never_scheduled', 'dataset_consumes_1_never_scheduled']) retrieved from /home/airflow/.local/lib/python3.8/site-packages/airflow/example_dags/example_datasets.py
[2023-10-03T15:06:42.938+0000] {logging_mixin.py:151} INFO - [2023-10-03T15:06:42.938+0000] {dag.py:2915} INFO - Sync 6 DAGs
[2023-10-03T15:06:42.980+0000] {logging_mixin.py:151} INFO - [2023-10-03T15:06:42.980+0000] {dag.py:3696} INFO - Setting next_dagrun for dataset_consumes_1 to None, run_after=None
[2023-10-03T15:06:42.986+0000] {logging_mixin.py:151} INFO - [2023-10-03T15:06:42.986+0000] {dag.py:3696} INFO - Setting next_dagrun for dataset_consumes_1_and_2 to None, run_after=None
[2023-10-03T15:06:42.987+0000] {logging_mixin.py:151} INFO - [2023-10-03T15:06:42.987+0000] {dag.py:3696} INFO - Setting next_dagrun for dataset_consumes_1_never_scheduled to None, run_after=None
[2023-10-03T15:06:42.989+0000] {logging_mixin.py:151} INFO - [2023-10-03T15:06:42.988+0000] {dag.py:3696} INFO - Setting next_dagrun for dataset_consumes_unknown_never_scheduled to None, run_after=None
[2023-10-03T15:06:42.992+0000] {logging_mixin.py:151} INFO - [2023-10-03T15:06:42.992+0000] {dag.py:3696} INFO - Setting next_dagrun for dataset_produces_1 to 2023-10-02T00:00:00+00:00, run_after=2023-10-03T00:00:00+00:00
[2023-10-03T15:06:42.993+0000] {logging_mixin.py:151} INFO - [2023-10-03T15:06:42.993+0000] {dag.py:3696} INFO - Setting next_dagrun for dataset_produces_2 to None, run_after=None
[2023-10-03T15:06:43.042+0000] {processor.py:179} INFO - Processing /home/airflow/.local/lib/python3.8/site-packages/airflow/example_dags/example_datasets.py took 0.159 seconds
[2023-10-03T15:07:13.757+0000] {processor.py:157} INFO - Started process (PID=177) to work on /home/airflow/.local/lib/python3.8/site-packages/airflow/example_dags/example_datasets.py
[2023-10-03T15:07:13.759+0000] {processor.py:829} INFO - Processing file /home/airflow/.local/lib/python3.8/site-packages/airflow/example_dags/example_datasets.py for tasks to queue
[2023-10-03T15:07:13.763+0000] {logging_mixin.py:151} INFO - [2023-10-03T15:07:13.763+0000] {dagbag.py:539} INFO - Filling up the DagBag from /home/airflow/.local/lib/python3.8/site-packages/airflow/example_dags/example_datasets.py
[2023-10-03T15:07:13.779+0000] {processor.py:839} INFO - DAG(s) dict_keys(['dataset_produces_1', 'dataset_consumes_unknown_never_scheduled', 'dataset_consumes_1', 'dataset_consumes_1_and_2', 'dataset_produces_2', 'dataset_consumes_1_never_scheduled']) retrieved from /home/airflow/.local/lib/python3.8/site-packages/airflow/example_dags/example_datasets.py
[2023-10-03T15:07:13.834+0000] {logging_mixin.py:151} INFO - [2023-10-03T15:07:13.834+0000] {dag.py:2915} INFO - Sync 6 DAGs
[2023-10-03T15:07:13.864+0000] {logging_mixin.py:151} INFO - [2023-10-03T15:07:13.864+0000] {dag.py:3696} INFO - Setting next_dagrun for dataset_consumes_1 to None, run_after=None
[2023-10-03T15:07:13.870+0000] {logging_mixin.py:151} INFO - [2023-10-03T15:07:13.870+0000] {dag.py:3696} INFO - Setting next_dagrun for dataset_consumes_1_and_2 to None, run_after=None
[2023-10-03T15:07:13.873+0000] {logging_mixin.py:151} INFO - [2023-10-03T15:07:13.872+0000] {dag.py:3696} INFO - Setting next_dagrun for dataset_consumes_1_never_scheduled to None, run_after=None
[2023-10-03T15:07:13.875+0000] {logging_mixin.py:151} INFO - [2023-10-03T15:07:13.874+0000] {dag.py:3696} INFO - Setting next_dagrun for dataset_consumes_unknown_never_scheduled to None, run_after=None
[2023-10-03T15:07:13.880+0000] {logging_mixin.py:151} INFO - [2023-10-03T15:07:13.879+0000] {dag.py:3696} INFO - Setting next_dagrun for dataset_produces_1 to 2023-10-02T00:00:00+00:00, run_after=2023-10-03T00:00:00+00:00
[2023-10-03T15:07:13.882+0000] {logging_mixin.py:151} INFO - [2023-10-03T15:07:13.881+0000] {dag.py:3696} INFO - Setting next_dagrun for dataset_produces_2 to None, run_after=None
[2023-10-03T15:07:13.935+0000] {processor.py:179} INFO - Processing /home/airflow/.local/lib/python3.8/site-packages/airflow/example_dags/example_datasets.py took 0.185 seconds
[2023-10-03T15:07:44.445+0000] {processor.py:157} INFO - Started process (PID=231) to work on /home/airflow/.local/lib/python3.8/site-packages/airflow/example_dags/example_datasets.py
[2023-10-03T15:07:44.447+0000] {processor.py:829} INFO - Processing file /home/airflow/.local/lib/python3.8/site-packages/airflow/example_dags/example_datasets.py for tasks to queue
[2023-10-03T15:07:44.450+0000] {logging_mixin.py:151} INFO - [2023-10-03T15:07:44.450+0000] {dagbag.py:539} INFO - Filling up the DagBag from /home/airflow/.local/lib/python3.8/site-packages/airflow/example_dags/example_datasets.py
[2023-10-03T15:07:44.465+0000] {processor.py:839} INFO - DAG(s) dict_keys(['dataset_consumes_unknown_never_scheduled', 'dataset_consumes_1_and_2', 'dataset_consumes_1', 'dataset_produces_2', 'dataset_produces_1', 'dataset_consumes_1_never_scheduled']) retrieved from /home/airflow/.local/lib/python3.8/site-packages/airflow/example_dags/example_datasets.py
[2023-10-03T15:07:44.518+0000] {logging_mixin.py:151} INFO - [2023-10-03T15:07:44.518+0000] {dag.py:2915} INFO - Sync 6 DAGs
[2023-10-03T15:07:44.547+0000] {logging_mixin.py:151} INFO - [2023-10-03T15:07:44.547+0000] {dag.py:3696} INFO - Setting next_dagrun for dataset_consumes_1 to None, run_after=None
[2023-10-03T15:07:44.551+0000] {logging_mixin.py:151} INFO - [2023-10-03T15:07:44.551+0000] {dag.py:3696} INFO - Setting next_dagrun for dataset_consumes_1_and_2 to None, run_after=None
[2023-10-03T15:07:44.553+0000] {logging_mixin.py:151} INFO - [2023-10-03T15:07:44.552+0000] {dag.py:3696} INFO - Setting next_dagrun for dataset_consumes_1_never_scheduled to None, run_after=None
[2023-10-03T15:07:44.554+0000] {logging_mixin.py:151} INFO - [2023-10-03T15:07:44.554+0000] {dag.py:3696} INFO - Setting next_dagrun for dataset_consumes_unknown_never_scheduled to None, run_after=None
[2023-10-03T15:07:44.557+0000] {logging_mixin.py:151} INFO - [2023-10-03T15:07:44.557+0000] {dag.py:3696} INFO - Setting next_dagrun for dataset_produces_1 to 2023-10-02T00:00:00+00:00, run_after=2023-10-03T00:00:00+00:00
[2023-10-03T15:07:44.559+0000] {logging_mixin.py:151} INFO - [2023-10-03T15:07:44.559+0000] {dag.py:3696} INFO - Setting next_dagrun for dataset_produces_2 to None, run_after=None
[2023-10-03T15:07:44.598+0000] {processor.py:179} INFO - Processing /home/airflow/.local/lib/python3.8/site-packages/airflow/example_dags/example_datasets.py took 0.159 seconds
[2023-10-03T15:08:15.479+0000] {processor.py:157} INFO - Started process (PID=284) to work on /home/airflow/.local/lib/python3.8/site-packages/airflow/example_dags/example_datasets.py
[2023-10-03T15:08:15.481+0000] {processor.py:829} INFO - Processing file /home/airflow/.local/lib/python3.8/site-packages/airflow/example_dags/example_datasets.py for tasks to queue
[2023-10-03T15:08:15.484+0000] {logging_mixin.py:151} INFO - [2023-10-03T15:08:15.484+0000] {dagbag.py:539} INFO - Filling up the DagBag from /home/airflow/.local/lib/python3.8/site-packages/airflow/example_dags/example_datasets.py
[2023-10-03T15:08:15.497+0000] {processor.py:839} INFO - DAG(s) dict_keys(['dataset_consumes_unknown_never_scheduled', 'dataset_produces_1', 'dataset_consumes_1', 'dataset_consumes_1_and_2', 'dataset_consumes_1_never_scheduled', 'dataset_produces_2']) retrieved from /home/airflow/.local/lib/python3.8/site-packages/airflow/example_dags/example_datasets.py
[2023-10-03T15:08:15.549+0000] {logging_mixin.py:151} INFO - [2023-10-03T15:08:15.549+0000] {dag.py:2915} INFO - Sync 6 DAGs
[2023-10-03T15:08:15.580+0000] {logging_mixin.py:151} INFO - [2023-10-03T15:08:15.580+0000] {dag.py:3696} INFO - Setting next_dagrun for dataset_consumes_1 to None, run_after=None
[2023-10-03T15:08:15.584+0000] {logging_mixin.py:151} INFO - [2023-10-03T15:08:15.584+0000] {dag.py:3696} INFO - Setting next_dagrun for dataset_consumes_1_and_2 to None, run_after=None
[2023-10-03T15:08:15.586+0000] {logging_mixin.py:151} INFO - [2023-10-03T15:08:15.586+0000] {dag.py:3696} INFO - Setting next_dagrun for dataset_consumes_1_never_scheduled to None, run_after=None
[2023-10-03T15:08:15.588+0000] {logging_mixin.py:151} INFO - [2023-10-03T15:08:15.588+0000] {dag.py:3696} INFO - Setting next_dagrun for dataset_consumes_unknown_never_scheduled to None, run_after=None
[2023-10-03T15:08:15.591+0000] {logging_mixin.py:151} INFO - [2023-10-03T15:08:15.591+0000] {dag.py:3696} INFO - Setting next_dagrun for dataset_produces_1 to 2023-10-02T00:00:00+00:00, run_after=2023-10-03T00:00:00+00:00
[2023-10-03T15:08:15.593+0000] {logging_mixin.py:151} INFO - [2023-10-03T15:08:15.593+0000] {dag.py:3696} INFO - Setting next_dagrun for dataset_produces_2 to None, run_after=None
[2023-10-03T15:08:15.635+0000] {processor.py:179} INFO - Processing /home/airflow/.local/lib/python3.8/site-packages/airflow/example_dags/example_datasets.py took 0.162 seconds
[2023-10-03T15:08:46.044+0000] {processor.py:157} INFO - Started process (PID=338) to work on /home/airflow/.local/lib/python3.8/site-packages/airflow/example_dags/example_datasets.py
[2023-10-03T15:08:46.045+0000] {processor.py:829} INFO - Processing file /home/airflow/.local/lib/python3.8/site-packages/airflow/example_dags/example_datasets.py for tasks to queue
[2023-10-03T15:08:46.048+0000] {logging_mixin.py:151} INFO - [2023-10-03T15:08:46.048+0000] {dagbag.py:539} INFO - Filling up the DagBag from /home/airflow/.local/lib/python3.8/site-packages/airflow/example_dags/example_datasets.py
[2023-10-03T15:08:46.061+0000] {processor.py:839} INFO - DAG(s) dict_keys(['dataset_consumes_1', 'dataset_produces_1', 'dataset_consumes_unknown_never_scheduled', 'dataset_produces_2', 'dataset_consumes_1_and_2', 'dataset_consumes_1_never_scheduled']) retrieved from /home/airflow/.local/lib/python3.8/site-packages/airflow/example_dags/example_datasets.py
[2023-10-03T15:08:46.106+0000] {logging_mixin.py:151} INFO - [2023-10-03T15:08:46.105+0000] {dag.py:2915} INFO - Sync 6 DAGs
[2023-10-03T15:08:46.135+0000] {logging_mixin.py:151} INFO - [2023-10-03T15:08:46.134+0000] {dag.py:3696} INFO - Setting next_dagrun for dataset_consumes_1 to None, run_after=None
[2023-10-03T15:08:46.139+0000] {logging_mixin.py:151} INFO - [2023-10-03T15:08:46.138+0000] {dag.py:3696} INFO - Setting next_dagrun for dataset_consumes_1_and_2 to None, run_after=None
[2023-10-03T15:08:46.140+0000] {logging_mixin.py:151} INFO - [2023-10-03T15:08:46.140+0000] {dag.py:3696} INFO - Setting next_dagrun for dataset_consumes_1_never_scheduled to None, run_after=None
[2023-10-03T15:08:46.142+0000] {logging_mixin.py:151} INFO - [2023-10-03T15:08:46.142+0000] {dag.py:3696} INFO - Setting next_dagrun for dataset_consumes_unknown_never_scheduled to None, run_after=None
[2023-10-03T15:08:46.145+0000] {logging_mixin.py:151} INFO - [2023-10-03T15:08:46.145+0000] {dag.py:3696} INFO - Setting next_dagrun for dataset_produces_1 to 2023-10-02T00:00:00+00:00, run_after=2023-10-03T00:00:00+00:00
[2023-10-03T15:08:46.147+0000] {logging_mixin.py:151} INFO - [2023-10-03T15:08:46.146+0000] {dag.py:3696} INFO - Setting next_dagrun for dataset_produces_2 to None, run_after=None
[2023-10-03T15:08:46.192+0000] {processor.py:179} INFO - Processing /home/airflow/.local/lib/python3.8/site-packages/airflow/example_dags/example_datasets.py took 0.154 seconds
[2023-10-03T15:09:16.973+0000] {processor.py:157} INFO - Started process (PID=392) to work on /home/airflow/.local/lib/python3.8/site-packages/airflow/example_dags/example_datasets.py
[2023-10-03T15:09:16.975+0000] {processor.py:829} INFO - Processing file /home/airflow/.local/lib/python3.8/site-packages/airflow/example_dags/example_datasets.py for tasks to queue
[2023-10-03T15:09:16.978+0000] {logging_mixin.py:151} INFO - [2023-10-03T15:09:16.977+0000] {dagbag.py:539} INFO - Filling up the DagBag from /home/airflow/.local/lib/python3.8/site-packages/airflow/example_dags/example_datasets.py
[2023-10-03T15:09:16.995+0000] {processor.py:839} INFO - DAG(s) dict_keys(['dataset_produces_2', 'dataset_consumes_1', 'dataset_consumes_1_never_scheduled', 'dataset_consumes_1_and_2', 'dataset_produces_1', 'dataset_consumes_unknown_never_scheduled']) retrieved from /home/airflow/.local/lib/python3.8/site-packages/airflow/example_dags/example_datasets.py
[2023-10-03T15:09:17.060+0000] {logging_mixin.py:151} INFO - [2023-10-03T15:09:17.060+0000] {dag.py:2915} INFO - Sync 6 DAGs
[2023-10-03T15:09:17.101+0000] {logging_mixin.py:151} INFO - [2023-10-03T15:09:17.101+0000] {dag.py:3696} INFO - Setting next_dagrun for dataset_consumes_1 to None, run_after=None
[2023-10-03T15:09:17.107+0000] {logging_mixin.py:151} INFO - [2023-10-03T15:09:17.107+0000] {dag.py:3696} INFO - Setting next_dagrun for dataset_consumes_1_and_2 to None, run_after=None
[2023-10-03T15:09:17.109+0000] {logging_mixin.py:151} INFO - [2023-10-03T15:09:17.108+0000] {dag.py:3696} INFO - Setting next_dagrun for dataset_consumes_1_never_scheduled to None, run_after=None
[2023-10-03T15:09:17.111+0000] {logging_mixin.py:151} INFO - [2023-10-03T15:09:17.110+0000] {dag.py:3696} INFO - Setting next_dagrun for dataset_consumes_unknown_never_scheduled to None, run_after=None
[2023-10-03T15:09:17.115+0000] {logging_mixin.py:151} INFO - [2023-10-03T15:09:17.115+0000] {dag.py:3696} INFO - Setting next_dagrun for dataset_produces_1 to 2023-10-02T00:00:00+00:00, run_after=2023-10-03T00:00:00+00:00
[2023-10-03T15:09:17.117+0000] {logging_mixin.py:151} INFO - [2023-10-03T15:09:17.117+0000] {dag.py:3696} INFO - Setting next_dagrun for dataset_produces_2 to None, run_after=None
[2023-10-03T15:09:17.154+0000] {processor.py:179} INFO - Processing /home/airflow/.local/lib/python3.8/site-packages/airflow/example_dags/example_datasets.py took 0.186 seconds
