[2023-10-03T15:03:35.223+0000] {processor.py:157} INFO - Started process (PID=59) to work on /home/airflow/.local/lib/python3.8/site-packages/airflow/example_dags/example_short_circuit_decorator.py
[2023-10-03T15:03:35.224+0000] {processor.py:829} INFO - Processing file /home/airflow/.local/lib/python3.8/site-packages/airflow/example_dags/example_short_circuit_decorator.py for tasks to queue
[2023-10-03T15:03:35.227+0000] {logging_mixin.py:151} INFO - [2023-10-03T15:03:35.227+0000] {dagbag.py:539} INFO - Filling up the DagBag from /home/airflow/.local/lib/python3.8/site-packages/airflow/example_dags/example_short_circuit_decorator.py
[2023-10-03T15:03:35.241+0000] {processor.py:839} INFO - DAG(s) dict_keys(['example_short_circuit_decorator']) retrieved from /home/airflow/.local/lib/python3.8/site-packages/airflow/example_dags/example_short_circuit_decorator.py
[2023-10-03T15:03:35.258+0000] {logging_mixin.py:151} INFO - [2023-10-03T15:03:35.258+0000] {dag.py:2915} INFO - Sync 1 DAGs
[2023-10-03T15:03:35.289+0000] {logging_mixin.py:151} INFO - [2023-10-03T15:03:35.288+0000] {dag.py:3696} INFO - Setting next_dagrun for example_short_circuit_decorator to 2023-10-02T15:03:35.288475+00:00, run_after=2023-10-03T15:03:35.288475+00:00
[2023-10-03T15:03:35.312+0000] {processor.py:179} INFO - Processing /home/airflow/.local/lib/python3.8/site-packages/airflow/example_dags/example_short_circuit_decorator.py took 0.094 seconds
[2023-10-03T15:04:05.911+0000] {processor.py:157} INFO - Started process (PID=112) to work on /home/airflow/.local/lib/python3.8/site-packages/airflow/example_dags/example_short_circuit_decorator.py
[2023-10-03T15:04:05.913+0000] {processor.py:829} INFO - Processing file /home/airflow/.local/lib/python3.8/site-packages/airflow/example_dags/example_short_circuit_decorator.py for tasks to queue
[2023-10-03T15:04:05.918+0000] {logging_mixin.py:151} INFO - [2023-10-03T15:04:05.917+0000] {dagbag.py:539} INFO - Filling up the DagBag from /home/airflow/.local/lib/python3.8/site-packages/airflow/example_dags/example_short_circuit_decorator.py
[2023-10-03T15:04:05.934+0000] {processor.py:839} INFO - DAG(s) dict_keys(['example_short_circuit_decorator']) retrieved from /home/airflow/.local/lib/python3.8/site-packages/airflow/example_dags/example_short_circuit_decorator.py
[2023-10-03T15:04:05.950+0000] {logging_mixin.py:151} INFO - [2023-10-03T15:04:05.950+0000] {dag.py:2915} INFO - Sync 1 DAGs
[2023-10-03T15:04:05.980+0000] {logging_mixin.py:151} INFO - [2023-10-03T15:04:05.980+0000] {dag.py:3696} INFO - Setting next_dagrun for example_short_circuit_decorator to 2023-10-02T15:04:05.980248+00:00, run_after=2023-10-03T15:04:05.980248+00:00
[2023-10-03T15:04:06.004+0000] {processor.py:179} INFO - Processing /home/airflow/.local/lib/python3.8/site-packages/airflow/example_dags/example_short_circuit_decorator.py took 0.099 seconds
[2023-10-03T15:04:36.505+0000] {processor.py:157} INFO - Started process (PID=166) to work on /home/airflow/.local/lib/python3.8/site-packages/airflow/example_dags/example_short_circuit_decorator.py
[2023-10-03T15:04:36.506+0000] {processor.py:829} INFO - Processing file /home/airflow/.local/lib/python3.8/site-packages/airflow/example_dags/example_short_circuit_decorator.py for tasks to queue
[2023-10-03T15:04:36.510+0000] {logging_mixin.py:151} INFO - [2023-10-03T15:04:36.509+0000] {dagbag.py:539} INFO - Filling up the DagBag from /home/airflow/.local/lib/python3.8/site-packages/airflow/example_dags/example_short_circuit_decorator.py
[2023-10-03T15:04:36.523+0000] {processor.py:839} INFO - DAG(s) dict_keys(['example_short_circuit_decorator']) retrieved from /home/airflow/.local/lib/python3.8/site-packages/airflow/example_dags/example_short_circuit_decorator.py
[2023-10-03T15:04:36.555+0000] {logging_mixin.py:151} INFO - [2023-10-03T15:04:36.554+0000] {dag.py:2915} INFO - Sync 1 DAGs
[2023-10-03T15:04:36.583+0000] {logging_mixin.py:151} INFO - [2023-10-03T15:04:36.583+0000] {dag.py:3696} INFO - Setting next_dagrun for example_short_circuit_decorator to 2023-10-02T15:04:36.583233+00:00, run_after=2023-10-03T15:04:36.583233+00:00
[2023-10-03T15:04:36.605+0000] {processor.py:179} INFO - Processing /home/airflow/.local/lib/python3.8/site-packages/airflow/example_dags/example_short_circuit_decorator.py took 0.106 seconds
[2023-10-03T15:05:06.792+0000] {processor.py:157} INFO - Started process (PID=221) to work on /home/airflow/.local/lib/python3.8/site-packages/airflow/example_dags/example_short_circuit_decorator.py
[2023-10-03T15:05:06.795+0000] {processor.py:829} INFO - Processing file /home/airflow/.local/lib/python3.8/site-packages/airflow/example_dags/example_short_circuit_decorator.py for tasks to queue
[2023-10-03T15:05:06.799+0000] {logging_mixin.py:151} INFO - [2023-10-03T15:05:06.798+0000] {dagbag.py:539} INFO - Filling up the DagBag from /home/airflow/.local/lib/python3.8/site-packages/airflow/example_dags/example_short_circuit_decorator.py
[2023-10-03T15:05:06.817+0000] {processor.py:839} INFO - DAG(s) dict_keys(['example_short_circuit_decorator']) retrieved from /home/airflow/.local/lib/python3.8/site-packages/airflow/example_dags/example_short_circuit_decorator.py
[2023-10-03T15:05:06.855+0000] {logging_mixin.py:151} INFO - [2023-10-03T15:05:06.854+0000] {dag.py:2915} INFO - Sync 1 DAGs
[2023-10-03T15:05:06.885+0000] {logging_mixin.py:151} INFO - [2023-10-03T15:05:06.885+0000] {dag.py:3696} INFO - Setting next_dagrun for example_short_circuit_decorator to 2023-10-02T15:05:06.885103+00:00, run_after=2023-10-03T15:05:06.885103+00:00
[2023-10-03T15:05:06.912+0000] {processor.py:179} INFO - Processing /home/airflow/.local/lib/python3.8/site-packages/airflow/example_dags/example_short_circuit_decorator.py took 0.125 seconds
[2023-10-03T15:05:37.288+0000] {processor.py:157} INFO - Started process (PID=276) to work on /home/airflow/.local/lib/python3.8/site-packages/airflow/example_dags/example_short_circuit_decorator.py
[2023-10-03T15:05:37.289+0000] {processor.py:829} INFO - Processing file /home/airflow/.local/lib/python3.8/site-packages/airflow/example_dags/example_short_circuit_decorator.py for tasks to queue
[2023-10-03T15:05:37.292+0000] {logging_mixin.py:151} INFO - [2023-10-03T15:05:37.292+0000] {dagbag.py:539} INFO - Filling up the DagBag from /home/airflow/.local/lib/python3.8/site-packages/airflow/example_dags/example_short_circuit_decorator.py
[2023-10-03T15:05:37.305+0000] {processor.py:839} INFO - DAG(s) dict_keys(['example_short_circuit_decorator']) retrieved from /home/airflow/.local/lib/python3.8/site-packages/airflow/example_dags/example_short_circuit_decorator.py
[2023-10-03T15:05:37.338+0000] {logging_mixin.py:151} INFO - [2023-10-03T15:05:37.338+0000] {dag.py:2915} INFO - Sync 1 DAGs
[2023-10-03T15:05:37.368+0000] {logging_mixin.py:151} INFO - [2023-10-03T15:05:37.368+0000] {dag.py:3696} INFO - Setting next_dagrun for example_short_circuit_decorator to 2023-10-02T15:05:37.367741+00:00, run_after=2023-10-03T15:05:37.367741+00:00
[2023-10-03T15:05:37.391+0000] {processor.py:179} INFO - Processing /home/airflow/.local/lib/python3.8/site-packages/airflow/example_dags/example_short_circuit_decorator.py took 0.108 seconds
[2023-10-03T15:06:11.003+0000] {processor.py:157} INFO - Started process (PID=57) to work on /home/airflow/.local/lib/python3.8/site-packages/airflow/example_dags/example_short_circuit_decorator.py
[2023-10-03T15:06:11.005+0000] {processor.py:829} INFO - Processing file /home/airflow/.local/lib/python3.8/site-packages/airflow/example_dags/example_short_circuit_decorator.py for tasks to queue
[2023-10-03T15:06:11.010+0000] {logging_mixin.py:151} INFO - [2023-10-03T15:06:11.009+0000] {dagbag.py:539} INFO - Filling up the DagBag from /home/airflow/.local/lib/python3.8/site-packages/airflow/example_dags/example_short_circuit_decorator.py
[2023-10-03T15:06:11.024+0000] {processor.py:839} INFO - DAG(s) dict_keys(['example_short_circuit_decorator']) retrieved from /home/airflow/.local/lib/python3.8/site-packages/airflow/example_dags/example_short_circuit_decorator.py
[2023-10-03T15:06:11.055+0000] {logging_mixin.py:151} INFO - [2023-10-03T15:06:11.055+0000] {dag.py:2915} INFO - Sync 1 DAGs
[2023-10-03T15:06:11.087+0000] {logging_mixin.py:151} INFO - [2023-10-03T15:06:11.086+0000] {dag.py:3696} INFO - Setting next_dagrun for example_short_circuit_decorator to 2023-10-02T15:06:11.086468+00:00, run_after=2023-10-03T15:06:11.086468+00:00
[2023-10-03T15:06:11.117+0000] {processor.py:179} INFO - Processing /home/airflow/.local/lib/python3.8/site-packages/airflow/example_dags/example_short_circuit_decorator.py took 0.119 seconds
[2023-10-03T15:06:41.763+0000] {processor.py:157} INFO - Started process (PID=111) to work on /home/airflow/.local/lib/python3.8/site-packages/airflow/example_dags/example_short_circuit_decorator.py
[2023-10-03T15:06:41.764+0000] {processor.py:829} INFO - Processing file /home/airflow/.local/lib/python3.8/site-packages/airflow/example_dags/example_short_circuit_decorator.py for tasks to queue
[2023-10-03T15:06:41.768+0000] {logging_mixin.py:151} INFO - [2023-10-03T15:06:41.768+0000] {dagbag.py:539} INFO - Filling up the DagBag from /home/airflow/.local/lib/python3.8/site-packages/airflow/example_dags/example_short_circuit_decorator.py
[2023-10-03T15:06:41.785+0000] {processor.py:839} INFO - DAG(s) dict_keys(['example_short_circuit_decorator']) retrieved from /home/airflow/.local/lib/python3.8/site-packages/airflow/example_dags/example_short_circuit_decorator.py
[2023-10-03T15:06:41.801+0000] {logging_mixin.py:151} INFO - [2023-10-03T15:06:41.800+0000] {dag.py:2915} INFO - Sync 1 DAGs
[2023-10-03T15:06:41.830+0000] {logging_mixin.py:151} INFO - [2023-10-03T15:06:41.830+0000] {dag.py:3696} INFO - Setting next_dagrun for example_short_circuit_decorator to 2023-10-02T15:06:41.830236+00:00, run_after=2023-10-03T15:06:41.830236+00:00
[2023-10-03T15:06:41.853+0000] {processor.py:179} INFO - Processing /home/airflow/.local/lib/python3.8/site-packages/airflow/example_dags/example_short_circuit_decorator.py took 0.097 seconds
[2023-10-03T15:07:12.269+0000] {processor.py:157} INFO - Started process (PID=164) to work on /home/airflow/.local/lib/python3.8/site-packages/airflow/example_dags/example_short_circuit_decorator.py
[2023-10-03T15:07:12.271+0000] {processor.py:829} INFO - Processing file /home/airflow/.local/lib/python3.8/site-packages/airflow/example_dags/example_short_circuit_decorator.py for tasks to queue
[2023-10-03T15:07:12.274+0000] {logging_mixin.py:151} INFO - [2023-10-03T15:07:12.274+0000] {dagbag.py:539} INFO - Filling up the DagBag from /home/airflow/.local/lib/python3.8/site-packages/airflow/example_dags/example_short_circuit_decorator.py
[2023-10-03T15:07:12.288+0000] {processor.py:839} INFO - DAG(s) dict_keys(['example_short_circuit_decorator']) retrieved from /home/airflow/.local/lib/python3.8/site-packages/airflow/example_dags/example_short_circuit_decorator.py
[2023-10-03T15:07:12.326+0000] {logging_mixin.py:151} INFO - [2023-10-03T15:07:12.326+0000] {dag.py:2915} INFO - Sync 1 DAGs
[2023-10-03T15:07:12.358+0000] {logging_mixin.py:151} INFO - [2023-10-03T15:07:12.358+0000] {dag.py:3696} INFO - Setting next_dagrun for example_short_circuit_decorator to 2023-10-02T15:07:12.357915+00:00, run_after=2023-10-03T15:07:12.357915+00:00
[2023-10-03T15:07:12.388+0000] {processor.py:179} INFO - Processing /home/airflow/.local/lib/python3.8/site-packages/airflow/example_dags/example_short_circuit_decorator.py took 0.124 seconds
[2023-10-03T15:07:43.171+0000] {processor.py:157} INFO - Started process (PID=218) to work on /home/airflow/.local/lib/python3.8/site-packages/airflow/example_dags/example_short_circuit_decorator.py
[2023-10-03T15:07:43.173+0000] {processor.py:829} INFO - Processing file /home/airflow/.local/lib/python3.8/site-packages/airflow/example_dags/example_short_circuit_decorator.py for tasks to queue
[2023-10-03T15:07:43.176+0000] {logging_mixin.py:151} INFO - [2023-10-03T15:07:43.176+0000] {dagbag.py:539} INFO - Filling up the DagBag from /home/airflow/.local/lib/python3.8/site-packages/airflow/example_dags/example_short_circuit_decorator.py
[2023-10-03T15:07:43.189+0000] {processor.py:839} INFO - DAG(s) dict_keys(['example_short_circuit_decorator']) retrieved from /home/airflow/.local/lib/python3.8/site-packages/airflow/example_dags/example_short_circuit_decorator.py
[2023-10-03T15:07:43.219+0000] {logging_mixin.py:151} INFO - [2023-10-03T15:07:43.219+0000] {dag.py:2915} INFO - Sync 1 DAGs
[2023-10-03T15:07:43.246+0000] {logging_mixin.py:151} INFO - [2023-10-03T15:07:43.246+0000] {dag.py:3696} INFO - Setting next_dagrun for example_short_circuit_decorator to 2023-10-02T15:07:43.246341+00:00, run_after=2023-10-03T15:07:43.246341+00:00
[2023-10-03T15:07:43.268+0000] {processor.py:179} INFO - Processing /home/airflow/.local/lib/python3.8/site-packages/airflow/example_dags/example_short_circuit_decorator.py took 0.102 seconds
[2023-10-03T15:08:13.940+0000] {processor.py:157} INFO - Started process (PID=271) to work on /home/airflow/.local/lib/python3.8/site-packages/airflow/example_dags/example_short_circuit_decorator.py
[2023-10-03T15:08:13.942+0000] {processor.py:829} INFO - Processing file /home/airflow/.local/lib/python3.8/site-packages/airflow/example_dags/example_short_circuit_decorator.py for tasks to queue
[2023-10-03T15:08:13.945+0000] {logging_mixin.py:151} INFO - [2023-10-03T15:08:13.944+0000] {dagbag.py:539} INFO - Filling up the DagBag from /home/airflow/.local/lib/python3.8/site-packages/airflow/example_dags/example_short_circuit_decorator.py
[2023-10-03T15:08:13.957+0000] {processor.py:839} INFO - DAG(s) dict_keys(['example_short_circuit_decorator']) retrieved from /home/airflow/.local/lib/python3.8/site-packages/airflow/example_dags/example_short_circuit_decorator.py
[2023-10-03T15:08:13.994+0000] {logging_mixin.py:151} INFO - [2023-10-03T15:08:13.994+0000] {dag.py:2915} INFO - Sync 1 DAGs
[2023-10-03T15:08:14.034+0000] {logging_mixin.py:151} INFO - [2023-10-03T15:08:14.034+0000] {dag.py:3696} INFO - Setting next_dagrun for example_short_circuit_decorator to 2023-10-02T15:08:14.034081+00:00, run_after=2023-10-03T15:08:14.034081+00:00
[2023-10-03T15:08:14.066+0000] {processor.py:179} INFO - Processing /home/airflow/.local/lib/python3.8/site-packages/airflow/example_dags/example_short_circuit_decorator.py took 0.131 seconds
[2023-10-03T15:08:44.529+0000] {processor.py:157} INFO - Started process (PID=325) to work on /home/airflow/.local/lib/python3.8/site-packages/airflow/example_dags/example_short_circuit_decorator.py
[2023-10-03T15:08:44.531+0000] {processor.py:829} INFO - Processing file /home/airflow/.local/lib/python3.8/site-packages/airflow/example_dags/example_short_circuit_decorator.py for tasks to queue
[2023-10-03T15:08:44.534+0000] {logging_mixin.py:151} INFO - [2023-10-03T15:08:44.534+0000] {dagbag.py:539} INFO - Filling up the DagBag from /home/airflow/.local/lib/python3.8/site-packages/airflow/example_dags/example_short_circuit_decorator.py
[2023-10-03T15:08:44.546+0000] {processor.py:839} INFO - DAG(s) dict_keys(['example_short_circuit_decorator']) retrieved from /home/airflow/.local/lib/python3.8/site-packages/airflow/example_dags/example_short_circuit_decorator.py
[2023-10-03T15:08:44.577+0000] {logging_mixin.py:151} INFO - [2023-10-03T15:08:44.577+0000] {dag.py:2915} INFO - Sync 1 DAGs
[2023-10-03T15:08:44.604+0000] {logging_mixin.py:151} INFO - [2023-10-03T15:08:44.604+0000] {dag.py:3696} INFO - Setting next_dagrun for example_short_circuit_decorator to 2023-10-02T15:08:44.603934+00:00, run_after=2023-10-03T15:08:44.603934+00:00
[2023-10-03T15:08:44.629+0000] {processor.py:179} INFO - Processing /home/airflow/.local/lib/python3.8/site-packages/airflow/example_dags/example_short_circuit_decorator.py took 0.105 seconds
[2023-10-03T15:09:15.214+0000] {processor.py:157} INFO - Started process (PID=379) to work on /home/airflow/.local/lib/python3.8/site-packages/airflow/example_dags/example_short_circuit_decorator.py
[2023-10-03T15:09:15.216+0000] {processor.py:829} INFO - Processing file /home/airflow/.local/lib/python3.8/site-packages/airflow/example_dags/example_short_circuit_decorator.py for tasks to queue
[2023-10-03T15:09:15.220+0000] {logging_mixin.py:151} INFO - [2023-10-03T15:09:15.219+0000] {dagbag.py:539} INFO - Filling up the DagBag from /home/airflow/.local/lib/python3.8/site-packages/airflow/example_dags/example_short_circuit_decorator.py
[2023-10-03T15:09:15.238+0000] {processor.py:839} INFO - DAG(s) dict_keys(['example_short_circuit_decorator']) retrieved from /home/airflow/.local/lib/python3.8/site-packages/airflow/example_dags/example_short_circuit_decorator.py
[2023-10-03T15:09:15.285+0000] {logging_mixin.py:151} INFO - [2023-10-03T15:09:15.285+0000] {dag.py:2915} INFO - Sync 1 DAGs
[2023-10-03T15:09:15.326+0000] {logging_mixin.py:151} INFO - [2023-10-03T15:09:15.325+0000] {dag.py:3696} INFO - Setting next_dagrun for example_short_circuit_decorator to 2023-10-02T15:09:15.325384+00:00, run_after=2023-10-03T15:09:15.325384+00:00
[2023-10-03T15:09:15.355+0000] {processor.py:179} INFO - Processing /home/airflow/.local/lib/python3.8/site-packages/airflow/example_dags/example_short_circuit_decorator.py took 0.147 seconds
