[2023-10-03T15:03:33.882+0000] {processor.py:157} INFO - Started process (PID=46) to work on /home/airflow/.local/lib/python3.8/site-packages/airflow/example_dags/example_dynamic_task_mapping_with_no_taskflow_operators.py
[2023-10-03T15:03:33.883+0000] {processor.py:829} INFO - Processing file /home/airflow/.local/lib/python3.8/site-packages/airflow/example_dags/example_dynamic_task_mapping_with_no_taskflow_operators.py for tasks to queue
[2023-10-03T15:03:33.888+0000] {logging_mixin.py:151} INFO - [2023-10-03T15:03:33.887+0000] {dagbag.py:539} INFO - Filling up the DagBag from /home/airflow/.local/lib/python3.8/site-packages/airflow/example_dags/example_dynamic_task_mapping_with_no_taskflow_operators.py
[2023-10-03T15:03:33.904+0000] {processor.py:839} INFO - DAG(s) dict_keys(['example_dynamic_task_mapping_with_no_taskflow_operators']) retrieved from /home/airflow/.local/lib/python3.8/site-packages/airflow/example_dags/example_dynamic_task_mapping_with_no_taskflow_operators.py
[2023-10-03T15:03:33.930+0000] {logging_mixin.py:151} INFO - [2023-10-03T15:03:33.930+0000] {dag.py:2915} INFO - Sync 1 DAGs
[2023-10-03T15:03:33.972+0000] {logging_mixin.py:151} INFO - [2023-10-03T15:03:33.972+0000] {dag.py:3696} INFO - Setting next_dagrun for example_dynamic_task_mapping_with_no_taskflow_operators to 2023-10-02T15:03:33.972116+00:00, run_after=2023-10-03T15:03:33.972116+00:00
[2023-10-03T15:03:34.002+0000] {processor.py:179} INFO - Processing /home/airflow/.local/lib/python3.8/site-packages/airflow/example_dags/example_dynamic_task_mapping_with_no_taskflow_operators.py took 0.136 seconds
[2023-10-03T15:04:04.127+0000] {processor.py:157} INFO - Started process (PID=99) to work on /home/airflow/.local/lib/python3.8/site-packages/airflow/example_dags/example_dynamic_task_mapping_with_no_taskflow_operators.py
[2023-10-03T15:04:04.130+0000] {processor.py:829} INFO - Processing file /home/airflow/.local/lib/python3.8/site-packages/airflow/example_dags/example_dynamic_task_mapping_with_no_taskflow_operators.py for tasks to queue
[2023-10-03T15:04:04.134+0000] {logging_mixin.py:151} INFO - [2023-10-03T15:04:04.133+0000] {dagbag.py:539} INFO - Filling up the DagBag from /home/airflow/.local/lib/python3.8/site-packages/airflow/example_dags/example_dynamic_task_mapping_with_no_taskflow_operators.py
[2023-10-03T15:04:04.144+0000] {processor.py:839} INFO - DAG(s) dict_keys(['example_dynamic_task_mapping_with_no_taskflow_operators']) retrieved from /home/airflow/.local/lib/python3.8/site-packages/airflow/example_dags/example_dynamic_task_mapping_with_no_taskflow_operators.py
[2023-10-03T15:04:04.162+0000] {logging_mixin.py:151} INFO - [2023-10-03T15:04:04.162+0000] {dag.py:2915} INFO - Sync 1 DAGs
[2023-10-03T15:04:04.194+0000] {logging_mixin.py:151} INFO - [2023-10-03T15:04:04.194+0000] {dag.py:3696} INFO - Setting next_dagrun for example_dynamic_task_mapping_with_no_taskflow_operators to 2023-10-02T15:04:04.193722+00:00, run_after=2023-10-03T15:04:04.193722+00:00
[2023-10-03T15:04:04.217+0000] {processor.py:179} INFO - Processing /home/airflow/.local/lib/python3.8/site-packages/airflow/example_dags/example_dynamic_task_mapping_with_no_taskflow_operators.py took 0.095 seconds
[2023-10-03T15:04:34.551+0000] {processor.py:157} INFO - Started process (PID=153) to work on /home/airflow/.local/lib/python3.8/site-packages/airflow/example_dags/example_dynamic_task_mapping_with_no_taskflow_operators.py
[2023-10-03T15:04:34.552+0000] {processor.py:829} INFO - Processing file /home/airflow/.local/lib/python3.8/site-packages/airflow/example_dags/example_dynamic_task_mapping_with_no_taskflow_operators.py for tasks to queue
[2023-10-03T15:04:34.556+0000] {logging_mixin.py:151} INFO - [2023-10-03T15:04:34.555+0000] {dagbag.py:539} INFO - Filling up the DagBag from /home/airflow/.local/lib/python3.8/site-packages/airflow/example_dags/example_dynamic_task_mapping_with_no_taskflow_operators.py
[2023-10-03T15:04:34.565+0000] {processor.py:839} INFO - DAG(s) dict_keys(['example_dynamic_task_mapping_with_no_taskflow_operators']) retrieved from /home/airflow/.local/lib/python3.8/site-packages/airflow/example_dags/example_dynamic_task_mapping_with_no_taskflow_operators.py
[2023-10-03T15:04:34.597+0000] {logging_mixin.py:151} INFO - [2023-10-03T15:04:34.596+0000] {dag.py:2915} INFO - Sync 1 DAGs
[2023-10-03T15:04:34.627+0000] {logging_mixin.py:151} INFO - [2023-10-03T15:04:34.627+0000] {dag.py:3696} INFO - Setting next_dagrun for example_dynamic_task_mapping_with_no_taskflow_operators to 2023-10-02T15:04:34.626617+00:00, run_after=2023-10-03T15:04:34.626617+00:00
[2023-10-03T15:04:34.649+0000] {processor.py:179} INFO - Processing /home/airflow/.local/lib/python3.8/site-packages/airflow/example_dags/example_dynamic_task_mapping_with_no_taskflow_operators.py took 0.104 seconds
[2023-10-03T15:05:04.740+0000] {processor.py:157} INFO - Started process (PID=208) to work on /home/airflow/.local/lib/python3.8/site-packages/airflow/example_dags/example_dynamic_task_mapping_with_no_taskflow_operators.py
[2023-10-03T15:05:04.742+0000] {processor.py:829} INFO - Processing file /home/airflow/.local/lib/python3.8/site-packages/airflow/example_dags/example_dynamic_task_mapping_with_no_taskflow_operators.py for tasks to queue
[2023-10-03T15:05:04.746+0000] {logging_mixin.py:151} INFO - [2023-10-03T15:05:04.745+0000] {dagbag.py:539} INFO - Filling up the DagBag from /home/airflow/.local/lib/python3.8/site-packages/airflow/example_dags/example_dynamic_task_mapping_with_no_taskflow_operators.py
[2023-10-03T15:05:04.755+0000] {processor.py:839} INFO - DAG(s) dict_keys(['example_dynamic_task_mapping_with_no_taskflow_operators']) retrieved from /home/airflow/.local/lib/python3.8/site-packages/airflow/example_dags/example_dynamic_task_mapping_with_no_taskflow_operators.py
[2023-10-03T15:05:04.784+0000] {logging_mixin.py:151} INFO - [2023-10-03T15:05:04.783+0000] {dag.py:2915} INFO - Sync 1 DAGs
[2023-10-03T15:05:04.821+0000] {logging_mixin.py:151} INFO - [2023-10-03T15:05:04.821+0000] {dag.py:3696} INFO - Setting next_dagrun for example_dynamic_task_mapping_with_no_taskflow_operators to 2023-10-02T15:05:04.818911+00:00, run_after=2023-10-03T15:05:04.818911+00:00
[2023-10-03T15:05:04.844+0000] {processor.py:179} INFO - Processing /home/airflow/.local/lib/python3.8/site-packages/airflow/example_dags/example_dynamic_task_mapping_with_no_taskflow_operators.py took 0.109 seconds
[2023-10-03T15:05:34.929+0000] {processor.py:157} INFO - Started process (PID=263) to work on /home/airflow/.local/lib/python3.8/site-packages/airflow/example_dags/example_dynamic_task_mapping_with_no_taskflow_operators.py
[2023-10-03T15:05:34.930+0000] {processor.py:829} INFO - Processing file /home/airflow/.local/lib/python3.8/site-packages/airflow/example_dags/example_dynamic_task_mapping_with_no_taskflow_operators.py for tasks to queue
[2023-10-03T15:05:34.933+0000] {logging_mixin.py:151} INFO - [2023-10-03T15:05:34.933+0000] {dagbag.py:539} INFO - Filling up the DagBag from /home/airflow/.local/lib/python3.8/site-packages/airflow/example_dags/example_dynamic_task_mapping_with_no_taskflow_operators.py
[2023-10-03T15:05:34.942+0000] {processor.py:839} INFO - DAG(s) dict_keys(['example_dynamic_task_mapping_with_no_taskflow_operators']) retrieved from /home/airflow/.local/lib/python3.8/site-packages/airflow/example_dags/example_dynamic_task_mapping_with_no_taskflow_operators.py
[2023-10-03T15:05:34.970+0000] {logging_mixin.py:151} INFO - [2023-10-03T15:05:34.969+0000] {dag.py:2915} INFO - Sync 1 DAGs
[2023-10-03T15:05:34.997+0000] {logging_mixin.py:151} INFO - [2023-10-03T15:05:34.997+0000] {dag.py:3696} INFO - Setting next_dagrun for example_dynamic_task_mapping_with_no_taskflow_operators to 2023-10-02T15:05:34.997271+00:00, run_after=2023-10-03T15:05:34.997271+00:00
[2023-10-03T15:05:35.019+0000] {processor.py:179} INFO - Processing /home/airflow/.local/lib/python3.8/site-packages/airflow/example_dags/example_dynamic_task_mapping_with_no_taskflow_operators.py took 0.095 seconds
[2023-10-03T15:06:09.711+0000] {processor.py:157} INFO - Started process (PID=44) to work on /home/airflow/.local/lib/python3.8/site-packages/airflow/example_dags/example_dynamic_task_mapping_with_no_taskflow_operators.py
[2023-10-03T15:06:09.713+0000] {processor.py:829} INFO - Processing file /home/airflow/.local/lib/python3.8/site-packages/airflow/example_dags/example_dynamic_task_mapping_with_no_taskflow_operators.py for tasks to queue
[2023-10-03T15:06:09.716+0000] {logging_mixin.py:151} INFO - [2023-10-03T15:06:09.715+0000] {dagbag.py:539} INFO - Filling up the DagBag from /home/airflow/.local/lib/python3.8/site-packages/airflow/example_dags/example_dynamic_task_mapping_with_no_taskflow_operators.py
[2023-10-03T15:06:09.725+0000] {processor.py:839} INFO - DAG(s) dict_keys(['example_dynamic_task_mapping_with_no_taskflow_operators']) retrieved from /home/airflow/.local/lib/python3.8/site-packages/airflow/example_dags/example_dynamic_task_mapping_with_no_taskflow_operators.py
[2023-10-03T15:06:09.765+0000] {logging_mixin.py:151} INFO - [2023-10-03T15:06:09.765+0000] {dag.py:2915} INFO - Sync 1 DAGs
[2023-10-03T15:06:09.797+0000] {logging_mixin.py:151} INFO - [2023-10-03T15:06:09.796+0000] {dag.py:3696} INFO - Setting next_dagrun for example_dynamic_task_mapping_with_no_taskflow_operators to 2023-10-02T15:06:09.796311+00:00, run_after=2023-10-03T15:06:09.796311+00:00
[2023-10-03T15:06:09.822+0000] {processor.py:179} INFO - Processing /home/airflow/.local/lib/python3.8/site-packages/airflow/example_dags/example_dynamic_task_mapping_with_no_taskflow_operators.py took 0.117 seconds
[2023-10-03T15:06:40.735+0000] {processor.py:157} INFO - Started process (PID=98) to work on /home/airflow/.local/lib/python3.8/site-packages/airflow/example_dags/example_dynamic_task_mapping_with_no_taskflow_operators.py
[2023-10-03T15:06:40.736+0000] {processor.py:829} INFO - Processing file /home/airflow/.local/lib/python3.8/site-packages/airflow/example_dags/example_dynamic_task_mapping_with_no_taskflow_operators.py for tasks to queue
[2023-10-03T15:06:40.739+0000] {logging_mixin.py:151} INFO - [2023-10-03T15:06:40.739+0000] {dagbag.py:539} INFO - Filling up the DagBag from /home/airflow/.local/lib/python3.8/site-packages/airflow/example_dags/example_dynamic_task_mapping_with_no_taskflow_operators.py
[2023-10-03T15:06:40.748+0000] {processor.py:839} INFO - DAG(s) dict_keys(['example_dynamic_task_mapping_with_no_taskflow_operators']) retrieved from /home/airflow/.local/lib/python3.8/site-packages/airflow/example_dags/example_dynamic_task_mapping_with_no_taskflow_operators.py
[2023-10-03T15:06:40.769+0000] {logging_mixin.py:151} INFO - [2023-10-03T15:06:40.768+0000] {dag.py:2915} INFO - Sync 1 DAGs
[2023-10-03T15:06:40.810+0000] {logging_mixin.py:151} INFO - [2023-10-03T15:06:40.810+0000] {dag.py:3696} INFO - Setting next_dagrun for example_dynamic_task_mapping_with_no_taskflow_operators to 2023-10-02T15:06:40.809576+00:00, run_after=2023-10-03T15:06:40.809576+00:00
[2023-10-03T15:06:40.839+0000] {processor.py:179} INFO - Processing /home/airflow/.local/lib/python3.8/site-packages/airflow/example_dags/example_dynamic_task_mapping_with_no_taskflow_operators.py took 0.110 seconds
[2023-10-03T15:07:11.312+0000] {processor.py:157} INFO - Started process (PID=152) to work on /home/airflow/.local/lib/python3.8/site-packages/airflow/example_dags/example_dynamic_task_mapping_with_no_taskflow_operators.py
[2023-10-03T15:07:11.314+0000] {processor.py:829} INFO - Processing file /home/airflow/.local/lib/python3.8/site-packages/airflow/example_dags/example_dynamic_task_mapping_with_no_taskflow_operators.py for tasks to queue
[2023-10-03T15:07:11.317+0000] {logging_mixin.py:151} INFO - [2023-10-03T15:07:11.316+0000] {dagbag.py:539} INFO - Filling up the DagBag from /home/airflow/.local/lib/python3.8/site-packages/airflow/example_dags/example_dynamic_task_mapping_with_no_taskflow_operators.py
[2023-10-03T15:07:11.326+0000] {processor.py:839} INFO - DAG(s) dict_keys(['example_dynamic_task_mapping_with_no_taskflow_operators']) retrieved from /home/airflow/.local/lib/python3.8/site-packages/airflow/example_dags/example_dynamic_task_mapping_with_no_taskflow_operators.py
[2023-10-03T15:07:11.355+0000] {logging_mixin.py:151} INFO - [2023-10-03T15:07:11.354+0000] {dag.py:2915} INFO - Sync 1 DAGs
[2023-10-03T15:07:11.384+0000] {logging_mixin.py:151} INFO - [2023-10-03T15:07:11.384+0000] {dag.py:3696} INFO - Setting next_dagrun for example_dynamic_task_mapping_with_no_taskflow_operators to 2023-10-02T15:07:11.384036+00:00, run_after=2023-10-03T15:07:11.384036+00:00
[2023-10-03T15:07:11.406+0000] {processor.py:179} INFO - Processing /home/airflow/.local/lib/python3.8/site-packages/airflow/example_dags/example_dynamic_task_mapping_with_no_taskflow_operators.py took 0.101 seconds
[2023-10-03T15:07:42.231+0000] {processor.py:157} INFO - Started process (PID=206) to work on /home/airflow/.local/lib/python3.8/site-packages/airflow/example_dags/example_dynamic_task_mapping_with_no_taskflow_operators.py
[2023-10-03T15:07:42.232+0000] {processor.py:829} INFO - Processing file /home/airflow/.local/lib/python3.8/site-packages/airflow/example_dags/example_dynamic_task_mapping_with_no_taskflow_operators.py for tasks to queue
[2023-10-03T15:07:42.235+0000] {logging_mixin.py:151} INFO - [2023-10-03T15:07:42.235+0000] {dagbag.py:539} INFO - Filling up the DagBag from /home/airflow/.local/lib/python3.8/site-packages/airflow/example_dags/example_dynamic_task_mapping_with_no_taskflow_operators.py
[2023-10-03T15:07:42.244+0000] {processor.py:839} INFO - DAG(s) dict_keys(['example_dynamic_task_mapping_with_no_taskflow_operators']) retrieved from /home/airflow/.local/lib/python3.8/site-packages/airflow/example_dags/example_dynamic_task_mapping_with_no_taskflow_operators.py
[2023-10-03T15:07:42.270+0000] {logging_mixin.py:151} INFO - [2023-10-03T15:07:42.270+0000] {dag.py:2915} INFO - Sync 1 DAGs
[2023-10-03T15:07:42.301+0000] {logging_mixin.py:151} INFO - [2023-10-03T15:07:42.301+0000] {dag.py:3696} INFO - Setting next_dagrun for example_dynamic_task_mapping_with_no_taskflow_operators to 2023-10-02T15:07:42.300849+00:00, run_after=2023-10-03T15:07:42.300849+00:00
[2023-10-03T15:07:42.322+0000] {processor.py:179} INFO - Processing /home/airflow/.local/lib/python3.8/site-packages/airflow/example_dags/example_dynamic_task_mapping_with_no_taskflow_operators.py took 0.097 seconds
[2023-10-03T15:08:12.842+0000] {processor.py:157} INFO - Started process (PID=259) to work on /home/airflow/.local/lib/python3.8/site-packages/airflow/example_dags/example_dynamic_task_mapping_with_no_taskflow_operators.py
[2023-10-03T15:08:12.844+0000] {processor.py:829} INFO - Processing file /home/airflow/.local/lib/python3.8/site-packages/airflow/example_dags/example_dynamic_task_mapping_with_no_taskflow_operators.py for tasks to queue
[2023-10-03T15:08:12.847+0000] {logging_mixin.py:151} INFO - [2023-10-03T15:08:12.847+0000] {dagbag.py:539} INFO - Filling up the DagBag from /home/airflow/.local/lib/python3.8/site-packages/airflow/example_dags/example_dynamic_task_mapping_with_no_taskflow_operators.py
[2023-10-03T15:08:12.856+0000] {processor.py:839} INFO - DAG(s) dict_keys(['example_dynamic_task_mapping_with_no_taskflow_operators']) retrieved from /home/airflow/.local/lib/python3.8/site-packages/airflow/example_dags/example_dynamic_task_mapping_with_no_taskflow_operators.py
[2023-10-03T15:08:12.885+0000] {logging_mixin.py:151} INFO - [2023-10-03T15:08:12.885+0000] {dag.py:2915} INFO - Sync 1 DAGs
[2023-10-03T15:08:12.916+0000] {logging_mixin.py:151} INFO - [2023-10-03T15:08:12.916+0000] {dag.py:3696} INFO - Setting next_dagrun for example_dynamic_task_mapping_with_no_taskflow_operators to 2023-10-02T15:08:12.915691+00:00, run_after=2023-10-03T15:08:12.915691+00:00
[2023-10-03T15:08:12.945+0000] {processor.py:179} INFO - Processing /home/airflow/.local/lib/python3.8/site-packages/airflow/example_dags/example_dynamic_task_mapping_with_no_taskflow_operators.py took 0.108 seconds
[2023-10-03T15:08:43.471+0000] {processor.py:157} INFO - Started process (PID=313) to work on /home/airflow/.local/lib/python3.8/site-packages/airflow/example_dags/example_dynamic_task_mapping_with_no_taskflow_operators.py
[2023-10-03T15:08:43.473+0000] {processor.py:829} INFO - Processing file /home/airflow/.local/lib/python3.8/site-packages/airflow/example_dags/example_dynamic_task_mapping_with_no_taskflow_operators.py for tasks to queue
[2023-10-03T15:08:43.476+0000] {logging_mixin.py:151} INFO - [2023-10-03T15:08:43.476+0000] {dagbag.py:539} INFO - Filling up the DagBag from /home/airflow/.local/lib/python3.8/site-packages/airflow/example_dags/example_dynamic_task_mapping_with_no_taskflow_operators.py
[2023-10-03T15:08:43.486+0000] {processor.py:839} INFO - DAG(s) dict_keys(['example_dynamic_task_mapping_with_no_taskflow_operators']) retrieved from /home/airflow/.local/lib/python3.8/site-packages/airflow/example_dags/example_dynamic_task_mapping_with_no_taskflow_operators.py
[2023-10-03T15:08:43.521+0000] {logging_mixin.py:151} INFO - [2023-10-03T15:08:43.521+0000] {dag.py:2915} INFO - Sync 1 DAGs
[2023-10-03T15:08:43.550+0000] {logging_mixin.py:151} INFO - [2023-10-03T15:08:43.550+0000] {dag.py:3696} INFO - Setting next_dagrun for example_dynamic_task_mapping_with_no_taskflow_operators to 2023-10-02T15:08:43.549852+00:00, run_after=2023-10-03T15:08:43.549852+00:00
[2023-10-03T15:08:43.571+0000] {processor.py:179} INFO - Processing /home/airflow/.local/lib/python3.8/site-packages/airflow/example_dags/example_dynamic_task_mapping_with_no_taskflow_operators.py took 0.105 seconds
[2023-10-03T15:09:13.743+0000] {processor.py:157} INFO - Started process (PID=367) to work on /home/airflow/.local/lib/python3.8/site-packages/airflow/example_dags/example_dynamic_task_mapping_with_no_taskflow_operators.py
[2023-10-03T15:09:13.744+0000] {processor.py:829} INFO - Processing file /home/airflow/.local/lib/python3.8/site-packages/airflow/example_dags/example_dynamic_task_mapping_with_no_taskflow_operators.py for tasks to queue
[2023-10-03T15:09:13.748+0000] {logging_mixin.py:151} INFO - [2023-10-03T15:09:13.747+0000] {dagbag.py:539} INFO - Filling up the DagBag from /home/airflow/.local/lib/python3.8/site-packages/airflow/example_dags/example_dynamic_task_mapping_with_no_taskflow_operators.py
[2023-10-03T15:09:13.759+0000] {processor.py:839} INFO - DAG(s) dict_keys(['example_dynamic_task_mapping_with_no_taskflow_operators']) retrieved from /home/airflow/.local/lib/python3.8/site-packages/airflow/example_dags/example_dynamic_task_mapping_with_no_taskflow_operators.py
[2023-10-03T15:09:13.794+0000] {logging_mixin.py:151} INFO - [2023-10-03T15:09:13.794+0000] {dag.py:2915} INFO - Sync 1 DAGs
[2023-10-03T15:09:13.842+0000] {logging_mixin.py:151} INFO - [2023-10-03T15:09:13.841+0000] {dag.py:3696} INFO - Setting next_dagrun for example_dynamic_task_mapping_with_no_taskflow_operators to 2023-10-02T15:09:13.841455+00:00, run_after=2023-10-03T15:09:13.841455+00:00
[2023-10-03T15:09:13.871+0000] {processor.py:179} INFO - Processing /home/airflow/.local/lib/python3.8/site-packages/airflow/example_dags/example_dynamic_task_mapping_with_no_taskflow_operators.py took 0.135 seconds
