[2023-10-03T15:03:32.960+0000] {processor.py:157} INFO - Started process (PID=35) to work on /home/airflow/.local/lib/python3.8/site-packages/airflow/example_dags/example_branch_python_dop_operator_3.py
[2023-10-03T15:03:32.962+0000] {processor.py:829} INFO - Processing file /home/airflow/.local/lib/python3.8/site-packages/airflow/example_dags/example_branch_python_dop_operator_3.py for tasks to queue
[2023-10-03T15:03:32.966+0000] {logging_mixin.py:151} INFO - [2023-10-03T15:03:32.965+0000] {dagbag.py:539} INFO - Filling up the DagBag from /home/airflow/.local/lib/python3.8/site-packages/airflow/example_dags/example_branch_python_dop_operator_3.py
[2023-10-03T15:03:32.984+0000] {processor.py:839} INFO - DAG(s) dict_keys(['example_branch_dop_operator_v3']) retrieved from /home/airflow/.local/lib/python3.8/site-packages/airflow/example_dags/example_branch_python_dop_operator_3.py
[2023-10-03T15:03:33.005+0000] {logging_mixin.py:151} INFO - [2023-10-03T15:03:33.005+0000] {dag.py:2915} INFO - Sync 1 DAGs
[2023-10-03T15:03:33.057+0000] {logging_mixin.py:151} INFO - [2023-10-03T15:03:33.056+0000] {dag.py:3696} INFO - Setting next_dagrun for example_branch_dop_operator_v3 to 2023-10-03T15:02:00+00:00, run_after=2023-10-03T15:03:00+00:00
[2023-10-03T15:03:33.083+0000] {processor.py:179} INFO - Processing /home/airflow/.local/lib/python3.8/site-packages/airflow/example_dags/example_branch_python_dop_operator_3.py took 0.128 seconds
[2023-10-03T15:04:03.250+0000] {processor.py:157} INFO - Started process (PID=89) to work on /home/airflow/.local/lib/python3.8/site-packages/airflow/example_dags/example_branch_python_dop_operator_3.py
[2023-10-03T15:04:03.254+0000] {processor.py:829} INFO - Processing file /home/airflow/.local/lib/python3.8/site-packages/airflow/example_dags/example_branch_python_dop_operator_3.py for tasks to queue
[2023-10-03T15:04:03.257+0000] {logging_mixin.py:151} INFO - [2023-10-03T15:04:03.257+0000] {dagbag.py:539} INFO - Filling up the DagBag from /home/airflow/.local/lib/python3.8/site-packages/airflow/example_dags/example_branch_python_dop_operator_3.py
[2023-10-03T15:04:03.271+0000] {processor.py:839} INFO - DAG(s) dict_keys(['example_branch_dop_operator_v3']) retrieved from /home/airflow/.local/lib/python3.8/site-packages/airflow/example_dags/example_branch_python_dop_operator_3.py
[2023-10-03T15:04:03.291+0000] {logging_mixin.py:151} INFO - [2023-10-03T15:04:03.290+0000] {dag.py:2915} INFO - Sync 1 DAGs
[2023-10-03T15:04:03.339+0000] {logging_mixin.py:151} INFO - [2023-10-03T15:04:03.338+0000] {dag.py:3696} INFO - Setting next_dagrun for example_branch_dop_operator_v3 to 2023-10-03T15:03:00+00:00, run_after=2023-10-03T15:04:00+00:00
[2023-10-03T15:04:03.363+0000] {processor.py:179} INFO - Processing /home/airflow/.local/lib/python3.8/site-packages/airflow/example_dags/example_branch_python_dop_operator_3.py took 0.119 seconds
[2023-10-03T15:04:33.747+0000] {processor.py:157} INFO - Started process (PID=143) to work on /home/airflow/.local/lib/python3.8/site-packages/airflow/example_dags/example_branch_python_dop_operator_3.py
[2023-10-03T15:04:33.749+0000] {processor.py:829} INFO - Processing file /home/airflow/.local/lib/python3.8/site-packages/airflow/example_dags/example_branch_python_dop_operator_3.py for tasks to queue
[2023-10-03T15:04:33.752+0000] {logging_mixin.py:151} INFO - [2023-10-03T15:04:33.751+0000] {dagbag.py:539} INFO - Filling up the DagBag from /home/airflow/.local/lib/python3.8/site-packages/airflow/example_dags/example_branch_python_dop_operator_3.py
[2023-10-03T15:04:33.764+0000] {processor.py:839} INFO - DAG(s) dict_keys(['example_branch_dop_operator_v3']) retrieved from /home/airflow/.local/lib/python3.8/site-packages/airflow/example_dags/example_branch_python_dop_operator_3.py
[2023-10-03T15:04:33.792+0000] {logging_mixin.py:151} INFO - [2023-10-03T15:04:33.791+0000] {dag.py:2915} INFO - Sync 1 DAGs
[2023-10-03T15:04:33.826+0000] {logging_mixin.py:151} INFO - [2023-10-03T15:04:33.826+0000] {dag.py:3696} INFO - Setting next_dagrun for example_branch_dop_operator_v3 to 2023-10-03T15:03:00+00:00, run_after=2023-10-03T15:04:00+00:00
[2023-10-03T15:04:33.850+0000] {processor.py:179} INFO - Processing /home/airflow/.local/lib/python3.8/site-packages/airflow/example_dags/example_branch_python_dop_operator_3.py took 0.108 seconds
[2023-10-03T15:05:03.971+0000] {processor.py:157} INFO - Started process (PID=198) to work on /home/airflow/.local/lib/python3.8/site-packages/airflow/example_dags/example_branch_python_dop_operator_3.py
[2023-10-03T15:05:03.973+0000] {processor.py:829} INFO - Processing file /home/airflow/.local/lib/python3.8/site-packages/airflow/example_dags/example_branch_python_dop_operator_3.py for tasks to queue
[2023-10-03T15:05:03.976+0000] {logging_mixin.py:151} INFO - [2023-10-03T15:05:03.975+0000] {dagbag.py:539} INFO - Filling up the DagBag from /home/airflow/.local/lib/python3.8/site-packages/airflow/example_dags/example_branch_python_dop_operator_3.py
[2023-10-03T15:05:03.988+0000] {processor.py:839} INFO - DAG(s) dict_keys(['example_branch_dop_operator_v3']) retrieved from /home/airflow/.local/lib/python3.8/site-packages/airflow/example_dags/example_branch_python_dop_operator_3.py
[2023-10-03T15:05:04.016+0000] {logging_mixin.py:151} INFO - [2023-10-03T15:05:04.016+0000] {dag.py:2915} INFO - Sync 1 DAGs
[2023-10-03T15:05:04.052+0000] {logging_mixin.py:151} INFO - [2023-10-03T15:05:04.052+0000] {dag.py:3696} INFO - Setting next_dagrun for example_branch_dop_operator_v3 to 2023-10-03T15:04:00+00:00, run_after=2023-10-03T15:05:00+00:00
[2023-10-03T15:05:04.075+0000] {processor.py:179} INFO - Processing /home/airflow/.local/lib/python3.8/site-packages/airflow/example_dags/example_branch_python_dop_operator_3.py took 0.109 seconds
[2023-10-03T15:05:34.161+0000] {processor.py:157} INFO - Started process (PID=253) to work on /home/airflow/.local/lib/python3.8/site-packages/airflow/example_dags/example_branch_python_dop_operator_3.py
[2023-10-03T15:05:34.163+0000] {processor.py:829} INFO - Processing file /home/airflow/.local/lib/python3.8/site-packages/airflow/example_dags/example_branch_python_dop_operator_3.py for tasks to queue
[2023-10-03T15:05:34.166+0000] {logging_mixin.py:151} INFO - [2023-10-03T15:05:34.166+0000] {dagbag.py:539} INFO - Filling up the DagBag from /home/airflow/.local/lib/python3.8/site-packages/airflow/example_dags/example_branch_python_dop_operator_3.py
[2023-10-03T15:05:34.179+0000] {processor.py:839} INFO - DAG(s) dict_keys(['example_branch_dop_operator_v3']) retrieved from /home/airflow/.local/lib/python3.8/site-packages/airflow/example_dags/example_branch_python_dop_operator_3.py
[2023-10-03T15:05:34.209+0000] {logging_mixin.py:151} INFO - [2023-10-03T15:05:34.209+0000] {dag.py:2915} INFO - Sync 1 DAGs
[2023-10-03T15:05:34.243+0000] {logging_mixin.py:151} INFO - [2023-10-03T15:05:34.243+0000] {dag.py:3696} INFO - Setting next_dagrun for example_branch_dop_operator_v3 to 2023-10-03T15:04:00+00:00, run_after=2023-10-03T15:05:00+00:00
[2023-10-03T15:05:34.271+0000] {processor.py:179} INFO - Processing /home/airflow/.local/lib/python3.8/site-packages/airflow/example_dags/example_branch_python_dop_operator_3.py took 0.116 seconds
[2023-10-03T15:06:08.258+0000] {processor.py:157} INFO - Started process (PID=33) to work on /home/airflow/.local/lib/python3.8/site-packages/airflow/example_dags/example_branch_python_dop_operator_3.py
[2023-10-03T15:06:08.260+0000] {processor.py:829} INFO - Processing file /home/airflow/.local/lib/python3.8/site-packages/airflow/example_dags/example_branch_python_dop_operator_3.py for tasks to queue
[2023-10-03T15:06:08.263+0000] {logging_mixin.py:151} INFO - [2023-10-03T15:06:08.262+0000] {dagbag.py:539} INFO - Filling up the DagBag from /home/airflow/.local/lib/python3.8/site-packages/airflow/example_dags/example_branch_python_dop_operator_3.py
[2023-10-03T15:06:08.278+0000] {processor.py:839} INFO - DAG(s) dict_keys(['example_branch_dop_operator_v3']) retrieved from /home/airflow/.local/lib/python3.8/site-packages/airflow/example_dags/example_branch_python_dop_operator_3.py
[2023-10-03T15:06:08.485+0000] {logging_mixin.py:151} INFO - [2023-10-03T15:06:08.484+0000] {dag.py:2915} INFO - Sync 1 DAGs
[2023-10-03T15:06:08.520+0000] {logging_mixin.py:151} INFO - [2023-10-03T15:06:08.520+0000] {dag.py:3696} INFO - Setting next_dagrun for example_branch_dop_operator_v3 to 2023-10-03T15:05:00+00:00, run_after=2023-10-03T15:06:00+00:00
[2023-10-03T15:06:08.545+0000] {processor.py:179} INFO - Processing /home/airflow/.local/lib/python3.8/site-packages/airflow/example_dags/example_branch_python_dop_operator_3.py took 0.292 seconds
[2023-10-03T15:06:38.898+0000] {processor.py:157} INFO - Started process (PID=87) to work on /home/airflow/.local/lib/python3.8/site-packages/airflow/example_dags/example_branch_python_dop_operator_3.py
[2023-10-03T15:06:38.900+0000] {processor.py:829} INFO - Processing file /home/airflow/.local/lib/python3.8/site-packages/airflow/example_dags/example_branch_python_dop_operator_3.py for tasks to queue
[2023-10-03T15:06:38.904+0000] {logging_mixin.py:151} INFO - [2023-10-03T15:06:38.904+0000] {dagbag.py:539} INFO - Filling up the DagBag from /home/airflow/.local/lib/python3.8/site-packages/airflow/example_dags/example_branch_python_dop_operator_3.py
[2023-10-03T15:06:38.921+0000] {processor.py:839} INFO - DAG(s) dict_keys(['example_branch_dop_operator_v3']) retrieved from /home/airflow/.local/lib/python3.8/site-packages/airflow/example_dags/example_branch_python_dop_operator_3.py
[2023-10-03T15:06:38.958+0000] {logging_mixin.py:151} INFO - [2023-10-03T15:06:38.958+0000] {dag.py:2915} INFO - Sync 1 DAGs
[2023-10-03T15:06:38.998+0000] {logging_mixin.py:151} INFO - [2023-10-03T15:06:38.998+0000] {dag.py:3696} INFO - Setting next_dagrun for example_branch_dop_operator_v3 to 2023-10-03T15:05:00+00:00, run_after=2023-10-03T15:06:00+00:00
[2023-10-03T15:06:39.020+0000] {processor.py:179} INFO - Processing /home/airflow/.local/lib/python3.8/site-packages/airflow/example_dags/example_branch_python_dop_operator_3.py took 0.128 seconds
[2023-10-03T15:07:09.096+0000] {processor.py:157} INFO - Started process (PID=141) to work on /home/airflow/.local/lib/python3.8/site-packages/airflow/example_dags/example_branch_python_dop_operator_3.py
[2023-10-03T15:07:09.098+0000] {processor.py:829} INFO - Processing file /home/airflow/.local/lib/python3.8/site-packages/airflow/example_dags/example_branch_python_dop_operator_3.py for tasks to queue
[2023-10-03T15:07:09.102+0000] {logging_mixin.py:151} INFO - [2023-10-03T15:07:09.101+0000] {dagbag.py:539} INFO - Filling up the DagBag from /home/airflow/.local/lib/python3.8/site-packages/airflow/example_dags/example_branch_python_dop_operator_3.py
[2023-10-03T15:07:09.118+0000] {processor.py:839} INFO - DAG(s) dict_keys(['example_branch_dop_operator_v3']) retrieved from /home/airflow/.local/lib/python3.8/site-packages/airflow/example_dags/example_branch_python_dop_operator_3.py
[2023-10-03T15:07:09.147+0000] {logging_mixin.py:151} INFO - [2023-10-03T15:07:09.147+0000] {dag.py:2915} INFO - Sync 1 DAGs
[2023-10-03T15:07:09.197+0000] {logging_mixin.py:151} INFO - [2023-10-03T15:07:09.196+0000] {dag.py:3696} INFO - Setting next_dagrun for example_branch_dop_operator_v3 to 2023-10-03T15:06:00+00:00, run_after=2023-10-03T15:07:00+00:00
[2023-10-03T15:07:09.228+0000] {processor.py:179} INFO - Processing /home/airflow/.local/lib/python3.8/site-packages/airflow/example_dags/example_branch_python_dop_operator_3.py took 0.139 seconds
[2023-10-03T15:07:39.574+0000] {processor.py:157} INFO - Started process (PID=195) to work on /home/airflow/.local/lib/python3.8/site-packages/airflow/example_dags/example_branch_python_dop_operator_3.py
[2023-10-03T15:07:39.575+0000] {processor.py:829} INFO - Processing file /home/airflow/.local/lib/python3.8/site-packages/airflow/example_dags/example_branch_python_dop_operator_3.py for tasks to queue
[2023-10-03T15:07:39.578+0000] {logging_mixin.py:151} INFO - [2023-10-03T15:07:39.578+0000] {dagbag.py:539} INFO - Filling up the DagBag from /home/airflow/.local/lib/python3.8/site-packages/airflow/example_dags/example_branch_python_dop_operator_3.py
[2023-10-03T15:07:39.591+0000] {processor.py:839} INFO - DAG(s) dict_keys(['example_branch_dop_operator_v3']) retrieved from /home/airflow/.local/lib/python3.8/site-packages/airflow/example_dags/example_branch_python_dop_operator_3.py
[2023-10-03T15:07:39.621+0000] {logging_mixin.py:151} INFO - [2023-10-03T15:07:39.621+0000] {dag.py:2915} INFO - Sync 1 DAGs
[2023-10-03T15:07:39.661+0000] {logging_mixin.py:151} INFO - [2023-10-03T15:07:39.661+0000] {dag.py:3696} INFO - Setting next_dagrun for example_branch_dop_operator_v3 to 2023-10-03T15:06:00+00:00, run_after=2023-10-03T15:07:00+00:00
[2023-10-03T15:07:39.683+0000] {processor.py:179} INFO - Processing /home/airflow/.local/lib/python3.8/site-packages/airflow/example_dags/example_branch_python_dop_operator_3.py took 0.114 seconds
[2023-10-03T15:08:10.117+0000] {processor.py:157} INFO - Started process (PID=248) to work on /home/airflow/.local/lib/python3.8/site-packages/airflow/example_dags/example_branch_python_dop_operator_3.py
[2023-10-03T15:08:10.119+0000] {processor.py:829} INFO - Processing file /home/airflow/.local/lib/python3.8/site-packages/airflow/example_dags/example_branch_python_dop_operator_3.py for tasks to queue
[2023-10-03T15:08:10.123+0000] {logging_mixin.py:151} INFO - [2023-10-03T15:08:10.123+0000] {dagbag.py:539} INFO - Filling up the DagBag from /home/airflow/.local/lib/python3.8/site-packages/airflow/example_dags/example_branch_python_dop_operator_3.py
[2023-10-03T15:08:10.140+0000] {processor.py:839} INFO - DAG(s) dict_keys(['example_branch_dop_operator_v3']) retrieved from /home/airflow/.local/lib/python3.8/site-packages/airflow/example_dags/example_branch_python_dop_operator_3.py
[2023-10-03T15:08:10.175+0000] {logging_mixin.py:151} INFO - [2023-10-03T15:08:10.175+0000] {dag.py:2915} INFO - Sync 1 DAGs
[2023-10-03T15:08:10.232+0000] {logging_mixin.py:151} INFO - [2023-10-03T15:08:10.231+0000] {dag.py:3696} INFO - Setting next_dagrun for example_branch_dop_operator_v3 to 2023-10-03T15:07:00+00:00, run_after=2023-10-03T15:08:00+00:00
[2023-10-03T15:08:10.262+0000] {processor.py:179} INFO - Processing /home/airflow/.local/lib/python3.8/site-packages/airflow/example_dags/example_branch_python_dop_operator_3.py took 0.152 seconds
[2023-10-03T15:08:40.637+0000] {processor.py:157} INFO - Started process (PID=302) to work on /home/airflow/.local/lib/python3.8/site-packages/airflow/example_dags/example_branch_python_dop_operator_3.py
[2023-10-03T15:08:40.640+0000] {processor.py:829} INFO - Processing file /home/airflow/.local/lib/python3.8/site-packages/airflow/example_dags/example_branch_python_dop_operator_3.py for tasks to queue
[2023-10-03T15:08:40.644+0000] {logging_mixin.py:151} INFO - [2023-10-03T15:08:40.643+0000] {dagbag.py:539} INFO - Filling up the DagBag from /home/airflow/.local/lib/python3.8/site-packages/airflow/example_dags/example_branch_python_dop_operator_3.py
[2023-10-03T15:08:40.661+0000] {processor.py:839} INFO - DAG(s) dict_keys(['example_branch_dop_operator_v3']) retrieved from /home/airflow/.local/lib/python3.8/site-packages/airflow/example_dags/example_branch_python_dop_operator_3.py
[2023-10-03T15:08:40.706+0000] {logging_mixin.py:151} INFO - [2023-10-03T15:08:40.705+0000] {dag.py:2915} INFO - Sync 1 DAGs
[2023-10-03T15:08:40.763+0000] {logging_mixin.py:151} INFO - [2023-10-03T15:08:40.763+0000] {dag.py:3696} INFO - Setting next_dagrun for example_branch_dop_operator_v3 to 2023-10-03T15:07:00+00:00, run_after=2023-10-03T15:08:00+00:00
[2023-10-03T15:08:40.792+0000] {processor.py:179} INFO - Processing /home/airflow/.local/lib/python3.8/site-packages/airflow/example_dags/example_branch_python_dop_operator_3.py took 0.164 seconds
[2023-10-03T15:09:10.883+0000] {processor.py:157} INFO - Started process (PID=356) to work on /home/airflow/.local/lib/python3.8/site-packages/airflow/example_dags/example_branch_python_dop_operator_3.py
[2023-10-03T15:09:10.884+0000] {processor.py:829} INFO - Processing file /home/airflow/.local/lib/python3.8/site-packages/airflow/example_dags/example_branch_python_dop_operator_3.py for tasks to queue
[2023-10-03T15:09:10.887+0000] {logging_mixin.py:151} INFO - [2023-10-03T15:09:10.886+0000] {dagbag.py:539} INFO - Filling up the DagBag from /home/airflow/.local/lib/python3.8/site-packages/airflow/example_dags/example_branch_python_dop_operator_3.py
[2023-10-03T15:09:10.899+0000] {processor.py:839} INFO - DAG(s) dict_keys(['example_branch_dop_operator_v3']) retrieved from /home/airflow/.local/lib/python3.8/site-packages/airflow/example_dags/example_branch_python_dop_operator_3.py
[2023-10-03T15:09:10.927+0000] {logging_mixin.py:151} INFO - [2023-10-03T15:09:10.927+0000] {dag.py:2915} INFO - Sync 1 DAGs
[2023-10-03T15:09:10.962+0000] {logging_mixin.py:151} INFO - [2023-10-03T15:09:10.962+0000] {dag.py:3696} INFO - Setting next_dagrun for example_branch_dop_operator_v3 to 2023-10-03T15:08:00+00:00, run_after=2023-10-03T15:09:00+00:00
[2023-10-03T15:09:10.984+0000] {processor.py:179} INFO - Processing /home/airflow/.local/lib/python3.8/site-packages/airflow/example_dags/example_branch_python_dop_operator_3.py took 0.107 seconds
