[2023-10-03T15:03:33.507+0000] {processor.py:157} INFO - Started process (PID=42) to work on /home/airflow/.local/lib/python3.8/site-packages/airflow/example_dags/example_python_operator.py
[2023-10-03T15:03:33.509+0000] {processor.py:829} INFO - Processing file /home/airflow/.local/lib/python3.8/site-packages/airflow/example_dags/example_python_operator.py for tasks to queue
[2023-10-03T15:03:33.513+0000] {logging_mixin.py:151} INFO - [2023-10-03T15:03:33.512+0000] {dagbag.py:539} INFO - Filling up the DagBag from /home/airflow/.local/lib/python3.8/site-packages/airflow/example_dags/example_python_operator.py
[2023-10-03T15:03:33.538+0000] {processor.py:839} INFO - DAG(s) dict_keys(['example_python_operator']) retrieved from /home/airflow/.local/lib/python3.8/site-packages/airflow/example_dags/example_python_operator.py
[2023-10-03T15:03:33.562+0000] {logging_mixin.py:151} INFO - [2023-10-03T15:03:33.561+0000] {dag.py:2915} INFO - Sync 1 DAGs
[2023-10-03T15:03:33.604+0000] {logging_mixin.py:151} INFO - [2023-10-03T15:03:33.604+0000] {dag.py:3696} INFO - Setting next_dagrun for example_python_operator to None, run_after=None
[2023-10-03T15:03:33.660+0000] {processor.py:179} INFO - Processing /home/airflow/.local/lib/python3.8/site-packages/airflow/example_dags/example_python_operator.py took 0.159 seconds
[2023-10-03T15:04:03.745+0000] {processor.py:157} INFO - Started process (PID=96) to work on /home/airflow/.local/lib/python3.8/site-packages/airflow/example_dags/example_python_operator.py
[2023-10-03T15:04:03.748+0000] {processor.py:829} INFO - Processing file /home/airflow/.local/lib/python3.8/site-packages/airflow/example_dags/example_python_operator.py for tasks to queue
[2023-10-03T15:04:03.752+0000] {logging_mixin.py:151} INFO - [2023-10-03T15:04:03.751+0000] {dagbag.py:539} INFO - Filling up the DagBag from /home/airflow/.local/lib/python3.8/site-packages/airflow/example_dags/example_python_operator.py
[2023-10-03T15:04:03.769+0000] {processor.py:839} INFO - DAG(s) dict_keys(['example_python_operator']) retrieved from /home/airflow/.local/lib/python3.8/site-packages/airflow/example_dags/example_python_operator.py
[2023-10-03T15:04:03.792+0000] {logging_mixin.py:151} INFO - [2023-10-03T15:04:03.791+0000] {dag.py:2915} INFO - Sync 1 DAGs
[2023-10-03T15:04:03.817+0000] {logging_mixin.py:151} INFO - [2023-10-03T15:04:03.817+0000] {dag.py:3696} INFO - Setting next_dagrun for example_python_operator to None, run_after=None
[2023-10-03T15:04:03.849+0000] {processor.py:179} INFO - Processing /home/airflow/.local/lib/python3.8/site-packages/airflow/example_dags/example_python_operator.py took 0.110 seconds
[2023-10-03T15:04:34.272+0000] {processor.py:157} INFO - Started process (PID=150) to work on /home/airflow/.local/lib/python3.8/site-packages/airflow/example_dags/example_python_operator.py
[2023-10-03T15:04:34.274+0000] {processor.py:829} INFO - Processing file /home/airflow/.local/lib/python3.8/site-packages/airflow/example_dags/example_python_operator.py for tasks to queue
[2023-10-03T15:04:34.277+0000] {logging_mixin.py:151} INFO - [2023-10-03T15:04:34.277+0000] {dagbag.py:539} INFO - Filling up the DagBag from /home/airflow/.local/lib/python3.8/site-packages/airflow/example_dags/example_python_operator.py
[2023-10-03T15:04:34.297+0000] {processor.py:839} INFO - DAG(s) dict_keys(['example_python_operator']) retrieved from /home/airflow/.local/lib/python3.8/site-packages/airflow/example_dags/example_python_operator.py
[2023-10-03T15:04:34.526+0000] {logging_mixin.py:151} INFO - [2023-10-03T15:04:34.526+0000] {security.py:708} INFO - Not syncing DAG-level permissions for DAG 'DAG:example_python_operator' as access control is unset.
[2023-10-03T15:04:34.526+0000] {logging_mixin.py:151} INFO - [2023-10-03T15:04:34.526+0000] {dag.py:2915} INFO - Sync 1 DAGs
[2023-10-03T15:04:34.541+0000] {logging_mixin.py:151} INFO - [2023-10-03T15:04:34.541+0000] {dag.py:3696} INFO - Setting next_dagrun for example_python_operator to None, run_after=None
[2023-10-03T15:04:34.568+0000] {processor.py:179} INFO - Processing /home/airflow/.local/lib/python3.8/site-packages/airflow/example_dags/example_python_operator.py took 0.302 seconds
[2023-10-03T15:05:04.612+0000] {processor.py:157} INFO - Started process (PID=206) to work on /home/airflow/.local/lib/python3.8/site-packages/airflow/example_dags/example_python_operator.py
[2023-10-03T15:05:04.614+0000] {processor.py:829} INFO - Processing file /home/airflow/.local/lib/python3.8/site-packages/airflow/example_dags/example_python_operator.py for tasks to queue
[2023-10-03T15:05:04.618+0000] {logging_mixin.py:151} INFO - [2023-10-03T15:05:04.617+0000] {dagbag.py:539} INFO - Filling up the DagBag from /home/airflow/.local/lib/python3.8/site-packages/airflow/example_dags/example_python_operator.py
[2023-10-03T15:05:04.632+0000] {processor.py:839} INFO - DAG(s) dict_keys(['example_python_operator']) retrieved from /home/airflow/.local/lib/python3.8/site-packages/airflow/example_dags/example_python_operator.py
[2023-10-03T15:05:04.664+0000] {logging_mixin.py:151} INFO - [2023-10-03T15:05:04.664+0000] {dag.py:2915} INFO - Sync 1 DAGs
[2023-10-03T15:05:04.681+0000] {logging_mixin.py:151} INFO - [2023-10-03T15:05:04.680+0000] {dag.py:3696} INFO - Setting next_dagrun for example_python_operator to None, run_after=None
[2023-10-03T15:05:04.705+0000] {processor.py:179} INFO - Processing /home/airflow/.local/lib/python3.8/site-packages/airflow/example_dags/example_python_operator.py took 0.098 seconds
[2023-10-03T15:05:34.750+0000] {processor.py:157} INFO - Started process (PID=260) to work on /home/airflow/.local/lib/python3.8/site-packages/airflow/example_dags/example_python_operator.py
[2023-10-03T15:05:34.752+0000] {processor.py:829} INFO - Processing file /home/airflow/.local/lib/python3.8/site-packages/airflow/example_dags/example_python_operator.py for tasks to queue
[2023-10-03T15:05:34.755+0000] {logging_mixin.py:151} INFO - [2023-10-03T15:05:34.755+0000] {dagbag.py:539} INFO - Filling up the DagBag from /home/airflow/.local/lib/python3.8/site-packages/airflow/example_dags/example_python_operator.py
[2023-10-03T15:05:34.769+0000] {processor.py:839} INFO - DAG(s) dict_keys(['example_python_operator']) retrieved from /home/airflow/.local/lib/python3.8/site-packages/airflow/example_dags/example_python_operator.py
[2023-10-03T15:05:34.801+0000] {logging_mixin.py:151} INFO - [2023-10-03T15:05:34.800+0000] {dag.py:2915} INFO - Sync 1 DAGs
[2023-10-03T15:05:34.817+0000] {logging_mixin.py:151} INFO - [2023-10-03T15:05:34.817+0000] {dag.py:3696} INFO - Setting next_dagrun for example_python_operator to None, run_after=None
[2023-10-03T15:05:34.840+0000] {processor.py:179} INFO - Processing /home/airflow/.local/lib/python3.8/site-packages/airflow/example_dags/example_python_operator.py took 0.095 seconds
[2023-10-03T15:06:09.376+0000] {processor.py:157} INFO - Started process (PID=40) to work on /home/airflow/.local/lib/python3.8/site-packages/airflow/example_dags/example_python_operator.py
[2023-10-03T15:06:09.378+0000] {processor.py:829} INFO - Processing file /home/airflow/.local/lib/python3.8/site-packages/airflow/example_dags/example_python_operator.py for tasks to queue
[2023-10-03T15:06:09.382+0000] {logging_mixin.py:151} INFO - [2023-10-03T15:06:09.381+0000] {dagbag.py:539} INFO - Filling up the DagBag from /home/airflow/.local/lib/python3.8/site-packages/airflow/example_dags/example_python_operator.py
[2023-10-03T15:06:09.396+0000] {processor.py:839} INFO - DAG(s) dict_keys(['example_python_operator']) retrieved from /home/airflow/.local/lib/python3.8/site-packages/airflow/example_dags/example_python_operator.py
[2023-10-03T15:06:09.574+0000] {logging_mixin.py:151} INFO - [2023-10-03T15:06:09.574+0000] {security.py:708} INFO - Not syncing DAG-level permissions for DAG 'DAG:example_python_operator' as access control is unset.
[2023-10-03T15:06:09.574+0000] {logging_mixin.py:151} INFO - [2023-10-03T15:06:09.574+0000] {dag.py:2915} INFO - Sync 1 DAGs
[2023-10-03T15:06:09.588+0000] {logging_mixin.py:151} INFO - [2023-10-03T15:06:09.588+0000] {dag.py:3696} INFO - Setting next_dagrun for example_python_operator to None, run_after=None
[2023-10-03T15:06:09.613+0000] {processor.py:179} INFO - Processing /home/airflow/.local/lib/python3.8/site-packages/airflow/example_dags/example_python_operator.py took 0.242 seconds
[2023-10-03T15:06:40.470+0000] {processor.py:157} INFO - Started process (PID=94) to work on /home/airflow/.local/lib/python3.8/site-packages/airflow/example_dags/example_python_operator.py
[2023-10-03T15:06:40.471+0000] {processor.py:829} INFO - Processing file /home/airflow/.local/lib/python3.8/site-packages/airflow/example_dags/example_python_operator.py for tasks to queue
[2023-10-03T15:06:40.475+0000] {logging_mixin.py:151} INFO - [2023-10-03T15:06:40.474+0000] {dagbag.py:539} INFO - Filling up the DagBag from /home/airflow/.local/lib/python3.8/site-packages/airflow/example_dags/example_python_operator.py
[2023-10-03T15:06:40.494+0000] {processor.py:839} INFO - DAG(s) dict_keys(['example_python_operator']) retrieved from /home/airflow/.local/lib/python3.8/site-packages/airflow/example_dags/example_python_operator.py
[2023-10-03T15:06:40.515+0000] {logging_mixin.py:151} INFO - [2023-10-03T15:06:40.514+0000] {dag.py:2915} INFO - Sync 1 DAGs
[2023-10-03T15:06:40.538+0000] {logging_mixin.py:151} INFO - [2023-10-03T15:06:40.538+0000] {dag.py:3696} INFO - Setting next_dagrun for example_python_operator to None, run_after=None
[2023-10-03T15:06:40.569+0000] {processor.py:179} INFO - Processing /home/airflow/.local/lib/python3.8/site-packages/airflow/example_dags/example_python_operator.py took 0.105 seconds
[2023-10-03T15:07:10.709+0000] {processor.py:157} INFO - Started process (PID=148) to work on /home/airflow/.local/lib/python3.8/site-packages/airflow/example_dags/example_python_operator.py
[2023-10-03T15:07:10.711+0000] {processor.py:829} INFO - Processing file /home/airflow/.local/lib/python3.8/site-packages/airflow/example_dags/example_python_operator.py for tasks to queue
[2023-10-03T15:07:10.714+0000] {logging_mixin.py:151} INFO - [2023-10-03T15:07:10.714+0000] {dagbag.py:539} INFO - Filling up the DagBag from /home/airflow/.local/lib/python3.8/site-packages/airflow/example_dags/example_python_operator.py
[2023-10-03T15:07:10.734+0000] {processor.py:839} INFO - DAG(s) dict_keys(['example_python_operator']) retrieved from /home/airflow/.local/lib/python3.8/site-packages/airflow/example_dags/example_python_operator.py
[2023-10-03T15:07:10.923+0000] {logging_mixin.py:151} INFO - [2023-10-03T15:07:10.922+0000] {security.py:708} INFO - Not syncing DAG-level permissions for DAG 'DAG:example_python_operator' as access control is unset.
[2023-10-03T15:07:10.923+0000] {logging_mixin.py:151} INFO - [2023-10-03T15:07:10.923+0000] {dag.py:2915} INFO - Sync 1 DAGs
[2023-10-03T15:07:10.944+0000] {logging_mixin.py:151} INFO - [2023-10-03T15:07:10.944+0000] {dag.py:3696} INFO - Setting next_dagrun for example_python_operator to None, run_after=None
[2023-10-03T15:07:10.976+0000] {processor.py:179} INFO - Processing /home/airflow/.local/lib/python3.8/site-packages/airflow/example_dags/example_python_operator.py took 0.274 seconds
[2023-10-03T15:07:41.040+0000] {processor.py:157} INFO - Started process (PID=202) to work on /home/airflow/.local/lib/python3.8/site-packages/airflow/example_dags/example_python_operator.py
[2023-10-03T15:07:41.041+0000] {processor.py:829} INFO - Processing file /home/airflow/.local/lib/python3.8/site-packages/airflow/example_dags/example_python_operator.py for tasks to queue
[2023-10-03T15:07:41.044+0000] {logging_mixin.py:151} INFO - [2023-10-03T15:07:41.043+0000] {dagbag.py:539} INFO - Filling up the DagBag from /home/airflow/.local/lib/python3.8/site-packages/airflow/example_dags/example_python_operator.py
[2023-10-03T15:07:41.058+0000] {processor.py:839} INFO - DAG(s) dict_keys(['example_python_operator']) retrieved from /home/airflow/.local/lib/python3.8/site-packages/airflow/example_dags/example_python_operator.py
[2023-10-03T15:07:41.089+0000] {logging_mixin.py:151} INFO - [2023-10-03T15:07:41.089+0000] {dag.py:2915} INFO - Sync 1 DAGs
[2023-10-03T15:07:41.106+0000] {logging_mixin.py:151} INFO - [2023-10-03T15:07:41.105+0000] {dag.py:3696} INFO - Setting next_dagrun for example_python_operator to None, run_after=None
[2023-10-03T15:07:41.131+0000] {processor.py:179} INFO - Processing /home/airflow/.local/lib/python3.8/site-packages/airflow/example_dags/example_python_operator.py took 0.096 seconds
[2023-10-03T15:08:11.627+0000] {processor.py:157} INFO - Started process (PID=255) to work on /home/airflow/.local/lib/python3.8/site-packages/airflow/example_dags/example_python_operator.py
[2023-10-03T15:08:11.632+0000] {processor.py:829} INFO - Processing file /home/airflow/.local/lib/python3.8/site-packages/airflow/example_dags/example_python_operator.py for tasks to queue
[2023-10-03T15:08:11.635+0000] {logging_mixin.py:151} INFO - [2023-10-03T15:08:11.635+0000] {dagbag.py:539} INFO - Filling up the DagBag from /home/airflow/.local/lib/python3.8/site-packages/airflow/example_dags/example_python_operator.py
[2023-10-03T15:08:11.649+0000] {processor.py:839} INFO - DAG(s) dict_keys(['example_python_operator']) retrieved from /home/airflow/.local/lib/python3.8/site-packages/airflow/example_dags/example_python_operator.py
[2023-10-03T15:08:11.682+0000] {logging_mixin.py:151} INFO - [2023-10-03T15:08:11.681+0000] {dag.py:2915} INFO - Sync 1 DAGs
[2023-10-03T15:08:11.697+0000] {logging_mixin.py:151} INFO - [2023-10-03T15:08:11.697+0000] {dag.py:3696} INFO - Setting next_dagrun for example_python_operator to None, run_after=None
[2023-10-03T15:08:11.725+0000] {processor.py:179} INFO - Processing /home/airflow/.local/lib/python3.8/site-packages/airflow/example_dags/example_python_operator.py took 0.103 seconds
[2023-10-03T15:08:42.236+0000] {processor.py:157} INFO - Started process (PID=309) to work on /home/airflow/.local/lib/python3.8/site-packages/airflow/example_dags/example_python_operator.py
[2023-10-03T15:08:42.238+0000] {processor.py:829} INFO - Processing file /home/airflow/.local/lib/python3.8/site-packages/airflow/example_dags/example_python_operator.py for tasks to queue
[2023-10-03T15:08:42.242+0000] {logging_mixin.py:151} INFO - [2023-10-03T15:08:42.241+0000] {dagbag.py:539} INFO - Filling up the DagBag from /home/airflow/.local/lib/python3.8/site-packages/airflow/example_dags/example_python_operator.py
[2023-10-03T15:08:42.262+0000] {processor.py:839} INFO - DAG(s) dict_keys(['example_python_operator']) retrieved from /home/airflow/.local/lib/python3.8/site-packages/airflow/example_dags/example_python_operator.py
[2023-10-03T15:08:42.300+0000] {logging_mixin.py:151} INFO - [2023-10-03T15:08:42.300+0000] {dag.py:2915} INFO - Sync 1 DAGs
[2023-10-03T15:08:42.318+0000] {logging_mixin.py:151} INFO - [2023-10-03T15:08:42.318+0000] {dag.py:3696} INFO - Setting next_dagrun for example_python_operator to None, run_after=None
[2023-10-03T15:08:42.341+0000] {processor.py:179} INFO - Processing /home/airflow/.local/lib/python3.8/site-packages/airflow/example_dags/example_python_operator.py took 0.112 seconds
[2023-10-03T15:09:12.480+0000] {processor.py:157} INFO - Started process (PID=363) to work on /home/airflow/.local/lib/python3.8/site-packages/airflow/example_dags/example_python_operator.py
[2023-10-03T15:09:12.481+0000] {processor.py:829} INFO - Processing file /home/airflow/.local/lib/python3.8/site-packages/airflow/example_dags/example_python_operator.py for tasks to queue
[2023-10-03T15:09:12.484+0000] {logging_mixin.py:151} INFO - [2023-10-03T15:09:12.483+0000] {dagbag.py:539} INFO - Filling up the DagBag from /home/airflow/.local/lib/python3.8/site-packages/airflow/example_dags/example_python_operator.py
[2023-10-03T15:09:12.498+0000] {processor.py:839} INFO - DAG(s) dict_keys(['example_python_operator']) retrieved from /home/airflow/.local/lib/python3.8/site-packages/airflow/example_dags/example_python_operator.py
[2023-10-03T15:09:12.532+0000] {logging_mixin.py:151} INFO - [2023-10-03T15:09:12.532+0000] {dag.py:2915} INFO - Sync 1 DAGs
[2023-10-03T15:09:12.550+0000] {logging_mixin.py:151} INFO - [2023-10-03T15:09:12.550+0000] {dag.py:3696} INFO - Setting next_dagrun for example_python_operator to None, run_after=None
[2023-10-03T15:09:12.572+0000] {processor.py:179} INFO - Processing /home/airflow/.local/lib/python3.8/site-packages/airflow/example_dags/example_python_operator.py took 0.098 seconds
