[2023-10-03T15:03:34.879+0000] {processor.py:157} INFO - Started process (PID=56) to work on /home/airflow/.local/lib/python3.8/site-packages/airflow/example_dags/example_local_kubernetes_executor.py
[2023-10-03T15:03:34.880+0000] {processor.py:829} INFO - Processing file /home/airflow/.local/lib/python3.8/site-packages/airflow/example_dags/example_local_kubernetes_executor.py for tasks to queue
[2023-10-03T15:03:34.883+0000] {logging_mixin.py:151} INFO - [2023-10-03T15:03:34.883+0000] {dagbag.py:539} INFO - Filling up the DagBag from /home/airflow/.local/lib/python3.8/site-packages/airflow/example_dags/example_local_kubernetes_executor.py
[2023-10-03T15:03:37.028+0000] {processor.py:839} INFO - DAG(s) dict_keys(['example_local_kubernetes_executor']) retrieved from /home/airflow/.local/lib/python3.8/site-packages/airflow/example_dags/example_local_kubernetes_executor.py
[2023-10-03T15:03:37.051+0000] {logging_mixin.py:151} INFO - [2023-10-03T15:03:37.050+0000] {dag.py:2915} INFO - Sync 1 DAGs
[2023-10-03T15:03:37.077+0000] {logging_mixin.py:151} INFO - [2023-10-03T15:03:37.076+0000] {dag.py:3696} INFO - Setting next_dagrun for example_local_kubernetes_executor to None, run_after=None
[2023-10-03T15:03:37.116+0000] {processor.py:179} INFO - Processing /home/airflow/.local/lib/python3.8/site-packages/airflow/example_dags/example_local_kubernetes_executor.py took 2.243 seconds
[2023-10-03T15:04:07.354+0000] {processor.py:157} INFO - Started process (PID=119) to work on /home/airflow/.local/lib/python3.8/site-packages/airflow/example_dags/example_local_kubernetes_executor.py
[2023-10-03T15:04:07.356+0000] {processor.py:829} INFO - Processing file /home/airflow/.local/lib/python3.8/site-packages/airflow/example_dags/example_local_kubernetes_executor.py for tasks to queue
[2023-10-03T15:04:07.359+0000] {logging_mixin.py:151} INFO - [2023-10-03T15:04:07.359+0000] {dagbag.py:539} INFO - Filling up the DagBag from /home/airflow/.local/lib/python3.8/site-packages/airflow/example_dags/example_local_kubernetes_executor.py
[2023-10-03T15:04:07.694+0000] {processor.py:839} INFO - DAG(s) dict_keys(['example_local_kubernetes_executor']) retrieved from /home/airflow/.local/lib/python3.8/site-packages/airflow/example_dags/example_local_kubernetes_executor.py
[2023-10-03T15:04:07.711+0000] {logging_mixin.py:151} INFO - [2023-10-03T15:04:07.711+0000] {dag.py:2915} INFO - Sync 1 DAGs
[2023-10-03T15:04:07.734+0000] {logging_mixin.py:151} INFO - [2023-10-03T15:04:07.734+0000] {dag.py:3696} INFO - Setting next_dagrun for example_local_kubernetes_executor to None, run_after=None
[2023-10-03T15:04:07.760+0000] {processor.py:179} INFO - Processing /home/airflow/.local/lib/python3.8/site-packages/airflow/example_dags/example_local_kubernetes_executor.py took 0.412 seconds
[2023-10-03T15:04:37.980+0000] {processor.py:157} INFO - Started process (PID=173) to work on /home/airflow/.local/lib/python3.8/site-packages/airflow/example_dags/example_local_kubernetes_executor.py
[2023-10-03T15:04:37.982+0000] {processor.py:829} INFO - Processing file /home/airflow/.local/lib/python3.8/site-packages/airflow/example_dags/example_local_kubernetes_executor.py for tasks to queue
[2023-10-03T15:04:37.985+0000] {logging_mixin.py:151} INFO - [2023-10-03T15:04:37.984+0000] {dagbag.py:539} INFO - Filling up the DagBag from /home/airflow/.local/lib/python3.8/site-packages/airflow/example_dags/example_local_kubernetes_executor.py
[2023-10-03T15:04:38.338+0000] {processor.py:839} INFO - DAG(s) dict_keys(['example_local_kubernetes_executor']) retrieved from /home/airflow/.local/lib/python3.8/site-packages/airflow/example_dags/example_local_kubernetes_executor.py
[2023-10-03T15:04:38.410+0000] {logging_mixin.py:151} INFO - [2023-10-03T15:04:38.409+0000] {dag.py:2915} INFO - Sync 1 DAGs
[2023-10-03T15:04:38.426+0000] {logging_mixin.py:151} INFO - [2023-10-03T15:04:38.426+0000] {dag.py:3696} INFO - Setting next_dagrun for example_local_kubernetes_executor to None, run_after=None
[2023-10-03T15:04:38.451+0000] {processor.py:179} INFO - Processing /home/airflow/.local/lib/python3.8/site-packages/airflow/example_dags/example_local_kubernetes_executor.py took 0.475 seconds
[2023-10-03T15:05:09.309+0000] {processor.py:157} INFO - Started process (PID=228) to work on /home/airflow/.local/lib/python3.8/site-packages/airflow/example_dags/example_local_kubernetes_executor.py
[2023-10-03T15:05:09.311+0000] {processor.py:829} INFO - Processing file /home/airflow/.local/lib/python3.8/site-packages/airflow/example_dags/example_local_kubernetes_executor.py for tasks to queue
[2023-10-03T15:05:09.315+0000] {logging_mixin.py:151} INFO - [2023-10-03T15:05:09.315+0000] {dagbag.py:539} INFO - Filling up the DagBag from /home/airflow/.local/lib/python3.8/site-packages/airflow/example_dags/example_local_kubernetes_executor.py
[2023-10-03T15:05:09.676+0000] {processor.py:839} INFO - DAG(s) dict_keys(['example_local_kubernetes_executor']) retrieved from /home/airflow/.local/lib/python3.8/site-packages/airflow/example_dags/example_local_kubernetes_executor.py
[2023-10-03T15:05:09.729+0000] {logging_mixin.py:151} INFO - [2023-10-03T15:05:09.729+0000] {dag.py:2915} INFO - Sync 1 DAGs
[2023-10-03T15:05:09.746+0000] {logging_mixin.py:151} INFO - [2023-10-03T15:05:09.745+0000] {dag.py:3696} INFO - Setting next_dagrun for example_local_kubernetes_executor to None, run_after=None
[2023-10-03T15:05:09.769+0000] {processor.py:179} INFO - Processing /home/airflow/.local/lib/python3.8/site-packages/airflow/example_dags/example_local_kubernetes_executor.py took 0.466 seconds
[2023-10-03T15:05:39.861+0000] {processor.py:157} INFO - Started process (PID=283) to work on /home/airflow/.local/lib/python3.8/site-packages/airflow/example_dags/example_local_kubernetes_executor.py
[2023-10-03T15:05:39.862+0000] {processor.py:829} INFO - Processing file /home/airflow/.local/lib/python3.8/site-packages/airflow/example_dags/example_local_kubernetes_executor.py for tasks to queue
[2023-10-03T15:05:39.866+0000] {logging_mixin.py:151} INFO - [2023-10-03T15:05:39.865+0000] {dagbag.py:539} INFO - Filling up the DagBag from /home/airflow/.local/lib/python3.8/site-packages/airflow/example_dags/example_local_kubernetes_executor.py
[2023-10-03T15:05:40.207+0000] {processor.py:839} INFO - DAG(s) dict_keys(['example_local_kubernetes_executor']) retrieved from /home/airflow/.local/lib/python3.8/site-packages/airflow/example_dags/example_local_kubernetes_executor.py
[2023-10-03T15:05:40.258+0000] {logging_mixin.py:151} INFO - [2023-10-03T15:05:40.257+0000] {dag.py:2915} INFO - Sync 1 DAGs
[2023-10-03T15:05:40.276+0000] {logging_mixin.py:151} INFO - [2023-10-03T15:05:40.275+0000] {dag.py:3696} INFO - Setting next_dagrun for example_local_kubernetes_executor to None, run_after=None
[2023-10-03T15:05:40.298+0000] {processor.py:179} INFO - Processing /home/airflow/.local/lib/python3.8/site-packages/airflow/example_dags/example_local_kubernetes_executor.py took 0.442 seconds
[2023-10-03T15:06:10.692+0000] {processor.py:157} INFO - Started process (PID=54) to work on /home/airflow/.local/lib/python3.8/site-packages/airflow/example_dags/example_local_kubernetes_executor.py
[2023-10-03T15:06:10.694+0000] {processor.py:829} INFO - Processing file /home/airflow/.local/lib/python3.8/site-packages/airflow/example_dags/example_local_kubernetes_executor.py for tasks to queue
[2023-10-03T15:06:10.697+0000] {logging_mixin.py:151} INFO - [2023-10-03T15:06:10.697+0000] {dagbag.py:539} INFO - Filling up the DagBag from /home/airflow/.local/lib/python3.8/site-packages/airflow/example_dags/example_local_kubernetes_executor.py
[2023-10-03T15:06:11.082+0000] {processor.py:839} INFO - DAG(s) dict_keys(['example_local_kubernetes_executor']) retrieved from /home/airflow/.local/lib/python3.8/site-packages/airflow/example_dags/example_local_kubernetes_executor.py
[2023-10-03T15:06:11.135+0000] {logging_mixin.py:151} INFO - [2023-10-03T15:06:11.134+0000] {dag.py:2915} INFO - Sync 1 DAGs
[2023-10-03T15:06:11.158+0000] {logging_mixin.py:151} INFO - [2023-10-03T15:06:11.158+0000] {dag.py:3696} INFO - Setting next_dagrun for example_local_kubernetes_executor to None, run_after=None
[2023-10-03T15:06:11.184+0000] {processor.py:179} INFO - Processing /home/airflow/.local/lib/python3.8/site-packages/airflow/example_dags/example_local_kubernetes_executor.py took 0.498 seconds
[2023-10-03T15:06:41.551+0000] {processor.py:157} INFO - Started process (PID=109) to work on /home/airflow/.local/lib/python3.8/site-packages/airflow/example_dags/example_local_kubernetes_executor.py
[2023-10-03T15:06:41.553+0000] {processor.py:829} INFO - Processing file /home/airflow/.local/lib/python3.8/site-packages/airflow/example_dags/example_local_kubernetes_executor.py for tasks to queue
[2023-10-03T15:06:41.556+0000] {logging_mixin.py:151} INFO - [2023-10-03T15:06:41.555+0000] {dagbag.py:539} INFO - Filling up the DagBag from /home/airflow/.local/lib/python3.8/site-packages/airflow/example_dags/example_local_kubernetes_executor.py
[2023-10-03T15:06:41.987+0000] {processor.py:839} INFO - DAG(s) dict_keys(['example_local_kubernetes_executor']) retrieved from /home/airflow/.local/lib/python3.8/site-packages/airflow/example_dags/example_local_kubernetes_executor.py
[2023-10-03T15:06:42.008+0000] {logging_mixin.py:151} INFO - [2023-10-03T15:06:42.007+0000] {dag.py:2915} INFO - Sync 1 DAGs
[2023-10-03T15:06:42.033+0000] {logging_mixin.py:151} INFO - [2023-10-03T15:06:42.032+0000] {dag.py:3696} INFO - Setting next_dagrun for example_local_kubernetes_executor to None, run_after=None
[2023-10-03T15:06:42.068+0000] {processor.py:179} INFO - Processing /home/airflow/.local/lib/python3.8/site-packages/airflow/example_dags/example_local_kubernetes_executor.py took 0.523 seconds
[2023-10-03T15:07:12.405+0000] {processor.py:157} INFO - Started process (PID=165) to work on /home/airflow/.local/lib/python3.8/site-packages/airflow/example_dags/example_local_kubernetes_executor.py
[2023-10-03T15:07:12.406+0000] {processor.py:829} INFO - Processing file /home/airflow/.local/lib/python3.8/site-packages/airflow/example_dags/example_local_kubernetes_executor.py for tasks to queue
[2023-10-03T15:07:12.410+0000] {logging_mixin.py:151} INFO - [2023-10-03T15:07:12.410+0000] {dagbag.py:539} INFO - Filling up the DagBag from /home/airflow/.local/lib/python3.8/site-packages/airflow/example_dags/example_local_kubernetes_executor.py
[2023-10-03T15:07:12.920+0000] {processor.py:839} INFO - DAG(s) dict_keys(['example_local_kubernetes_executor']) retrieved from /home/airflow/.local/lib/python3.8/site-packages/airflow/example_dags/example_local_kubernetes_executor.py
[2023-10-03T15:07:12.969+0000] {logging_mixin.py:151} INFO - [2023-10-03T15:07:12.968+0000] {dag.py:2915} INFO - Sync 1 DAGs
[2023-10-03T15:07:12.987+0000] {logging_mixin.py:151} INFO - [2023-10-03T15:07:12.987+0000] {dag.py:3696} INFO - Setting next_dagrun for example_local_kubernetes_executor to None, run_after=None
[2023-10-03T15:07:13.016+0000] {processor.py:179} INFO - Processing /home/airflow/.local/lib/python3.8/site-packages/airflow/example_dags/example_local_kubernetes_executor.py took 0.618 seconds
[2023-10-03T15:07:43.440+0000] {processor.py:157} INFO - Started process (PID=222) to work on /home/airflow/.local/lib/python3.8/site-packages/airflow/example_dags/example_local_kubernetes_executor.py
[2023-10-03T15:07:43.441+0000] {processor.py:829} INFO - Processing file /home/airflow/.local/lib/python3.8/site-packages/airflow/example_dags/example_local_kubernetes_executor.py for tasks to queue
[2023-10-03T15:07:43.444+0000] {logging_mixin.py:151} INFO - [2023-10-03T15:07:43.444+0000] {dagbag.py:539} INFO - Filling up the DagBag from /home/airflow/.local/lib/python3.8/site-packages/airflow/example_dags/example_local_kubernetes_executor.py
[2023-10-03T15:07:43.817+0000] {processor.py:839} INFO - DAG(s) dict_keys(['example_local_kubernetes_executor']) retrieved from /home/airflow/.local/lib/python3.8/site-packages/airflow/example_dags/example_local_kubernetes_executor.py
[2023-10-03T15:07:43.868+0000] {logging_mixin.py:151} INFO - [2023-10-03T15:07:43.868+0000] {dag.py:2915} INFO - Sync 1 DAGs
[2023-10-03T15:07:43.884+0000] {logging_mixin.py:151} INFO - [2023-10-03T15:07:43.884+0000] {dag.py:3696} INFO - Setting next_dagrun for example_local_kubernetes_executor to None, run_after=None
[2023-10-03T15:07:43.909+0000] {processor.py:179} INFO - Processing /home/airflow/.local/lib/python3.8/site-packages/airflow/example_dags/example_local_kubernetes_executor.py took 0.474 seconds
[2023-10-03T15:08:14.097+0000] {processor.py:157} INFO - Started process (PID=273) to work on /home/airflow/.local/lib/python3.8/site-packages/airflow/example_dags/example_local_kubernetes_executor.py
[2023-10-03T15:08:14.098+0000] {processor.py:829} INFO - Processing file /home/airflow/.local/lib/python3.8/site-packages/airflow/example_dags/example_local_kubernetes_executor.py for tasks to queue
[2023-10-03T15:08:14.101+0000] {logging_mixin.py:151} INFO - [2023-10-03T15:08:14.101+0000] {dagbag.py:539} INFO - Filling up the DagBag from /home/airflow/.local/lib/python3.8/site-packages/airflow/example_dags/example_local_kubernetes_executor.py
[2023-10-03T15:08:14.446+0000] {processor.py:839} INFO - DAG(s) dict_keys(['example_local_kubernetes_executor']) retrieved from /home/airflow/.local/lib/python3.8/site-packages/airflow/example_dags/example_local_kubernetes_executor.py
[2023-10-03T15:08:14.493+0000] {logging_mixin.py:151} INFO - [2023-10-03T15:08:14.492+0000] {dag.py:2915} INFO - Sync 1 DAGs
[2023-10-03T15:08:14.509+0000] {logging_mixin.py:151} INFO - [2023-10-03T15:08:14.508+0000] {dag.py:3696} INFO - Setting next_dagrun for example_local_kubernetes_executor to None, run_after=None
[2023-10-03T15:08:14.531+0000] {processor.py:179} INFO - Processing /home/airflow/.local/lib/python3.8/site-packages/airflow/example_dags/example_local_kubernetes_executor.py took 0.440 seconds
[2023-10-03T15:08:44.656+0000] {processor.py:157} INFO - Started process (PID=327) to work on /home/airflow/.local/lib/python3.8/site-packages/airflow/example_dags/example_local_kubernetes_executor.py
[2023-10-03T15:08:44.658+0000] {processor.py:829} INFO - Processing file /home/airflow/.local/lib/python3.8/site-packages/airflow/example_dags/example_local_kubernetes_executor.py for tasks to queue
[2023-10-03T15:08:44.660+0000] {logging_mixin.py:151} INFO - [2023-10-03T15:08:44.660+0000] {dagbag.py:539} INFO - Filling up the DagBag from /home/airflow/.local/lib/python3.8/site-packages/airflow/example_dags/example_local_kubernetes_executor.py
[2023-10-03T15:08:44.995+0000] {processor.py:839} INFO - DAG(s) dict_keys(['example_local_kubernetes_executor']) retrieved from /home/airflow/.local/lib/python3.8/site-packages/airflow/example_dags/example_local_kubernetes_executor.py
[2023-10-03T15:08:45.041+0000] {logging_mixin.py:151} INFO - [2023-10-03T15:08:45.040+0000] {dag.py:2915} INFO - Sync 1 DAGs
[2023-10-03T15:08:45.059+0000] {logging_mixin.py:151} INFO - [2023-10-03T15:08:45.059+0000] {dag.py:3696} INFO - Setting next_dagrun for example_local_kubernetes_executor to None, run_after=None
[2023-10-03T15:08:45.082+0000] {processor.py:179} INFO - Processing /home/airflow/.local/lib/python3.8/site-packages/airflow/example_dags/example_local_kubernetes_executor.py took 0.432 seconds
[2023-10-03T15:09:15.382+0000] {processor.py:157} INFO - Started process (PID=381) to work on /home/airflow/.local/lib/python3.8/site-packages/airflow/example_dags/example_local_kubernetes_executor.py
[2023-10-03T15:09:15.384+0000] {processor.py:829} INFO - Processing file /home/airflow/.local/lib/python3.8/site-packages/airflow/example_dags/example_local_kubernetes_executor.py for tasks to queue
[2023-10-03T15:09:15.387+0000] {logging_mixin.py:151} INFO - [2023-10-03T15:09:15.386+0000] {dagbag.py:539} INFO - Filling up the DagBag from /home/airflow/.local/lib/python3.8/site-packages/airflow/example_dags/example_local_kubernetes_executor.py
[2023-10-03T15:09:15.738+0000] {processor.py:839} INFO - DAG(s) dict_keys(['example_local_kubernetes_executor']) retrieved from /home/airflow/.local/lib/python3.8/site-packages/airflow/example_dags/example_local_kubernetes_executor.py
[2023-10-03T15:09:15.782+0000] {logging_mixin.py:151} INFO - [2023-10-03T15:09:15.781+0000] {dag.py:2915} INFO - Sync 1 DAGs
[2023-10-03T15:09:15.798+0000] {logging_mixin.py:151} INFO - [2023-10-03T15:09:15.798+0000] {dag.py:3696} INFO - Setting next_dagrun for example_local_kubernetes_executor to None, run_after=None
[2023-10-03T15:09:15.820+0000] {processor.py:179} INFO - Processing /home/airflow/.local/lib/python3.8/site-packages/airflow/example_dags/example_local_kubernetes_executor.py took 0.445 seconds
