[2023-10-03T15:03:35.993+0000] {processor.py:157} INFO - Started process (PID=64) to work on /home/airflow/.local/lib/python3.8/site-packages/airflow/example_dags/example_branch_datetime_operator.py
[2023-10-03T15:03:35.994+0000] {processor.py:829} INFO - Processing file /home/airflow/.local/lib/python3.8/site-packages/airflow/example_dags/example_branch_datetime_operator.py for tasks to queue
[2023-10-03T15:03:35.998+0000] {logging_mixin.py:151} INFO - [2023-10-03T15:03:35.998+0000] {dagbag.py:539} INFO - Filling up the DagBag from /home/airflow/.local/lib/python3.8/site-packages/airflow/example_dags/example_branch_datetime_operator.py
[2023-10-03T15:03:36.020+0000] {processor.py:839} INFO - DAG(s) dict_keys(['example_branch_datetime_operator_2', 'example_branch_datetime_operator', 'example_branch_datetime_operator_3']) retrieved from /home/airflow/.local/lib/python3.8/site-packages/airflow/example_dags/example_branch_datetime_operator.py
[2023-10-03T15:03:36.043+0000] {logging_mixin.py:151} INFO - [2023-10-03T15:03:36.043+0000] {dag.py:2915} INFO - Sync 3 DAGs
[2023-10-03T15:03:36.090+0000] {logging_mixin.py:151} INFO - [2023-10-03T15:03:36.090+0000] {dag.py:3696} INFO - Setting next_dagrun for example_branch_datetime_operator to 2023-10-02T00:00:00+00:00, run_after=2023-10-03T00:00:00+00:00
[2023-10-03T15:03:36.100+0000] {logging_mixin.py:151} INFO - [2023-10-03T15:03:36.099+0000] {dag.py:3696} INFO - Setting next_dagrun for example_branch_datetime_operator_2 to 2023-10-02T00:00:00+00:00, run_after=2023-10-03T00:00:00+00:00
[2023-10-03T15:03:36.105+0000] {logging_mixin.py:151} INFO - [2023-10-03T15:03:36.105+0000] {dag.py:3696} INFO - Setting next_dagrun for example_branch_datetime_operator_3 to 2023-10-02T00:00:00+00:00, run_after=2023-10-03T00:00:00+00:00
[2023-10-03T15:03:36.133+0000] {processor.py:179} INFO - Processing /home/airflow/.local/lib/python3.8/site-packages/airflow/example_dags/example_branch_datetime_operator.py took 0.146 seconds
[2023-10-03T15:04:06.203+0000] {processor.py:157} INFO - Started process (PID=117) to work on /home/airflow/.local/lib/python3.8/site-packages/airflow/example_dags/example_branch_datetime_operator.py
[2023-10-03T15:04:06.205+0000] {processor.py:829} INFO - Processing file /home/airflow/.local/lib/python3.8/site-packages/airflow/example_dags/example_branch_datetime_operator.py for tasks to queue
[2023-10-03T15:04:06.209+0000] {logging_mixin.py:151} INFO - [2023-10-03T15:04:06.208+0000] {dagbag.py:539} INFO - Filling up the DagBag from /home/airflow/.local/lib/python3.8/site-packages/airflow/example_dags/example_branch_datetime_operator.py
[2023-10-03T15:04:06.229+0000] {processor.py:839} INFO - DAG(s) dict_keys(['example_branch_datetime_operator_2', 'example_branch_datetime_operator', 'example_branch_datetime_operator_3']) retrieved from /home/airflow/.local/lib/python3.8/site-packages/airflow/example_dags/example_branch_datetime_operator.py
[2023-10-03T15:04:06.252+0000] {logging_mixin.py:151} INFO - [2023-10-03T15:04:06.252+0000] {dag.py:2915} INFO - Sync 3 DAGs
[2023-10-03T15:04:06.285+0000] {logging_mixin.py:151} INFO - [2023-10-03T15:04:06.285+0000] {dag.py:3696} INFO - Setting next_dagrun for example_branch_datetime_operator to 2023-10-02T00:00:00+00:00, run_after=2023-10-03T00:00:00+00:00
[2023-10-03T15:04:06.292+0000] {logging_mixin.py:151} INFO - [2023-10-03T15:04:06.291+0000] {dag.py:3696} INFO - Setting next_dagrun for example_branch_datetime_operator_2 to 2023-10-02T00:00:00+00:00, run_after=2023-10-03T00:00:00+00:00
[2023-10-03T15:04:06.295+0000] {logging_mixin.py:151} INFO - [2023-10-03T15:04:06.295+0000] {dag.py:3696} INFO - Setting next_dagrun for example_branch_datetime_operator_3 to 2023-10-02T00:00:00+00:00, run_after=2023-10-03T00:00:00+00:00
[2023-10-03T15:04:06.319+0000] {processor.py:179} INFO - Processing /home/airflow/.local/lib/python3.8/site-packages/airflow/example_dags/example_branch_datetime_operator.py took 0.121 seconds
[2023-10-03T15:04:36.819+0000] {processor.py:157} INFO - Started process (PID=171) to work on /home/airflow/.local/lib/python3.8/site-packages/airflow/example_dags/example_branch_datetime_operator.py
[2023-10-03T15:04:36.820+0000] {processor.py:829} INFO - Processing file /home/airflow/.local/lib/python3.8/site-packages/airflow/example_dags/example_branch_datetime_operator.py for tasks to queue
[2023-10-03T15:04:36.823+0000] {logging_mixin.py:151} INFO - [2023-10-03T15:04:36.823+0000] {dagbag.py:539} INFO - Filling up the DagBag from /home/airflow/.local/lib/python3.8/site-packages/airflow/example_dags/example_branch_datetime_operator.py
[2023-10-03T15:04:36.837+0000] {processor.py:839} INFO - DAG(s) dict_keys(['example_branch_datetime_operator_2', 'example_branch_datetime_operator', 'example_branch_datetime_operator_3']) retrieved from /home/airflow/.local/lib/python3.8/site-packages/airflow/example_dags/example_branch_datetime_operator.py
[2023-10-03T15:04:36.875+0000] {logging_mixin.py:151} INFO - [2023-10-03T15:04:36.875+0000] {dag.py:2915} INFO - Sync 3 DAGs
[2023-10-03T15:04:36.906+0000] {logging_mixin.py:151} INFO - [2023-10-03T15:04:36.906+0000] {dag.py:3696} INFO - Setting next_dagrun for example_branch_datetime_operator to 2023-10-02T00:00:00+00:00, run_after=2023-10-03T00:00:00+00:00
[2023-10-03T15:04:36.915+0000] {logging_mixin.py:151} INFO - [2023-10-03T15:04:36.915+0000] {dag.py:3696} INFO - Setting next_dagrun for example_branch_datetime_operator_2 to 2023-10-02T00:00:00+00:00, run_after=2023-10-03T00:00:00+00:00
[2023-10-03T15:04:36.920+0000] {logging_mixin.py:151} INFO - [2023-10-03T15:04:36.920+0000] {dag.py:3696} INFO - Setting next_dagrun for example_branch_datetime_operator_3 to 2023-10-02T00:00:00+00:00, run_after=2023-10-03T00:00:00+00:00
[2023-10-03T15:04:36.944+0000] {processor.py:179} INFO - Processing /home/airflow/.local/lib/python3.8/site-packages/airflow/example_dags/example_branch_datetime_operator.py took 0.131 seconds
[2023-10-03T15:05:07.136+0000] {processor.py:157} INFO - Started process (PID=226) to work on /home/airflow/.local/lib/python3.8/site-packages/airflow/example_dags/example_branch_datetime_operator.py
[2023-10-03T15:05:07.138+0000] {processor.py:829} INFO - Processing file /home/airflow/.local/lib/python3.8/site-packages/airflow/example_dags/example_branch_datetime_operator.py for tasks to queue
[2023-10-03T15:05:07.141+0000] {logging_mixin.py:151} INFO - [2023-10-03T15:05:07.141+0000] {dagbag.py:539} INFO - Filling up the DagBag from /home/airflow/.local/lib/python3.8/site-packages/airflow/example_dags/example_branch_datetime_operator.py
[2023-10-03T15:05:07.157+0000] {processor.py:839} INFO - DAG(s) dict_keys(['example_branch_datetime_operator_3', 'example_branch_datetime_operator', 'example_branch_datetime_operator_2']) retrieved from /home/airflow/.local/lib/python3.8/site-packages/airflow/example_dags/example_branch_datetime_operator.py
[2023-10-03T15:05:07.197+0000] {logging_mixin.py:151} INFO - [2023-10-03T15:05:07.197+0000] {dag.py:2915} INFO - Sync 3 DAGs
[2023-10-03T15:05:07.235+0000] {logging_mixin.py:151} INFO - [2023-10-03T15:05:07.234+0000] {dag.py:3696} INFO - Setting next_dagrun for example_branch_datetime_operator to 2023-10-02T00:00:00+00:00, run_after=2023-10-03T00:00:00+00:00
[2023-10-03T15:05:07.241+0000] {logging_mixin.py:151} INFO - [2023-10-03T15:05:07.240+0000] {dag.py:3696} INFO - Setting next_dagrun for example_branch_datetime_operator_2 to 2023-10-02T00:00:00+00:00, run_after=2023-10-03T00:00:00+00:00
[2023-10-03T15:05:07.244+0000] {logging_mixin.py:151} INFO - [2023-10-03T15:05:07.244+0000] {dag.py:3696} INFO - Setting next_dagrun for example_branch_datetime_operator_3 to 2023-10-02T00:00:00+00:00, run_after=2023-10-03T00:00:00+00:00
[2023-10-03T15:05:07.267+0000] {processor.py:179} INFO - Processing /home/airflow/.local/lib/python3.8/site-packages/airflow/example_dags/example_branch_datetime_operator.py took 0.137 seconds
[2023-10-03T15:05:37.692+0000] {processor.py:157} INFO - Started process (PID=281) to work on /home/airflow/.local/lib/python3.8/site-packages/airflow/example_dags/example_branch_datetime_operator.py
[2023-10-03T15:05:37.694+0000] {processor.py:829} INFO - Processing file /home/airflow/.local/lib/python3.8/site-packages/airflow/example_dags/example_branch_datetime_operator.py for tasks to queue
[2023-10-03T15:05:37.697+0000] {logging_mixin.py:151} INFO - [2023-10-03T15:05:37.696+0000] {dagbag.py:539} INFO - Filling up the DagBag from /home/airflow/.local/lib/python3.8/site-packages/airflow/example_dags/example_branch_datetime_operator.py
[2023-10-03T15:05:37.713+0000] {processor.py:839} INFO - DAG(s) dict_keys(['example_branch_datetime_operator_2', 'example_branch_datetime_operator_3', 'example_branch_datetime_operator']) retrieved from /home/airflow/.local/lib/python3.8/site-packages/airflow/example_dags/example_branch_datetime_operator.py
[2023-10-03T15:05:37.754+0000] {logging_mixin.py:151} INFO - [2023-10-03T15:05:37.754+0000] {dag.py:2915} INFO - Sync 3 DAGs
[2023-10-03T15:05:37.786+0000] {logging_mixin.py:151} INFO - [2023-10-03T15:05:37.786+0000] {dag.py:3696} INFO - Setting next_dagrun for example_branch_datetime_operator to 2023-10-02T00:00:00+00:00, run_after=2023-10-03T00:00:00+00:00
[2023-10-03T15:05:37.792+0000] {logging_mixin.py:151} INFO - [2023-10-03T15:05:37.792+0000] {dag.py:3696} INFO - Setting next_dagrun for example_branch_datetime_operator_2 to 2023-10-02T00:00:00+00:00, run_after=2023-10-03T00:00:00+00:00
[2023-10-03T15:05:37.796+0000] {logging_mixin.py:151} INFO - [2023-10-03T15:05:37.796+0000] {dag.py:3696} INFO - Setting next_dagrun for example_branch_datetime_operator_3 to 2023-10-02T00:00:00+00:00, run_after=2023-10-03T00:00:00+00:00
[2023-10-03T15:05:37.819+0000] {processor.py:179} INFO - Processing /home/airflow/.local/lib/python3.8/site-packages/airflow/example_dags/example_branch_datetime_operator.py took 0.131 seconds
[2023-10-03T15:06:11.442+0000] {processor.py:157} INFO - Started process (PID=62) to work on /home/airflow/.local/lib/python3.8/site-packages/airflow/example_dags/example_branch_datetime_operator.py
[2023-10-03T15:06:11.450+0000] {processor.py:829} INFO - Processing file /home/airflow/.local/lib/python3.8/site-packages/airflow/example_dags/example_branch_datetime_operator.py for tasks to queue
[2023-10-03T15:06:11.453+0000] {logging_mixin.py:151} INFO - [2023-10-03T15:06:11.453+0000] {dagbag.py:539} INFO - Filling up the DagBag from /home/airflow/.local/lib/python3.8/site-packages/airflow/example_dags/example_branch_datetime_operator.py
[2023-10-03T15:06:11.467+0000] {processor.py:839} INFO - DAG(s) dict_keys(['example_branch_datetime_operator_3', 'example_branch_datetime_operator', 'example_branch_datetime_operator_2']) retrieved from /home/airflow/.local/lib/python3.8/site-packages/airflow/example_dags/example_branch_datetime_operator.py
[2023-10-03T15:06:11.507+0000] {logging_mixin.py:151} INFO - [2023-10-03T15:06:11.507+0000] {dag.py:2915} INFO - Sync 3 DAGs
[2023-10-03T15:06:11.548+0000] {logging_mixin.py:151} INFO - [2023-10-03T15:06:11.547+0000] {dag.py:3696} INFO - Setting next_dagrun for example_branch_datetime_operator to 2023-10-02T00:00:00+00:00, run_after=2023-10-03T00:00:00+00:00
[2023-10-03T15:06:11.554+0000] {logging_mixin.py:151} INFO - [2023-10-03T15:06:11.554+0000] {dag.py:3696} INFO - Setting next_dagrun for example_branch_datetime_operator_2 to 2023-10-02T00:00:00+00:00, run_after=2023-10-03T00:00:00+00:00
[2023-10-03T15:06:11.557+0000] {logging_mixin.py:151} INFO - [2023-10-03T15:06:11.557+0000] {dag.py:3696} INFO - Setting next_dagrun for example_branch_datetime_operator_3 to 2023-10-02T00:00:00+00:00, run_after=2023-10-03T00:00:00+00:00
[2023-10-03T15:06:11.578+0000] {processor.py:179} INFO - Processing /home/airflow/.local/lib/python3.8/site-packages/airflow/example_dags/example_branch_datetime_operator.py took 0.141 seconds
[2023-10-03T15:06:42.254+0000] {processor.py:157} INFO - Started process (PID=116) to work on /home/airflow/.local/lib/python3.8/site-packages/airflow/example_dags/example_branch_datetime_operator.py
[2023-10-03T15:06:42.255+0000] {processor.py:829} INFO - Processing file /home/airflow/.local/lib/python3.8/site-packages/airflow/example_dags/example_branch_datetime_operator.py for tasks to queue
[2023-10-03T15:06:42.259+0000] {logging_mixin.py:151} INFO - [2023-10-03T15:06:42.259+0000] {dagbag.py:539} INFO - Filling up the DagBag from /home/airflow/.local/lib/python3.8/site-packages/airflow/example_dags/example_branch_datetime_operator.py
[2023-10-03T15:06:42.279+0000] {processor.py:839} INFO - DAG(s) dict_keys(['example_branch_datetime_operator_2', 'example_branch_datetime_operator', 'example_branch_datetime_operator_3']) retrieved from /home/airflow/.local/lib/python3.8/site-packages/airflow/example_dags/example_branch_datetime_operator.py
[2023-10-03T15:06:42.298+0000] {logging_mixin.py:151} INFO - [2023-10-03T15:06:42.297+0000] {dag.py:2915} INFO - Sync 3 DAGs
[2023-10-03T15:06:42.332+0000] {logging_mixin.py:151} INFO - [2023-10-03T15:06:42.332+0000] {dag.py:3696} INFO - Setting next_dagrun for example_branch_datetime_operator to 2023-10-02T00:00:00+00:00, run_after=2023-10-03T00:00:00+00:00
[2023-10-03T15:06:42.339+0000] {logging_mixin.py:151} INFO - [2023-10-03T15:06:42.338+0000] {dag.py:3696} INFO - Setting next_dagrun for example_branch_datetime_operator_2 to 2023-10-02T00:00:00+00:00, run_after=2023-10-03T00:00:00+00:00
[2023-10-03T15:06:42.342+0000] {logging_mixin.py:151} INFO - [2023-10-03T15:06:42.342+0000] {dag.py:3696} INFO - Setting next_dagrun for example_branch_datetime_operator_3 to 2023-10-02T00:00:00+00:00, run_after=2023-10-03T00:00:00+00:00
[2023-10-03T15:06:42.362+0000] {processor.py:179} INFO - Processing /home/airflow/.local/lib/python3.8/site-packages/airflow/example_dags/example_branch_datetime_operator.py took 0.114 seconds
[2023-10-03T15:07:12.950+0000] {processor.py:157} INFO - Started process (PID=170) to work on /home/airflow/.local/lib/python3.8/site-packages/airflow/example_dags/example_branch_datetime_operator.py
[2023-10-03T15:07:12.953+0000] {processor.py:829} INFO - Processing file /home/airflow/.local/lib/python3.8/site-packages/airflow/example_dags/example_branch_datetime_operator.py for tasks to queue
[2023-10-03T15:07:12.957+0000] {logging_mixin.py:151} INFO - [2023-10-03T15:07:12.957+0000] {dagbag.py:539} INFO - Filling up the DagBag from /home/airflow/.local/lib/python3.8/site-packages/airflow/example_dags/example_branch_datetime_operator.py
[2023-10-03T15:07:12.977+0000] {processor.py:839} INFO - DAG(s) dict_keys(['example_branch_datetime_operator_2', 'example_branch_datetime_operator_3', 'example_branch_datetime_operator']) retrieved from /home/airflow/.local/lib/python3.8/site-packages/airflow/example_dags/example_branch_datetime_operator.py
[2023-10-03T15:07:13.035+0000] {logging_mixin.py:151} INFO - [2023-10-03T15:07:13.035+0000] {dag.py:2915} INFO - Sync 3 DAGs
[2023-10-03T15:07:13.069+0000] {logging_mixin.py:151} INFO - [2023-10-03T15:07:13.068+0000] {dag.py:3696} INFO - Setting next_dagrun for example_branch_datetime_operator to 2023-10-02T00:00:00+00:00, run_after=2023-10-03T00:00:00+00:00
[2023-10-03T15:07:13.076+0000] {logging_mixin.py:151} INFO - [2023-10-03T15:07:13.076+0000] {dag.py:3696} INFO - Setting next_dagrun for example_branch_datetime_operator_2 to 2023-10-02T00:00:00+00:00, run_after=2023-10-03T00:00:00+00:00
[2023-10-03T15:07:13.080+0000] {logging_mixin.py:151} INFO - [2023-10-03T15:07:13.080+0000] {dag.py:3696} INFO - Setting next_dagrun for example_branch_datetime_operator_3 to 2023-10-02T00:00:00+00:00, run_after=2023-10-03T00:00:00+00:00
[2023-10-03T15:07:13.107+0000] {processor.py:179} INFO - Processing /home/airflow/.local/lib/python3.8/site-packages/airflow/example_dags/example_branch_datetime_operator.py took 0.163 seconds
[2023-10-03T15:07:43.598+0000] {processor.py:157} INFO - Started process (PID=224) to work on /home/airflow/.local/lib/python3.8/site-packages/airflow/example_dags/example_branch_datetime_operator.py
[2023-10-03T15:07:43.600+0000] {processor.py:829} INFO - Processing file /home/airflow/.local/lib/python3.8/site-packages/airflow/example_dags/example_branch_datetime_operator.py for tasks to queue
[2023-10-03T15:07:43.604+0000] {logging_mixin.py:151} INFO - [2023-10-03T15:07:43.603+0000] {dagbag.py:539} INFO - Filling up the DagBag from /home/airflow/.local/lib/python3.8/site-packages/airflow/example_dags/example_branch_datetime_operator.py
[2023-10-03T15:07:43.622+0000] {processor.py:839} INFO - DAG(s) dict_keys(['example_branch_datetime_operator', 'example_branch_datetime_operator_3', 'example_branch_datetime_operator_2']) retrieved from /home/airflow/.local/lib/python3.8/site-packages/airflow/example_dags/example_branch_datetime_operator.py
[2023-10-03T15:07:43.671+0000] {logging_mixin.py:151} INFO - [2023-10-03T15:07:43.671+0000] {dag.py:2915} INFO - Sync 3 DAGs
[2023-10-03T15:07:43.702+0000] {logging_mixin.py:151} INFO - [2023-10-03T15:07:43.702+0000] {dag.py:3696} INFO - Setting next_dagrun for example_branch_datetime_operator to 2023-10-02T00:00:00+00:00, run_after=2023-10-03T00:00:00+00:00
[2023-10-03T15:07:43.708+0000] {logging_mixin.py:151} INFO - [2023-10-03T15:07:43.708+0000] {dag.py:3696} INFO - Setting next_dagrun for example_branch_datetime_operator_2 to 2023-10-02T00:00:00+00:00, run_after=2023-10-03T00:00:00+00:00
[2023-10-03T15:07:43.711+0000] {logging_mixin.py:151} INFO - [2023-10-03T15:07:43.711+0000] {dag.py:3696} INFO - Setting next_dagrun for example_branch_datetime_operator_3 to 2023-10-02T00:00:00+00:00, run_after=2023-10-03T00:00:00+00:00
[2023-10-03T15:07:43.734+0000] {processor.py:179} INFO - Processing /home/airflow/.local/lib/python3.8/site-packages/airflow/example_dags/example_branch_datetime_operator.py took 0.143 seconds
[2023-10-03T15:08:14.826+0000] {processor.py:157} INFO - Started process (PID=277) to work on /home/airflow/.local/lib/python3.8/site-packages/airflow/example_dags/example_branch_datetime_operator.py
[2023-10-03T15:08:14.828+0000] {processor.py:829} INFO - Processing file /home/airflow/.local/lib/python3.8/site-packages/airflow/example_dags/example_branch_datetime_operator.py for tasks to queue
[2023-10-03T15:08:14.832+0000] {logging_mixin.py:151} INFO - [2023-10-03T15:08:14.831+0000] {dagbag.py:539} INFO - Filling up the DagBag from /home/airflow/.local/lib/python3.8/site-packages/airflow/example_dags/example_branch_datetime_operator.py
[2023-10-03T15:08:14.850+0000] {processor.py:839} INFO - DAG(s) dict_keys(['example_branch_datetime_operator_2', 'example_branch_datetime_operator_3', 'example_branch_datetime_operator']) retrieved from /home/airflow/.local/lib/python3.8/site-packages/airflow/example_dags/example_branch_datetime_operator.py
[2023-10-03T15:08:14.891+0000] {logging_mixin.py:151} INFO - [2023-10-03T15:08:14.891+0000] {dag.py:2915} INFO - Sync 3 DAGs
[2023-10-03T15:08:14.924+0000] {logging_mixin.py:151} INFO - [2023-10-03T15:08:14.924+0000] {dag.py:3696} INFO - Setting next_dagrun for example_branch_datetime_operator to 2023-10-02T00:00:00+00:00, run_after=2023-10-03T00:00:00+00:00
[2023-10-03T15:08:14.933+0000] {logging_mixin.py:151} INFO - [2023-10-03T15:08:14.933+0000] {dag.py:3696} INFO - Setting next_dagrun for example_branch_datetime_operator_2 to 2023-10-02T00:00:00+00:00, run_after=2023-10-03T00:00:00+00:00
[2023-10-03T15:08:14.937+0000] {logging_mixin.py:151} INFO - [2023-10-03T15:08:14.936+0000] {dag.py:3696} INFO - Setting next_dagrun for example_branch_datetime_operator_3 to 2023-10-02T00:00:00+00:00, run_after=2023-10-03T00:00:00+00:00
[2023-10-03T15:08:14.959+0000] {processor.py:179} INFO - Processing /home/airflow/.local/lib/python3.8/site-packages/airflow/example_dags/example_branch_datetime_operator.py took 0.138 seconds
[2023-10-03T15:08:45.374+0000] {processor.py:157} INFO - Started process (PID=331) to work on /home/airflow/.local/lib/python3.8/site-packages/airflow/example_dags/example_branch_datetime_operator.py
[2023-10-03T15:08:45.375+0000] {processor.py:829} INFO - Processing file /home/airflow/.local/lib/python3.8/site-packages/airflow/example_dags/example_branch_datetime_operator.py for tasks to queue
[2023-10-03T15:08:45.378+0000] {logging_mixin.py:151} INFO - [2023-10-03T15:08:45.378+0000] {dagbag.py:539} INFO - Filling up the DagBag from /home/airflow/.local/lib/python3.8/site-packages/airflow/example_dags/example_branch_datetime_operator.py
[2023-10-03T15:08:45.396+0000] {processor.py:839} INFO - DAG(s) dict_keys(['example_branch_datetime_operator_3', 'example_branch_datetime_operator_2', 'example_branch_datetime_operator']) retrieved from /home/airflow/.local/lib/python3.8/site-packages/airflow/example_dags/example_branch_datetime_operator.py
[2023-10-03T15:08:45.436+0000] {logging_mixin.py:151} INFO - [2023-10-03T15:08:45.436+0000] {dag.py:2915} INFO - Sync 3 DAGs
[2023-10-03T15:08:45.466+0000] {logging_mixin.py:151} INFO - [2023-10-03T15:08:45.465+0000] {dag.py:3696} INFO - Setting next_dagrun for example_branch_datetime_operator to 2023-10-02T00:00:00+00:00, run_after=2023-10-03T00:00:00+00:00
[2023-10-03T15:08:45.472+0000] {logging_mixin.py:151} INFO - [2023-10-03T15:08:45.472+0000] {dag.py:3696} INFO - Setting next_dagrun for example_branch_datetime_operator_2 to 2023-10-02T00:00:00+00:00, run_after=2023-10-03T00:00:00+00:00
[2023-10-03T15:08:45.477+0000] {logging_mixin.py:151} INFO - [2023-10-03T15:08:45.476+0000] {dag.py:3696} INFO - Setting next_dagrun for example_branch_datetime_operator_3 to 2023-10-02T00:00:00+00:00, run_after=2023-10-03T00:00:00+00:00
[2023-10-03T15:08:45.497+0000] {processor.py:179} INFO - Processing /home/airflow/.local/lib/python3.8/site-packages/airflow/example_dags/example_branch_datetime_operator.py took 0.128 seconds
[2023-10-03T15:09:16.039+0000] {processor.py:157} INFO - Started process (PID=385) to work on /home/airflow/.local/lib/python3.8/site-packages/airflow/example_dags/example_branch_datetime_operator.py
[2023-10-03T15:09:16.040+0000] {processor.py:829} INFO - Processing file /home/airflow/.local/lib/python3.8/site-packages/airflow/example_dags/example_branch_datetime_operator.py for tasks to queue
[2023-10-03T15:09:16.044+0000] {logging_mixin.py:151} INFO - [2023-10-03T15:09:16.044+0000] {dagbag.py:539} INFO - Filling up the DagBag from /home/airflow/.local/lib/python3.8/site-packages/airflow/example_dags/example_branch_datetime_operator.py
[2023-10-03T15:09:16.064+0000] {processor.py:839} INFO - DAG(s) dict_keys(['example_branch_datetime_operator_2', 'example_branch_datetime_operator_3', 'example_branch_datetime_operator']) retrieved from /home/airflow/.local/lib/python3.8/site-packages/airflow/example_dags/example_branch_datetime_operator.py
[2023-10-03T15:09:16.111+0000] {logging_mixin.py:151} INFO - [2023-10-03T15:09:16.111+0000] {dag.py:2915} INFO - Sync 3 DAGs
[2023-10-03T15:09:16.146+0000] {logging_mixin.py:151} INFO - [2023-10-03T15:09:16.146+0000] {dag.py:3696} INFO - Setting next_dagrun for example_branch_datetime_operator to 2023-10-02T00:00:00+00:00, run_after=2023-10-03T00:00:00+00:00
[2023-10-03T15:09:16.155+0000] {logging_mixin.py:151} INFO - [2023-10-03T15:09:16.155+0000] {dag.py:3696} INFO - Setting next_dagrun for example_branch_datetime_operator_2 to 2023-10-02T00:00:00+00:00, run_after=2023-10-03T00:00:00+00:00
[2023-10-03T15:09:16.161+0000] {logging_mixin.py:151} INFO - [2023-10-03T15:09:16.160+0000] {dag.py:3696} INFO - Setting next_dagrun for example_branch_datetime_operator_3 to 2023-10-02T00:00:00+00:00, run_after=2023-10-03T00:00:00+00:00
[2023-10-03T15:09:16.186+0000] {processor.py:179} INFO - Processing /home/airflow/.local/lib/python3.8/site-packages/airflow/example_dags/example_branch_datetime_operator.py took 0.154 seconds
