[2023-10-03T15:03:35.675+0000] {processor.py:157} INFO - Started process (PID=62) to work on /home/airflow/.local/lib/python3.8/site-packages/airflow/example_dags/example_latest_only_with_trigger.py
[2023-10-03T15:03:35.676+0000] {processor.py:829} INFO - Processing file /home/airflow/.local/lib/python3.8/site-packages/airflow/example_dags/example_latest_only_with_trigger.py for tasks to queue
[2023-10-03T15:03:35.681+0000] {logging_mixin.py:151} INFO - [2023-10-03T15:03:35.681+0000] {dagbag.py:539} INFO - Filling up the DagBag from /home/airflow/.local/lib/python3.8/site-packages/airflow/example_dags/example_latest_only_with_trigger.py
[2023-10-03T15:03:35.692+0000] {processor.py:839} INFO - DAG(s) dict_keys(['latest_only_with_trigger']) retrieved from /home/airflow/.local/lib/python3.8/site-packages/airflow/example_dags/example_latest_only_with_trigger.py
[2023-10-03T15:03:35.714+0000] {logging_mixin.py:151} INFO - [2023-10-03T15:03:35.714+0000] {dag.py:2915} INFO - Sync 1 DAGs
[2023-10-03T15:03:35.757+0000] {logging_mixin.py:151} INFO - [2023-10-03T15:03:35.757+0000] {dag.py:3696} INFO - Setting next_dagrun for latest_only_with_trigger to 2023-10-03T11:03:35.756663+00:00, run_after=2023-10-03T15:03:35.756663+00:00
[2023-10-03T15:03:35.790+0000] {processor.py:179} INFO - Processing /home/airflow/.local/lib/python3.8/site-packages/airflow/example_dags/example_latest_only_with_trigger.py took 0.122 seconds
[2023-10-03T15:04:06.079+0000] {processor.py:157} INFO - Started process (PID=115) to work on /home/airflow/.local/lib/python3.8/site-packages/airflow/example_dags/example_latest_only_with_trigger.py
[2023-10-03T15:04:06.081+0000] {processor.py:829} INFO - Processing file /home/airflow/.local/lib/python3.8/site-packages/airflow/example_dags/example_latest_only_with_trigger.py for tasks to queue
[2023-10-03T15:04:06.084+0000] {logging_mixin.py:151} INFO - [2023-10-03T15:04:06.084+0000] {dagbag.py:539} INFO - Filling up the DagBag from /home/airflow/.local/lib/python3.8/site-packages/airflow/example_dags/example_latest_only_with_trigger.py
[2023-10-03T15:04:06.094+0000] {processor.py:839} INFO - DAG(s) dict_keys(['latest_only_with_trigger']) retrieved from /home/airflow/.local/lib/python3.8/site-packages/airflow/example_dags/example_latest_only_with_trigger.py
[2023-10-03T15:04:06.112+0000] {logging_mixin.py:151} INFO - [2023-10-03T15:04:06.111+0000] {dag.py:2915} INFO - Sync 1 DAGs
[2023-10-03T15:04:06.143+0000] {logging_mixin.py:151} INFO - [2023-10-03T15:04:06.143+0000] {dag.py:3696} INFO - Setting next_dagrun for latest_only_with_trigger to 2023-10-03T11:04:06.143067+00:00, run_after=2023-10-03T15:04:06.143067+00:00
[2023-10-03T15:04:06.168+0000] {processor.py:179} INFO - Processing /home/airflow/.local/lib/python3.8/site-packages/airflow/example_dags/example_latest_only_with_trigger.py took 0.094 seconds
[2023-10-03T15:04:36.666+0000] {processor.py:157} INFO - Started process (PID=169) to work on /home/airflow/.local/lib/python3.8/site-packages/airflow/example_dags/example_latest_only_with_trigger.py
[2023-10-03T15:04:36.667+0000] {processor.py:829} INFO - Processing file /home/airflow/.local/lib/python3.8/site-packages/airflow/example_dags/example_latest_only_with_trigger.py for tasks to queue
[2023-10-03T15:04:36.671+0000] {logging_mixin.py:151} INFO - [2023-10-03T15:04:36.671+0000] {dagbag.py:539} INFO - Filling up the DagBag from /home/airflow/.local/lib/python3.8/site-packages/airflow/example_dags/example_latest_only_with_trigger.py
[2023-10-03T15:04:36.683+0000] {processor.py:839} INFO - DAG(s) dict_keys(['latest_only_with_trigger']) retrieved from /home/airflow/.local/lib/python3.8/site-packages/airflow/example_dags/example_latest_only_with_trigger.py
[2023-10-03T15:04:36.723+0000] {logging_mixin.py:151} INFO - [2023-10-03T15:04:36.722+0000] {dag.py:2915} INFO - Sync 1 DAGs
[2023-10-03T15:04:36.757+0000] {logging_mixin.py:151} INFO - [2023-10-03T15:04:36.756+0000] {dag.py:3696} INFO - Setting next_dagrun for latest_only_with_trigger to 2023-10-03T11:04:36.756457+00:00, run_after=2023-10-03T15:04:36.756457+00:00
[2023-10-03T15:04:36.781+0000] {processor.py:179} INFO - Processing /home/airflow/.local/lib/python3.8/site-packages/airflow/example_dags/example_latest_only_with_trigger.py took 0.121 seconds
[2023-10-03T15:05:07.004+0000] {processor.py:157} INFO - Started process (PID=224) to work on /home/airflow/.local/lib/python3.8/site-packages/airflow/example_dags/example_latest_only_with_trigger.py
[2023-10-03T15:05:07.006+0000] {processor.py:829} INFO - Processing file /home/airflow/.local/lib/python3.8/site-packages/airflow/example_dags/example_latest_only_with_trigger.py for tasks to queue
[2023-10-03T15:05:07.009+0000] {logging_mixin.py:151} INFO - [2023-10-03T15:05:07.008+0000] {dagbag.py:539} INFO - Filling up the DagBag from /home/airflow/.local/lib/python3.8/site-packages/airflow/example_dags/example_latest_only_with_trigger.py
[2023-10-03T15:05:07.017+0000] {processor.py:839} INFO - DAG(s) dict_keys(['latest_only_with_trigger']) retrieved from /home/airflow/.local/lib/python3.8/site-packages/airflow/example_dags/example_latest_only_with_trigger.py
[2023-10-03T15:05:07.046+0000] {logging_mixin.py:151} INFO - [2023-10-03T15:05:07.046+0000] {dag.py:2915} INFO - Sync 1 DAGs
[2023-10-03T15:05:07.076+0000] {logging_mixin.py:151} INFO - [2023-10-03T15:05:07.076+0000] {dag.py:3696} INFO - Setting next_dagrun for latest_only_with_trigger to 2023-10-03T11:05:07.076261+00:00, run_after=2023-10-03T15:05:07.076261+00:00
[2023-10-03T15:05:07.099+0000] {processor.py:179} INFO - Processing /home/airflow/.local/lib/python3.8/site-packages/airflow/example_dags/example_latest_only_with_trigger.py took 0.100 seconds
[2023-10-03T15:05:37.550+0000] {processor.py:157} INFO - Started process (PID=279) to work on /home/airflow/.local/lib/python3.8/site-packages/airflow/example_dags/example_latest_only_with_trigger.py
[2023-10-03T15:05:37.552+0000] {processor.py:829} INFO - Processing file /home/airflow/.local/lib/python3.8/site-packages/airflow/example_dags/example_latest_only_with_trigger.py for tasks to queue
[2023-10-03T15:05:37.555+0000] {logging_mixin.py:151} INFO - [2023-10-03T15:05:37.554+0000] {dagbag.py:539} INFO - Filling up the DagBag from /home/airflow/.local/lib/python3.8/site-packages/airflow/example_dags/example_latest_only_with_trigger.py
[2023-10-03T15:05:37.563+0000] {processor.py:839} INFO - DAG(s) dict_keys(['latest_only_with_trigger']) retrieved from /home/airflow/.local/lib/python3.8/site-packages/airflow/example_dags/example_latest_only_with_trigger.py
[2023-10-03T15:05:37.594+0000] {logging_mixin.py:151} INFO - [2023-10-03T15:05:37.594+0000] {dag.py:2915} INFO - Sync 1 DAGs
[2023-10-03T15:05:37.633+0000] {logging_mixin.py:151} INFO - [2023-10-03T15:05:37.632+0000] {dag.py:3696} INFO - Setting next_dagrun for latest_only_with_trigger to 2023-10-03T11:05:37.632413+00:00, run_after=2023-10-03T15:05:37.632413+00:00
[2023-10-03T15:05:37.661+0000] {processor.py:179} INFO - Processing /home/airflow/.local/lib/python3.8/site-packages/airflow/example_dags/example_latest_only_with_trigger.py took 0.116 seconds
[2023-10-03T15:06:11.305+0000] {processor.py:157} INFO - Started process (PID=60) to work on /home/airflow/.local/lib/python3.8/site-packages/airflow/example_dags/example_latest_only_with_trigger.py
[2023-10-03T15:06:11.307+0000] {processor.py:829} INFO - Processing file /home/airflow/.local/lib/python3.8/site-packages/airflow/example_dags/example_latest_only_with_trigger.py for tasks to queue
[2023-10-03T15:06:11.312+0000] {logging_mixin.py:151} INFO - [2023-10-03T15:06:11.312+0000] {dagbag.py:539} INFO - Filling up the DagBag from /home/airflow/.local/lib/python3.8/site-packages/airflow/example_dags/example_latest_only_with_trigger.py
[2023-10-03T15:06:11.322+0000] {processor.py:839} INFO - DAG(s) dict_keys(['latest_only_with_trigger']) retrieved from /home/airflow/.local/lib/python3.8/site-packages/airflow/example_dags/example_latest_only_with_trigger.py
[2023-10-03T15:06:11.354+0000] {logging_mixin.py:151} INFO - [2023-10-03T15:06:11.354+0000] {dag.py:2915} INFO - Sync 1 DAGs
[2023-10-03T15:06:11.388+0000] {logging_mixin.py:151} INFO - [2023-10-03T15:06:11.388+0000] {dag.py:3696} INFO - Setting next_dagrun for latest_only_with_trigger to 2023-10-03T11:06:11.388162+00:00, run_after=2023-10-03T15:06:11.388162+00:00
[2023-10-03T15:06:11.411+0000] {processor.py:179} INFO - Processing /home/airflow/.local/lib/python3.8/site-packages/airflow/example_dags/example_latest_only_with_trigger.py took 0.111 seconds
[2023-10-03T15:06:42.109+0000] {processor.py:157} INFO - Started process (PID=114) to work on /home/airflow/.local/lib/python3.8/site-packages/airflow/example_dags/example_latest_only_with_trigger.py
[2023-10-03T15:06:42.110+0000] {processor.py:829} INFO - Processing file /home/airflow/.local/lib/python3.8/site-packages/airflow/example_dags/example_latest_only_with_trigger.py for tasks to queue
[2023-10-03T15:06:42.115+0000] {logging_mixin.py:151} INFO - [2023-10-03T15:06:42.113+0000] {dagbag.py:539} INFO - Filling up the DagBag from /home/airflow/.local/lib/python3.8/site-packages/airflow/example_dags/example_latest_only_with_trigger.py
[2023-10-03T15:06:42.124+0000] {processor.py:839} INFO - DAG(s) dict_keys(['latest_only_with_trigger']) retrieved from /home/airflow/.local/lib/python3.8/site-packages/airflow/example_dags/example_latest_only_with_trigger.py
[2023-10-03T15:06:42.145+0000] {logging_mixin.py:151} INFO - [2023-10-03T15:06:42.145+0000] {dag.py:2915} INFO - Sync 1 DAGs
[2023-10-03T15:06:42.188+0000] {logging_mixin.py:151} INFO - [2023-10-03T15:06:42.187+0000] {dag.py:3696} INFO - Setting next_dagrun for latest_only_with_trigger to 2023-10-03T11:06:42.187487+00:00, run_after=2023-10-03T15:06:42.187487+00:00
[2023-10-03T15:06:42.218+0000] {processor.py:179} INFO - Processing /home/airflow/.local/lib/python3.8/site-packages/airflow/example_dags/example_latest_only_with_trigger.py took 0.116 seconds
[2023-10-03T15:07:12.694+0000] {processor.py:157} INFO - Started process (PID=168) to work on /home/airflow/.local/lib/python3.8/site-packages/airflow/example_dags/example_latest_only_with_trigger.py
[2023-10-03T15:07:12.696+0000] {processor.py:829} INFO - Processing file /home/airflow/.local/lib/python3.8/site-packages/airflow/example_dags/example_latest_only_with_trigger.py for tasks to queue
[2023-10-03T15:07:12.699+0000] {logging_mixin.py:151} INFO - [2023-10-03T15:07:12.699+0000] {dagbag.py:539} INFO - Filling up the DagBag from /home/airflow/.local/lib/python3.8/site-packages/airflow/example_dags/example_latest_only_with_trigger.py
[2023-10-03T15:07:12.707+0000] {processor.py:839} INFO - DAG(s) dict_keys(['latest_only_with_trigger']) retrieved from /home/airflow/.local/lib/python3.8/site-packages/airflow/example_dags/example_latest_only_with_trigger.py
[2023-10-03T15:07:12.737+0000] {logging_mixin.py:151} INFO - [2023-10-03T15:07:12.736+0000] {dag.py:2915} INFO - Sync 1 DAGs
[2023-10-03T15:07:12.765+0000] {logging_mixin.py:151} INFO - [2023-10-03T15:07:12.765+0000] {dag.py:3696} INFO - Setting next_dagrun for latest_only_with_trigger to 2023-10-03T11:07:12.765185+00:00, run_after=2023-10-03T15:07:12.765185+00:00
[2023-10-03T15:07:12.788+0000] {processor.py:179} INFO - Processing /home/airflow/.local/lib/python3.8/site-packages/airflow/example_dags/example_latest_only_with_trigger.py took 0.098 seconds
[2023-10-03T15:07:43.341+0000] {processor.py:157} INFO - Started process (PID=221) to work on /home/airflow/.local/lib/python3.8/site-packages/airflow/example_dags/example_latest_only_with_trigger.py
[2023-10-03T15:07:43.348+0000] {processor.py:829} INFO - Processing file /home/airflow/.local/lib/python3.8/site-packages/airflow/example_dags/example_latest_only_with_trigger.py for tasks to queue
[2023-10-03T15:07:43.351+0000] {logging_mixin.py:151} INFO - [2023-10-03T15:07:43.350+0000] {dagbag.py:539} INFO - Filling up the DagBag from /home/airflow/.local/lib/python3.8/site-packages/airflow/example_dags/example_latest_only_with_trigger.py
[2023-10-03T15:07:43.359+0000] {processor.py:839} INFO - DAG(s) dict_keys(['latest_only_with_trigger']) retrieved from /home/airflow/.local/lib/python3.8/site-packages/airflow/example_dags/example_latest_only_with_trigger.py
[2023-10-03T15:07:43.389+0000] {logging_mixin.py:151} INFO - [2023-10-03T15:07:43.389+0000] {dag.py:2915} INFO - Sync 1 DAGs
[2023-10-03T15:07:43.418+0000] {logging_mixin.py:151} INFO - [2023-10-03T15:07:43.417+0000] {dag.py:3696} INFO - Setting next_dagrun for latest_only_with_trigger to 2023-10-03T11:07:43.417523+00:00, run_after=2023-10-03T15:07:43.417523+00:00
[2023-10-03T15:07:43.439+0000] {processor.py:179} INFO - Processing /home/airflow/.local/lib/python3.8/site-packages/airflow/example_dags/example_latest_only_with_trigger.py took 0.103 seconds
[2023-10-03T15:08:14.570+0000] {processor.py:157} INFO - Started process (PID=275) to work on /home/airflow/.local/lib/python3.8/site-packages/airflow/example_dags/example_latest_only_with_trigger.py
[2023-10-03T15:08:14.571+0000] {processor.py:829} INFO - Processing file /home/airflow/.local/lib/python3.8/site-packages/airflow/example_dags/example_latest_only_with_trigger.py for tasks to queue
[2023-10-03T15:08:14.574+0000] {logging_mixin.py:151} INFO - [2023-10-03T15:08:14.574+0000] {dagbag.py:539} INFO - Filling up the DagBag from /home/airflow/.local/lib/python3.8/site-packages/airflow/example_dags/example_latest_only_with_trigger.py
[2023-10-03T15:08:14.582+0000] {processor.py:839} INFO - DAG(s) dict_keys(['latest_only_with_trigger']) retrieved from /home/airflow/.local/lib/python3.8/site-packages/airflow/example_dags/example_latest_only_with_trigger.py
[2023-10-03T15:08:14.611+0000] {logging_mixin.py:151} INFO - [2023-10-03T15:08:14.611+0000] {dag.py:2915} INFO - Sync 1 DAGs
[2023-10-03T15:08:14.640+0000] {logging_mixin.py:151} INFO - [2023-10-03T15:08:14.639+0000] {dag.py:3696} INFO - Setting next_dagrun for latest_only_with_trigger to 2023-10-03T11:08:14.639534+00:00, run_after=2023-10-03T15:08:14.639534+00:00
[2023-10-03T15:08:14.664+0000] {processor.py:179} INFO - Processing /home/airflow/.local/lib/python3.8/site-packages/airflow/example_dags/example_latest_only_with_trigger.py took 0.100 seconds
[2023-10-03T15:08:45.121+0000] {processor.py:157} INFO - Started process (PID=329) to work on /home/airflow/.local/lib/python3.8/site-packages/airflow/example_dags/example_latest_only_with_trigger.py
[2023-10-03T15:08:45.123+0000] {processor.py:829} INFO - Processing file /home/airflow/.local/lib/python3.8/site-packages/airflow/example_dags/example_latest_only_with_trigger.py for tasks to queue
[2023-10-03T15:08:45.126+0000] {logging_mixin.py:151} INFO - [2023-10-03T15:08:45.126+0000] {dagbag.py:539} INFO - Filling up the DagBag from /home/airflow/.local/lib/python3.8/site-packages/airflow/example_dags/example_latest_only_with_trigger.py
[2023-10-03T15:08:45.134+0000] {processor.py:839} INFO - DAG(s) dict_keys(['latest_only_with_trigger']) retrieved from /home/airflow/.local/lib/python3.8/site-packages/airflow/example_dags/example_latest_only_with_trigger.py
[2023-10-03T15:08:45.166+0000] {logging_mixin.py:151} INFO - [2023-10-03T15:08:45.166+0000] {dag.py:2915} INFO - Sync 1 DAGs
[2023-10-03T15:08:45.204+0000] {logging_mixin.py:151} INFO - [2023-10-03T15:08:45.203+0000] {dag.py:3696} INFO - Setting next_dagrun for latest_only_with_trigger to 2023-10-03T11:08:45.203534+00:00, run_after=2023-10-03T15:08:45.203534+00:00
[2023-10-03T15:08:45.225+0000] {processor.py:179} INFO - Processing /home/airflow/.local/lib/python3.8/site-packages/airflow/example_dags/example_latest_only_with_trigger.py took 0.109 seconds
[2023-10-03T15:09:15.868+0000] {processor.py:157} INFO - Started process (PID=383) to work on /home/airflow/.local/lib/python3.8/site-packages/airflow/example_dags/example_latest_only_with_trigger.py
[2023-10-03T15:09:15.870+0000] {processor.py:829} INFO - Processing file /home/airflow/.local/lib/python3.8/site-packages/airflow/example_dags/example_latest_only_with_trigger.py for tasks to queue
[2023-10-03T15:09:15.874+0000] {logging_mixin.py:151} INFO - [2023-10-03T15:09:15.873+0000] {dagbag.py:539} INFO - Filling up the DagBag from /home/airflow/.local/lib/python3.8/site-packages/airflow/example_dags/example_latest_only_with_trigger.py
[2023-10-03T15:09:15.885+0000] {processor.py:839} INFO - DAG(s) dict_keys(['latest_only_with_trigger']) retrieved from /home/airflow/.local/lib/python3.8/site-packages/airflow/example_dags/example_latest_only_with_trigger.py
[2023-10-03T15:09:15.915+0000] {logging_mixin.py:151} INFO - [2023-10-03T15:09:15.915+0000] {dag.py:2915} INFO - Sync 1 DAGs
[2023-10-03T15:09:15.943+0000] {logging_mixin.py:151} INFO - [2023-10-03T15:09:15.943+0000] {dag.py:3696} INFO - Setting next_dagrun for latest_only_with_trigger to 2023-10-03T11:09:15.943346+00:00, run_after=2023-10-03T15:09:15.943346+00:00
[2023-10-03T15:09:15.968+0000] {processor.py:179} INFO - Processing /home/airflow/.local/lib/python3.8/site-packages/airflow/example_dags/example_latest_only_with_trigger.py took 0.107 seconds
