[2023-10-03T15:03:34.122+0000] {processor.py:157} INFO - Started process (PID=47) to work on /home/airflow/.local/lib/python3.8/site-packages/airflow/example_dags/example_external_task_marker_dag.py
[2023-10-03T15:03:34.128+0000] {processor.py:829} INFO - Processing file /home/airflow/.local/lib/python3.8/site-packages/airflow/example_dags/example_external_task_marker_dag.py for tasks to queue
[2023-10-03T15:03:34.135+0000] {logging_mixin.py:151} INFO - [2023-10-03T15:03:34.134+0000] {dagbag.py:539} INFO - Filling up the DagBag from /home/airflow/.local/lib/python3.8/site-packages/airflow/example_dags/example_external_task_marker_dag.py
[2023-10-03T15:03:34.148+0000] {processor.py:839} INFO - DAG(s) dict_keys(['example_external_task_marker_parent', 'example_external_task_marker_child']) retrieved from /home/airflow/.local/lib/python3.8/site-packages/airflow/example_dags/example_external_task_marker_dag.py
[2023-10-03T15:03:34.176+0000] {logging_mixin.py:151} INFO - [2023-10-03T15:03:34.176+0000] {dag.py:2915} INFO - Sync 2 DAGs
[2023-10-03T15:03:34.202+0000] {logging_mixin.py:151} INFO - [2023-10-03T15:03:34.202+0000] {dag.py:3696} INFO - Setting next_dagrun for example_external_task_marker_child to None, run_after=None
[2023-10-03T15:03:34.208+0000] {logging_mixin.py:151} INFO - [2023-10-03T15:03:34.208+0000] {dag.py:3696} INFO - Setting next_dagrun for example_external_task_marker_parent to None, run_after=None
[2023-10-03T15:03:34.237+0000] {processor.py:179} INFO - Processing /home/airflow/.local/lib/python3.8/site-packages/airflow/example_dags/example_external_task_marker_dag.py took 0.124 seconds
[2023-10-03T15:04:05.147+0000] {processor.py:157} INFO - Started process (PID=101) to work on /home/airflow/.local/lib/python3.8/site-packages/airflow/example_dags/example_external_task_marker_dag.py
[2023-10-03T15:04:05.149+0000] {processor.py:829} INFO - Processing file /home/airflow/.local/lib/python3.8/site-packages/airflow/example_dags/example_external_task_marker_dag.py for tasks to queue
[2023-10-03T15:04:05.152+0000] {logging_mixin.py:151} INFO - [2023-10-03T15:04:05.152+0000] {dagbag.py:539} INFO - Filling up the DagBag from /home/airflow/.local/lib/python3.8/site-packages/airflow/example_dags/example_external_task_marker_dag.py
[2023-10-03T15:04:05.161+0000] {processor.py:839} INFO - DAG(s) dict_keys(['example_external_task_marker_child', 'example_external_task_marker_parent']) retrieved from /home/airflow/.local/lib/python3.8/site-packages/airflow/example_dags/example_external_task_marker_dag.py
[2023-10-03T15:04:05.181+0000] {logging_mixin.py:151} INFO - [2023-10-03T15:04:05.180+0000] {dag.py:2915} INFO - Sync 2 DAGs
[2023-10-03T15:04:05.200+0000] {logging_mixin.py:151} INFO - [2023-10-03T15:04:05.199+0000] {dag.py:3696} INFO - Setting next_dagrun for example_external_task_marker_child to None, run_after=None
[2023-10-03T15:04:05.204+0000] {logging_mixin.py:151} INFO - [2023-10-03T15:04:05.204+0000] {dag.py:3696} INFO - Setting next_dagrun for example_external_task_marker_parent to None, run_after=None
[2023-10-03T15:04:05.226+0000] {processor.py:179} INFO - Processing /home/airflow/.local/lib/python3.8/site-packages/airflow/example_dags/example_external_task_marker_dag.py took 0.083 seconds
[2023-10-03T15:04:35.612+0000] {processor.py:157} INFO - Started process (PID=155) to work on /home/airflow/.local/lib/python3.8/site-packages/airflow/example_dags/example_external_task_marker_dag.py
[2023-10-03T15:04:35.614+0000] {processor.py:829} INFO - Processing file /home/airflow/.local/lib/python3.8/site-packages/airflow/example_dags/example_external_task_marker_dag.py for tasks to queue
[2023-10-03T15:04:35.617+0000] {logging_mixin.py:151} INFO - [2023-10-03T15:04:35.616+0000] {dagbag.py:539} INFO - Filling up the DagBag from /home/airflow/.local/lib/python3.8/site-packages/airflow/example_dags/example_external_task_marker_dag.py
[2023-10-03T15:04:35.626+0000] {processor.py:839} INFO - DAG(s) dict_keys(['example_external_task_marker_parent', 'example_external_task_marker_child']) retrieved from /home/airflow/.local/lib/python3.8/site-packages/airflow/example_dags/example_external_task_marker_dag.py
[2023-10-03T15:04:35.660+0000] {logging_mixin.py:151} INFO - [2023-10-03T15:04:35.660+0000] {dag.py:2915} INFO - Sync 2 DAGs
[2023-10-03T15:04:35.683+0000] {logging_mixin.py:151} INFO - [2023-10-03T15:04:35.682+0000] {dag.py:3696} INFO - Setting next_dagrun for example_external_task_marker_child to None, run_after=None
[2023-10-03T15:04:35.687+0000] {logging_mixin.py:151} INFO - [2023-10-03T15:04:35.687+0000] {dag.py:3696} INFO - Setting next_dagrun for example_external_task_marker_parent to None, run_after=None
[2023-10-03T15:04:35.708+0000] {processor.py:179} INFO - Processing /home/airflow/.local/lib/python3.8/site-packages/airflow/example_dags/example_external_task_marker_dag.py took 0.101 seconds
[2023-10-03T15:05:05.848+0000] {processor.py:157} INFO - Started process (PID=209) to work on /home/airflow/.local/lib/python3.8/site-packages/airflow/example_dags/example_external_task_marker_dag.py
[2023-10-03T15:05:05.850+0000] {processor.py:829} INFO - Processing file /home/airflow/.local/lib/python3.8/site-packages/airflow/example_dags/example_external_task_marker_dag.py for tasks to queue
[2023-10-03T15:05:05.853+0000] {logging_mixin.py:151} INFO - [2023-10-03T15:05:05.853+0000] {dagbag.py:539} INFO - Filling up the DagBag from /home/airflow/.local/lib/python3.8/site-packages/airflow/example_dags/example_external_task_marker_dag.py
[2023-10-03T15:05:05.862+0000] {processor.py:839} INFO - DAG(s) dict_keys(['example_external_task_marker_child', 'example_external_task_marker_parent']) retrieved from /home/airflow/.local/lib/python3.8/site-packages/airflow/example_dags/example_external_task_marker_dag.py
[2023-10-03T15:05:05.895+0000] {logging_mixin.py:151} INFO - [2023-10-03T15:05:05.894+0000] {dag.py:2915} INFO - Sync 2 DAGs
[2023-10-03T15:05:05.917+0000] {logging_mixin.py:151} INFO - [2023-10-03T15:05:05.916+0000] {dag.py:3696} INFO - Setting next_dagrun for example_external_task_marker_child to None, run_after=None
[2023-10-03T15:05:05.923+0000] {logging_mixin.py:151} INFO - [2023-10-03T15:05:05.923+0000] {dag.py:3696} INFO - Setting next_dagrun for example_external_task_marker_parent to None, run_after=None
[2023-10-03T15:05:05.950+0000] {processor.py:179} INFO - Processing /home/airflow/.local/lib/python3.8/site-packages/airflow/example_dags/example_external_task_marker_dag.py took 0.108 seconds
[2023-10-03T15:05:36.010+0000] {processor.py:157} INFO - Started process (PID=264) to work on /home/airflow/.local/lib/python3.8/site-packages/airflow/example_dags/example_external_task_marker_dag.py
[2023-10-03T15:05:36.011+0000] {processor.py:829} INFO - Processing file /home/airflow/.local/lib/python3.8/site-packages/airflow/example_dags/example_external_task_marker_dag.py for tasks to queue
[2023-10-03T15:05:36.014+0000] {logging_mixin.py:151} INFO - [2023-10-03T15:05:36.014+0000] {dagbag.py:539} INFO - Filling up the DagBag from /home/airflow/.local/lib/python3.8/site-packages/airflow/example_dags/example_external_task_marker_dag.py
[2023-10-03T15:05:36.024+0000] {processor.py:839} INFO - DAG(s) dict_keys(['example_external_task_marker_child', 'example_external_task_marker_parent']) retrieved from /home/airflow/.local/lib/python3.8/site-packages/airflow/example_dags/example_external_task_marker_dag.py
[2023-10-03T15:05:36.060+0000] {logging_mixin.py:151} INFO - [2023-10-03T15:05:36.060+0000] {dag.py:2915} INFO - Sync 2 DAGs
[2023-10-03T15:05:36.079+0000] {logging_mixin.py:151} INFO - [2023-10-03T15:05:36.079+0000] {dag.py:3696} INFO - Setting next_dagrun for example_external_task_marker_child to None, run_after=None
[2023-10-03T15:05:36.084+0000] {logging_mixin.py:151} INFO - [2023-10-03T15:05:36.084+0000] {dag.py:3696} INFO - Setting next_dagrun for example_external_task_marker_parent to None, run_after=None
[2023-10-03T15:05:36.104+0000] {processor.py:179} INFO - Processing /home/airflow/.local/lib/python3.8/site-packages/airflow/example_dags/example_external_task_marker_dag.py took 0.100 seconds
[2023-10-03T15:06:09.865+0000] {processor.py:157} INFO - Started process (PID=45) to work on /home/airflow/.local/lib/python3.8/site-packages/airflow/example_dags/example_external_task_marker_dag.py
[2023-10-03T15:06:09.867+0000] {processor.py:829} INFO - Processing file /home/airflow/.local/lib/python3.8/site-packages/airflow/example_dags/example_external_task_marker_dag.py for tasks to queue
[2023-10-03T15:06:09.870+0000] {logging_mixin.py:151} INFO - [2023-10-03T15:06:09.869+0000] {dagbag.py:539} INFO - Filling up the DagBag from /home/airflow/.local/lib/python3.8/site-packages/airflow/example_dags/example_external_task_marker_dag.py
[2023-10-03T15:06:09.878+0000] {processor.py:839} INFO - DAG(s) dict_keys(['example_external_task_marker_child', 'example_external_task_marker_parent']) retrieved from /home/airflow/.local/lib/python3.8/site-packages/airflow/example_dags/example_external_task_marker_dag.py
[2023-10-03T15:06:09.917+0000] {logging_mixin.py:151} INFO - [2023-10-03T15:06:09.916+0000] {dag.py:2915} INFO - Sync 2 DAGs
[2023-10-03T15:06:09.934+0000] {logging_mixin.py:151} INFO - [2023-10-03T15:06:09.934+0000] {dag.py:3696} INFO - Setting next_dagrun for example_external_task_marker_child to None, run_after=None
[2023-10-03T15:06:09.938+0000] {logging_mixin.py:151} INFO - [2023-10-03T15:06:09.938+0000] {dag.py:3696} INFO - Setting next_dagrun for example_external_task_marker_parent to None, run_after=None
[2023-10-03T15:06:09.963+0000] {processor.py:179} INFO - Processing /home/airflow/.local/lib/python3.8/site-packages/airflow/example_dags/example_external_task_marker_dag.py took 0.103 seconds
[2023-10-03T15:06:40.867+0000] {processor.py:157} INFO - Started process (PID=99) to work on /home/airflow/.local/lib/python3.8/site-packages/airflow/example_dags/example_external_task_marker_dag.py
[2023-10-03T15:06:40.868+0000] {processor.py:829} INFO - Processing file /home/airflow/.local/lib/python3.8/site-packages/airflow/example_dags/example_external_task_marker_dag.py for tasks to queue
[2023-10-03T15:06:40.871+0000] {logging_mixin.py:151} INFO - [2023-10-03T15:06:40.870+0000] {dagbag.py:539} INFO - Filling up the DagBag from /home/airflow/.local/lib/python3.8/site-packages/airflow/example_dags/example_external_task_marker_dag.py
[2023-10-03T15:06:40.879+0000] {processor.py:839} INFO - DAG(s) dict_keys(['example_external_task_marker_child', 'example_external_task_marker_parent']) retrieved from /home/airflow/.local/lib/python3.8/site-packages/airflow/example_dags/example_external_task_marker_dag.py
[2023-10-03T15:06:40.897+0000] {logging_mixin.py:151} INFO - [2023-10-03T15:06:40.896+0000] {dag.py:2915} INFO - Sync 2 DAGs
[2023-10-03T15:06:40.917+0000] {logging_mixin.py:151} INFO - [2023-10-03T15:06:40.917+0000] {dag.py:3696} INFO - Setting next_dagrun for example_external_task_marker_child to None, run_after=None
[2023-10-03T15:06:40.923+0000] {logging_mixin.py:151} INFO - [2023-10-03T15:06:40.922+0000] {dag.py:3696} INFO - Setting next_dagrun for example_external_task_marker_parent to None, run_after=None
[2023-10-03T15:06:40.949+0000] {processor.py:179} INFO - Processing /home/airflow/.local/lib/python3.8/site-packages/airflow/example_dags/example_external_task_marker_dag.py took 0.088 seconds
[2023-10-03T15:07:11.323+0000] {processor.py:157} INFO - Started process (PID=153) to work on /home/airflow/.local/lib/python3.8/site-packages/airflow/example_dags/example_external_task_marker_dag.py
[2023-10-03T15:07:11.326+0000] {processor.py:829} INFO - Processing file /home/airflow/.local/lib/python3.8/site-packages/airflow/example_dags/example_external_task_marker_dag.py for tasks to queue
[2023-10-03T15:07:11.329+0000] {logging_mixin.py:151} INFO - [2023-10-03T15:07:11.329+0000] {dagbag.py:539} INFO - Filling up the DagBag from /home/airflow/.local/lib/python3.8/site-packages/airflow/example_dags/example_external_task_marker_dag.py
[2023-10-03T15:07:11.341+0000] {processor.py:839} INFO - DAG(s) dict_keys(['example_external_task_marker_child', 'example_external_task_marker_parent']) retrieved from /home/airflow/.local/lib/python3.8/site-packages/airflow/example_dags/example_external_task_marker_dag.py
[2023-10-03T15:07:11.385+0000] {logging_mixin.py:151} INFO - [2023-10-03T15:07:11.385+0000] {dag.py:2915} INFO - Sync 2 DAGs
[2023-10-03T15:07:11.409+0000] {logging_mixin.py:151} INFO - [2023-10-03T15:07:11.408+0000] {dag.py:3696} INFO - Setting next_dagrun for example_external_task_marker_child to None, run_after=None
[2023-10-03T15:07:11.415+0000] {logging_mixin.py:151} INFO - [2023-10-03T15:07:11.415+0000] {dag.py:3696} INFO - Setting next_dagrun for example_external_task_marker_parent to None, run_after=None
[2023-10-03T15:07:11.441+0000] {processor.py:179} INFO - Processing /home/airflow/.local/lib/python3.8/site-packages/airflow/example_dags/example_external_task_marker_dag.py took 0.125 seconds
[2023-10-03T15:07:42.351+0000] {processor.py:157} INFO - Started process (PID=207) to work on /home/airflow/.local/lib/python3.8/site-packages/airflow/example_dags/example_external_task_marker_dag.py
[2023-10-03T15:07:42.353+0000] {processor.py:829} INFO - Processing file /home/airflow/.local/lib/python3.8/site-packages/airflow/example_dags/example_external_task_marker_dag.py for tasks to queue
[2023-10-03T15:07:42.356+0000] {logging_mixin.py:151} INFO - [2023-10-03T15:07:42.355+0000] {dagbag.py:539} INFO - Filling up the DagBag from /home/airflow/.local/lib/python3.8/site-packages/airflow/example_dags/example_external_task_marker_dag.py
[2023-10-03T15:07:42.364+0000] {processor.py:839} INFO - DAG(s) dict_keys(['example_external_task_marker_parent', 'example_external_task_marker_child']) retrieved from /home/airflow/.local/lib/python3.8/site-packages/airflow/example_dags/example_external_task_marker_dag.py
[2023-10-03T15:07:42.398+0000] {logging_mixin.py:151} INFO - [2023-10-03T15:07:42.398+0000] {dag.py:2915} INFO - Sync 2 DAGs
[2023-10-03T15:07:42.416+0000] {logging_mixin.py:151} INFO - [2023-10-03T15:07:42.415+0000] {dag.py:3696} INFO - Setting next_dagrun for example_external_task_marker_child to None, run_after=None
[2023-10-03T15:07:42.420+0000] {logging_mixin.py:151} INFO - [2023-10-03T15:07:42.420+0000] {dag.py:3696} INFO - Setting next_dagrun for example_external_task_marker_parent to None, run_after=None
[2023-10-03T15:07:42.440+0000] {processor.py:179} INFO - Processing /home/airflow/.local/lib/python3.8/site-packages/airflow/example_dags/example_external_task_marker_dag.py took 0.094 seconds
[2023-10-03T15:08:12.978+0000] {processor.py:157} INFO - Started process (PID=260) to work on /home/airflow/.local/lib/python3.8/site-packages/airflow/example_dags/example_external_task_marker_dag.py
[2023-10-03T15:08:12.981+0000] {processor.py:829} INFO - Processing file /home/airflow/.local/lib/python3.8/site-packages/airflow/example_dags/example_external_task_marker_dag.py for tasks to queue
[2023-10-03T15:08:12.984+0000] {logging_mixin.py:151} INFO - [2023-10-03T15:08:12.984+0000] {dagbag.py:539} INFO - Filling up the DagBag from /home/airflow/.local/lib/python3.8/site-packages/airflow/example_dags/example_external_task_marker_dag.py
[2023-10-03T15:08:12.992+0000] {processor.py:839} INFO - DAG(s) dict_keys(['example_external_task_marker_child', 'example_external_task_marker_parent']) retrieved from /home/airflow/.local/lib/python3.8/site-packages/airflow/example_dags/example_external_task_marker_dag.py
[2023-10-03T15:08:13.035+0000] {logging_mixin.py:151} INFO - [2023-10-03T15:08:13.035+0000] {dag.py:2915} INFO - Sync 2 DAGs
[2023-10-03T15:08:13.059+0000] {logging_mixin.py:151} INFO - [2023-10-03T15:08:13.059+0000] {dag.py:3696} INFO - Setting next_dagrun for example_external_task_marker_child to None, run_after=None
[2023-10-03T15:08:13.065+0000] {logging_mixin.py:151} INFO - [2023-10-03T15:08:13.065+0000] {dag.py:3696} INFO - Setting next_dagrun for example_external_task_marker_parent to None, run_after=None
[2023-10-03T15:08:13.089+0000] {processor.py:179} INFO - Processing /home/airflow/.local/lib/python3.8/site-packages/airflow/example_dags/example_external_task_marker_dag.py took 0.118 seconds
[2023-10-03T15:08:43.599+0000] {processor.py:157} INFO - Started process (PID=314) to work on /home/airflow/.local/lib/python3.8/site-packages/airflow/example_dags/example_external_task_marker_dag.py
[2023-10-03T15:08:43.601+0000] {processor.py:829} INFO - Processing file /home/airflow/.local/lib/python3.8/site-packages/airflow/example_dags/example_external_task_marker_dag.py for tasks to queue
[2023-10-03T15:08:43.605+0000] {logging_mixin.py:151} INFO - [2023-10-03T15:08:43.604+0000] {dagbag.py:539} INFO - Filling up the DagBag from /home/airflow/.local/lib/python3.8/site-packages/airflow/example_dags/example_external_task_marker_dag.py
[2023-10-03T15:08:43.616+0000] {processor.py:839} INFO - DAG(s) dict_keys(['example_external_task_marker_parent', 'example_external_task_marker_child']) retrieved from /home/airflow/.local/lib/python3.8/site-packages/airflow/example_dags/example_external_task_marker_dag.py
[2023-10-03T15:08:43.650+0000] {logging_mixin.py:151} INFO - [2023-10-03T15:08:43.650+0000] {dag.py:2915} INFO - Sync 2 DAGs
[2023-10-03T15:08:43.673+0000] {logging_mixin.py:151} INFO - [2023-10-03T15:08:43.673+0000] {dag.py:3696} INFO - Setting next_dagrun for example_external_task_marker_child to None, run_after=None
[2023-10-03T15:08:43.678+0000] {logging_mixin.py:151} INFO - [2023-10-03T15:08:43.678+0000] {dag.py:3696} INFO - Setting next_dagrun for example_external_task_marker_parent to None, run_after=None
[2023-10-03T15:08:43.701+0000] {processor.py:179} INFO - Processing /home/airflow/.local/lib/python3.8/site-packages/airflow/example_dags/example_external_task_marker_dag.py took 0.107 seconds
[2023-10-03T15:09:13.911+0000] {processor.py:157} INFO - Started process (PID=368) to work on /home/airflow/.local/lib/python3.8/site-packages/airflow/example_dags/example_external_task_marker_dag.py
[2023-10-03T15:09:13.912+0000] {processor.py:829} INFO - Processing file /home/airflow/.local/lib/python3.8/site-packages/airflow/example_dags/example_external_task_marker_dag.py for tasks to queue
[2023-10-03T15:09:13.916+0000] {logging_mixin.py:151} INFO - [2023-10-03T15:09:13.916+0000] {dagbag.py:539} INFO - Filling up the DagBag from /home/airflow/.local/lib/python3.8/site-packages/airflow/example_dags/example_external_task_marker_dag.py
[2023-10-03T15:09:13.927+0000] {processor.py:839} INFO - DAG(s) dict_keys(['example_external_task_marker_parent', 'example_external_task_marker_child']) retrieved from /home/airflow/.local/lib/python3.8/site-packages/airflow/example_dags/example_external_task_marker_dag.py
[2023-10-03T15:09:13.974+0000] {logging_mixin.py:151} INFO - [2023-10-03T15:09:13.973+0000] {dag.py:2915} INFO - Sync 2 DAGs
[2023-10-03T15:09:14.001+0000] {logging_mixin.py:151} INFO - [2023-10-03T15:09:14.000+0000] {dag.py:3696} INFO - Setting next_dagrun for example_external_task_marker_child to None, run_after=None
[2023-10-03T15:09:14.007+0000] {logging_mixin.py:151} INFO - [2023-10-03T15:09:14.007+0000] {dag.py:3696} INFO - Setting next_dagrun for example_external_task_marker_parent to None, run_after=None
[2023-10-03T15:09:14.035+0000] {processor.py:179} INFO - Processing /home/airflow/.local/lib/python3.8/site-packages/airflow/example_dags/example_external_task_marker_dag.py took 0.130 seconds
