[2023-10-03T15:03:37.335+0000] {processor.py:157} INFO - Started process (PID=70) to work on /home/airflow/.local/lib/python3.8/site-packages/airflow/example_dags/example_task_group_decorator.py
[2023-10-03T15:03:37.336+0000] {processor.py:829} INFO - Processing file /home/airflow/.local/lib/python3.8/site-packages/airflow/example_dags/example_task_group_decorator.py for tasks to queue
[2023-10-03T15:03:37.340+0000] {logging_mixin.py:151} INFO - [2023-10-03T15:03:37.339+0000] {dagbag.py:539} INFO - Filling up the DagBag from /home/airflow/.local/lib/python3.8/site-packages/airflow/example_dags/example_task_group_decorator.py
[2023-10-03T15:03:37.363+0000] {processor.py:839} INFO - DAG(s) dict_keys(['example_task_group_decorator']) retrieved from /home/airflow/.local/lib/python3.8/site-packages/airflow/example_dags/example_task_group_decorator.py
[2023-10-03T15:03:37.396+0000] {logging_mixin.py:151} INFO - [2023-10-03T15:03:37.395+0000] {dag.py:2915} INFO - Sync 1 DAGs
[2023-10-03T15:03:37.438+0000] {logging_mixin.py:151} INFO - [2023-10-03T15:03:37.438+0000] {dag.py:3696} INFO - Setting next_dagrun for example_task_group_decorator to 2023-10-02T15:03:37.438057+00:00, run_after=2023-10-03T15:03:37.438057+00:00
[2023-10-03T15:03:37.475+0000] {processor.py:179} INFO - Processing /home/airflow/.local/lib/python3.8/site-packages/airflow/example_dags/example_task_group_decorator.py took 0.146 seconds
[2023-10-03T15:04:08.023+0000] {processor.py:157} INFO - Started process (PID=124) to work on /home/airflow/.local/lib/python3.8/site-packages/airflow/example_dags/example_task_group_decorator.py
[2023-10-03T15:04:08.025+0000] {processor.py:829} INFO - Processing file /home/airflow/.local/lib/python3.8/site-packages/airflow/example_dags/example_task_group_decorator.py for tasks to queue
[2023-10-03T15:04:08.028+0000] {logging_mixin.py:151} INFO - [2023-10-03T15:04:08.027+0000] {dagbag.py:539} INFO - Filling up the DagBag from /home/airflow/.local/lib/python3.8/site-packages/airflow/example_dags/example_task_group_decorator.py
[2023-10-03T15:04:08.048+0000] {processor.py:839} INFO - DAG(s) dict_keys(['example_task_group_decorator']) retrieved from /home/airflow/.local/lib/python3.8/site-packages/airflow/example_dags/example_task_group_decorator.py
[2023-10-03T15:04:08.065+0000] {logging_mixin.py:151} INFO - [2023-10-03T15:04:08.065+0000] {dag.py:2915} INFO - Sync 1 DAGs
[2023-10-03T15:04:08.096+0000] {logging_mixin.py:151} INFO - [2023-10-03T15:04:08.096+0000] {dag.py:3696} INFO - Setting next_dagrun for example_task_group_decorator to 2023-10-02T15:04:08.096317+00:00, run_after=2023-10-03T15:04:08.096317+00:00
[2023-10-03T15:04:08.123+0000] {processor.py:179} INFO - Processing /home/airflow/.local/lib/python3.8/site-packages/airflow/example_dags/example_task_group_decorator.py took 0.106 seconds
[2023-10-03T15:04:38.730+0000] {processor.py:157} INFO - Started process (PID=178) to work on /home/airflow/.local/lib/python3.8/site-packages/airflow/example_dags/example_task_group_decorator.py
[2023-10-03T15:04:38.731+0000] {processor.py:829} INFO - Processing file /home/airflow/.local/lib/python3.8/site-packages/airflow/example_dags/example_task_group_decorator.py for tasks to queue
[2023-10-03T15:04:38.735+0000] {logging_mixin.py:151} INFO - [2023-10-03T15:04:38.734+0000] {dagbag.py:539} INFO - Filling up the DagBag from /home/airflow/.local/lib/python3.8/site-packages/airflow/example_dags/example_task_group_decorator.py
[2023-10-03T15:04:38.756+0000] {processor.py:839} INFO - DAG(s) dict_keys(['example_task_group_decorator']) retrieved from /home/airflow/.local/lib/python3.8/site-packages/airflow/example_dags/example_task_group_decorator.py
[2023-10-03T15:04:38.791+0000] {logging_mixin.py:151} INFO - [2023-10-03T15:04:38.790+0000] {dag.py:2915} INFO - Sync 1 DAGs
[2023-10-03T15:04:38.818+0000] {logging_mixin.py:151} INFO - [2023-10-03T15:04:38.818+0000] {dag.py:3696} INFO - Setting next_dagrun for example_task_group_decorator to 2023-10-02T15:04:38.817904+00:00, run_after=2023-10-03T15:04:38.817904+00:00
[2023-10-03T15:04:38.839+0000] {processor.py:179} INFO - Processing /home/airflow/.local/lib/python3.8/site-packages/airflow/example_dags/example_task_group_decorator.py took 0.117 seconds
[2023-10-03T15:05:09.983+0000] {processor.py:157} INFO - Started process (PID=233) to work on /home/airflow/.local/lib/python3.8/site-packages/airflow/example_dags/example_task_group_decorator.py
[2023-10-03T15:05:09.985+0000] {processor.py:829} INFO - Processing file /home/airflow/.local/lib/python3.8/site-packages/airflow/example_dags/example_task_group_decorator.py for tasks to queue
[2023-10-03T15:05:09.988+0000] {logging_mixin.py:151} INFO - [2023-10-03T15:05:09.988+0000] {dagbag.py:539} INFO - Filling up the DagBag from /home/airflow/.local/lib/python3.8/site-packages/airflow/example_dags/example_task_group_decorator.py
[2023-10-03T15:05:10.008+0000] {processor.py:839} INFO - DAG(s) dict_keys(['example_task_group_decorator']) retrieved from /home/airflow/.local/lib/python3.8/site-packages/airflow/example_dags/example_task_group_decorator.py
[2023-10-03T15:05:10.045+0000] {logging_mixin.py:151} INFO - [2023-10-03T15:05:10.045+0000] {dag.py:2915} INFO - Sync 1 DAGs
[2023-10-03T15:05:10.076+0000] {logging_mixin.py:151} INFO - [2023-10-03T15:05:10.075+0000] {dag.py:3696} INFO - Setting next_dagrun for example_task_group_decorator to 2023-10-02T15:05:10.075510+00:00, run_after=2023-10-03T15:05:10.075510+00:00
[2023-10-03T15:05:10.104+0000] {processor.py:179} INFO - Processing /home/airflow/.local/lib/python3.8/site-packages/airflow/example_dags/example_task_group_decorator.py took 0.125 seconds
[2023-10-03T15:05:40.524+0000] {processor.py:157} INFO - Started process (PID=288) to work on /home/airflow/.local/lib/python3.8/site-packages/airflow/example_dags/example_task_group_decorator.py
[2023-10-03T15:05:40.525+0000] {processor.py:829} INFO - Processing file /home/airflow/.local/lib/python3.8/site-packages/airflow/example_dags/example_task_group_decorator.py for tasks to queue
[2023-10-03T15:05:40.528+0000] {logging_mixin.py:151} INFO - [2023-10-03T15:05:40.528+0000] {dagbag.py:539} INFO - Filling up the DagBag from /home/airflow/.local/lib/python3.8/site-packages/airflow/example_dags/example_task_group_decorator.py
[2023-10-03T15:05:40.547+0000] {processor.py:839} INFO - DAG(s) dict_keys(['example_task_group_decorator']) retrieved from /home/airflow/.local/lib/python3.8/site-packages/airflow/example_dags/example_task_group_decorator.py
[2023-10-03T15:05:40.586+0000] {logging_mixin.py:151} INFO - [2023-10-03T15:05:40.585+0000] {dag.py:2915} INFO - Sync 1 DAGs
[2023-10-03T15:05:40.617+0000] {logging_mixin.py:151} INFO - [2023-10-03T15:05:40.616+0000] {dag.py:3696} INFO - Setting next_dagrun for example_task_group_decorator to 2023-10-02T15:05:40.616546+00:00, run_after=2023-10-03T15:05:40.616546+00:00
[2023-10-03T15:05:40.638+0000] {processor.py:179} INFO - Processing /home/airflow/.local/lib/python3.8/site-packages/airflow/example_dags/example_task_group_decorator.py took 0.120 seconds
[2023-10-03T15:06:12.025+0000] {processor.py:157} INFO - Started process (PID=68) to work on /home/airflow/.local/lib/python3.8/site-packages/airflow/example_dags/example_task_group_decorator.py
[2023-10-03T15:06:12.027+0000] {processor.py:829} INFO - Processing file /home/airflow/.local/lib/python3.8/site-packages/airflow/example_dags/example_task_group_decorator.py for tasks to queue
[2023-10-03T15:06:12.030+0000] {logging_mixin.py:151} INFO - [2023-10-03T15:06:12.030+0000] {dagbag.py:539} INFO - Filling up the DagBag from /home/airflow/.local/lib/python3.8/site-packages/airflow/example_dags/example_task_group_decorator.py
[2023-10-03T15:06:12.052+0000] {processor.py:839} INFO - DAG(s) dict_keys(['example_task_group_decorator']) retrieved from /home/airflow/.local/lib/python3.8/site-packages/airflow/example_dags/example_task_group_decorator.py
[2023-10-03T15:06:12.088+0000] {logging_mixin.py:151} INFO - [2023-10-03T15:06:12.087+0000] {dag.py:2915} INFO - Sync 1 DAGs
[2023-10-03T15:06:12.120+0000] {logging_mixin.py:151} INFO - [2023-10-03T15:06:12.119+0000] {dag.py:3696} INFO - Setting next_dagrun for example_task_group_decorator to 2023-10-02T15:06:12.119565+00:00, run_after=2023-10-03T15:06:12.119565+00:00
[2023-10-03T15:06:12.150+0000] {processor.py:179} INFO - Processing /home/airflow/.local/lib/python3.8/site-packages/airflow/example_dags/example_task_group_decorator.py took 0.130 seconds
[2023-10-03T15:06:42.859+0000] {processor.py:157} INFO - Started process (PID=122) to work on /home/airflow/.local/lib/python3.8/site-packages/airflow/example_dags/example_task_group_decorator.py
[2023-10-03T15:06:42.861+0000] {processor.py:829} INFO - Processing file /home/airflow/.local/lib/python3.8/site-packages/airflow/example_dags/example_task_group_decorator.py for tasks to queue
[2023-10-03T15:06:42.863+0000] {logging_mixin.py:151} INFO - [2023-10-03T15:06:42.863+0000] {dagbag.py:539} INFO - Filling up the DagBag from /home/airflow/.local/lib/python3.8/site-packages/airflow/example_dags/example_task_group_decorator.py
[2023-10-03T15:06:42.887+0000] {processor.py:839} INFO - DAG(s) dict_keys(['example_task_group_decorator']) retrieved from /home/airflow/.local/lib/python3.8/site-packages/airflow/example_dags/example_task_group_decorator.py
[2023-10-03T15:06:42.912+0000] {logging_mixin.py:151} INFO - [2023-10-03T15:06:42.912+0000] {dag.py:2915} INFO - Sync 1 DAGs
[2023-10-03T15:06:42.951+0000] {logging_mixin.py:151} INFO - [2023-10-03T15:06:42.951+0000] {dag.py:3696} INFO - Setting next_dagrun for example_task_group_decorator to 2023-10-02T15:06:42.950684+00:00, run_after=2023-10-03T15:06:42.950684+00:00
[2023-10-03T15:06:42.980+0000] {processor.py:179} INFO - Processing /home/airflow/.local/lib/python3.8/site-packages/airflow/example_dags/example_task_group_decorator.py took 0.127 seconds
[2023-10-03T15:07:13.615+0000] {processor.py:157} INFO - Started process (PID=176) to work on /home/airflow/.local/lib/python3.8/site-packages/airflow/example_dags/example_task_group_decorator.py
[2023-10-03T15:07:13.617+0000] {processor.py:829} INFO - Processing file /home/airflow/.local/lib/python3.8/site-packages/airflow/example_dags/example_task_group_decorator.py for tasks to queue
[2023-10-03T15:07:13.620+0000] {logging_mixin.py:151} INFO - [2023-10-03T15:07:13.619+0000] {dagbag.py:539} INFO - Filling up the DagBag from /home/airflow/.local/lib/python3.8/site-packages/airflow/example_dags/example_task_group_decorator.py
[2023-10-03T15:07:13.639+0000] {processor.py:839} INFO - DAG(s) dict_keys(['example_task_group_decorator']) retrieved from /home/airflow/.local/lib/python3.8/site-packages/airflow/example_dags/example_task_group_decorator.py
[2023-10-03T15:07:13.674+0000] {logging_mixin.py:151} INFO - [2023-10-03T15:07:13.673+0000] {dag.py:2915} INFO - Sync 1 DAGs
[2023-10-03T15:07:13.702+0000] {logging_mixin.py:151} INFO - [2023-10-03T15:07:13.702+0000] {dag.py:3696} INFO - Setting next_dagrun for example_task_group_decorator to 2023-10-02T15:07:13.702376+00:00, run_after=2023-10-03T15:07:13.702376+00:00
[2023-10-03T15:07:13.726+0000] {processor.py:179} INFO - Processing /home/airflow/.local/lib/python3.8/site-packages/airflow/example_dags/example_task_group_decorator.py took 0.116 seconds
[2023-10-03T15:07:44.310+0000] {processor.py:157} INFO - Started process (PID=230) to work on /home/airflow/.local/lib/python3.8/site-packages/airflow/example_dags/example_task_group_decorator.py
[2023-10-03T15:07:44.311+0000] {processor.py:829} INFO - Processing file /home/airflow/.local/lib/python3.8/site-packages/airflow/example_dags/example_task_group_decorator.py for tasks to queue
[2023-10-03T15:07:44.315+0000] {logging_mixin.py:151} INFO - [2023-10-03T15:07:44.314+0000] {dagbag.py:539} INFO - Filling up the DagBag from /home/airflow/.local/lib/python3.8/site-packages/airflow/example_dags/example_task_group_decorator.py
[2023-10-03T15:07:44.335+0000] {processor.py:839} INFO - DAG(s) dict_keys(['example_task_group_decorator']) retrieved from /home/airflow/.local/lib/python3.8/site-packages/airflow/example_dags/example_task_group_decorator.py
[2023-10-03T15:07:44.370+0000] {logging_mixin.py:151} INFO - [2023-10-03T15:07:44.370+0000] {dag.py:2915} INFO - Sync 1 DAGs
[2023-10-03T15:07:44.402+0000] {logging_mixin.py:151} INFO - [2023-10-03T15:07:44.402+0000] {dag.py:3696} INFO - Setting next_dagrun for example_task_group_decorator to 2023-10-02T15:07:44.401880+00:00, run_after=2023-10-03T15:07:44.401880+00:00
[2023-10-03T15:07:44.425+0000] {processor.py:179} INFO - Processing /home/airflow/.local/lib/python3.8/site-packages/airflow/example_dags/example_task_group_decorator.py took 0.121 seconds
[2023-10-03T15:08:15.352+0000] {processor.py:157} INFO - Started process (PID=283) to work on /home/airflow/.local/lib/python3.8/site-packages/airflow/example_dags/example_task_group_decorator.py
[2023-10-03T15:08:15.354+0000] {processor.py:829} INFO - Processing file /home/airflow/.local/lib/python3.8/site-packages/airflow/example_dags/example_task_group_decorator.py for tasks to queue
[2023-10-03T15:08:15.357+0000] {logging_mixin.py:151} INFO - [2023-10-03T15:08:15.357+0000] {dagbag.py:539} INFO - Filling up the DagBag from /home/airflow/.local/lib/python3.8/site-packages/airflow/example_dags/example_task_group_decorator.py
[2023-10-03T15:08:15.376+0000] {processor.py:839} INFO - DAG(s) dict_keys(['example_task_group_decorator']) retrieved from /home/airflow/.local/lib/python3.8/site-packages/airflow/example_dags/example_task_group_decorator.py
[2023-10-03T15:08:15.410+0000] {logging_mixin.py:151} INFO - [2023-10-03T15:08:15.410+0000] {dag.py:2915} INFO - Sync 1 DAGs
[2023-10-03T15:08:15.440+0000] {logging_mixin.py:151} INFO - [2023-10-03T15:08:15.440+0000] {dag.py:3696} INFO - Setting next_dagrun for example_task_group_decorator to 2023-10-02T15:08:15.439831+00:00, run_after=2023-10-03T15:08:15.439831+00:00
[2023-10-03T15:08:15.467+0000] {processor.py:179} INFO - Processing /home/airflow/.local/lib/python3.8/site-packages/airflow/example_dags/example_task_group_decorator.py took 0.120 seconds
[2023-10-03T15:08:45.890+0000] {processor.py:157} INFO - Started process (PID=337) to work on /home/airflow/.local/lib/python3.8/site-packages/airflow/example_dags/example_task_group_decorator.py
[2023-10-03T15:08:45.892+0000] {processor.py:829} INFO - Processing file /home/airflow/.local/lib/python3.8/site-packages/airflow/example_dags/example_task_group_decorator.py for tasks to queue
[2023-10-03T15:08:45.895+0000] {logging_mixin.py:151} INFO - [2023-10-03T15:08:45.895+0000] {dagbag.py:539} INFO - Filling up the DagBag from /home/airflow/.local/lib/python3.8/site-packages/airflow/example_dags/example_task_group_decorator.py
[2023-10-03T15:08:45.914+0000] {processor.py:839} INFO - DAG(s) dict_keys(['example_task_group_decorator']) retrieved from /home/airflow/.local/lib/python3.8/site-packages/airflow/example_dags/example_task_group_decorator.py
[2023-10-03T15:08:45.958+0000] {logging_mixin.py:151} INFO - [2023-10-03T15:08:45.958+0000] {dag.py:2915} INFO - Sync 1 DAGs
[2023-10-03T15:08:45.991+0000] {logging_mixin.py:151} INFO - [2023-10-03T15:08:45.991+0000] {dag.py:3696} INFO - Setting next_dagrun for example_task_group_decorator to 2023-10-02T15:08:45.990765+00:00, run_after=2023-10-03T15:08:45.990765+00:00
[2023-10-03T15:08:46.014+0000] {processor.py:179} INFO - Processing /home/airflow/.local/lib/python3.8/site-packages/airflow/example_dags/example_task_group_decorator.py took 0.129 seconds
[2023-10-03T15:09:16.964+0000] {processor.py:157} INFO - Started process (PID=391) to work on /home/airflow/.local/lib/python3.8/site-packages/airflow/example_dags/example_task_group_decorator.py
[2023-10-03T15:09:16.965+0000] {processor.py:829} INFO - Processing file /home/airflow/.local/lib/python3.8/site-packages/airflow/example_dags/example_task_group_decorator.py for tasks to queue
[2023-10-03T15:09:16.968+0000] {logging_mixin.py:151} INFO - [2023-10-03T15:09:16.967+0000] {dagbag.py:539} INFO - Filling up the DagBag from /home/airflow/.local/lib/python3.8/site-packages/airflow/example_dags/example_task_group_decorator.py
[2023-10-03T15:09:16.987+0000] {processor.py:839} INFO - DAG(s) dict_keys(['example_task_group_decorator']) retrieved from /home/airflow/.local/lib/python3.8/site-packages/airflow/example_dags/example_task_group_decorator.py
[2023-10-03T15:09:17.027+0000] {logging_mixin.py:151} INFO - [2023-10-03T15:09:17.027+0000] {dag.py:2915} INFO - Sync 1 DAGs
[2023-10-03T15:09:17.057+0000] {logging_mixin.py:151} INFO - [2023-10-03T15:09:17.057+0000] {dag.py:3696} INFO - Setting next_dagrun for example_task_group_decorator to 2023-10-02T15:09:17.056860+00:00, run_after=2023-10-03T15:09:17.056860+00:00
[2023-10-03T15:09:17.081+0000] {processor.py:179} INFO - Processing /home/airflow/.local/lib/python3.8/site-packages/airflow/example_dags/example_task_group_decorator.py took 0.122 seconds
