[2023-10-03T15:03:33.494+0000] {processor.py:157} INFO - Started process (PID=41) to work on /home/airflow/.local/lib/python3.8/site-packages/airflow/example_dags/example_skip_dag.py
[2023-10-03T15:03:33.495+0000] {processor.py:829} INFO - Processing file /home/airflow/.local/lib/python3.8/site-packages/airflow/example_dags/example_skip_dag.py for tasks to queue
[2023-10-03T15:03:33.499+0000] {logging_mixin.py:151} INFO - [2023-10-03T15:03:33.498+0000] {dagbag.py:539} INFO - Filling up the DagBag from /home/airflow/.local/lib/python3.8/site-packages/airflow/example_dags/example_skip_dag.py
[2023-10-03T15:03:33.509+0000] {processor.py:839} INFO - DAG(s) dict_keys(['example_skip_dag']) retrieved from /home/airflow/.local/lib/python3.8/site-packages/airflow/example_dags/example_skip_dag.py
[2023-10-03T15:03:33.529+0000] {logging_mixin.py:151} INFO - [2023-10-03T15:03:33.528+0000] {dag.py:2915} INFO - Sync 1 DAGs
[2023-10-03T15:03:33.560+0000] {logging_mixin.py:151} INFO - [2023-10-03T15:03:33.560+0000] {dag.py:3696} INFO - Setting next_dagrun for example_skip_dag to 2023-10-02T15:03:33.559810+00:00, run_after=2023-10-03T15:03:33.559810+00:00
[2023-10-03T15:03:33.635+0000] {processor.py:179} INFO - Processing /home/airflow/.local/lib/python3.8/site-packages/airflow/example_dags/example_skip_dag.py took 0.148 seconds
[2023-10-03T15:04:03.733+0000] {processor.py:157} INFO - Started process (PID=95) to work on /home/airflow/.local/lib/python3.8/site-packages/airflow/example_dags/example_skip_dag.py
[2023-10-03T15:04:03.735+0000] {processor.py:829} INFO - Processing file /home/airflow/.local/lib/python3.8/site-packages/airflow/example_dags/example_skip_dag.py for tasks to queue
[2023-10-03T15:04:03.739+0000] {logging_mixin.py:151} INFO - [2023-10-03T15:04:03.739+0000] {dagbag.py:539} INFO - Filling up the DagBag from /home/airflow/.local/lib/python3.8/site-packages/airflow/example_dags/example_skip_dag.py
[2023-10-03T15:04:03.752+0000] {processor.py:839} INFO - DAG(s) dict_keys(['example_skip_dag']) retrieved from /home/airflow/.local/lib/python3.8/site-packages/airflow/example_dags/example_skip_dag.py
[2023-10-03T15:04:03.774+0000] {logging_mixin.py:151} INFO - [2023-10-03T15:04:03.774+0000] {dag.py:2915} INFO - Sync 1 DAGs
[2023-10-03T15:04:03.807+0000] {logging_mixin.py:151} INFO - [2023-10-03T15:04:03.807+0000] {dag.py:3696} INFO - Setting next_dagrun for example_skip_dag to 2023-10-02T15:04:03.807093+00:00, run_after=2023-10-03T15:04:03.807093+00:00
[2023-10-03T15:04:03.838+0000] {processor.py:179} INFO - Processing /home/airflow/.local/lib/python3.8/site-packages/airflow/example_dags/example_skip_dag.py took 0.112 seconds
[2023-10-03T15:04:34.161+0000] {processor.py:157} INFO - Started process (PID=149) to work on /home/airflow/.local/lib/python3.8/site-packages/airflow/example_dags/example_skip_dag.py
[2023-10-03T15:04:34.162+0000] {processor.py:829} INFO - Processing file /home/airflow/.local/lib/python3.8/site-packages/airflow/example_dags/example_skip_dag.py for tasks to queue
[2023-10-03T15:04:34.165+0000] {logging_mixin.py:151} INFO - [2023-10-03T15:04:34.165+0000] {dagbag.py:539} INFO - Filling up the DagBag from /home/airflow/.local/lib/python3.8/site-packages/airflow/example_dags/example_skip_dag.py
[2023-10-03T15:04:34.175+0000] {processor.py:839} INFO - DAG(s) dict_keys(['example_skip_dag']) retrieved from /home/airflow/.local/lib/python3.8/site-packages/airflow/example_dags/example_skip_dag.py
[2023-10-03T15:04:34.208+0000] {logging_mixin.py:151} INFO - [2023-10-03T15:04:34.208+0000] {dag.py:2915} INFO - Sync 1 DAGs
[2023-10-03T15:04:34.243+0000] {logging_mixin.py:151} INFO - [2023-10-03T15:04:34.243+0000] {dag.py:3696} INFO - Setting next_dagrun for example_skip_dag to 2023-10-02T15:04:34.242869+00:00, run_after=2023-10-03T15:04:34.242869+00:00
[2023-10-03T15:04:34.277+0000] {processor.py:179} INFO - Processing /home/airflow/.local/lib/python3.8/site-packages/airflow/example_dags/example_skip_dag.py took 0.122 seconds
[2023-10-03T15:05:04.465+0000] {processor.py:157} INFO - Started process (PID=204) to work on /home/airflow/.local/lib/python3.8/site-packages/airflow/example_dags/example_skip_dag.py
[2023-10-03T15:05:04.466+0000] {processor.py:829} INFO - Processing file /home/airflow/.local/lib/python3.8/site-packages/airflow/example_dags/example_skip_dag.py for tasks to queue
[2023-10-03T15:05:04.470+0000] {logging_mixin.py:151} INFO - [2023-10-03T15:05:04.470+0000] {dagbag.py:539} INFO - Filling up the DagBag from /home/airflow/.local/lib/python3.8/site-packages/airflow/example_dags/example_skip_dag.py
[2023-10-03T15:05:04.484+0000] {processor.py:839} INFO - DAG(s) dict_keys(['example_skip_dag']) retrieved from /home/airflow/.local/lib/python3.8/site-packages/airflow/example_dags/example_skip_dag.py
[2023-10-03T15:05:04.515+0000] {logging_mixin.py:151} INFO - [2023-10-03T15:05:04.515+0000] {dag.py:2915} INFO - Sync 1 DAGs
[2023-10-03T15:05:04.546+0000] {logging_mixin.py:151} INFO - [2023-10-03T15:05:04.545+0000] {dag.py:3696} INFO - Setting next_dagrun for example_skip_dag to 2023-10-02T15:05:04.545344+00:00, run_after=2023-10-03T15:05:04.545344+00:00
[2023-10-03T15:05:04.575+0000] {processor.py:179} INFO - Processing /home/airflow/.local/lib/python3.8/site-packages/airflow/example_dags/example_skip_dag.py took 0.116 seconds
[2023-10-03T15:05:34.690+0000] {processor.py:157} INFO - Started process (PID=259) to work on /home/airflow/.local/lib/python3.8/site-packages/airflow/example_dags/example_skip_dag.py
[2023-10-03T15:05:34.691+0000] {processor.py:829} INFO - Processing file /home/airflow/.local/lib/python3.8/site-packages/airflow/example_dags/example_skip_dag.py for tasks to queue
[2023-10-03T15:05:34.694+0000] {logging_mixin.py:151} INFO - [2023-10-03T15:05:34.694+0000] {dagbag.py:539} INFO - Filling up the DagBag from /home/airflow/.local/lib/python3.8/site-packages/airflow/example_dags/example_skip_dag.py
[2023-10-03T15:05:34.704+0000] {processor.py:839} INFO - DAG(s) dict_keys(['example_skip_dag']) retrieved from /home/airflow/.local/lib/python3.8/site-packages/airflow/example_dags/example_skip_dag.py
[2023-10-03T15:05:34.734+0000] {logging_mixin.py:151} INFO - [2023-10-03T15:05:34.734+0000] {dag.py:2915} INFO - Sync 1 DAGs
[2023-10-03T15:05:34.763+0000] {logging_mixin.py:151} INFO - [2023-10-03T15:05:34.762+0000] {dag.py:3696} INFO - Setting next_dagrun for example_skip_dag to 2023-10-02T15:05:34.762436+00:00, run_after=2023-10-03T15:05:34.762436+00:00
[2023-10-03T15:05:34.783+0000] {processor.py:179} INFO - Processing /home/airflow/.local/lib/python3.8/site-packages/airflow/example_dags/example_skip_dag.py took 0.098 seconds
[2023-10-03T15:06:09.277+0000] {processor.py:157} INFO - Started process (PID=39) to work on /home/airflow/.local/lib/python3.8/site-packages/airflow/example_dags/example_skip_dag.py
[2023-10-03T15:06:09.279+0000] {processor.py:829} INFO - Processing file /home/airflow/.local/lib/python3.8/site-packages/airflow/example_dags/example_skip_dag.py for tasks to queue
[2023-10-03T15:06:09.282+0000] {logging_mixin.py:151} INFO - [2023-10-03T15:06:09.282+0000] {dagbag.py:539} INFO - Filling up the DagBag from /home/airflow/.local/lib/python3.8/site-packages/airflow/example_dags/example_skip_dag.py
[2023-10-03T15:06:09.292+0000] {processor.py:839} INFO - DAG(s) dict_keys(['example_skip_dag']) retrieved from /home/airflow/.local/lib/python3.8/site-packages/airflow/example_dags/example_skip_dag.py
[2023-10-03T15:06:09.334+0000] {logging_mixin.py:151} INFO - [2023-10-03T15:06:09.333+0000] {dag.py:2915} INFO - Sync 1 DAGs
[2023-10-03T15:06:09.368+0000] {logging_mixin.py:151} INFO - [2023-10-03T15:06:09.367+0000] {dag.py:3696} INFO - Setting next_dagrun for example_skip_dag to 2023-10-02T15:06:09.367278+00:00, run_after=2023-10-03T15:06:09.367278+00:00
[2023-10-03T15:06:09.390+0000] {processor.py:179} INFO - Processing /home/airflow/.local/lib/python3.8/site-packages/airflow/example_dags/example_skip_dag.py took 0.118 seconds
[2023-10-03T15:06:40.456+0000] {processor.py:157} INFO - Started process (PID=93) to work on /home/airflow/.local/lib/python3.8/site-packages/airflow/example_dags/example_skip_dag.py
[2023-10-03T15:06:40.458+0000] {processor.py:829} INFO - Processing file /home/airflow/.local/lib/python3.8/site-packages/airflow/example_dags/example_skip_dag.py for tasks to queue
[2023-10-03T15:06:40.461+0000] {logging_mixin.py:151} INFO - [2023-10-03T15:06:40.461+0000] {dagbag.py:539} INFO - Filling up the DagBag from /home/airflow/.local/lib/python3.8/site-packages/airflow/example_dags/example_skip_dag.py
[2023-10-03T15:06:40.470+0000] {processor.py:839} INFO - DAG(s) dict_keys(['example_skip_dag']) retrieved from /home/airflow/.local/lib/python3.8/site-packages/airflow/example_dags/example_skip_dag.py
[2023-10-03T15:06:40.486+0000] {logging_mixin.py:151} INFO - [2023-10-03T15:06:40.486+0000] {dag.py:2915} INFO - Sync 1 DAGs
[2023-10-03T15:06:40.518+0000] {logging_mixin.py:151} INFO - [2023-10-03T15:06:40.518+0000] {dag.py:3696} INFO - Setting next_dagrun for example_skip_dag to 2023-10-02T15:06:40.518074+00:00, run_after=2023-10-03T15:06:40.518074+00:00
[2023-10-03T15:06:40.540+0000] {processor.py:179} INFO - Processing /home/airflow/.local/lib/python3.8/site-packages/airflow/example_dags/example_skip_dag.py took 0.090 seconds
[2023-10-03T15:07:10.628+0000] {processor.py:157} INFO - Started process (PID=147) to work on /home/airflow/.local/lib/python3.8/site-packages/airflow/example_dags/example_skip_dag.py
[2023-10-03T15:07:10.630+0000] {processor.py:829} INFO - Processing file /home/airflow/.local/lib/python3.8/site-packages/airflow/example_dags/example_skip_dag.py for tasks to queue
[2023-10-03T15:07:10.633+0000] {logging_mixin.py:151} INFO - [2023-10-03T15:07:10.633+0000] {dagbag.py:539} INFO - Filling up the DagBag from /home/airflow/.local/lib/python3.8/site-packages/airflow/example_dags/example_skip_dag.py
[2023-10-03T15:07:10.643+0000] {processor.py:839} INFO - DAG(s) dict_keys(['example_skip_dag']) retrieved from /home/airflow/.local/lib/python3.8/site-packages/airflow/example_dags/example_skip_dag.py
[2023-10-03T15:07:10.673+0000] {logging_mixin.py:151} INFO - [2023-10-03T15:07:10.672+0000] {dag.py:2915} INFO - Sync 1 DAGs
[2023-10-03T15:07:10.706+0000] {logging_mixin.py:151} INFO - [2023-10-03T15:07:10.706+0000] {dag.py:3696} INFO - Setting next_dagrun for example_skip_dag to 2023-10-02T15:07:10.706381+00:00, run_after=2023-10-03T15:07:10.706381+00:00
[2023-10-03T15:07:10.728+0000] {processor.py:179} INFO - Processing /home/airflow/.local/lib/python3.8/site-packages/airflow/example_dags/example_skip_dag.py took 0.105 seconds
[2023-10-03T15:07:40.980+0000] {processor.py:157} INFO - Started process (PID=201) to work on /home/airflow/.local/lib/python3.8/site-packages/airflow/example_dags/example_skip_dag.py
[2023-10-03T15:07:40.981+0000] {processor.py:829} INFO - Processing file /home/airflow/.local/lib/python3.8/site-packages/airflow/example_dags/example_skip_dag.py for tasks to queue
[2023-10-03T15:07:40.984+0000] {logging_mixin.py:151} INFO - [2023-10-03T15:07:40.984+0000] {dagbag.py:539} INFO - Filling up the DagBag from /home/airflow/.local/lib/python3.8/site-packages/airflow/example_dags/example_skip_dag.py
[2023-10-03T15:07:40.994+0000] {processor.py:839} INFO - DAG(s) dict_keys(['example_skip_dag']) retrieved from /home/airflow/.local/lib/python3.8/site-packages/airflow/example_dags/example_skip_dag.py
[2023-10-03T15:07:41.025+0000] {logging_mixin.py:151} INFO - [2023-10-03T15:07:41.025+0000] {dag.py:2915} INFO - Sync 1 DAGs
[2023-10-03T15:07:41.053+0000] {logging_mixin.py:151} INFO - [2023-10-03T15:07:41.053+0000] {dag.py:3696} INFO - Setting next_dagrun for example_skip_dag to 2023-10-02T15:07:41.052726+00:00, run_after=2023-10-03T15:07:41.052726+00:00
[2023-10-03T15:07:41.074+0000] {processor.py:179} INFO - Processing /home/airflow/.local/lib/python3.8/site-packages/airflow/example_dags/example_skip_dag.py took 0.099 seconds
[2023-10-03T15:08:11.567+0000] {processor.py:157} INFO - Started process (PID=254) to work on /home/airflow/.local/lib/python3.8/site-packages/airflow/example_dags/example_skip_dag.py
[2023-10-03T15:08:11.576+0000] {processor.py:829} INFO - Processing file /home/airflow/.local/lib/python3.8/site-packages/airflow/example_dags/example_skip_dag.py for tasks to queue
[2023-10-03T15:08:11.579+0000] {logging_mixin.py:151} INFO - [2023-10-03T15:08:11.579+0000] {dagbag.py:539} INFO - Filling up the DagBag from /home/airflow/.local/lib/python3.8/site-packages/airflow/example_dags/example_skip_dag.py
[2023-10-03T15:08:11.588+0000] {processor.py:839} INFO - DAG(s) dict_keys(['example_skip_dag']) retrieved from /home/airflow/.local/lib/python3.8/site-packages/airflow/example_dags/example_skip_dag.py
[2023-10-03T15:08:11.617+0000] {logging_mixin.py:151} INFO - [2023-10-03T15:08:11.617+0000] {dag.py:2915} INFO - Sync 1 DAGs
[2023-10-03T15:08:11.645+0000] {logging_mixin.py:151} INFO - [2023-10-03T15:08:11.645+0000] {dag.py:3696} INFO - Setting next_dagrun for example_skip_dag to 2023-10-02T15:08:11.645102+00:00, run_after=2023-10-03T15:08:11.645102+00:00
[2023-10-03T15:08:11.670+0000] {processor.py:179} INFO - Processing /home/airflow/.local/lib/python3.8/site-packages/airflow/example_dags/example_skip_dag.py took 0.108 seconds
[2023-10-03T15:08:42.165+0000] {processor.py:157} INFO - Started process (PID=308) to work on /home/airflow/.local/lib/python3.8/site-packages/airflow/example_dags/example_skip_dag.py
[2023-10-03T15:08:42.171+0000] {processor.py:829} INFO - Processing file /home/airflow/.local/lib/python3.8/site-packages/airflow/example_dags/example_skip_dag.py for tasks to queue
[2023-10-03T15:08:42.175+0000] {logging_mixin.py:151} INFO - [2023-10-03T15:08:42.175+0000] {dagbag.py:539} INFO - Filling up the DagBag from /home/airflow/.local/lib/python3.8/site-packages/airflow/example_dags/example_skip_dag.py
[2023-10-03T15:08:42.187+0000] {processor.py:839} INFO - DAG(s) dict_keys(['example_skip_dag']) retrieved from /home/airflow/.local/lib/python3.8/site-packages/airflow/example_dags/example_skip_dag.py
[2023-10-03T15:08:42.226+0000] {logging_mixin.py:151} INFO - [2023-10-03T15:08:42.225+0000] {dag.py:2915} INFO - Sync 1 DAGs
[2023-10-03T15:08:42.254+0000] {logging_mixin.py:151} INFO - [2023-10-03T15:08:42.254+0000] {dag.py:3696} INFO - Setting next_dagrun for example_skip_dag to 2023-10-02T15:08:42.253631+00:00, run_after=2023-10-03T15:08:42.253631+00:00
[2023-10-03T15:08:42.278+0000] {processor.py:179} INFO - Processing /home/airflow/.local/lib/python3.8/site-packages/airflow/example_dags/example_skip_dag.py took 0.120 seconds
[2023-10-03T15:09:12.436+0000] {processor.py:157} INFO - Started process (PID=362) to work on /home/airflow/.local/lib/python3.8/site-packages/airflow/example_dags/example_skip_dag.py
[2023-10-03T15:09:12.437+0000] {processor.py:829} INFO - Processing file /home/airflow/.local/lib/python3.8/site-packages/airflow/example_dags/example_skip_dag.py for tasks to queue
[2023-10-03T15:09:12.441+0000] {logging_mixin.py:151} INFO - [2023-10-03T15:09:12.441+0000] {dagbag.py:539} INFO - Filling up the DagBag from /home/airflow/.local/lib/python3.8/site-packages/airflow/example_dags/example_skip_dag.py
[2023-10-03T15:09:12.451+0000] {processor.py:839} INFO - DAG(s) dict_keys(['example_skip_dag']) retrieved from /home/airflow/.local/lib/python3.8/site-packages/airflow/example_dags/example_skip_dag.py
[2023-10-03T15:09:12.491+0000] {logging_mixin.py:151} INFO - [2023-10-03T15:09:12.491+0000] {dag.py:2915} INFO - Sync 1 DAGs
[2023-10-03T15:09:12.531+0000] {logging_mixin.py:151} INFO - [2023-10-03T15:09:12.531+0000] {dag.py:3696} INFO - Setting next_dagrun for example_skip_dag to 2023-10-02T15:09:12.530950+00:00, run_after=2023-10-03T15:09:12.530950+00:00
[2023-10-03T15:09:12.561+0000] {processor.py:179} INFO - Processing /home/airflow/.local/lib/python3.8/site-packages/airflow/example_dags/example_skip_dag.py took 0.132 seconds
