[2023-10-03T15:03:37.183+0000] {processor.py:157} INFO - Started process (PID=68) to work on /home/airflow/.local/lib/python3.8/site-packages/airflow/example_dags/example_bash_operator.py
[2023-10-03T15:03:37.184+0000] {processor.py:829} INFO - Processing file /home/airflow/.local/lib/python3.8/site-packages/airflow/example_dags/example_bash_operator.py for tasks to queue
[2023-10-03T15:03:37.187+0000] {logging_mixin.py:151} INFO - [2023-10-03T15:03:37.187+0000] {dagbag.py:539} INFO - Filling up the DagBag from /home/airflow/.local/lib/python3.8/site-packages/airflow/example_dags/example_bash_operator.py
[2023-10-03T15:03:37.208+0000] {processor.py:839} INFO - DAG(s) dict_keys(['example_bash_operator']) retrieved from /home/airflow/.local/lib/python3.8/site-packages/airflow/example_dags/example_bash_operator.py
[2023-10-03T15:03:37.229+0000] {logging_mixin.py:151} INFO - [2023-10-03T15:03:37.229+0000] {dag.py:2915} INFO - Sync 1 DAGs
[2023-10-03T15:03:37.271+0000] {logging_mixin.py:151} INFO - [2023-10-03T15:03:37.271+0000] {dag.py:3696} INFO - Setting next_dagrun for example_bash_operator to 2023-10-02T00:00:00+00:00, run_after=2023-10-03T00:00:00+00:00
[2023-10-03T15:03:37.303+0000] {processor.py:179} INFO - Processing /home/airflow/.local/lib/python3.8/site-packages/airflow/example_dags/example_bash_operator.py took 0.125 seconds
[2023-10-03T15:04:07.895+0000] {processor.py:157} INFO - Started process (PID=122) to work on /home/airflow/.local/lib/python3.8/site-packages/airflow/example_dags/example_bash_operator.py
[2023-10-03T15:04:07.896+0000] {processor.py:829} INFO - Processing file /home/airflow/.local/lib/python3.8/site-packages/airflow/example_dags/example_bash_operator.py for tasks to queue
[2023-10-03T15:04:07.900+0000] {logging_mixin.py:151} INFO - [2023-10-03T15:04:07.899+0000] {dagbag.py:539} INFO - Filling up the DagBag from /home/airflow/.local/lib/python3.8/site-packages/airflow/example_dags/example_bash_operator.py
[2023-10-03T15:04:07.915+0000] {processor.py:839} INFO - DAG(s) dict_keys(['example_bash_operator']) retrieved from /home/airflow/.local/lib/python3.8/site-packages/airflow/example_dags/example_bash_operator.py
[2023-10-03T15:04:07.931+0000] {logging_mixin.py:151} INFO - [2023-10-03T15:04:07.931+0000] {dag.py:2915} INFO - Sync 1 DAGs
[2023-10-03T15:04:07.963+0000] {logging_mixin.py:151} INFO - [2023-10-03T15:04:07.963+0000] {dag.py:3696} INFO - Setting next_dagrun for example_bash_operator to 2023-10-02T00:00:00+00:00, run_after=2023-10-03T00:00:00+00:00
[2023-10-03T15:04:07.986+0000] {processor.py:179} INFO - Processing /home/airflow/.local/lib/python3.8/site-packages/airflow/example_dags/example_bash_operator.py took 0.096 seconds
[2023-10-03T15:04:38.594+0000] {processor.py:157} INFO - Started process (PID=176) to work on /home/airflow/.local/lib/python3.8/site-packages/airflow/example_dags/example_bash_operator.py
[2023-10-03T15:04:38.595+0000] {processor.py:829} INFO - Processing file /home/airflow/.local/lib/python3.8/site-packages/airflow/example_dags/example_bash_operator.py for tasks to queue
[2023-10-03T15:04:38.598+0000] {logging_mixin.py:151} INFO - [2023-10-03T15:04:38.598+0000] {dagbag.py:539} INFO - Filling up the DagBag from /home/airflow/.local/lib/python3.8/site-packages/airflow/example_dags/example_bash_operator.py
[2023-10-03T15:04:38.614+0000] {processor.py:839} INFO - DAG(s) dict_keys(['example_bash_operator']) retrieved from /home/airflow/.local/lib/python3.8/site-packages/airflow/example_dags/example_bash_operator.py
[2023-10-03T15:04:38.656+0000] {logging_mixin.py:151} INFO - [2023-10-03T15:04:38.655+0000] {dag.py:2915} INFO - Sync 1 DAGs
[2023-10-03T15:04:38.686+0000] {logging_mixin.py:151} INFO - [2023-10-03T15:04:38.686+0000] {dag.py:3696} INFO - Setting next_dagrun for example_bash_operator to 2023-10-02T00:00:00+00:00, run_after=2023-10-03T00:00:00+00:00
[2023-10-03T15:04:38.708+0000] {processor.py:179} INFO - Processing /home/airflow/.local/lib/python3.8/site-packages/airflow/example_dags/example_bash_operator.py took 0.119 seconds
[2023-10-03T15:05:09.831+0000] {processor.py:157} INFO - Started process (PID=231) to work on /home/airflow/.local/lib/python3.8/site-packages/airflow/example_dags/example_bash_operator.py
[2023-10-03T15:05:09.834+0000] {processor.py:829} INFO - Processing file /home/airflow/.local/lib/python3.8/site-packages/airflow/example_dags/example_bash_operator.py for tasks to queue
[2023-10-03T15:05:09.837+0000] {logging_mixin.py:151} INFO - [2023-10-03T15:05:09.837+0000] {dagbag.py:539} INFO - Filling up the DagBag from /home/airflow/.local/lib/python3.8/site-packages/airflow/example_dags/example_bash_operator.py
[2023-10-03T15:05:09.853+0000] {processor.py:839} INFO - DAG(s) dict_keys(['example_bash_operator']) retrieved from /home/airflow/.local/lib/python3.8/site-packages/airflow/example_dags/example_bash_operator.py
[2023-10-03T15:05:09.894+0000] {logging_mixin.py:151} INFO - [2023-10-03T15:05:09.894+0000] {dag.py:2915} INFO - Sync 1 DAGs
[2023-10-03T15:05:09.931+0000] {logging_mixin.py:151} INFO - [2023-10-03T15:05:09.931+0000] {dag.py:3696} INFO - Setting next_dagrun for example_bash_operator to 2023-10-02T00:00:00+00:00, run_after=2023-10-03T00:00:00+00:00
[2023-10-03T15:05:09.956+0000] {processor.py:179} INFO - Processing /home/airflow/.local/lib/python3.8/site-packages/airflow/example_dags/example_bash_operator.py took 0.130 seconds
[2023-10-03T15:05:40.354+0000] {processor.py:157} INFO - Started process (PID=286) to work on /home/airflow/.local/lib/python3.8/site-packages/airflow/example_dags/example_bash_operator.py
[2023-10-03T15:05:40.355+0000] {processor.py:829} INFO - Processing file /home/airflow/.local/lib/python3.8/site-packages/airflow/example_dags/example_bash_operator.py for tasks to queue
[2023-10-03T15:05:40.358+0000] {logging_mixin.py:151} INFO - [2023-10-03T15:05:40.358+0000] {dagbag.py:539} INFO - Filling up the DagBag from /home/airflow/.local/lib/python3.8/site-packages/airflow/example_dags/example_bash_operator.py
[2023-10-03T15:05:40.374+0000] {processor.py:839} INFO - DAG(s) dict_keys(['example_bash_operator']) retrieved from /home/airflow/.local/lib/python3.8/site-packages/airflow/example_dags/example_bash_operator.py
[2023-10-03T15:05:40.427+0000] {logging_mixin.py:151} INFO - [2023-10-03T15:05:40.427+0000] {dag.py:2915} INFO - Sync 1 DAGs
[2023-10-03T15:05:40.470+0000] {logging_mixin.py:151} INFO - [2023-10-03T15:05:40.470+0000] {dag.py:3696} INFO - Setting next_dagrun for example_bash_operator to 2023-10-02T00:00:00+00:00, run_after=2023-10-03T00:00:00+00:00
[2023-10-03T15:05:40.494+0000] {processor.py:179} INFO - Processing /home/airflow/.local/lib/python3.8/site-packages/airflow/example_dags/example_bash_operator.py took 0.146 seconds
[2023-10-03T15:06:11.748+0000] {processor.py:157} INFO - Started process (PID=66) to work on /home/airflow/.local/lib/python3.8/site-packages/airflow/example_dags/example_bash_operator.py
[2023-10-03T15:06:11.750+0000] {processor.py:829} INFO - Processing file /home/airflow/.local/lib/python3.8/site-packages/airflow/example_dags/example_bash_operator.py for tasks to queue
[2023-10-03T15:06:11.753+0000] {logging_mixin.py:151} INFO - [2023-10-03T15:06:11.753+0000] {dagbag.py:539} INFO - Filling up the DagBag from /home/airflow/.local/lib/python3.8/site-packages/airflow/example_dags/example_bash_operator.py
[2023-10-03T15:06:11.769+0000] {processor.py:839} INFO - DAG(s) dict_keys(['example_bash_operator']) retrieved from /home/airflow/.local/lib/python3.8/site-packages/airflow/example_dags/example_bash_operator.py
[2023-10-03T15:06:11.810+0000] {logging_mixin.py:151} INFO - [2023-10-03T15:06:11.810+0000] {dag.py:2915} INFO - Sync 1 DAGs
[2023-10-03T15:06:11.843+0000] {logging_mixin.py:151} INFO - [2023-10-03T15:06:11.843+0000] {dag.py:3696} INFO - Setting next_dagrun for example_bash_operator to 2023-10-02T00:00:00+00:00, run_after=2023-10-03T00:00:00+00:00
[2023-10-03T15:06:11.866+0000] {processor.py:179} INFO - Processing /home/airflow/.local/lib/python3.8/site-packages/airflow/example_dags/example_bash_operator.py took 0.123 seconds
[2023-10-03T15:06:42.555+0000] {processor.py:157} INFO - Started process (PID=120) to work on /home/airflow/.local/lib/python3.8/site-packages/airflow/example_dags/example_bash_operator.py
[2023-10-03T15:06:42.556+0000] {processor.py:829} INFO - Processing file /home/airflow/.local/lib/python3.8/site-packages/airflow/example_dags/example_bash_operator.py for tasks to queue
[2023-10-03T15:06:42.560+0000] {logging_mixin.py:151} INFO - [2023-10-03T15:06:42.560+0000] {dagbag.py:539} INFO - Filling up the DagBag from /home/airflow/.local/lib/python3.8/site-packages/airflow/example_dags/example_bash_operator.py
[2023-10-03T15:06:42.582+0000] {processor.py:839} INFO - DAG(s) dict_keys(['example_bash_operator']) retrieved from /home/airflow/.local/lib/python3.8/site-packages/airflow/example_dags/example_bash_operator.py
[2023-10-03T15:06:42.603+0000] {logging_mixin.py:151} INFO - [2023-10-03T15:06:42.603+0000] {dag.py:2915} INFO - Sync 1 DAGs
[2023-10-03T15:06:42.648+0000] {logging_mixin.py:151} INFO - [2023-10-03T15:06:42.648+0000] {dag.py:3696} INFO - Setting next_dagrun for example_bash_operator to 2023-10-02T00:00:00+00:00, run_after=2023-10-03T00:00:00+00:00
[2023-10-03T15:06:42.682+0000] {processor.py:179} INFO - Processing /home/airflow/.local/lib/python3.8/site-packages/airflow/example_dags/example_bash_operator.py took 0.134 seconds
[2023-10-03T15:07:13.312+0000] {processor.py:157} INFO - Started process (PID=174) to work on /home/airflow/.local/lib/python3.8/site-packages/airflow/example_dags/example_bash_operator.py
[2023-10-03T15:07:13.314+0000] {processor.py:829} INFO - Processing file /home/airflow/.local/lib/python3.8/site-packages/airflow/example_dags/example_bash_operator.py for tasks to queue
[2023-10-03T15:07:13.317+0000] {logging_mixin.py:151} INFO - [2023-10-03T15:07:13.317+0000] {dagbag.py:539} INFO - Filling up the DagBag from /home/airflow/.local/lib/python3.8/site-packages/airflow/example_dags/example_bash_operator.py
[2023-10-03T15:07:13.339+0000] {processor.py:839} INFO - DAG(s) dict_keys(['example_bash_operator']) retrieved from /home/airflow/.local/lib/python3.8/site-packages/airflow/example_dags/example_bash_operator.py
[2023-10-03T15:07:13.386+0000] {logging_mixin.py:151} INFO - [2023-10-03T15:07:13.386+0000] {dag.py:2915} INFO - Sync 1 DAGs
[2023-10-03T15:07:13.416+0000] {logging_mixin.py:151} INFO - [2023-10-03T15:07:13.416+0000] {dag.py:3696} INFO - Setting next_dagrun for example_bash_operator to 2023-10-02T00:00:00+00:00, run_after=2023-10-03T00:00:00+00:00
[2023-10-03T15:07:13.442+0000] {processor.py:179} INFO - Processing /home/airflow/.local/lib/python3.8/site-packages/airflow/example_dags/example_bash_operator.py took 0.139 seconds
[2023-10-03T15:07:44.039+0000] {processor.py:157} INFO - Started process (PID=228) to work on /home/airflow/.local/lib/python3.8/site-packages/airflow/example_dags/example_bash_operator.py
[2023-10-03T15:07:44.040+0000] {processor.py:829} INFO - Processing file /home/airflow/.local/lib/python3.8/site-packages/airflow/example_dags/example_bash_operator.py for tasks to queue
[2023-10-03T15:07:44.043+0000] {logging_mixin.py:151} INFO - [2023-10-03T15:07:44.043+0000] {dagbag.py:539} INFO - Filling up the DagBag from /home/airflow/.local/lib/python3.8/site-packages/airflow/example_dags/example_bash_operator.py
[2023-10-03T15:07:44.059+0000] {processor.py:839} INFO - DAG(s) dict_keys(['example_bash_operator']) retrieved from /home/airflow/.local/lib/python3.8/site-packages/airflow/example_dags/example_bash_operator.py
[2023-10-03T15:07:44.099+0000] {logging_mixin.py:151} INFO - [2023-10-03T15:07:44.099+0000] {dag.py:2915} INFO - Sync 1 DAGs
[2023-10-03T15:07:44.131+0000] {logging_mixin.py:151} INFO - [2023-10-03T15:07:44.130+0000] {dag.py:3696} INFO - Setting next_dagrun for example_bash_operator to 2023-10-02T00:00:00+00:00, run_after=2023-10-03T00:00:00+00:00
[2023-10-03T15:07:44.153+0000] {processor.py:179} INFO - Processing /home/airflow/.local/lib/python3.8/site-packages/airflow/example_dags/example_bash_operator.py took 0.119 seconds
[2023-10-03T15:08:15.082+0000] {processor.py:157} INFO - Started process (PID=281) to work on /home/airflow/.local/lib/python3.8/site-packages/airflow/example_dags/example_bash_operator.py
[2023-10-03T15:08:15.085+0000] {processor.py:829} INFO - Processing file /home/airflow/.local/lib/python3.8/site-packages/airflow/example_dags/example_bash_operator.py for tasks to queue
[2023-10-03T15:08:15.088+0000] {logging_mixin.py:151} INFO - [2023-10-03T15:08:15.088+0000] {dagbag.py:539} INFO - Filling up the DagBag from /home/airflow/.local/lib/python3.8/site-packages/airflow/example_dags/example_bash_operator.py
[2023-10-03T15:08:15.104+0000] {processor.py:839} INFO - DAG(s) dict_keys(['example_bash_operator']) retrieved from /home/airflow/.local/lib/python3.8/site-packages/airflow/example_dags/example_bash_operator.py
[2023-10-03T15:08:15.146+0000] {logging_mixin.py:151} INFO - [2023-10-03T15:08:15.145+0000] {dag.py:2915} INFO - Sync 1 DAGs
[2023-10-03T15:08:15.176+0000] {logging_mixin.py:151} INFO - [2023-10-03T15:08:15.176+0000] {dag.py:3696} INFO - Setting next_dagrun for example_bash_operator to 2023-10-02T00:00:00+00:00, run_after=2023-10-03T00:00:00+00:00
[2023-10-03T15:08:15.200+0000] {processor.py:179} INFO - Processing /home/airflow/.local/lib/python3.8/site-packages/airflow/example_dags/example_bash_operator.py took 0.123 seconds
[2023-10-03T15:08:45.611+0000] {processor.py:157} INFO - Started process (PID=335) to work on /home/airflow/.local/lib/python3.8/site-packages/airflow/example_dags/example_bash_operator.py
[2023-10-03T15:08:45.613+0000] {processor.py:829} INFO - Processing file /home/airflow/.local/lib/python3.8/site-packages/airflow/example_dags/example_bash_operator.py for tasks to queue
[2023-10-03T15:08:45.617+0000] {logging_mixin.py:151} INFO - [2023-10-03T15:08:45.616+0000] {dagbag.py:539} INFO - Filling up the DagBag from /home/airflow/.local/lib/python3.8/site-packages/airflow/example_dags/example_bash_operator.py
[2023-10-03T15:08:45.639+0000] {processor.py:839} INFO - DAG(s) dict_keys(['example_bash_operator']) retrieved from /home/airflow/.local/lib/python3.8/site-packages/airflow/example_dags/example_bash_operator.py
[2023-10-03T15:08:45.682+0000] {logging_mixin.py:151} INFO - [2023-10-03T15:08:45.682+0000] {dag.py:2915} INFO - Sync 1 DAGs
[2023-10-03T15:08:45.715+0000] {logging_mixin.py:151} INFO - [2023-10-03T15:08:45.715+0000] {dag.py:3696} INFO - Setting next_dagrun for example_bash_operator to 2023-10-02T00:00:00+00:00, run_after=2023-10-03T00:00:00+00:00
[2023-10-03T15:08:45.738+0000] {processor.py:179} INFO - Processing /home/airflow/.local/lib/python3.8/site-packages/airflow/example_dags/example_bash_operator.py took 0.133 seconds
[2023-10-03T15:09:16.293+0000] {processor.py:157} INFO - Started process (PID=388) to work on /home/airflow/.local/lib/python3.8/site-packages/airflow/example_dags/example_bash_operator.py
[2023-10-03T15:09:16.294+0000] {processor.py:829} INFO - Processing file /home/airflow/.local/lib/python3.8/site-packages/airflow/example_dags/example_bash_operator.py for tasks to queue
[2023-10-03T15:09:16.297+0000] {logging_mixin.py:151} INFO - [2023-10-03T15:09:16.296+0000] {dagbag.py:539} INFO - Filling up the DagBag from /home/airflow/.local/lib/python3.8/site-packages/airflow/example_dags/example_bash_operator.py
[2023-10-03T15:09:16.313+0000] {processor.py:839} INFO - DAG(s) dict_keys(['example_bash_operator']) retrieved from /home/airflow/.local/lib/python3.8/site-packages/airflow/example_dags/example_bash_operator.py
[2023-10-03T15:09:16.368+0000] {logging_mixin.py:151} INFO - [2023-10-03T15:09:16.367+0000] {dag.py:2915} INFO - Sync 1 DAGs
[2023-10-03T15:09:16.408+0000] {logging_mixin.py:151} INFO - [2023-10-03T15:09:16.407+0000] {dag.py:3696} INFO - Setting next_dagrun for example_bash_operator to 2023-10-02T00:00:00+00:00, run_after=2023-10-03T00:00:00+00:00
[2023-10-03T15:09:16.437+0000] {processor.py:179} INFO - Processing /home/airflow/.local/lib/python3.8/site-packages/airflow/example_dags/example_bash_operator.py took 0.150 seconds
