[2023-10-03T15:03:33.238+0000] {processor.py:157} INFO - Started process (PID=39) to work on /home/airflow/.local/lib/python3.8/site-packages/airflow/example_dags/example_sensors.py
[2023-10-03T15:03:33.239+0000] {processor.py:829} INFO - Processing file /home/airflow/.local/lib/python3.8/site-packages/airflow/example_dags/example_sensors.py for tasks to queue
[2023-10-03T15:03:33.243+0000] {logging_mixin.py:151} INFO - [2023-10-03T15:03:33.243+0000] {dagbag.py:539} INFO - Filling up the DagBag from /home/airflow/.local/lib/python3.8/site-packages/airflow/example_dags/example_sensors.py
[2023-10-03T15:03:33.266+0000] {processor.py:839} INFO - DAG(s) dict_keys(['example_sensors']) retrieved from /home/airflow/.local/lib/python3.8/site-packages/airflow/example_dags/example_sensors.py
[2023-10-03T15:03:33.287+0000] {logging_mixin.py:151} INFO - [2023-10-03T15:03:33.287+0000] {dag.py:2915} INFO - Sync 1 DAGs
[2023-10-03T15:03:33.312+0000] {logging_mixin.py:151} INFO - [2023-10-03T15:03:33.311+0000] {dag.py:3696} INFO - Setting next_dagrun for example_sensors to None, run_after=None
[2023-10-03T15:03:33.342+0000] {processor.py:179} INFO - Processing /home/airflow/.local/lib/python3.8/site-packages/airflow/example_dags/example_sensors.py took 0.111 seconds
[2023-10-03T15:04:03.513+0000] {processor.py:157} INFO - Started process (PID=93) to work on /home/airflow/.local/lib/python3.8/site-packages/airflow/example_dags/example_sensors.py
[2023-10-03T15:04:03.517+0000] {processor.py:829} INFO - Processing file /home/airflow/.local/lib/python3.8/site-packages/airflow/example_dags/example_sensors.py for tasks to queue
[2023-10-03T15:04:03.520+0000] {logging_mixin.py:151} INFO - [2023-10-03T15:04:03.520+0000] {dagbag.py:539} INFO - Filling up the DagBag from /home/airflow/.local/lib/python3.8/site-packages/airflow/example_dags/example_sensors.py
[2023-10-03T15:04:03.538+0000] {processor.py:839} INFO - DAG(s) dict_keys(['example_sensors']) retrieved from /home/airflow/.local/lib/python3.8/site-packages/airflow/example_dags/example_sensors.py
[2023-10-03T15:04:03.556+0000] {logging_mixin.py:151} INFO - [2023-10-03T15:04:03.556+0000] {dag.py:2915} INFO - Sync 1 DAGs
[2023-10-03T15:04:03.575+0000] {logging_mixin.py:151} INFO - [2023-10-03T15:04:03.575+0000] {dag.py:3696} INFO - Setting next_dagrun for example_sensors to None, run_after=None
[2023-10-03T15:04:03.601+0000] {processor.py:179} INFO - Processing /home/airflow/.local/lib/python3.8/site-packages/airflow/example_dags/example_sensors.py took 0.093 seconds
[2023-10-03T15:04:34.003+0000] {processor.py:157} INFO - Started process (PID=147) to work on /home/airflow/.local/lib/python3.8/site-packages/airflow/example_dags/example_sensors.py
[2023-10-03T15:04:34.004+0000] {processor.py:829} INFO - Processing file /home/airflow/.local/lib/python3.8/site-packages/airflow/example_dags/example_sensors.py for tasks to queue
[2023-10-03T15:04:34.009+0000] {logging_mixin.py:151} INFO - [2023-10-03T15:04:34.008+0000] {dagbag.py:539} INFO - Filling up the DagBag from /home/airflow/.local/lib/python3.8/site-packages/airflow/example_dags/example_sensors.py
[2023-10-03T15:04:34.027+0000] {processor.py:839} INFO - DAG(s) dict_keys(['example_sensors']) retrieved from /home/airflow/.local/lib/python3.8/site-packages/airflow/example_dags/example_sensors.py
[2023-10-03T15:04:34.065+0000] {logging_mixin.py:151} INFO - [2023-10-03T15:04:34.065+0000] {dag.py:2915} INFO - Sync 1 DAGs
[2023-10-03T15:04:34.082+0000] {logging_mixin.py:151} INFO - [2023-10-03T15:04:34.082+0000] {dag.py:3696} INFO - Setting next_dagrun for example_sensors to None, run_after=None
[2023-10-03T15:04:34.106+0000] {processor.py:179} INFO - Processing /home/airflow/.local/lib/python3.8/site-packages/airflow/example_dags/example_sensors.py took 0.110 seconds
[2023-10-03T15:05:04.331+0000] {processor.py:157} INFO - Started process (PID=202) to work on /home/airflow/.local/lib/python3.8/site-packages/airflow/example_dags/example_sensors.py
[2023-10-03T15:05:04.333+0000] {processor.py:829} INFO - Processing file /home/airflow/.local/lib/python3.8/site-packages/airflow/example_dags/example_sensors.py for tasks to queue
[2023-10-03T15:05:04.337+0000] {logging_mixin.py:151} INFO - [2023-10-03T15:05:04.336+0000] {dagbag.py:539} INFO - Filling up the DagBag from /home/airflow/.local/lib/python3.8/site-packages/airflow/example_dags/example_sensors.py
[2023-10-03T15:05:04.349+0000] {processor.py:839} INFO - DAG(s) dict_keys(['example_sensors']) retrieved from /home/airflow/.local/lib/python3.8/site-packages/airflow/example_dags/example_sensors.py
[2023-10-03T15:05:04.385+0000] {logging_mixin.py:151} INFO - [2023-10-03T15:05:04.385+0000] {dag.py:2915} INFO - Sync 1 DAGs
[2023-10-03T15:05:04.401+0000] {logging_mixin.py:151} INFO - [2023-10-03T15:05:04.401+0000] {dag.py:3696} INFO - Setting next_dagrun for example_sensors to None, run_after=None
[2023-10-03T15:05:04.427+0000] {processor.py:179} INFO - Processing /home/airflow/.local/lib/python3.8/site-packages/airflow/example_dags/example_sensors.py took 0.101 seconds
[2023-10-03T15:05:34.477+0000] {processor.py:157} INFO - Started process (PID=257) to work on /home/airflow/.local/lib/python3.8/site-packages/airflow/example_dags/example_sensors.py
[2023-10-03T15:05:34.478+0000] {processor.py:829} INFO - Processing file /home/airflow/.local/lib/python3.8/site-packages/airflow/example_dags/example_sensors.py for tasks to queue
[2023-10-03T15:05:34.481+0000] {logging_mixin.py:151} INFO - [2023-10-03T15:05:34.480+0000] {dagbag.py:539} INFO - Filling up the DagBag from /home/airflow/.local/lib/python3.8/site-packages/airflow/example_dags/example_sensors.py
[2023-10-03T15:05:34.495+0000] {processor.py:839} INFO - DAG(s) dict_keys(['example_sensors']) retrieved from /home/airflow/.local/lib/python3.8/site-packages/airflow/example_dags/example_sensors.py
[2023-10-03T15:05:34.542+0000] {logging_mixin.py:151} INFO - [2023-10-03T15:05:34.542+0000] {dag.py:2915} INFO - Sync 1 DAGs
[2023-10-03T15:05:34.560+0000] {logging_mixin.py:151} INFO - [2023-10-03T15:05:34.559+0000] {dag.py:3696} INFO - Setting next_dagrun for example_sensors to None, run_after=None
[2023-10-03T15:05:34.583+0000] {processor.py:179} INFO - Processing /home/airflow/.local/lib/python3.8/site-packages/airflow/example_dags/example_sensors.py took 0.112 seconds
[2023-10-03T15:06:09.125+0000] {processor.py:157} INFO - Started process (PID=37) to work on /home/airflow/.local/lib/python3.8/site-packages/airflow/example_dags/example_sensors.py
[2023-10-03T15:06:09.127+0000] {processor.py:829} INFO - Processing file /home/airflow/.local/lib/python3.8/site-packages/airflow/example_dags/example_sensors.py for tasks to queue
[2023-10-03T15:06:09.131+0000] {logging_mixin.py:151} INFO - [2023-10-03T15:06:09.131+0000] {dagbag.py:539} INFO - Filling up the DagBag from /home/airflow/.local/lib/python3.8/site-packages/airflow/example_dags/example_sensors.py
[2023-10-03T15:06:09.150+0000] {processor.py:839} INFO - DAG(s) dict_keys(['example_sensors']) retrieved from /home/airflow/.local/lib/python3.8/site-packages/airflow/example_dags/example_sensors.py
[2023-10-03T15:06:09.197+0000] {logging_mixin.py:151} INFO - [2023-10-03T15:06:09.197+0000] {dag.py:2915} INFO - Sync 1 DAGs
[2023-10-03T15:06:09.216+0000] {logging_mixin.py:151} INFO - [2023-10-03T15:06:09.216+0000] {dag.py:3696} INFO - Setting next_dagrun for example_sensors to None, run_after=None
[2023-10-03T15:06:09.243+0000] {processor.py:179} INFO - Processing /home/airflow/.local/lib/python3.8/site-packages/airflow/example_dags/example_sensors.py took 0.123 seconds
[2023-10-03T15:06:40.119+0000] {processor.py:157} INFO - Started process (PID=91) to work on /home/airflow/.local/lib/python3.8/site-packages/airflow/example_dags/example_sensors.py
[2023-10-03T15:06:40.120+0000] {processor.py:829} INFO - Processing file /home/airflow/.local/lib/python3.8/site-packages/airflow/example_dags/example_sensors.py for tasks to queue
[2023-10-03T15:06:40.124+0000] {logging_mixin.py:151} INFO - [2023-10-03T15:06:40.124+0000] {dagbag.py:539} INFO - Filling up the DagBag from /home/airflow/.local/lib/python3.8/site-packages/airflow/example_dags/example_sensors.py
[2023-10-03T15:06:40.143+0000] {processor.py:839} INFO - DAG(s) dict_keys(['example_sensors']) retrieved from /home/airflow/.local/lib/python3.8/site-packages/airflow/example_dags/example_sensors.py
[2023-10-03T15:06:40.189+0000] {logging_mixin.py:151} INFO - [2023-10-03T15:06:40.189+0000] {dag.py:2915} INFO - Sync 1 DAGs
[2023-10-03T15:06:40.291+0000] {logging_mixin.py:151} INFO - [2023-10-03T15:06:40.291+0000] {dag.py:3696} INFO - Setting next_dagrun for example_sensors to None, run_after=None
[2023-10-03T15:06:40.318+0000] {processor.py:179} INFO - Processing /home/airflow/.local/lib/python3.8/site-packages/airflow/example_dags/example_sensors.py took 0.206 seconds
[2023-10-03T15:07:10.404+0000] {processor.py:157} INFO - Started process (PID=145) to work on /home/airflow/.local/lib/python3.8/site-packages/airflow/example_dags/example_sensors.py
[2023-10-03T15:07:10.406+0000] {processor.py:829} INFO - Processing file /home/airflow/.local/lib/python3.8/site-packages/airflow/example_dags/example_sensors.py for tasks to queue
[2023-10-03T15:07:10.410+0000] {logging_mixin.py:151} INFO - [2023-10-03T15:07:10.409+0000] {dagbag.py:539} INFO - Filling up the DagBag from /home/airflow/.local/lib/python3.8/site-packages/airflow/example_dags/example_sensors.py
[2023-10-03T15:07:10.422+0000] {processor.py:839} INFO - DAG(s) dict_keys(['example_sensors']) retrieved from /home/airflow/.local/lib/python3.8/site-packages/airflow/example_dags/example_sensors.py
[2023-10-03T15:07:10.457+0000] {logging_mixin.py:151} INFO - [2023-10-03T15:07:10.456+0000] {dag.py:2915} INFO - Sync 1 DAGs
[2023-10-03T15:07:10.474+0000] {logging_mixin.py:151} INFO - [2023-10-03T15:07:10.473+0000] {dag.py:3696} INFO - Setting next_dagrun for example_sensors to None, run_after=None
[2023-10-03T15:07:10.504+0000] {processor.py:179} INFO - Processing /home/airflow/.local/lib/python3.8/site-packages/airflow/example_dags/example_sensors.py took 0.107 seconds
[2023-10-03T15:07:40.791+0000] {processor.py:157} INFO - Started process (PID=199) to work on /home/airflow/.local/lib/python3.8/site-packages/airflow/example_dags/example_sensors.py
[2023-10-03T15:07:40.792+0000] {processor.py:829} INFO - Processing file /home/airflow/.local/lib/python3.8/site-packages/airflow/example_dags/example_sensors.py for tasks to queue
[2023-10-03T15:07:40.795+0000] {logging_mixin.py:151} INFO - [2023-10-03T15:07:40.795+0000] {dagbag.py:539} INFO - Filling up the DagBag from /home/airflow/.local/lib/python3.8/site-packages/airflow/example_dags/example_sensors.py
[2023-10-03T15:07:40.808+0000] {processor.py:839} INFO - DAG(s) dict_keys(['example_sensors']) retrieved from /home/airflow/.local/lib/python3.8/site-packages/airflow/example_dags/example_sensors.py
[2023-10-03T15:07:40.843+0000] {logging_mixin.py:151} INFO - [2023-10-03T15:07:40.843+0000] {dag.py:2915} INFO - Sync 1 DAGs
[2023-10-03T15:07:40.859+0000] {logging_mixin.py:151} INFO - [2023-10-03T15:07:40.859+0000] {dag.py:3696} INFO - Setting next_dagrun for example_sensors to None, run_after=None
[2023-10-03T15:07:40.884+0000] {processor.py:179} INFO - Processing /home/airflow/.local/lib/python3.8/site-packages/airflow/example_dags/example_sensors.py took 0.099 seconds
[2023-10-03T15:08:11.372+0000] {processor.py:157} INFO - Started process (PID=252) to work on /home/airflow/.local/lib/python3.8/site-packages/airflow/example_dags/example_sensors.py
[2023-10-03T15:08:11.374+0000] {processor.py:829} INFO - Processing file /home/airflow/.local/lib/python3.8/site-packages/airflow/example_dags/example_sensors.py for tasks to queue
[2023-10-03T15:08:11.377+0000] {logging_mixin.py:151} INFO - [2023-10-03T15:08:11.377+0000] {dagbag.py:539} INFO - Filling up the DagBag from /home/airflow/.local/lib/python3.8/site-packages/airflow/example_dags/example_sensors.py
[2023-10-03T15:08:11.389+0000] {processor.py:839} INFO - DAG(s) dict_keys(['example_sensors']) retrieved from /home/airflow/.local/lib/python3.8/site-packages/airflow/example_dags/example_sensors.py
[2023-10-03T15:08:11.424+0000] {logging_mixin.py:151} INFO - [2023-10-03T15:08:11.423+0000] {dag.py:2915} INFO - Sync 1 DAGs
[2023-10-03T15:08:11.439+0000] {logging_mixin.py:151} INFO - [2023-10-03T15:08:11.439+0000] {dag.py:3696} INFO - Setting next_dagrun for example_sensors to None, run_after=None
[2023-10-03T15:08:11.461+0000] {processor.py:179} INFO - Processing /home/airflow/.local/lib/python3.8/site-packages/airflow/example_dags/example_sensors.py took 0.094 seconds
[2023-10-03T15:08:41.914+0000] {processor.py:157} INFO - Started process (PID=306) to work on /home/airflow/.local/lib/python3.8/site-packages/airflow/example_dags/example_sensors.py
[2023-10-03T15:08:41.916+0000] {processor.py:829} INFO - Processing file /home/airflow/.local/lib/python3.8/site-packages/airflow/example_dags/example_sensors.py for tasks to queue
[2023-10-03T15:08:41.920+0000] {logging_mixin.py:151} INFO - [2023-10-03T15:08:41.920+0000] {dagbag.py:539} INFO - Filling up the DagBag from /home/airflow/.local/lib/python3.8/site-packages/airflow/example_dags/example_sensors.py
[2023-10-03T15:08:41.938+0000] {processor.py:839} INFO - DAG(s) dict_keys(['example_sensors']) retrieved from /home/airflow/.local/lib/python3.8/site-packages/airflow/example_dags/example_sensors.py
[2023-10-03T15:08:41.986+0000] {logging_mixin.py:151} INFO - [2023-10-03T15:08:41.986+0000] {dag.py:2915} INFO - Sync 1 DAGs
[2023-10-03T15:08:42.007+0000] {logging_mixin.py:151} INFO - [2023-10-03T15:08:42.007+0000] {dag.py:3696} INFO - Setting next_dagrun for example_sensors to None, run_after=None
[2023-10-03T15:08:42.038+0000] {processor.py:179} INFO - Processing /home/airflow/.local/lib/python3.8/site-packages/airflow/example_dags/example_sensors.py took 0.131 seconds
[2023-10-03T15:09:12.129+0000] {processor.py:157} INFO - Started process (PID=359) to work on /home/airflow/.local/lib/python3.8/site-packages/airflow/example_dags/example_sensors.py
[2023-10-03T15:09:12.131+0000] {processor.py:829} INFO - Processing file /home/airflow/.local/lib/python3.8/site-packages/airflow/example_dags/example_sensors.py for tasks to queue
[2023-10-03T15:09:12.134+0000] {logging_mixin.py:151} INFO - [2023-10-03T15:09:12.133+0000] {dagbag.py:539} INFO - Filling up the DagBag from /home/airflow/.local/lib/python3.8/site-packages/airflow/example_dags/example_sensors.py
[2023-10-03T15:09:12.146+0000] {processor.py:839} INFO - DAG(s) dict_keys(['example_sensors']) retrieved from /home/airflow/.local/lib/python3.8/site-packages/airflow/example_dags/example_sensors.py
[2023-10-03T15:09:12.180+0000] {logging_mixin.py:151} INFO - [2023-10-03T15:09:12.179+0000] {dag.py:2915} INFO - Sync 1 DAGs
[2023-10-03T15:09:12.196+0000] {logging_mixin.py:151} INFO - [2023-10-03T15:09:12.196+0000] {dag.py:3696} INFO - Setting next_dagrun for example_sensors to None, run_after=None
[2023-10-03T15:09:12.222+0000] {processor.py:179} INFO - Processing /home/airflow/.local/lib/python3.8/site-packages/airflow/example_dags/example_sensors.py took 0.099 seconds
