[2023-10-03T15:03:37.283+0000] {processor.py:157} INFO - Started process (PID=69) to work on /home/airflow/.local/lib/python3.8/site-packages/airflow/example_dags/tutorial.py
[2023-10-03T15:03:37.284+0000] {processor.py:829} INFO - Processing file /home/airflow/.local/lib/python3.8/site-packages/airflow/example_dags/tutorial.py for tasks to queue
[2023-10-03T15:03:37.287+0000] {logging_mixin.py:151} INFO - [2023-10-03T15:03:37.286+0000] {dagbag.py:539} INFO - Filling up the DagBag from /home/airflow/.local/lib/python3.8/site-packages/airflow/example_dags/tutorial.py
[2023-10-03T15:03:37.296+0000] {processor.py:839} INFO - DAG(s) dict_keys(['tutorial']) retrieved from /home/airflow/.local/lib/python3.8/site-packages/airflow/example_dags/tutorial.py
[2023-10-03T15:03:37.315+0000] {logging_mixin.py:151} INFO - [2023-10-03T15:03:37.315+0000] {dag.py:2915} INFO - Sync 1 DAGs
[2023-10-03T15:03:37.356+0000] {logging_mixin.py:151} INFO - [2023-10-03T15:03:37.356+0000] {dag.py:3696} INFO - Setting next_dagrun for tutorial to 2023-10-02T15:03:37.355884+00:00, run_after=2023-10-03T15:03:37.355884+00:00
[2023-10-03T15:03:37.400+0000] {processor.py:179} INFO - Processing /home/airflow/.local/lib/python3.8/site-packages/airflow/example_dags/tutorial.py took 0.123 seconds
[2023-10-03T15:04:08.013+0000] {processor.py:157} INFO - Started process (PID=123) to work on /home/airflow/.local/lib/python3.8/site-packages/airflow/example_dags/tutorial.py
[2023-10-03T15:04:08.015+0000] {processor.py:829} INFO - Processing file /home/airflow/.local/lib/python3.8/site-packages/airflow/example_dags/tutorial.py for tasks to queue
[2023-10-03T15:04:08.019+0000] {logging_mixin.py:151} INFO - [2023-10-03T15:04:08.018+0000] {dagbag.py:539} INFO - Filling up the DagBag from /home/airflow/.local/lib/python3.8/site-packages/airflow/example_dags/tutorial.py
[2023-10-03T15:04:08.027+0000] {processor.py:839} INFO - DAG(s) dict_keys(['tutorial']) retrieved from /home/airflow/.local/lib/python3.8/site-packages/airflow/example_dags/tutorial.py
[2023-10-03T15:04:08.045+0000] {logging_mixin.py:151} INFO - [2023-10-03T15:04:08.045+0000] {dag.py:2915} INFO - Sync 1 DAGs
[2023-10-03T15:04:08.076+0000] {logging_mixin.py:151} INFO - [2023-10-03T15:04:08.076+0000] {dag.py:3696} INFO - Setting next_dagrun for tutorial to 2023-10-02T15:04:08.076254+00:00, run_after=2023-10-03T15:04:08.076254+00:00
[2023-10-03T15:04:08.101+0000] {processor.py:179} INFO - Processing /home/airflow/.local/lib/python3.8/site-packages/airflow/example_dags/tutorial.py took 0.093 seconds
[2023-10-03T15:04:38.603+0000] {processor.py:157} INFO - Started process (PID=177) to work on /home/airflow/.local/lib/python3.8/site-packages/airflow/example_dags/tutorial.py
[2023-10-03T15:04:38.604+0000] {processor.py:829} INFO - Processing file /home/airflow/.local/lib/python3.8/site-packages/airflow/example_dags/tutorial.py for tasks to queue
[2023-10-03T15:04:38.607+0000] {logging_mixin.py:151} INFO - [2023-10-03T15:04:38.607+0000] {dagbag.py:539} INFO - Filling up the DagBag from /home/airflow/.local/lib/python3.8/site-packages/airflow/example_dags/tutorial.py
[2023-10-03T15:04:38.616+0000] {processor.py:839} INFO - DAG(s) dict_keys(['tutorial']) retrieved from /home/airflow/.local/lib/python3.8/site-packages/airflow/example_dags/tutorial.py
[2023-10-03T15:04:38.645+0000] {logging_mixin.py:151} INFO - [2023-10-03T15:04:38.644+0000] {dag.py:2915} INFO - Sync 1 DAGs
[2023-10-03T15:04:38.674+0000] {logging_mixin.py:151} INFO - [2023-10-03T15:04:38.674+0000] {dag.py:3696} INFO - Setting next_dagrun for tutorial to 2023-10-02T15:04:38.674070+00:00, run_after=2023-10-03T15:04:38.674070+00:00
[2023-10-03T15:04:38.697+0000] {processor.py:179} INFO - Processing /home/airflow/.local/lib/python3.8/site-packages/airflow/example_dags/tutorial.py took 0.099 seconds
[2023-10-03T15:05:09.920+0000] {processor.py:157} INFO - Started process (PID=232) to work on /home/airflow/.local/lib/python3.8/site-packages/airflow/example_dags/tutorial.py
[2023-10-03T15:05:09.922+0000] {processor.py:829} INFO - Processing file /home/airflow/.local/lib/python3.8/site-packages/airflow/example_dags/tutorial.py for tasks to queue
[2023-10-03T15:05:09.925+0000] {logging_mixin.py:151} INFO - [2023-10-03T15:05:09.925+0000] {dagbag.py:539} INFO - Filling up the DagBag from /home/airflow/.local/lib/python3.8/site-packages/airflow/example_dags/tutorial.py
[2023-10-03T15:05:09.934+0000] {processor.py:839} INFO - DAG(s) dict_keys(['tutorial']) retrieved from /home/airflow/.local/lib/python3.8/site-packages/airflow/example_dags/tutorial.py
[2023-10-03T15:05:09.964+0000] {logging_mixin.py:151} INFO - [2023-10-03T15:05:09.964+0000] {dag.py:2915} INFO - Sync 1 DAGs
[2023-10-03T15:05:09.993+0000] {logging_mixin.py:151} INFO - [2023-10-03T15:05:09.993+0000] {dag.py:3696} INFO - Setting next_dagrun for tutorial to 2023-10-02T15:05:09.992646+00:00, run_after=2023-10-03T15:05:09.992646+00:00
[2023-10-03T15:05:10.016+0000] {processor.py:179} INFO - Processing /home/airflow/.local/lib/python3.8/site-packages/airflow/example_dags/tutorial.py took 0.101 seconds
[2023-10-03T15:05:40.452+0000] {processor.py:157} INFO - Started process (PID=287) to work on /home/airflow/.local/lib/python3.8/site-packages/airflow/example_dags/tutorial.py
[2023-10-03T15:05:40.454+0000] {processor.py:829} INFO - Processing file /home/airflow/.local/lib/python3.8/site-packages/airflow/example_dags/tutorial.py for tasks to queue
[2023-10-03T15:05:40.458+0000] {logging_mixin.py:151} INFO - [2023-10-03T15:05:40.457+0000] {dagbag.py:539} INFO - Filling up the DagBag from /home/airflow/.local/lib/python3.8/site-packages/airflow/example_dags/tutorial.py
[2023-10-03T15:05:40.469+0000] {processor.py:839} INFO - DAG(s) dict_keys(['tutorial']) retrieved from /home/airflow/.local/lib/python3.8/site-packages/airflow/example_dags/tutorial.py
[2023-10-03T15:05:40.500+0000] {logging_mixin.py:151} INFO - [2023-10-03T15:05:40.500+0000] {dag.py:2915} INFO - Sync 1 DAGs
[2023-10-03T15:05:40.529+0000] {logging_mixin.py:151} INFO - [2023-10-03T15:05:40.529+0000] {dag.py:3696} INFO - Setting next_dagrun for tutorial to 2023-10-02T15:05:40.529110+00:00, run_after=2023-10-03T15:05:40.529110+00:00
[2023-10-03T15:05:40.551+0000] {processor.py:179} INFO - Processing /home/airflow/.local/lib/python3.8/site-packages/airflow/example_dags/tutorial.py took 0.105 seconds
[2023-10-03T15:06:11.895+0000] {processor.py:157} INFO - Started process (PID=67) to work on /home/airflow/.local/lib/python3.8/site-packages/airflow/example_dags/tutorial.py
[2023-10-03T15:06:11.897+0000] {processor.py:829} INFO - Processing file /home/airflow/.local/lib/python3.8/site-packages/airflow/example_dags/tutorial.py for tasks to queue
[2023-10-03T15:06:11.900+0000] {logging_mixin.py:151} INFO - [2023-10-03T15:06:11.900+0000] {dagbag.py:539} INFO - Filling up the DagBag from /home/airflow/.local/lib/python3.8/site-packages/airflow/example_dags/tutorial.py
[2023-10-03T15:06:11.909+0000] {processor.py:839} INFO - DAG(s) dict_keys(['tutorial']) retrieved from /home/airflow/.local/lib/python3.8/site-packages/airflow/example_dags/tutorial.py
[2023-10-03T15:06:11.938+0000] {logging_mixin.py:151} INFO - [2023-10-03T15:06:11.937+0000] {dag.py:2915} INFO - Sync 1 DAGs
[2023-10-03T15:06:11.969+0000] {logging_mixin.py:151} INFO - [2023-10-03T15:06:11.969+0000] {dag.py:3696} INFO - Setting next_dagrun for tutorial to 2023-10-02T15:06:11.969212+00:00, run_after=2023-10-03T15:06:11.969212+00:00
[2023-10-03T15:06:11.994+0000] {processor.py:179} INFO - Processing /home/airflow/.local/lib/python3.8/site-packages/airflow/example_dags/tutorial.py took 0.104 seconds
[2023-10-03T15:06:42.721+0000] {processor.py:157} INFO - Started process (PID=121) to work on /home/airflow/.local/lib/python3.8/site-packages/airflow/example_dags/tutorial.py
[2023-10-03T15:06:42.723+0000] {processor.py:829} INFO - Processing file /home/airflow/.local/lib/python3.8/site-packages/airflow/example_dags/tutorial.py for tasks to queue
[2023-10-03T15:06:42.726+0000] {logging_mixin.py:151} INFO - [2023-10-03T15:06:42.726+0000] {dagbag.py:539} INFO - Filling up the DagBag from /home/airflow/.local/lib/python3.8/site-packages/airflow/example_dags/tutorial.py
[2023-10-03T15:06:42.737+0000] {processor.py:839} INFO - DAG(s) dict_keys(['tutorial']) retrieved from /home/airflow/.local/lib/python3.8/site-packages/airflow/example_dags/tutorial.py
[2023-10-03T15:06:42.758+0000] {logging_mixin.py:151} INFO - [2023-10-03T15:06:42.758+0000] {dag.py:2915} INFO - Sync 1 DAGs
[2023-10-03T15:06:42.799+0000] {logging_mixin.py:151} INFO - [2023-10-03T15:06:42.798+0000] {dag.py:3696} INFO - Setting next_dagrun for tutorial to 2023-10-02T15:06:42.798213+00:00, run_after=2023-10-03T15:06:42.798213+00:00
[2023-10-03T15:06:42.825+0000] {processor.py:179} INFO - Processing /home/airflow/.local/lib/python3.8/site-packages/airflow/example_dags/tutorial.py took 0.110 seconds
[2023-10-03T15:07:13.477+0000] {processor.py:157} INFO - Started process (PID=175) to work on /home/airflow/.local/lib/python3.8/site-packages/airflow/example_dags/tutorial.py
[2023-10-03T15:07:13.479+0000] {processor.py:829} INFO - Processing file /home/airflow/.local/lib/python3.8/site-packages/airflow/example_dags/tutorial.py for tasks to queue
[2023-10-03T15:07:13.482+0000] {logging_mixin.py:151} INFO - [2023-10-03T15:07:13.482+0000] {dagbag.py:539} INFO - Filling up the DagBag from /home/airflow/.local/lib/python3.8/site-packages/airflow/example_dags/tutorial.py
[2023-10-03T15:07:13.491+0000] {processor.py:839} INFO - DAG(s) dict_keys(['tutorial']) retrieved from /home/airflow/.local/lib/python3.8/site-packages/airflow/example_dags/tutorial.py
[2023-10-03T15:07:13.524+0000] {logging_mixin.py:151} INFO - [2023-10-03T15:07:13.524+0000] {dag.py:2915} INFO - Sync 1 DAGs
[2023-10-03T15:07:13.563+0000] {logging_mixin.py:151} INFO - [2023-10-03T15:07:13.563+0000] {dag.py:3696} INFO - Setting next_dagrun for tutorial to 2023-10-02T15:07:13.562690+00:00, run_after=2023-10-03T15:07:13.562690+00:00
[2023-10-03T15:07:13.585+0000] {processor.py:179} INFO - Processing /home/airflow/.local/lib/python3.8/site-packages/airflow/example_dags/tutorial.py took 0.114 seconds
[2023-10-03T15:07:44.182+0000] {processor.py:157} INFO - Started process (PID=229) to work on /home/airflow/.local/lib/python3.8/site-packages/airflow/example_dags/tutorial.py
[2023-10-03T15:07:44.183+0000] {processor.py:829} INFO - Processing file /home/airflow/.local/lib/python3.8/site-packages/airflow/example_dags/tutorial.py for tasks to queue
[2023-10-03T15:07:44.186+0000] {logging_mixin.py:151} INFO - [2023-10-03T15:07:44.186+0000] {dagbag.py:539} INFO - Filling up the DagBag from /home/airflow/.local/lib/python3.8/site-packages/airflow/example_dags/tutorial.py
[2023-10-03T15:07:44.195+0000] {processor.py:839} INFO - DAG(s) dict_keys(['tutorial']) retrieved from /home/airflow/.local/lib/python3.8/site-packages/airflow/example_dags/tutorial.py
[2023-10-03T15:07:44.224+0000] {logging_mixin.py:151} INFO - [2023-10-03T15:07:44.224+0000] {dag.py:2915} INFO - Sync 1 DAGs
[2023-10-03T15:07:44.256+0000] {logging_mixin.py:151} INFO - [2023-10-03T15:07:44.255+0000] {dag.py:3696} INFO - Setting next_dagrun for tutorial to 2023-10-02T15:07:44.255567+00:00, run_after=2023-10-03T15:07:44.255567+00:00
[2023-10-03T15:07:44.278+0000] {processor.py:179} INFO - Processing /home/airflow/.local/lib/python3.8/site-packages/airflow/example_dags/tutorial.py took 0.101 seconds
[2023-10-03T15:08:15.229+0000] {processor.py:157} INFO - Started process (PID=282) to work on /home/airflow/.local/lib/python3.8/site-packages/airflow/example_dags/tutorial.py
[2023-10-03T15:08:15.231+0000] {processor.py:829} INFO - Processing file /home/airflow/.local/lib/python3.8/site-packages/airflow/example_dags/tutorial.py for tasks to queue
[2023-10-03T15:08:15.234+0000] {logging_mixin.py:151} INFO - [2023-10-03T15:08:15.233+0000] {dagbag.py:539} INFO - Filling up the DagBag from /home/airflow/.local/lib/python3.8/site-packages/airflow/example_dags/tutorial.py
[2023-10-03T15:08:15.242+0000] {processor.py:839} INFO - DAG(s) dict_keys(['tutorial']) retrieved from /home/airflow/.local/lib/python3.8/site-packages/airflow/example_dags/tutorial.py
[2023-10-03T15:08:15.270+0000] {logging_mixin.py:151} INFO - [2023-10-03T15:08:15.270+0000] {dag.py:2915} INFO - Sync 1 DAGs
[2023-10-03T15:08:15.300+0000] {logging_mixin.py:151} INFO - [2023-10-03T15:08:15.300+0000] {dag.py:3696} INFO - Setting next_dagrun for tutorial to 2023-10-02T15:08:15.300315+00:00, run_after=2023-10-03T15:08:15.300315+00:00
[2023-10-03T15:08:15.323+0000] {processor.py:179} INFO - Processing /home/airflow/.local/lib/python3.8/site-packages/airflow/example_dags/tutorial.py took 0.100 seconds
[2023-10-03T15:08:45.766+0000] {processor.py:157} INFO - Started process (PID=336) to work on /home/airflow/.local/lib/python3.8/site-packages/airflow/example_dags/tutorial.py
[2023-10-03T15:08:45.768+0000] {processor.py:829} INFO - Processing file /home/airflow/.local/lib/python3.8/site-packages/airflow/example_dags/tutorial.py for tasks to queue
[2023-10-03T15:08:45.771+0000] {logging_mixin.py:151} INFO - [2023-10-03T15:08:45.770+0000] {dagbag.py:539} INFO - Filling up the DagBag from /home/airflow/.local/lib/python3.8/site-packages/airflow/example_dags/tutorial.py
[2023-10-03T15:08:45.780+0000] {processor.py:839} INFO - DAG(s) dict_keys(['tutorial']) retrieved from /home/airflow/.local/lib/python3.8/site-packages/airflow/example_dags/tutorial.py
[2023-10-03T15:08:45.809+0000] {logging_mixin.py:151} INFO - [2023-10-03T15:08:45.808+0000] {dag.py:2915} INFO - Sync 1 DAGs
[2023-10-03T15:08:45.837+0000] {logging_mixin.py:151} INFO - [2023-10-03T15:08:45.837+0000] {dag.py:3696} INFO - Setting next_dagrun for tutorial to 2023-10-02T15:08:45.837108+00:00, run_after=2023-10-03T15:08:45.837108+00:00
[2023-10-03T15:08:45.860+0000] {processor.py:179} INFO - Processing /home/airflow/.local/lib/python3.8/site-packages/airflow/example_dags/tutorial.py took 0.099 seconds
[2023-10-03T15:09:16.345+0000] {processor.py:157} INFO - Started process (PID=389) to work on /home/airflow/.local/lib/python3.8/site-packages/airflow/example_dags/tutorial.py
[2023-10-03T15:09:16.346+0000] {processor.py:829} INFO - Processing file /home/airflow/.local/lib/python3.8/site-packages/airflow/example_dags/tutorial.py for tasks to queue
[2023-10-03T15:09:16.349+0000] {logging_mixin.py:151} INFO - [2023-10-03T15:09:16.349+0000] {dagbag.py:539} INFO - Filling up the DagBag from /home/airflow/.local/lib/python3.8/site-packages/airflow/example_dags/tutorial.py
[2023-10-03T15:09:16.357+0000] {processor.py:839} INFO - DAG(s) dict_keys(['tutorial']) retrieved from /home/airflow/.local/lib/python3.8/site-packages/airflow/example_dags/tutorial.py
[2023-10-03T15:09:16.387+0000] {logging_mixin.py:151} INFO - [2023-10-03T15:09:16.387+0000] {dag.py:2915} INFO - Sync 1 DAGs
[2023-10-03T15:09:16.419+0000] {logging_mixin.py:151} INFO - [2023-10-03T15:09:16.418+0000] {dag.py:3696} INFO - Setting next_dagrun for tutorial to 2023-10-02T15:09:16.418318+00:00, run_after=2023-10-03T15:09:16.418318+00:00
[2023-10-03T15:09:16.441+0000] {processor.py:179} INFO - Processing /home/airflow/.local/lib/python3.8/site-packages/airflow/example_dags/tutorial.py took 0.102 seconds
