[2023-10-03T15:03:32.974+0000] {processor.py:157} INFO - Started process (PID=36) to work on /home/airflow/.local/lib/python3.8/site-packages/airflow/example_dags/tutorial_dag.py
[2023-10-03T15:03:32.975+0000] {processor.py:829} INFO - Processing file /home/airflow/.local/lib/python3.8/site-packages/airflow/example_dags/tutorial_dag.py for tasks to queue
[2023-10-03T15:03:32.979+0000] {logging_mixin.py:151} INFO - [2023-10-03T15:03:32.978+0000] {dagbag.py:539} INFO - Filling up the DagBag from /home/airflow/.local/lib/python3.8/site-packages/airflow/example_dags/tutorial_dag.py
[2023-10-03T15:03:32.990+0000] {processor.py:839} INFO - DAG(s) dict_keys(['tutorial_dag']) retrieved from /home/airflow/.local/lib/python3.8/site-packages/airflow/example_dags/tutorial_dag.py
[2023-10-03T15:03:33.013+0000] {logging_mixin.py:151} INFO - [2023-10-03T15:03:33.013+0000] {dag.py:2915} INFO - Sync 1 DAGs
[2023-10-03T15:03:33.040+0000] {logging_mixin.py:151} INFO - [2023-10-03T15:03:33.040+0000] {dag.py:3696} INFO - Setting next_dagrun for tutorial_dag to None, run_after=None
[2023-10-03T15:03:33.070+0000] {processor.py:179} INFO - Processing /home/airflow/.local/lib/python3.8/site-packages/airflow/example_dags/tutorial_dag.py took 0.102 seconds
[2023-10-03T15:04:03.343+0000] {processor.py:157} INFO - Started process (PID=90) to work on /home/airflow/.local/lib/python3.8/site-packages/airflow/example_dags/tutorial_dag.py
[2023-10-03T15:04:03.346+0000] {processor.py:829} INFO - Processing file /home/airflow/.local/lib/python3.8/site-packages/airflow/example_dags/tutorial_dag.py for tasks to queue
[2023-10-03T15:04:03.349+0000] {logging_mixin.py:151} INFO - [2023-10-03T15:04:03.349+0000] {dagbag.py:539} INFO - Filling up the DagBag from /home/airflow/.local/lib/python3.8/site-packages/airflow/example_dags/tutorial_dag.py
[2023-10-03T15:04:03.357+0000] {processor.py:839} INFO - DAG(s) dict_keys(['tutorial_dag']) retrieved from /home/airflow/.local/lib/python3.8/site-packages/airflow/example_dags/tutorial_dag.py
[2023-10-03T15:04:03.375+0000] {logging_mixin.py:151} INFO - [2023-10-03T15:04:03.375+0000] {dag.py:2915} INFO - Sync 1 DAGs
[2023-10-03T15:04:03.394+0000] {logging_mixin.py:151} INFO - [2023-10-03T15:04:03.394+0000] {dag.py:3696} INFO - Setting next_dagrun for tutorial_dag to None, run_after=None
[2023-10-03T15:04:03.421+0000] {processor.py:179} INFO - Processing /home/airflow/.local/lib/python3.8/site-packages/airflow/example_dags/tutorial_dag.py took 0.083 seconds
[2023-10-03T15:04:33.829+0000] {processor.py:157} INFO - Started process (PID=144) to work on /home/airflow/.local/lib/python3.8/site-packages/airflow/example_dags/tutorial_dag.py
[2023-10-03T15:04:33.830+0000] {processor.py:829} INFO - Processing file /home/airflow/.local/lib/python3.8/site-packages/airflow/example_dags/tutorial_dag.py for tasks to queue
[2023-10-03T15:04:33.833+0000] {logging_mixin.py:151} INFO - [2023-10-03T15:04:33.832+0000] {dagbag.py:539} INFO - Filling up the DagBag from /home/airflow/.local/lib/python3.8/site-packages/airflow/example_dags/tutorial_dag.py
[2023-10-03T15:04:33.841+0000] {processor.py:839} INFO - DAG(s) dict_keys(['tutorial_dag']) retrieved from /home/airflow/.local/lib/python3.8/site-packages/airflow/example_dags/tutorial_dag.py
[2023-10-03T15:04:33.868+0000] {logging_mixin.py:151} INFO - [2023-10-03T15:04:33.868+0000] {dag.py:2915} INFO - Sync 1 DAGs
[2023-10-03T15:04:33.885+0000] {logging_mixin.py:151} INFO - [2023-10-03T15:04:33.885+0000] {dag.py:3696} INFO - Setting next_dagrun for tutorial_dag to None, run_after=None
[2023-10-03T15:04:33.908+0000] {processor.py:179} INFO - Processing /home/airflow/.local/lib/python3.8/site-packages/airflow/example_dags/tutorial_dag.py took 0.085 seconds
[2023-10-03T15:05:04.098+0000] {processor.py:157} INFO - Started process (PID=199) to work on /home/airflow/.local/lib/python3.8/site-packages/airflow/example_dags/tutorial_dag.py
[2023-10-03T15:05:04.100+0000] {processor.py:829} INFO - Processing file /home/airflow/.local/lib/python3.8/site-packages/airflow/example_dags/tutorial_dag.py for tasks to queue
[2023-10-03T15:05:04.104+0000] {logging_mixin.py:151} INFO - [2023-10-03T15:05:04.103+0000] {dagbag.py:539} INFO - Filling up the DagBag from /home/airflow/.local/lib/python3.8/site-packages/airflow/example_dags/tutorial_dag.py
[2023-10-03T15:05:04.111+0000] {processor.py:839} INFO - DAG(s) dict_keys(['tutorial_dag']) retrieved from /home/airflow/.local/lib/python3.8/site-packages/airflow/example_dags/tutorial_dag.py
[2023-10-03T15:05:04.140+0000] {logging_mixin.py:151} INFO - [2023-10-03T15:05:04.139+0000] {dag.py:2915} INFO - Sync 1 DAGs
[2023-10-03T15:05:04.157+0000] {logging_mixin.py:151} INFO - [2023-10-03T15:05:04.157+0000] {dag.py:3696} INFO - Setting next_dagrun for tutorial_dag to None, run_after=None
[2023-10-03T15:05:04.181+0000] {processor.py:179} INFO - Processing /home/airflow/.local/lib/python3.8/site-packages/airflow/example_dags/tutorial_dag.py took 0.087 seconds
[2023-10-03T15:05:34.238+0000] {processor.py:157} INFO - Started process (PID=254) to work on /home/airflow/.local/lib/python3.8/site-packages/airflow/example_dags/tutorial_dag.py
[2023-10-03T15:05:34.239+0000] {processor.py:829} INFO - Processing file /home/airflow/.local/lib/python3.8/site-packages/airflow/example_dags/tutorial_dag.py for tasks to queue
[2023-10-03T15:05:34.245+0000] {logging_mixin.py:151} INFO - [2023-10-03T15:05:34.244+0000] {dagbag.py:539} INFO - Filling up the DagBag from /home/airflow/.local/lib/python3.8/site-packages/airflow/example_dags/tutorial_dag.py
[2023-10-03T15:05:34.254+0000] {processor.py:839} INFO - DAG(s) dict_keys(['tutorial_dag']) retrieved from /home/airflow/.local/lib/python3.8/site-packages/airflow/example_dags/tutorial_dag.py
[2023-10-03T15:05:34.287+0000] {logging_mixin.py:151} INFO - [2023-10-03T15:05:34.287+0000] {dag.py:2915} INFO - Sync 1 DAGs
[2023-10-03T15:05:34.304+0000] {logging_mixin.py:151} INFO - [2023-10-03T15:05:34.304+0000] {dag.py:3696} INFO - Setting next_dagrun for tutorial_dag to None, run_after=None
[2023-10-03T15:05:34.328+0000] {processor.py:179} INFO - Processing /home/airflow/.local/lib/python3.8/site-packages/airflow/example_dags/tutorial_dag.py took 0.095 seconds
[2023-10-03T15:06:08.513+0000] {processor.py:157} INFO - Started process (PID=34) to work on /home/airflow/.local/lib/python3.8/site-packages/airflow/example_dags/tutorial_dag.py
[2023-10-03T15:06:08.515+0000] {processor.py:829} INFO - Processing file /home/airflow/.local/lib/python3.8/site-packages/airflow/example_dags/tutorial_dag.py for tasks to queue
[2023-10-03T15:06:08.522+0000] {logging_mixin.py:151} INFO - [2023-10-03T15:06:08.522+0000] {dagbag.py:539} INFO - Filling up the DagBag from /home/airflow/.local/lib/python3.8/site-packages/airflow/example_dags/tutorial_dag.py
[2023-10-03T15:06:08.529+0000] {processor.py:839} INFO - DAG(s) dict_keys(['tutorial_dag']) retrieved from /home/airflow/.local/lib/python3.8/site-packages/airflow/example_dags/tutorial_dag.py
[2023-10-03T15:06:08.751+0000] {logging_mixin.py:151} INFO - [2023-10-03T15:06:08.750+0000] {dag.py:2915} INFO - Sync 1 DAGs
[2023-10-03T15:06:08.765+0000] {logging_mixin.py:151} INFO - [2023-10-03T15:06:08.765+0000] {dag.py:3696} INFO - Setting next_dagrun for tutorial_dag to None, run_after=None
[2023-10-03T15:06:08.786+0000] {processor.py:179} INFO - Processing /home/airflow/.local/lib/python3.8/site-packages/airflow/example_dags/tutorial_dag.py took 0.278 seconds
[2023-10-03T15:06:38.942+0000] {processor.py:157} INFO - Started process (PID=88) to work on /home/airflow/.local/lib/python3.8/site-packages/airflow/example_dags/tutorial_dag.py
[2023-10-03T15:06:38.944+0000] {processor.py:829} INFO - Processing file /home/airflow/.local/lib/python3.8/site-packages/airflow/example_dags/tutorial_dag.py for tasks to queue
[2023-10-03T15:06:38.948+0000] {logging_mixin.py:151} INFO - [2023-10-03T15:06:38.947+0000] {dagbag.py:539} INFO - Filling up the DagBag from /home/airflow/.local/lib/python3.8/site-packages/airflow/example_dags/tutorial_dag.py
[2023-10-03T15:06:38.959+0000] {processor.py:839} INFO - DAG(s) dict_keys(['tutorial_dag']) retrieved from /home/airflow/.local/lib/python3.8/site-packages/airflow/example_dags/tutorial_dag.py
[2023-10-03T15:06:38.999+0000] {logging_mixin.py:151} INFO - [2023-10-03T15:06:38.999+0000] {dag.py:2915} INFO - Sync 1 DAGs
[2023-10-03T15:06:39.022+0000] {logging_mixin.py:151} INFO - [2023-10-03T15:06:39.022+0000] {dag.py:3696} INFO - Setting next_dagrun for tutorial_dag to None, run_after=None
[2023-10-03T15:06:39.055+0000] {processor.py:179} INFO - Processing /home/airflow/.local/lib/python3.8/site-packages/airflow/example_dags/tutorial_dag.py took 0.120 seconds
[2023-10-03T15:07:09.152+0000] {processor.py:157} INFO - Started process (PID=142) to work on /home/airflow/.local/lib/python3.8/site-packages/airflow/example_dags/tutorial_dag.py
[2023-10-03T15:07:09.154+0000] {processor.py:829} INFO - Processing file /home/airflow/.local/lib/python3.8/site-packages/airflow/example_dags/tutorial_dag.py for tasks to queue
[2023-10-03T15:07:09.158+0000] {logging_mixin.py:151} INFO - [2023-10-03T15:07:09.158+0000] {dagbag.py:539} INFO - Filling up the DagBag from /home/airflow/.local/lib/python3.8/site-packages/airflow/example_dags/tutorial_dag.py
[2023-10-03T15:07:09.168+0000] {processor.py:839} INFO - DAG(s) dict_keys(['tutorial_dag']) retrieved from /home/airflow/.local/lib/python3.8/site-packages/airflow/example_dags/tutorial_dag.py
[2023-10-03T15:07:09.203+0000] {logging_mixin.py:151} INFO - [2023-10-03T15:07:09.203+0000] {dag.py:2915} INFO - Sync 1 DAGs
[2023-10-03T15:07:09.227+0000] {logging_mixin.py:151} INFO - [2023-10-03T15:07:09.226+0000] {dag.py:3696} INFO - Setting next_dagrun for tutorial_dag to None, run_after=None
[2023-10-03T15:07:09.254+0000] {processor.py:179} INFO - Processing /home/airflow/.local/lib/python3.8/site-packages/airflow/example_dags/tutorial_dag.py took 0.109 seconds
[2023-10-03T15:07:39.662+0000] {processor.py:157} INFO - Started process (PID=196) to work on /home/airflow/.local/lib/python3.8/site-packages/airflow/example_dags/tutorial_dag.py
[2023-10-03T15:07:39.663+0000] {processor.py:829} INFO - Processing file /home/airflow/.local/lib/python3.8/site-packages/airflow/example_dags/tutorial_dag.py for tasks to queue
[2023-10-03T15:07:39.666+0000] {logging_mixin.py:151} INFO - [2023-10-03T15:07:39.666+0000] {dagbag.py:539} INFO - Filling up the DagBag from /home/airflow/.local/lib/python3.8/site-packages/airflow/example_dags/tutorial_dag.py
[2023-10-03T15:07:39.673+0000] {processor.py:839} INFO - DAG(s) dict_keys(['tutorial_dag']) retrieved from /home/airflow/.local/lib/python3.8/site-packages/airflow/example_dags/tutorial_dag.py
[2023-10-03T15:07:39.700+0000] {logging_mixin.py:151} INFO - [2023-10-03T15:07:39.700+0000] {dag.py:2915} INFO - Sync 1 DAGs
[2023-10-03T15:07:39.720+0000] {logging_mixin.py:151} INFO - [2023-10-03T15:07:39.720+0000] {dag.py:3696} INFO - Setting next_dagrun for tutorial_dag to None, run_after=None
[2023-10-03T15:07:39.746+0000] {processor.py:179} INFO - Processing /home/airflow/.local/lib/python3.8/site-packages/airflow/example_dags/tutorial_dag.py took 0.089 seconds
[2023-10-03T15:08:10.230+0000] {processor.py:157} INFO - Started process (PID=249) to work on /home/airflow/.local/lib/python3.8/site-packages/airflow/example_dags/tutorial_dag.py
[2023-10-03T15:08:10.232+0000] {processor.py:829} INFO - Processing file /home/airflow/.local/lib/python3.8/site-packages/airflow/example_dags/tutorial_dag.py for tasks to queue
[2023-10-03T15:08:10.235+0000] {logging_mixin.py:151} INFO - [2023-10-03T15:08:10.234+0000] {dagbag.py:539} INFO - Filling up the DagBag from /home/airflow/.local/lib/python3.8/site-packages/airflow/example_dags/tutorial_dag.py
[2023-10-03T15:08:10.242+0000] {processor.py:839} INFO - DAG(s) dict_keys(['tutorial_dag']) retrieved from /home/airflow/.local/lib/python3.8/site-packages/airflow/example_dags/tutorial_dag.py
[2023-10-03T15:08:10.271+0000] {logging_mixin.py:151} INFO - [2023-10-03T15:08:10.271+0000] {dag.py:2915} INFO - Sync 1 DAGs
[2023-10-03T15:08:10.291+0000] {logging_mixin.py:151} INFO - [2023-10-03T15:08:10.290+0000] {dag.py:3696} INFO - Setting next_dagrun for tutorial_dag to None, run_after=None
[2023-10-03T15:08:10.322+0000] {processor.py:179} INFO - Processing /home/airflow/.local/lib/python3.8/site-packages/airflow/example_dags/tutorial_dag.py took 0.097 seconds
[2023-10-03T15:08:40.751+0000] {processor.py:157} INFO - Started process (PID=303) to work on /home/airflow/.local/lib/python3.8/site-packages/airflow/example_dags/tutorial_dag.py
[2023-10-03T15:08:40.753+0000] {processor.py:829} INFO - Processing file /home/airflow/.local/lib/python3.8/site-packages/airflow/example_dags/tutorial_dag.py for tasks to queue
[2023-10-03T15:08:40.756+0000] {logging_mixin.py:151} INFO - [2023-10-03T15:08:40.756+0000] {dagbag.py:539} INFO - Filling up the DagBag from /home/airflow/.local/lib/python3.8/site-packages/airflow/example_dags/tutorial_dag.py
[2023-10-03T15:08:40.766+0000] {processor.py:839} INFO - DAG(s) dict_keys(['tutorial_dag']) retrieved from /home/airflow/.local/lib/python3.8/site-packages/airflow/example_dags/tutorial_dag.py
[2023-10-03T15:08:40.802+0000] {logging_mixin.py:151} INFO - [2023-10-03T15:08:40.801+0000] {dag.py:2915} INFO - Sync 1 DAGs
[2023-10-03T15:08:40.825+0000] {logging_mixin.py:151} INFO - [2023-10-03T15:08:40.825+0000] {dag.py:3696} INFO - Setting next_dagrun for tutorial_dag to None, run_after=None
[2023-10-03T15:08:40.854+0000] {processor.py:179} INFO - Processing /home/airflow/.local/lib/python3.8/site-packages/airflow/example_dags/tutorial_dag.py took 0.110 seconds
[2023-10-03T15:09:11.014+0000] {processor.py:157} INFO - Started process (PID=357) to work on /home/airflow/.local/lib/python3.8/site-packages/airflow/example_dags/tutorial_dag.py
[2023-10-03T15:09:11.016+0000] {processor.py:829} INFO - Processing file /home/airflow/.local/lib/python3.8/site-packages/airflow/example_dags/tutorial_dag.py for tasks to queue
[2023-10-03T15:09:11.019+0000] {logging_mixin.py:151} INFO - [2023-10-03T15:09:11.018+0000] {dagbag.py:539} INFO - Filling up the DagBag from /home/airflow/.local/lib/python3.8/site-packages/airflow/example_dags/tutorial_dag.py
[2023-10-03T15:09:11.026+0000] {processor.py:839} INFO - DAG(s) dict_keys(['tutorial_dag']) retrieved from /home/airflow/.local/lib/python3.8/site-packages/airflow/example_dags/tutorial_dag.py
[2023-10-03T15:09:11.053+0000] {logging_mixin.py:151} INFO - [2023-10-03T15:09:11.053+0000] {dag.py:2915} INFO - Sync 1 DAGs
[2023-10-03T15:09:11.070+0000] {logging_mixin.py:151} INFO - [2023-10-03T15:09:11.069+0000] {dag.py:3696} INFO - Setting next_dagrun for tutorial_dag to None, run_after=None
[2023-10-03T15:09:11.091+0000] {processor.py:179} INFO - Processing /home/airflow/.local/lib/python3.8/site-packages/airflow/example_dags/tutorial_dag.py took 0.082 seconds
